2023-12-30 14:36:33,437 [INFO] Activator:176 - 


2023-12-30 14:36:33,439 [INFO] Activator:177 - !SESSION log4j initialized
2023-12-30 14:36:37,429 [INFO] LogOutputStream:77 - [STDOUT_REDIRECT] 
2023-12-30 14:36:40,778 [INFO] ApplicationProperties:184 - Using Application install path: C:\ST\STM32CubeIDE_1.14.0\STM32CubeIDE\plugins\com.st.stm32cube.common.mx_6.10.0.202311202037
2023-12-30 14:36:40,798 [INFO] DbMcusXml:78 - Set database path to: C:\ST\STM32CubeIDE_1.14.0\STM32CubeIDE\plugins\com.st.stm32cube.common.mx_6.10.0.202311202037\\db\/mcu/
2023-12-30 14:36:40,798 [INFO] ApiDb:274 - Set plugin database path to: C:\ST\STM32CubeIDE_1.14.0\STM32CubeIDE\plugins\com.st.stm32cube.common.mx_6.10.0.202311202037\\db\/plugins/boardmanager/
2023-12-30 14:36:40,809 [WARN] ApiDb:259 - Overriding images path with different value:  => C:\ST\STM32CubeIDE_1.14.0\STM32CubeIDE\plugins\com.st.stm32cube.common.mx_6.10.0.202311202037\\db\/plugins/mcufinder/images/
2023-12-30 14:36:42,717 [WARN] ApiFinderProperties:113 - C:\Users\RShah23\.stmcufinder\plugins\mcufinder\mcu\mcuFinder.mfd doesn't exist
2023-12-30 14:36:42,718 [INFO] ApiDb:250 - Set database path to: C:\Users\RShah23\.stmcufinder\plugins\mcufinder//mcu/
2023-12-30 14:36:42,719 [INFO] DbMcusAds:125 - Set database path to: C:\Users\RShah23\.stmcufinder\plugins\mcufinder//mcu/
2023-12-30 14:36:42,721 [INFO] CrossReferenceDbSqlite:203 - Set database path to: C:\Users\RShah23\.stmcufinder\plugins\mcufinder//mcu/cs/
2023-12-30 14:36:42,825 [INFO] RulesReader:64 - Compatibility file has been processed (297 Rules)
2023-12-30 14:36:43,141 [INFO] DbMcusXml:78 - Set database path to: C:\ST\STM32CubeIDE_1.14.0\STM32CubeIDE\plugins\com.st.stm32cube.common.mx_6.10.0.202311202037\\db\/mcu/
2023-12-30 14:36:43,142 [INFO] ApiDb:274 - Set plugin database path to: C:\ST\STM32CubeIDE_1.14.0\STM32CubeIDE\plugins\com.st.stm32cube.common.mx_6.10.0.202311202037\\db\/plugins/boardmanager/
2023-12-30 14:36:43,142 [INFO] ApiDb:261 - Set plugin images path to: C:\ST\STM32CubeIDE_1.14.0\STM32CubeIDE\plugins\com.st.stm32cube.common.mx_6.10.0.202311202037\\db\/plugins/mcufinder/images/
2023-12-30 14:36:43,143 [WARN] DbFile:41 - Overriding database path with different value: C:\Users\RShah23\.stmcufinder\plugins\mcufinder/ => C:\Users\RShah23\.stmcufinder\plugins\mcufinder
2023-12-30 14:36:43,143 [INFO] ApiDb:250 - Set database path to: C:\Users\RShah23\.stmcufinder\plugins\mcufinder//mcu/
2023-12-30 14:36:43,143 [WARN] DbFile:41 - Overriding database path with different value: C:\Users\RShah23\.stmcufinder\plugins\mcufinder/ => C:\Users\RShah23\.stmcufinder\plugins\mcufinder
2023-12-30 14:36:43,143 [INFO] DbMcusAds:125 - Set database path to: C:\Users\RShah23\.stmcufinder\plugins\mcufinder//mcu/
2023-12-30 14:36:43,143 [WARN] DbFile:41 - Overriding database path with different value: C:\Users\RShah23\.stmcufinder\plugins\mcufinder/ => C:\Users\RShah23\.stmcufinder\plugins\mcufinder
2023-12-30 14:36:43,144 [WARN] DbFile:41 - Overriding database path with different value: C:\Users\RShah23\.stmcufinder\plugins\mcufinder/ => C:\Users\RShah23\.stmcufinder\plugins\mcufinder
2023-12-30 14:36:43,144 [INFO] CrossReferenceDbSqlite:203 - Set database path to: C:\Users\RShah23\.stmcufinder\plugins\mcufinder//mcu/cs/
2023-12-30 14:36:43,307 [INFO] MainPanel:264 - HeapMemory: 268435456
2023-12-30 14:36:43,365 [INFO] DbMcusXml:78 - Set database path to: C:\ST\STM32CubeIDE_1.14.0\STM32CubeIDE\plugins\com.st.stm32cube.common.mx_6.10.0.202311202037\\db\/mcu/
2023-12-30 14:36:43,366 [INFO] ApiDb:274 - Set plugin database path to: C:\ST\STM32CubeIDE_1.14.0\STM32CubeIDE\plugins\com.st.stm32cube.common.mx_6.10.0.202311202037\\db\/plugins/boardmanager/
2023-12-30 14:36:43,366 [INFO] ApiDb:261 - Set plugin images path to: C:\ST\STM32CubeIDE_1.14.0\STM32CubeIDE\plugins\com.st.stm32cube.common.mx_6.10.0.202311202037\\db\/plugins/mcufinder/images/
2023-12-30 14:36:43,366 [WARN] DbFile:41 - Overriding database path with different value: C:\Users\RShah23\.stmcufinder\plugins\mcufinder/ => C:\Users\RShah23\.stmcufinder\plugins\mcufinder
2023-12-30 14:36:43,366 [INFO] ApiDb:250 - Set database path to: C:\Users\RShah23\.stmcufinder\plugins\mcufinder//mcu/
2023-12-30 14:36:43,366 [WARN] DbFile:41 - Overriding database path with different value: C:\Users\RShah23\.stmcufinder\plugins\mcufinder/ => C:\Users\RShah23\.stmcufinder\plugins\mcufinder
2023-12-30 14:36:43,366 [INFO] DbMcusAds:125 - Set database path to: C:\Users\RShah23\.stmcufinder\plugins\mcufinder//mcu/
2023-12-30 14:36:43,366 [WARN] DbFile:41 - Overriding database path with different value: C:\Users\RShah23\.stmcufinder\plugins\mcufinder/ => C:\Users\RShah23\.stmcufinder\plugins\mcufinder
2023-12-30 14:36:43,366 [WARN] DbFile:41 - Overriding database path with different value: C:\Users\RShah23\.stmcufinder\plugins\mcufinder/ => C:\Users\RShah23\.stmcufinder\plugins\mcufinder
2023-12-30 14:36:43,367 [INFO] CrossReferenceDbSqlite:203 - Set database path to: C:\Users\RShah23\.stmcufinder\plugins\mcufinder//mcu/cs/
2023-12-30 14:36:43,427 [INFO] ApplicationProperties:184 - Using Application install path: C:\ST\STM32CubeIDE_1.14.0\STM32CubeIDE\plugins\com.st.stm32cube.common.mx_6.10.0.202311202037
2023-12-30 14:36:43,430 [INFO] PluginManage:196 - Search for loadable plugins [exclusion list=, ]
2023-12-30 14:36:43,432 [INFO] PluginManage:310 - Check plugin analytics
2023-12-30 14:36:43,610 [INFO] AnalyticsPlugin:253 - Accepted Software Licenses: 
2023-12-30 14:36:43,610 [INFO] AnalyticsPlugin:255 - Accepted CMSIS Pack Licenses: 
2023-12-30 14:36:43,610 [INFO] AnalyticsPlugin:257 - Accepted Firmware Licenses: 
2023-12-30 14:36:43,612 [INFO] PluginManage:359 - Loaded plugin analytics (category:tool,tabindex:-1)
2023-12-30 14:36:43,612 [INFO] PluginManage:310 - Check plugin cadmodel
2023-12-30 14:36:43,616 [INFO] CADModel:105 - Init CAD model plugin
2023-12-30 14:36:43,616 [INFO] PluginManage:359 - Loaded plugin cadmodel (category:power,tabindex:5)
2023-12-30 14:36:43,616 [INFO] PluginManage:310 - Check plugin clock
2023-12-30 14:36:43,630 [INFO] PluginManage:359 - Loaded plugin clock (category:base,tabindex:2)
2023-12-30 14:36:43,630 [INFO] PluginManage:310 - Check plugin ddr
2023-12-30 14:36:43,632 [INFO] PluginManage:359 - Loaded plugin ddr (category:tool,tabindex:6)
2023-12-30 14:36:43,632 [INFO] PluginManage:310 - Check plugin filemanager
2023-12-30 14:36:43,763 [INFO] PluginManage:359 - Loaded plugin filemanager (category:base,tabindex:10)
2023-12-30 14:36:43,763 [INFO] PluginManage:310 - Check plugin ipmanager
2023-12-30 14:36:43,781 [INFO] PluginManage:359 - Loaded plugin ipmanager (category:base,tabindex:5)
2023-12-30 14:36:43,781 [INFO] PluginManage:310 - Check plugin lpbam
2023-12-30 14:36:43,796 [INFO] PluginManage:359 - Loaded plugin lpbam (category:base,tabindex:0)
2023-12-30 14:36:43,797 [INFO] PluginManage:310 - Check plugin memorymap
2023-12-30 14:36:43,812 [INFO] PluginManage:359 - Loaded plugin memorymap (category:base,tabindex:4)
2023-12-30 14:36:43,813 [INFO] PluginManage:310 - Check plugin pinoutandconfiguration
2023-12-30 14:36:43,819 [INFO] PluginManage:359 - Loaded plugin pinoutandconfiguration (category:base,tabindex:1)
2023-12-30 14:36:43,819 [INFO] PluginManage:310 - Check plugin pinoutconfig
2023-12-30 14:36:43,936 [WARN] SupportedApi:132 - Cannot load RTOS API schema: s4s-elt-must-match.1: The content of 'definitions' must match (annotation?, (simpleType | complexType)?, (unique | key | keyref)*)). A problem was found starting at: attribute.
2023-12-30 14:36:44,065 [INFO] PluginManage:359 - Loaded plugin pinoutconfig (category:base,tabindex:0)
2023-12-30 14:36:44,066 [INFO] PluginManage:310 - Check plugin power
2023-12-30 14:36:44,076 [INFO] PluginManage:359 - Loaded plugin power (category:power,tabindex:4)
2023-12-30 14:36:44,076 [INFO] PluginManage:310 - Check plugin projectmanager
2023-12-30 14:36:44,093 [INFO] PluginManage:359 - Loaded plugin projectmanager (category:projectmanager,tabindex:3)
2023-12-30 14:36:44,093 [INFO] PluginManage:310 - Check plugin thirdparty
2023-12-30 14:36:44,214 [INFO] PluginManage:359 - Loaded plugin thirdparty (category:base,tabindex:-1)
2023-12-30 14:36:44,214 [INFO] PluginManage:310 - Check plugin tools
2023-12-30 14:36:44,214 [WARN] IntegrityCheckThread:84 - waiting for thirdparty lock release [integrity check]
2023-12-30 14:36:44,214 [INFO] IntegrityCheckThread:86 - entering critical section [integrity check]
2023-12-30 14:36:44,216 [INFO] ThirdPartyUpdaterWithRetryManager:70 - Updater plugin not ready yet. [1/15]
2023-12-30 14:36:44,217 [INFO] PluginManage:359 - Loaded plugin tools (category:base,tabindex:7)
2023-12-30 14:36:44,217 [INFO] PluginManage:310 - Check plugin tutovideos
2023-12-30 14:36:44,360 [INFO] PluginManage:359 - Loaded plugin tutovideos (category:base,tabindex:-1)
2023-12-30 14:36:44,360 [INFO] PluginManage:310 - Check plugin updater
2023-12-30 14:36:44,368 [INFO] PluginManage:359 - Loaded plugin updater (category:base,tabindex:12)
2023-12-30 14:36:44,368 [INFO] PluginManage:310 - Check plugin userauth
2023-12-30 14:36:44,372 [INFO] UserAuth:114 - Init User Auth plugin
2023-12-30 14:36:44,372 [INFO] PluginManage:359 - Loaded plugin userauth (category:base,tabindex:14)
2023-12-30 14:36:44,372 [INFO] PluginManage:283 - PluginManage : Loaded plugins [17]
2023-12-30 14:36:44,874 [INFO] PinOutPanel:1499 - setPackage(No Configuration,No Configuration)
2023-12-30 14:36:45,138 [INFO] CADModel:165 - CPN selected for project level
2023-12-30 14:36:45,138 [INFO] CADModel:114 - Register for checkConnection events
2023-12-30 14:36:45,150 [INFO] IPUIPlugin:80 - create IPUIPlugin
2023-12-30 14:36:45,150 [INFO] PluginManager:220 - loadIPPluginJar : add adc
2023-12-30 14:36:45,152 [INFO] IPUIPlugin:80 - create IPUIPlugin
2023-12-30 14:36:45,152 [INFO] PluginManager:220 - loadIPPluginJar : add aes
2023-12-30 14:36:45,154 [INFO] IPUIPlugin:80 - create IPUIPlugin
2023-12-30 14:36:45,154 [INFO] PluginManager:220 - loadIPPluginJar : add can
2023-12-30 14:36:45,155 [INFO] IPUIPlugin:80 - create IPUIPlugin
2023-12-30 14:36:45,156 [INFO] PluginManager:220 - loadIPPluginJar : add comp
2023-12-30 14:36:45,157 [INFO] IPUIPlugin:80 - create IPUIPlugin
2023-12-30 14:36:45,158 [INFO] PluginManager:220 - loadIPPluginJar : add cryp
2023-12-30 14:36:45,159 [INFO] IPUIPlugin:80 - create IPUIPlugin
2023-12-30 14:36:45,160 [INFO] PluginManager:220 - loadIPPluginJar : add dfsdm
2023-12-30 14:36:45,164 [INFO] IPUIPlugin:80 - create IPUIPlugin
2023-12-30 14:36:45,164 [INFO] PluginManager:220 - loadIPPluginJar : add dma
2023-12-30 14:36:45,166 [INFO] IPUIPlugin:80 - create IPUIPlugin
2023-12-30 14:36:45,166 [INFO] PluginManager:220 - loadIPPluginJar : add dma3
2023-12-30 14:36:45,167 [INFO] IPUIPlugin:80 - create IPUIPlugin
2023-12-30 14:36:45,167 [INFO] PluginManager:220 - loadIPPluginJar : add fatfs
2023-12-30 14:36:45,170 [INFO] IPUIPlugin:80 - create IPUIPlugin
2023-12-30 14:36:45,170 [INFO] PluginManager:220 - loadIPPluginJar : add fmc
2023-12-30 14:36:45,174 [INFO] IPUIPlugin:80 - create IPUIPlugin
2023-12-30 14:36:45,174 [INFO] PluginManager:220 - loadIPPluginJar : add freertos
2023-12-30 14:36:45,175 [INFO] IPUIPlugin:80 - create IPUIPlugin
2023-12-30 14:36:45,175 [INFO] PluginManager:220 - loadIPPluginJar : add genericplugin
2023-12-30 14:36:45,177 [INFO] IPUIPlugin:80 - create IPUIPlugin
2023-12-30 14:36:45,177 [INFO] PluginManager:220 - loadIPPluginJar : add gfxmmu
2023-12-30 14:36:45,181 [INFO] IPUIPlugin:80 - create IPUIPlugin
2023-12-30 14:36:45,181 [INFO] PluginManager:220 - loadIPPluginJar : add gic
2023-12-30 14:36:45,184 [INFO] IPUIPlugin:80 - create IPUIPlugin
2023-12-30 14:36:45,184 [INFO] PluginManager:220 - loadIPPluginJar : add gpio
2023-12-30 14:36:45,186 [INFO] IPUIPlugin:80 - create IPUIPlugin
2023-12-30 14:36:45,186 [INFO] PluginManager:220 - loadIPPluginJar : add gtzc
2023-12-30 14:36:45,187 [INFO] IPUIPlugin:80 - create IPUIPlugin
2023-12-30 14:36:45,187 [INFO] PluginManager:220 - loadIPPluginJar : add hash
2023-12-30 14:36:45,190 [INFO] IPUIPlugin:80 - create IPUIPlugin
2023-12-30 14:36:45,190 [INFO] PluginManager:220 - loadIPPluginJar : add i2c
2023-12-30 14:36:45,192 [INFO] IPUIPlugin:80 - create IPUIPlugin
2023-12-30 14:36:45,192 [INFO] PluginManager:220 - loadIPPluginJar : add i2s
2023-12-30 14:36:45,194 [INFO] IPUIPlugin:80 - create IPUIPlugin
2023-12-30 14:36:45,194 [INFO] PluginManager:220 - loadIPPluginJar : add i3c
2023-12-30 14:36:45,196 [INFO] IPUIPlugin:80 - create IPUIPlugin
2023-12-30 14:36:45,196 [INFO] PluginManager:220 - loadIPPluginJar : add ipddr
2023-12-30 14:36:45,201 [INFO] IPUIPlugin:80 - create IPUIPlugin
2023-12-30 14:36:45,202 [INFO] PluginManager:220 - loadIPPluginJar : add linkedlist
2023-12-30 14:36:45,204 [INFO] IPUIPlugin:80 - create IPUIPlugin
2023-12-30 14:36:45,204 [INFO] PluginManager:220 - loadIPPluginJar : add lorawan
2023-12-30 14:36:45,205 [INFO] IPUIPlugin:80 - create IPUIPlugin
2023-12-30 14:36:45,205 [INFO] PluginManager:220 - loadIPPluginJar : add ltdc
2023-12-30 14:36:45,209 [INFO] IPUIPlugin:80 - create IPUIPlugin
2023-12-30 14:36:45,210 [INFO] PluginManager:220 - loadIPPluginJar : add mdma
2023-12-30 14:36:45,212 [INFO] IPUIPlugin:80 - create IPUIPlugin
2023-12-30 14:36:45,212 [INFO] PluginManager:220 - loadIPPluginJar : add nvic
2023-12-30 14:36:45,214 [INFO] IPUIPlugin:80 - create IPUIPlugin
2023-12-30 14:36:45,214 [INFO] PluginManager:220 - loadIPPluginJar : add opamp
2023-12-30 14:36:45,216 [INFO] IPUIPlugin:80 - create IPUIPlugin
2023-12-30 14:36:45,216 [INFO] PluginManager:220 - loadIPPluginJar : add openamp
2023-12-30 14:36:45,218 [INFO] IPUIPlugin:80 - create IPUIPlugin
2023-12-30 14:36:45,218 [INFO] PluginManager:220 - loadIPPluginJar : add pdm2pcm
2023-12-30 14:36:45,222 [INFO] IPUIPlugin:80 - create IPUIPlugin
2023-12-30 14:36:45,224 [INFO] PluginManager:220 - loadIPPluginJar : add plateformsettings
2023-12-30 14:36:45,225 [INFO] IPUIPlugin:80 - create IPUIPlugin
2023-12-30 14:36:45,225 [INFO] PluginManager:220 - loadIPPluginJar : add quadspi
2023-12-30 14:36:45,228 [INFO] IPUIPlugin:80 - create IPUIPlugin
2023-12-30 14:36:45,228 [INFO] PluginManager:220 - loadIPPluginJar : add resmgrutility
2023-12-30 14:36:45,230 [INFO] IPUIPlugin:80 - create IPUIPlugin
2023-12-30 14:36:45,230 [INFO] PluginManager:220 - loadIPPluginJar : add sai
2023-12-30 14:36:45,232 [INFO] IPUIPlugin:80 - create IPUIPlugin
2023-12-30 14:36:45,232 [INFO] PluginManager:220 - loadIPPluginJar : add spi
2023-12-30 14:36:45,236 [INFO] IPUIPlugin:80 - create IPUIPlugin
2023-12-30 14:36:45,236 [INFO] PluginManager:220 - loadIPPluginJar : add stm32_wpan
2023-12-30 14:36:45,237 [INFO] IPUIPlugin:80 - create IPUIPlugin
2023-12-30 14:36:45,237 [INFO] PluginManager:220 - loadIPPluginJar : add tim
2023-12-30 14:36:45,240 [INFO] IPUIPlugin:80 - create IPUIPlugin
2023-12-30 14:36:45,240 [INFO] PluginManager:220 - loadIPPluginJar : add touchsensing
2023-12-30 14:36:45,241 [INFO] IPUIPlugin:80 - create IPUIPlugin
2023-12-30 14:36:45,242 [INFO] PluginManager:220 - loadIPPluginJar : add tracer_emb
2023-12-30 14:36:45,244 [INFO] IPUIPlugin:80 - create IPUIPlugin
2023-12-30 14:36:45,244 [INFO] PluginManager:220 - loadIPPluginJar : add ts
2023-12-30 14:36:45,245 [INFO] IPUIPlugin:80 - create IPUIPlugin
2023-12-30 14:36:45,245 [INFO] PluginManager:220 - loadIPPluginJar : add tsc
2023-12-30 14:36:45,248 [INFO] IPUIPlugin:80 - create IPUIPlugin
2023-12-30 14:36:45,248 [INFO] PluginManager:220 - loadIPPluginJar : add ucpd
2023-12-30 14:36:45,250 [INFO] IPUIPlugin:80 - create IPUIPlugin
2023-12-30 14:36:45,250 [INFO] PluginManager:220 - loadIPPluginJar : add usart
2023-12-30 14:36:45,252 [INFO] IPUIPlugin:80 - create IPUIPlugin
2023-12-30 14:36:45,252 [INFO] PluginManager:220 - loadIPPluginJar : add usbx
2023-12-30 14:36:45,440 [INFO] CADModel:165 - CPN selected for project level
2023-12-30 14:36:45,440 [INFO] CADModel:114 - Register for checkConnection events
2023-12-30 14:36:45,441 [FATAL] Updater:308 - Updater called before beeing initialized
2023-12-30 14:36:45,441 [ERROR] CADModel:125 - Updater not yet initialized, retry later 
2023-12-30 14:36:45,703 [INFO] CADModel:165 - CPN selected for project level
2023-12-30 14:36:45,703 [INFO] CADModel:114 - Register for checkConnection events
2023-12-30 14:36:45,703 [FATAL] Updater:308 - Updater called before beeing initialized
2023-12-30 14:36:45,703 [ERROR] CADModel:125 - Updater not yet initialized, retry later 
2023-12-30 14:36:45,706 [FATAL] Updater:308 - Updater called before beeing initialized
2023-12-30 14:36:45,903 [FATAL] Updater:308 - Updater called before beeing initialized
2023-12-30 14:36:45,907 [INFO] DbMcusAds:53 - JSON generation date=Thu Sep 30 01:55:09 CDT 2021 (1632984909247)
2023-12-30 14:36:45,907 [FATAL] Updater:308 - Updater called before beeing initialized
2023-12-30 14:36:45,948 [WARN] DetailPanel:346 - Failed to get advertising image, set to default
2023-12-30 14:36:46,174 [FATAL] Updater:308 - Updater called before beeing initialized
2023-12-30 14:36:46,176 [FATAL] Updater:308 - Updater called before beeing initialized
2023-12-30 14:36:46,177 [FATAL] Updater:308 - Updater called before beeing initialized
2023-12-30 14:36:46,177 [WARN] DetailPanel:346 - Failed to get advertising image, set to default
2023-12-30 14:36:46,178 [FATAL] Updater:308 - Updater called before beeing initialized
2023-12-30 14:36:46,255 [ERROR] Updater:1120 - MainUpdater not yet initialized. External WinMGr cannot be set.
2023-12-30 14:36:46,257 [INFO] Updater:1056 - Updater Version found : 6.10.0
2023-12-30 14:36:46,271 [INFO] ApplicationProperties:184 - Using Application install path: C:\ST\STM32CubeIDE_1.14.0\STM32CubeIDE\plugins\com.st.stm32cube.common.mx_6.10.0.202311202037
2023-12-30 14:36:46,302 [INFO] MainUpdater:526 - Copy updater definitions from MX database
2023-12-30 14:36:46,344 [INFO] MainUpdater:559 - Copy flag file definitions from MX database
2023-12-30 14:36:46,346 [INFO] MainUpdater:575 - Copy thirdparty index definitions from MX database
2023-12-30 14:36:46,349 [INFO] MainUpdater:594 - Copy default thirdparty db definitions from MX database
2023-12-30 14:36:47,078 [INFO] MainUpdater:2873 - connection check result : 10
2023-12-30 14:36:47,079 [INFO] MainUpdater:3567 - Updater definition file requires update
2023-12-30 14:36:47,082 [INFO] MainUpdater:290 - Updater Check For Update Now.
2023-12-30 14:36:47,083 [INFO] MicroXplorer:498 - Change Database Version : DB.6.0.100
2023-12-30 14:36:47,105 [INFO] McuFinderGlobals:63 - Set McuFinder mode to 2 (CubeIDE integrated)
2023-12-30 14:36:47,106 [INFO] UserAuth:180 - activating auth plugin
2023-12-30 14:36:47,110 [INFO] UserAuth:404 - Internet connection configuration mode: 1
2023-12-30 14:36:47,131 [INFO] JxBrowserEngine:152 - Initiate JxBrowser Engine with user profile folder
2023-12-30 14:36:47,222 [WARN] MainUpdater:1194 - Updater busy. Cannot search thirdparties
2023-12-30 14:36:47,222 [INFO] ThirdPartyUpdaterWithRetryManager:96 - Updater plugin is busy. [1/15]
2023-12-30 14:36:47,575 [INFO] ServerAccessManage:473 - Download File updaters.zip
2023-12-30 14:36:47,860 [INFO] FileExtend:240 - Unzip File : updaters.zip
2023-12-30 14:36:47,860 [INFO] FileExtend:255 - Standard Zip Deflate
2023-12-30 14:36:48,485 [INFO] ServerAccessManage:473 - Download File PacksControlFlags.xml
2023-12-30 14:36:48,696 [INFO] ServerAccessManage:473 - Download File cubemx.pidx
2023-12-30 14:36:49,047 [INFO] ServerAccessManage:473 - Download File STMicroelectronics.FP-ATR-ASTRA1.pdsc
2023-12-30 14:36:49,988 [INFO] ServerAccessManage:473 - Download File STMicroelectronics.FP-ATR-SIGFOX1.pdsc
2023-12-30 14:36:50,226 [WARN] MainUpdater:1194 - Updater busy. Cannot search thirdparties
2023-12-30 14:36:50,226 [INFO] ThirdPartyUpdaterWithRetryManager:96 - Updater plugin is busy. [2/15]
2023-12-30 14:36:50,447 [INFO] ServerAccessManage:473 - Download File STMicroelectronics.FP-SNS-FLIGHT1.pdsc
2023-12-30 14:36:51,952 [INFO] ServerAccessManage:473 - Download File STMicroelectronics.FP-SNS-MOTENV1.pdsc
2023-12-30 14:36:52,867 [INFO] ServerAccessManage:473 - Download File STMicroelectronics.FP-SNS-MOTENVWB1.pdsc
2023-12-30 14:36:53,231 [WARN] MainUpdater:1194 - Updater busy. Cannot search thirdparties
2023-12-30 14:36:53,231 [INFO] ThirdPartyUpdaterWithRetryManager:96 - Updater plugin is busy. [3/15]
2023-12-30 14:36:53,609 [INFO] ServerAccessManage:473 - Download File STMicroelectronics.FP-SNS-SMARTAG2.pdsc
2023-12-30 14:36:54,106 [INFO] ServerAccessManage:473 - Download File STMicroelectronics.X-CUBE-AI.pdsc
2023-12-30 14:36:56,235 [WARN] MainUpdater:1194 - Updater busy. Cannot search thirdparties
2023-12-30 14:36:56,235 [INFO] ThirdPartyUpdaterWithRetryManager:96 - Updater plugin is busy. [4/15]
2023-12-30 14:36:57,582 [INFO] ServerAccessManage:473 - Download File STMicroelectronics.X-CUBE-ALS.pdsc
2023-12-30 14:36:58,290 [INFO] ServerAccessManage:473 - Download File STMicroelectronics.X-CUBE-BLE1.pdsc
2023-12-30 14:36:59,239 [WARN] MainUpdater:1194 - Updater busy. Cannot search thirdparties
2023-12-30 14:36:59,239 [INFO] ThirdPartyUpdaterWithRetryManager:96 - Updater plugin is busy. [5/15]
2023-12-30 14:37:00,015 [INFO] WebApp:161 - Instantiating new browser for Auth
2023-12-30 14:37:01,336 [INFO] WebApp:780 - Register for checkConnection events
2023-12-30 14:37:01,337 [INFO] WebApp:414 - Apply proxy settings
2023-12-30 14:37:01,338 [INFO] WebApp:499 - Chromium requires no authentication
2023-12-30 14:37:01,363 [INFO] WebApp:442 - Direct internet connection detected
2023-12-30 14:37:01,902 [INFO] WebApp:192 - Starting web application
2023-12-30 14:37:01,903 [INFO] WebApp:544 - Web application path used C:\ST\STM32CubeIDE_1.14.0\STM32CubeIDE\plugins\com.st.stm32cube.common.mx_6.10.0.202311202037\db\plugins\mcufinder\reactClient1\index.html
2023-12-30 14:37:01,944 [ERROR] ServerAccessManage:1089 - Problem, file not found on Server
2023-12-30 14:37:02,176 [INFO] ServerAccessManage:473 - Download File STMicroelectronics.X-CUBE-BLE2.pdsc
2023-12-30 14:37:02,244 [WARN] MainUpdater:1194 - Updater busy. Cannot search thirdparties
2023-12-30 14:37:02,244 [INFO] ThirdPartyUpdaterWithRetryManager:96 - Updater plugin is busy. [6/15]
2023-12-30 14:37:04,244 [INFO] ServerAccessManage:473 - Download File STMicroelectronics.X-CUBE-BLEMGR.pdsc
2023-12-30 14:37:05,249 [WARN] MainUpdater:1194 - Updater busy. Cannot search thirdparties
2023-12-30 14:37:05,249 [INFO] ThirdPartyUpdaterWithRetryManager:96 - Updater plugin is busy. [7/15]
2023-12-30 14:37:06,396 [INFO] ServerAccessManage:473 - Download File STMicroelectronics.X-CUBE-DISPLAY.pdsc
2023-12-30 14:37:08,255 [WARN] MainUpdater:1194 - Updater busy. Cannot search thirdparties
2023-12-30 14:37:08,255 [INFO] ThirdPartyUpdaterWithRetryManager:96 - Updater plugin is busy. [8/15]
2023-12-30 14:37:08,306 [INFO] ServerAccessManage:473 - Download File STMicroelectronics.X-CUBE-EEPRMA1.pdsc
2023-12-30 14:37:09,602 [ERROR] ServerAccessManage:1089 - Problem, file not found on Server
2023-12-30 14:37:10,429 [INFO] ServerAccessManage:473 - Download File STMicroelectronics.X-CUBE-FREERTOS.pdsc
2023-12-30 14:37:11,259 [WARN] MainUpdater:1194 - Updater busy. Cannot search thirdparties
2023-12-30 14:37:11,259 [INFO] ThirdPartyUpdaterWithRetryManager:96 - Updater plugin is busy. [9/15]
2023-12-30 14:37:11,933 [INFO] ServerAccessManage:473 - Download File STMicroelectronics.X-CUBE-GNSS1.pdsc
2023-12-30 14:37:14,265 [WARN] MainUpdater:1194 - Updater busy. Cannot search thirdparties
2023-12-30 14:37:14,265 [INFO] ThirdPartyUpdaterWithRetryManager:96 - Updater plugin is busy. [10/15]
2023-12-30 14:37:16,004 [ERROR] ServerAccessManage:1089 - Problem, file not found on Server
2023-12-30 14:37:16,775 [ERROR] ServerAccessManage:1089 - Problem, file not found on Server
2023-12-30 14:37:17,270 [WARN] MainUpdater:1194 - Updater busy. Cannot search thirdparties
2023-12-30 14:37:17,270 [INFO] ThirdPartyUpdaterWithRetryManager:96 - Updater plugin is busy. [11/15]
2023-12-30 14:37:17,521 [ERROR] ServerAccessManage:1089 - Problem, file not found on Server
2023-12-30 14:37:18,314 [ERROR] ServerAccessManage:1089 - Problem, file not found on Server
2023-12-30 14:37:19,058 [ERROR] ServerAccessManage:1089 - Problem, file not found on Server
2023-12-30 14:37:19,806 [ERROR] ServerAccessManage:1089 - Problem, file not found on Server
2023-12-30 14:37:20,028 [INFO] ServerAccessManage:473 - Download File STMicroelectronics.X-CUBE-ISPU.pdsc
2023-12-30 14:37:20,275 [WARN] MainUpdater:1194 - Updater busy. Cannot search thirdparties
2023-12-30 14:37:20,275 [INFO] ThirdPartyUpdaterWithRetryManager:96 - Updater plugin is busy. [12/15]
2023-12-30 14:37:21,007 [INFO] ServerAccessManage:473 - Download File STMicroelectronics.X-CUBE-MEMS1.pdsc
2023-12-30 14:37:23,279 [WARN] MainUpdater:1194 - Updater busy. Cannot search thirdparties
2023-12-30 14:37:23,279 [INFO] ThirdPartyUpdaterWithRetryManager:96 - Updater plugin is busy. [13/15]
2023-12-30 14:37:24,686 [ERROR] LogOutputStream:75 - [STDERR_REDIRECT] SLF4J: Failed to load class "org.slf4j.impl.StaticLoggerBinder".
2023-12-30 14:37:24,687 [ERROR] LogOutputStream:75 - [STDERR_REDIRECT] SLF4J: Defaulting to no-operation (NOP) logger implementation
2023-12-30 14:37:24,692 [ERROR] LogOutputStream:75 - [STDERR_REDIRECT] SLF4J: See http://www.slf4j.org/codes.html#StaticLoggerBinder for further details.
2023-12-30 14:37:26,284 [WARN] MainUpdater:1194 - Updater busy. Cannot search thirdparties
2023-12-30 14:37:26,284 [INFO] ThirdPartyUpdaterWithRetryManager:96 - Updater plugin is busy. [14/15]
2023-12-30 14:37:28,972 [INFO] ServerAccessManage:473 - Download File STMicroelectronics.X-CUBE-NFC4.pdsc
2023-12-30 14:37:29,289 [WARN] MainUpdater:1194 - Updater busy. Cannot search thirdparties
2023-12-30 14:37:29,289 [INFO] ThirdPartyUpdaterWithRetryManager:96 - Updater plugin is busy. [15/15]
2023-12-30 14:37:29,289 [ERROR] IntegrityCheckThread:130 - Cannot retrieve database content from updater: error -1
2023-12-30 14:37:29,290 [INFO] ThirdParty:978 - Integrity check success = false
2023-12-30 14:37:29,290 [INFO] IntegrityCheckThread:100 - exiting critical section [integrity check]
2023-12-30 14:37:29,290 [INFO] IntegrityCheckThread:103 - End integrity checks thread
2023-12-30 14:37:33,687 [INFO] ServerAccessManage:473 - Download File STMicroelectronics.X-CUBE-NFC6.pdsc
2023-12-30 14:37:35,350 [INFO] ServerAccessManage:473 - Download File STMicroelectronics.X-CUBE-NFC7.pdsc
2023-12-30 14:37:36,053 [INFO] ServerAccessManage:473 - Download File STMicroelectronics.X-CUBE-SFXS2LP1.pdsc
2023-12-30 14:37:37,179 [INFO] ServerAccessManage:473 - Download File STMicroelectronics.X-CUBE-SUBG2.pdsc
2023-12-30 14:37:40,535 [INFO] ServerAccessManage:473 - Download File STMicroelectronics.X-CUBE-SMBUS.pdsc
2023-12-30 14:37:41,569 [ERROR] ServerAccessManage:1089 - Problem, file not found on Server
2023-12-30 14:37:41,800 [INFO] ServerAccessManage:473 - Download File STMicroelectronics.X-CUBE-TOF1.pdsc
2023-12-30 14:37:46,050 [ERROR] ServerAccessManage:1089 - Problem, file not found on Server
2023-12-30 14:37:46,477 [INFO] ServerAccessManage:473 - Download File STMicroelectronics.X-CUBE-TOUCHGFX.pdsc
2023-12-30 14:37:52,258 [INFO] ServerAccessManage:473 - Download File STMicroelectronics.X-CUBE-ALGOBUILD.pdsc
2023-12-30 14:37:55,387 [INFO] ServerAccessManage:473 - Download File STMicroelectronics.X-CUBE-AZRTOS-H7.pdsc
2023-12-30 14:37:59,158 [INFO] ServerAccessManage:473 - Download File STMicroelectronics.X-CUBE-AZRTOS-F4.pdsc
2023-12-30 14:38:00,579 [INFO] ServerAccessManage:473 - Download File STMicroelectronics.X-CUBE-AZRTOS-F7.pdsc
2023-12-30 14:38:02,637 [INFO] ServerAccessManage:473 - Download File STMicroelectronics.X-CUBE-AZRTOS-L4.pdsc
2023-12-30 14:38:03,522 [INFO] ServerAccessManage:473 - Download File STMicroelectronics.X-CUBE-AZRTOS-L5.pdsc
2023-12-30 14:38:05,797 [INFO] ServerAccessManage:473 - Download File STMicroelectronics.X-CUBE-AZRTOS-G0.pdsc
2023-12-30 14:38:07,143 [INFO] ServerAccessManage:473 - Download File STMicroelectronics.X-CUBE-AZRTOS-G4.pdsc
2023-12-30 14:38:08,499 [INFO] ServerAccessManage:473 - Download File STMicroelectronics.X-CUBE-AZRTOS-WB.pdsc
2023-12-30 14:38:09,885 [INFO] ServerAccessManage:473 - Download File STMicroelectronics.X-CUBE-AZRTOS-WL.pdsc
2023-12-30 14:38:12,062 [INFO] ServerAccessManage:473 - Download File wolfSSL.I-CUBE-wolfSSL.pdsc
2023-12-30 14:38:17,030 [ERROR] ServerAccessManage:1089 - Problem, file not found on Server
2023-12-30 14:38:17,480 [ERROR] ServerAccessManage:1089 - Problem, file not found on Server
2023-12-30 14:38:17,938 [ERROR] ServerAccessManage:1089 - Problem, file not found on Server
2023-12-30 14:38:19,720 [ERROR] ServerAccessManage:1096 - Problem, Http access forbiden
2023-12-30 14:38:19,721 [ERROR] ServerAccessManage:651 - Problem, Http access forbiden : RoweBots.I-CUBE-UNISONRTOS.pdsc.
2023-12-30 14:38:20,744 [INFO] ServerAccessManage:473 - Download File SEGGER.I-CUBE-embOS.pdsc
2023-12-30 14:38:23,532 [INFO] ServerAccessManage:473 - Download File portGmbH.I-Cube-SoM-uGOAL.pdsc
2023-12-30 14:38:25,298 [ERROR] ServerAccessManage:1089 - Problem, file not found on Server
2023-12-30 14:38:25,465 [ERROR] ServerAccessManage:1089 - Problem, file not found on Server
2023-12-30 14:38:25,638 [ERROR] ServerAccessManage:1089 - Problem, file not found on Server
2023-12-30 14:38:26,925 [INFO] ServerAccessManage:473 - Download File emotas.I-CUBE-CANOPEN.pdsc
2023-12-30 14:38:28,436 [INFO] ServerAccessManage:473 - Download File WES.I-CUBE-Cesium.pdsc
2023-12-30 14:38:28,965 [ERROR] ServerAccessManage:1089 - Problem, file not found on Server
2023-12-30 14:38:29,252 [ERROR] ServerAccessManage:1089 - Problem, file not found on Server
2023-12-30 14:38:30,196 [INFO] ServerAccessManage:473 - Download File ITTIA_DB.I-CUBE-ITTIADB.pdsc
2023-12-30 14:38:33,430 [INFO] ServerAccessManage:473 - Download File Infineon.AIROC-Wi-Fi-Bluetooth-STM32.pdsc
2023-12-30 14:38:34,861 [WARN] PackLoader:240 - Cannot read IP mode file for STMicroelectronics.FP-ATR-ASTRA1.2.0.0
2023-12-30 14:38:34,878 [WARN] CheckServerUpdateThread:151 - Open CheckUpdateFile Fail
2023-12-30 14:38:34,890 [WARN] PackLoader:240 - Cannot read IP mode file for STMicroelectronics.FP-ATR-SIGFOX1.3.2.0
2023-12-30 14:38:34,911 [WARN] PackLoader:240 - Cannot read IP mode file for STMicroelectronics.FP-SNS-FLIGHT1.5.0.2
2023-12-30 14:38:34,934 [WARN] PackLoader:240 - Cannot read IP mode file for STMicroelectronics.FP-SNS-MOTENV1.4.3.2
2023-12-30 14:38:34,965 [WARN] PackLoader:240 - Cannot read IP mode file for STMicroelectronics.FP-SNS-MOTENVWB1.1.3.1
2023-12-30 14:38:34,989 [WARN] PackLoader:240 - Cannot read IP mode file for STMicroelectronics.FP-SNS-SMARTAG2.1.2.0
2023-12-30 14:38:35,007 [WARN] PackLoader:240 - Cannot read IP mode file for STMicroelectronics.X-CUBE-AI.8.1.0
2023-12-30 14:38:35,025 [WARN] PackLoader:240 - Cannot read IP mode file for STMicroelectronics.X-CUBE-ALS.1.0.1
2023-12-30 14:38:35,044 [WARN] PackLoader:240 - Cannot read IP mode file for STMicroelectronics.X-CUBE-BLE1.7.0.0
2023-12-30 14:38:35,063 [WARN] PackLoader:240 - Cannot read IP mode file for STMicroelectronics.X-CUBE-BLE2.3.3.0
2023-12-30 14:38:35,112 [INFO] CheckServerUpdateThread:120 - End of CheckServer Thread
2023-12-30 14:38:35,136 [WARN] PackLoader:240 - Cannot read IP mode file for STMicroelectronics.X-CUBE-BLEMGR.3.0.0
2023-12-30 14:38:35,174 [WARN] PackLoader:240 - Cannot read IP mode file for STMicroelectronics.X-CUBE-DISPLAY.3.0.0
2023-12-30 14:38:35,215 [WARN] PackLoader:240 - Cannot read IP mode file for STMicroelectronics.X-CUBE-EEPRMA1.4.2.0
2023-12-30 14:38:35,233 [WARN] PackLoader:240 - Cannot read IP mode file for STMicroelectronics.X-CUBE-FREERTOS.1.1.0
2023-12-30 14:38:35,261 [WARN] PackLoader:240 - Cannot read IP mode file for STMicroelectronics.X-CUBE-GNSS1.6.0.0
2023-12-30 14:38:35,270 [WARN] PackLoader:240 - Cannot read IP mode file for STMicroelectronics.X-CUBE-ISPU.2.0.0
2023-12-30 14:38:35,414 [WARN] PackLoader:240 - Cannot read IP mode file for STMicroelectronics.X-CUBE-MEMS1.10.0.0
2023-12-30 14:38:35,822 [WARN] PackLoader:240 - Cannot read IP mode file for STMicroelectronics.X-CUBE-NFC4.3.0.0
2023-12-30 14:38:35,847 [WARN] PackLoader:240 - Cannot read IP mode file for STMicroelectronics.X-CUBE-NFC6.3.0.0
2023-12-30 14:38:35,861 [WARN] PackLoader:240 - Cannot read IP mode file for STMicroelectronics.X-CUBE-NFC7.1.0.1
2023-12-30 14:38:35,886 [WARN] PackLoader:240 - Cannot read IP mode file for STMicroelectronics.X-CUBE-SFXS2LP1.4.0.0
2023-12-30 14:38:35,906 [WARN] PackLoader:240 - Cannot read IP mode file for STMicroelectronics.X-CUBE-SUBG2.5.0.0
2023-12-30 14:38:35,948 [WARN] PackLoader:240 - Cannot read IP mode file for STMicroelectronics.X-CUBE-SMBUS.2.1.0
2023-12-30 14:38:35,967 [WARN] PackLoader:240 - Cannot read IP mode file for STMicroelectronics.X-CUBE-TOF1.3.4.0
2023-12-30 14:38:35,995 [WARN] PackLoader:240 - Cannot read IP mode file for STMicroelectronics.X-CUBE-TOUCHGFX.4.23.0
2023-12-30 14:38:36,007 [WARN] PackLoader:240 - Cannot read IP mode file for STMicroelectronics.X-CUBE-ALGOBUILD.1.3.0
2023-12-30 14:38:36,076 [WARN] PackLoader:240 - Cannot read IP mode file for STMicroelectronics.X-CUBE-AZRTOS-H7.3.2.0
2023-12-30 14:38:36,157 [WARN] PackLoader:240 - Cannot read IP mode file for STMicroelectronics.X-CUBE-AZRTOS-F4.1.1.0
2023-12-30 14:38:36,219 [WARN] PackLoader:240 - Cannot read IP mode file for STMicroelectronics.X-CUBE-AZRTOS-F7.1.1.0
2023-12-30 14:38:36,331 [WARN] ConditionMgr:438 - getConditionDescription Invalid condition id : LAN8742 Phy interface Condition cause : null
2023-12-30 14:38:36,332 [WARN] PackLoader:240 - Cannot read IP mode file for STMicroelectronics.X-CUBE-AZRTOS-L4.2.0.0
2023-12-30 14:38:36,337 [WARN] ConditionMgr:1039 - genDependencies : Invalid condition id : LAN8742 Phy interface Condition cause : null
2023-12-30 14:38:36,337 [WARN] ConditionMgr:1039 - genDependencies : Invalid condition id : LAN8742 Phy interface Condition cause : null
2023-12-30 14:38:36,339 [WARN] ConditionMgr:1039 - genDependencies : Invalid condition id : LAN8742 Phy interface Condition cause : null
2023-12-30 14:38:36,377 [WARN] PackLoader:240 - Cannot read IP mode file for STMicroelectronics.X-CUBE-AZRTOS-L5.2.0.0
2023-12-30 14:38:36,439 [WARN] PackLoader:240 - Cannot read IP mode file for STMicroelectronics.X-CUBE-AZRTOS-G0.1.1.0
2023-12-30 14:38:36,484 [WARN] PackLoader:240 - Cannot read IP mode file for STMicroelectronics.X-CUBE-AZRTOS-G4.2.0.0
2023-12-30 14:38:36,518 [WARN] ConditionMgr:438 - getConditionDescription Invalid condition id : UX DEVICE CLASS RTOS Condition cause : null
2023-12-30 14:38:36,518 [WARN] ConditionMgr:438 - getConditionDescription Invalid condition id : UX DEVICE CLASS RTOS Condition cause : null
2023-12-30 14:38:36,530 [WARN] PackLoader:240 - Cannot read IP mode file for STMicroelectronics.X-CUBE-AZRTOS-WB.2.0.0
2023-12-30 14:38:36,531 [WARN] ConditionMgr:1039 - genDependencies : Invalid condition id : UX DEVICE CLASS RTOS Condition cause : null
2023-12-30 14:38:36,531 [WARN] ConditionMgr:1039 - genDependencies : Invalid condition id : UX DEVICE CLASS RTOS Condition cause : null
2023-12-30 14:38:36,533 [WARN] ConditionMgr:1039 - genDependencies : Invalid condition id : UX DEVICE CLASS RTOS Condition cause : null
2023-12-30 14:38:36,533 [WARN] ConditionMgr:1039 - genDependencies : Invalid condition id : UX DEVICE CLASS RTOS Condition cause : null
2023-12-30 14:38:36,533 [WARN] ConditionMgr:1039 - genDependencies : Invalid condition id : UX DEVICE CLASS RTOS Condition cause : null
2023-12-30 14:38:36,560 [INFO] LogOutputStream:77 - [STDOUT_REDIRECT] 1 : Invalid condition id : UX_CORESTACK_Condition cause : null
2023-12-30 14:38:36,560 [INFO] LogOutputStream:77 - [STDOUT_REDIRECT] 1 : Invalid condition id : UX_CORESTACK_Condition cause : null
2023-12-30 14:38:36,563 [INFO] LogOutputStream:77 - [STDOUT_REDIRECT] 1 : Invalid condition id : UX_CORESTACK_Condition cause : null
2023-12-30 14:38:36,566 [INFO] LogOutputStream:77 - [STDOUT_REDIRECT] 1 : Invalid condition id : UX_CORESTACK_Condition cause : null
2023-12-30 14:38:36,568 [INFO] LogOutputStream:77 - [STDOUT_REDIRECT] 1 : Invalid condition id : UX_CORESTACK_Condition cause : null
2023-12-30 14:38:36,573 [WARN] PackLoader:240 - Cannot read IP mode file for STMicroelectronics.X-CUBE-AZRTOS-WL.2.0.0
2023-12-30 14:38:36,582 [WARN] PackLoader:240 - Cannot read IP mode file for wolfSSL.I-CUBE-wolfSSL.5.6.6
2023-12-30 14:38:36,651 [WARN] PackLoader:240 - Cannot read IP mode file for SEGGER.I-CUBE-embOS.1.3.1
2023-12-30 14:38:36,751 [WARN] PackLoader:240 - Cannot read IP mode file for portGmbH.I-Cube-SoM-uGOAL.1.1.0
2023-12-30 14:38:36,785 [WARN] PackLoader:240 - Cannot read IP mode file for emotas.I-CUBE-CANOPEN.1.3.0
2023-12-30 14:38:36,798 [WARN] PackLoader:240 - Cannot read IP mode file for WES.I-CUBE-Cesium.1.3.0
2023-12-30 14:38:36,808 [WARN] PackLoader:240 - Cannot read IP mode file for ITTIA_DB.I-CUBE-ITTIADB.8.8.0
2023-12-30 14:38:36,834 [WARN] PackLoader:240 - Cannot read IP mode file for Infineon.AIROC-Wi-Fi-Bluetooth-STM32.1.5.1
2023-12-30 14:38:36,840 [INFO] PopulateThirdPartyThread:66 - Ending populate Thread
2023-12-30 14:38:36,843 [INFO] ThirdParty:1030 - CMSIS Pack Vendor :STMicroelectronics X-CUBE-DISPLAY 3.0.0
2023-12-30 14:38:36,843 [INFO] ThirdParty:1030 - CMSIS Pack Vendor :STMicroelectronics X-CUBE-GNSS1 6.0.0
2023-12-30 14:38:36,843 [INFO] ThirdParty:1030 - CMSIS Pack Vendor :STMicroelectronics FP-SNS-MOTENVWB1 1.3.1
2023-12-30 14:38:36,843 [INFO] ThirdParty:1030 - CMSIS Pack Vendor :STMicroelectronics X-CUBE-AZRTOS-F4 1.1.0
2023-12-30 14:38:36,843 [INFO] ThirdParty:1030 - CMSIS Pack Vendor :STMicroelectronics FP-ATR-SIGFOX1 3.2.0
2023-12-30 14:38:36,843 [INFO] ThirdParty:1030 - CMSIS Pack Vendor :STMicroelectronics X-CUBE-BLE1 7.0.0
2023-12-30 14:38:36,844 [INFO] ThirdParty:1030 - CMSIS Pack Vendor :STMicroelectronics X-CUBE-SMBUS 2.1.0
2023-12-30 14:38:36,844 [INFO] ThirdParty:1030 - CMSIS Pack Vendor :STMicroelectronics X-CUBE-ISPU 2.0.0
2023-12-30 14:38:36,844 [INFO] ThirdParty:1030 - CMSIS Pack Vendor :STMicroelectronics X-CUBE-AZRTOS-WB 2.0.0
2023-12-30 14:38:36,844 [INFO] ThirdParty:1030 - CMSIS Pack Vendor :emotas I-CUBE-CANOPEN 1.3.0
2023-12-30 14:38:36,844 [INFO] ThirdParty:1030 - CMSIS Pack Vendor :STMicroelectronics X-CUBE-MEMS1 10.0.0
2023-12-30 14:38:36,844 [INFO] ThirdParty:1030 - CMSIS Pack Vendor :wolfSSL I-CUBE-wolfSSL 5.6.6
2023-12-30 14:38:36,844 [INFO] ThirdParty:1030 - CMSIS Pack Vendor :STMicroelectronics X-CUBE-FREERTOS 1.1.0
2023-12-30 14:38:36,844 [INFO] ThirdParty:1030 - CMSIS Pack Vendor :STMicroelectronics X-CUBE-NFC7 1.0.1
2023-12-30 14:38:36,844 [INFO] ThirdParty:1030 - CMSIS Pack Vendor :STMicroelectronics X-CUBE-TOUCHGFX 4.23.0
2023-12-30 14:38:36,845 [INFO] ThirdParty:1030 - CMSIS Pack Vendor :STMicroelectronics X-CUBE-AZRTOS-F7 1.1.0
2023-12-30 14:38:36,845 [INFO] ThirdParty:1030 - CMSIS Pack Vendor :STMicroelectronics X-CUBE-AZRTOS-L5 2.0.0
2023-12-30 14:38:36,845 [INFO] ThirdParty:1030 - CMSIS Pack Vendor :STMicroelectronics X-CUBE-NFC6 3.0.0
2023-12-30 14:38:36,845 [INFO] ThirdParty:1030 - CMSIS Pack Vendor :STMicroelectronics X-CUBE-ALS 1.0.1
2023-12-30 14:38:36,845 [INFO] ThirdParty:1030 - CMSIS Pack Vendor :portGmbH I-Cube-SoM-uGOAL 1.1.0
2023-12-30 14:38:36,845 [INFO] ThirdParty:1030 - CMSIS Pack Vendor :STMicroelectronics X-CUBE-EEPRMA1 4.2.0
2023-12-30 14:38:36,845 [INFO] ThirdParty:1030 - CMSIS Pack Vendor :ITTIA_DB I-CUBE-ITTIADB 8.8.0
2023-12-30 14:38:36,845 [INFO] ThirdParty:1030 - CMSIS Pack Vendor :STMicroelectronics FP-SNS-SMARTAG2 1.2.0
2023-12-30 14:38:36,846 [INFO] ThirdParty:1030 - CMSIS Pack Vendor :STMicroelectronics FP-SNS-MOTENV1 4.3.2
2023-12-30 14:38:36,846 [INFO] ThirdParty:1030 - CMSIS Pack Vendor :STMicroelectronics X-CUBE-ALGOBUILD 1.3.0
2023-12-30 14:38:36,846 [INFO] ThirdParty:1030 - CMSIS Pack Vendor :STMicroelectronics X-CUBE-AZRTOS-WL 2.0.0
2023-12-30 14:38:36,846 [INFO] ThirdParty:1030 - CMSIS Pack Vendor :SEGGER I-CUBE-embOS 1.3.1
2023-12-30 14:38:36,846 [INFO] ThirdParty:1030 - CMSIS Pack Vendor :STMicroelectronics X-CUBE-AZRTOS-G0 1.1.0
2023-12-30 14:38:36,846 [INFO] ThirdParty:1030 - CMSIS Pack Vendor :STMicroelectronics X-CUBE-AI 8.1.0
2023-12-30 14:38:36,846 [INFO] ThirdParty:1030 - CMSIS Pack Vendor :STMicroelectronics X-CUBE-NFC4 3.0.0
2023-12-30 14:38:36,846 [INFO] ThirdParty:1030 - CMSIS Pack Vendor :STMicroelectronics X-CUBE-SUBG2 5.0.0
2023-12-30 14:38:36,846 [INFO] ThirdParty:1030 - CMSIS Pack Vendor :STMicroelectronics X-CUBE-AZRTOS-L4 2.0.0
2023-12-30 14:38:36,846 [INFO] ThirdParty:1030 - CMSIS Pack Vendor :STMicroelectronics FP-ATR-ASTRA1 2.0.0
2023-12-30 14:38:36,847 [INFO] ThirdParty:1030 - CMSIS Pack Vendor :WES I-CUBE-Cesium 1.3.0
2023-12-30 14:38:36,847 [INFO] ThirdParty:1030 - CMSIS Pack Vendor :STMicroelectronics X-CUBE-SFXS2LP1 4.0.0
2023-12-30 14:38:36,847 [INFO] ThirdParty:1030 - CMSIS Pack Vendor :STMicroelectronics FP-SNS-FLIGHT1 5.0.2
2023-12-30 14:38:36,847 [INFO] ThirdParty:1030 - CMSIS Pack Vendor :STMicroelectronics X-CUBE-BLE2 3.3.0
2023-12-30 14:38:36,847 [INFO] ThirdParty:1030 - CMSIS Pack Vendor :STMicroelectronics X-CUBE-TOF1 3.4.0
2023-12-30 14:38:36,847 [INFO] ThirdParty:1030 - CMSIS Pack Vendor :STMicroelectronics X-CUBE-AZRTOS-G4 2.0.0
2023-12-30 14:38:36,847 [INFO] ThirdParty:1030 - CMSIS Pack Vendor :STMicroelectronics X-CUBE-AZRTOS-H7 3.2.0
2023-12-30 14:38:36,847 [INFO] ThirdParty:1030 - CMSIS Pack Vendor :Infineon AIROC-Wi-Fi-Bluetooth-STM32 1.5.1
2023-12-30 14:38:36,847 [INFO] ThirdParty:1030 - CMSIS Pack Vendor :STMicroelectronics X-CUBE-BLEMGR 3.0.0
2023-12-30 14:38:36,849 [INFO] LoadServerUpdatesThread:375 - End of LoadServerUpdate Thread
2023-12-30 14:39:46,629 [INFO] McuFinderGlobals:63 - Set McuFinder mode to 2 (CubeIDE integrated)
2023-12-30 14:39:46,635 [INFO] MainUpdater:2873 - connection check result : 10
2023-12-30 14:39:46,640 [INFO] McuFinderGlobals:76 - Set McuFinderConnectedMode to true
2023-12-30 14:39:47,561 [INFO] ServerAccessManage:473 - Download File mcusAds.json._tmp_
2023-12-30 14:39:47,718 [INFO] LoadUrlFilesThread:156 - End of LoadUrlFiles Thread
2023-12-30 14:39:48,174 [INFO] ServerAccessManage:473 - Download File cube-finder-db.zip
2023-12-30 14:39:52,809 [INFO] FileExtend:240 - Unzip File : cube-finder-db.zip
2023-12-30 14:39:52,809 [INFO] FileExtend:255 - Standard Zip Deflate
2023-12-30 14:39:54,149 [INFO] LoadUrlFilesThread:156 - End of LoadUrlFiles Thread
2023-12-30 14:39:56,175 [INFO] ServerAccessManage:473 - Download File crdb.zip
2023-12-30 14:39:57,743 [INFO] FileExtend:240 - Unzip File : crdb.zip
2023-12-30 14:39:57,744 [INFO] FileExtend:255 - Standard Zip Deflate
2023-12-30 14:39:57,943 [INFO] LoadUrlFilesThread:156 - End of LoadUrlFiles Thread
2023-12-30 14:39:58,386 [INFO] ServerAccessManage:473 - Download File tutoVideoDB.zip
2023-12-30 14:39:58,512 [INFO] FileExtend:240 - Unzip File : tutoVideoDB.zip
2023-12-30 14:39:58,513 [INFO] FileExtend:255 - Standard Zip Deflate
2023-12-30 14:39:58,686 [INFO] LoadUrlFilesThread:156 - End of LoadUrlFiles Thread
2023-12-30 14:39:58,688 [WARN] DbFile:41 - Overriding database path with different value: C:\Users\RShah23\.stmcufinder\plugins\mcufinder/ => C:\Users\RShah23\.stmcufinder\plugins\mcufinder
2023-12-30 14:39:58,943 [INFO] ServerAccessManage:473 - Download File api_config.json
2023-12-30 14:39:59,107 [INFO] LoadUrlFilesThread:156 - End of LoadUrlFiles Thread
2023-12-30 14:39:59,113 [INFO] DbMcusAds:53 - JSON generation date=Wed Nov 29 04:52:27 CST 2023 (1701255147349)
2023-12-30 14:39:59,382 [INFO] ServerAccessManage:473 - Download File 
2023-12-30 14:39:59,495 [INFO] LoadUrlFilesThread:185 - End of LoadServerUrlFiles without Thread
2023-12-30 14:39:59,495 [INFO] TargetSelectorAdapter:259 - Refresh data is successful
2023-12-30 14:39:59,797 [INFO] ApiDb:581 - Connected to CubeFinder SQLite database (C:\Users\RShah23\.stmcufinder\plugins\mcufinder\mcu\cube-finder-db.db)
2023-12-30 14:39:59,943 [INFO] ApiDb:668 - CubeFinder database Data Model version=2.1
2023-12-30 14:39:59,944 [INFO] ApiDb:669 - CubeFinder database Configuration version=3.0.39
2023-12-30 14:39:59,944 [INFO] ApiDb:670 - CubeFinder database generation date=2023-12-08 (1702028721)
2023-12-30 14:39:59,944 [INFO] ApiDb:671 - CubeFinder database FW Pack versions=[FP-ATR-ASTRA1_V2.0.0, FP-SNS-FLIGHT1_V5.0.1, FP-SNS-FLIGHT1_V5.0.2, FP-SNS-MOTENV1_V4.3.1, FP-SNS-MOTENV1_V4.3.2, FP-SNS-MOTENVWB1_V1.3.1, FP-SNS-SMARTAG2_V1.2.0, STM32Cube_FW_C0_V1.1.0, STM32Cube_FW_F4_V1.28.0, STM32Cube_FW_F7_V1.17.0, STM32Cube_FW_G0_V1.6.1, STM32Cube_FW_G4_V1.5.1, STM32Cube_FW_H5_V0.5.1, STM32Cube_FW_H5_V1.1.1, STM32Cube_FW_H5_V1.2.0RC2, STM32Cube_FW_H7_V1.11.0, STM32Cube_FW_L0_V1.12.2, STM32Cube_FW_L5_V1.5.0, STM32Cube_FW_U5_V1.3.0RC4, STM32Cube_FW_U5_V1.4.0, STM32Cube_FW_WBA_V1.0.0RC1, STM32Cube_FW_WBA_V1.1.0RC1, STM32Cube_FW_WBA_V1.2.0, STM32Cube_FW_WBA_V1.2.0RC2, STM32Cube_FW_WB_V1.15.0RC1, STM32Cube_FW_WB_V1.16.0, STM32Cube_FW_WB_V1.16.0RC2, STM32Cube_FW_WB_V1.18.0, STM32Cube_FW_WL_V1.3.0, X-CUBE-ALGOBUILD_V1.3.0, X-CUBE-ALS_V1.0.1, X-CUBE-AZRTOS-F4_V1.1.0, X-CUBE-AZRTOS-F7_V1.1.0, X-CUBE-AZRTOS-G0_V1.1.0, X-CUBE-AZRTOS-G4_V2.0.0, X-CUBE-AZRTOS-H7_V3.1.0, X-CUBE-AZRTOS-L4_V1.0.0, X-CUBE-AZRTOS-L4_V2.0.0, X-CUBE-AZRTOS-L5_V1.1.0, X-CUBE-AZRTOS-WB_V2.0.0, X-CUBE-AZRTOS-WL_V2.0.0, X-CUBE-BLE1_V7.0.0, X-CUBE-BLE2_V3.3.0, X-CUBE-BLEMGR_V3.0.0, X-CUBE-EEPRMA1_V4.1.0, X-CUBE-EEPRMA1_V4.2.0, X-CUBE-FREERTOS_V1.1.0, X-CUBE-GNSS1_V6.0.0, X-CUBE-MEMS1_V10.0.0, X-CUBE-MEMS1_V9.1.0, X-CUBE-MEMS1_V9.4.0, X-CUBE-MEMS1_V9.6.0, X-CUBE-NFC4_V3.0.0, X-CUBE-NFC7_V1.0.1, X-CUBE-SFXS2LP1_V4.0.0, X-CUBE-SUBG2_V5.0.0, X-CUBE-TOF1_V3.4.0]
2023-12-30 14:40:03,114 [INFO] ApiDb:240 - Found 371 in-development CPN: [B-G473E-ZEST1S, B-WB1M-WPAN1, B-WL5M-SUBG1, NUCLEO-C031C6, NUCLEO-H503RB, NUCLEO-H563ZI, NUCLEO-U545RE-Q, NUCLEO-U5A5ZJ-Q, NUCLEO-WBA52CG, NUCLEO-WBA55CG, STEVAL-MKBOXPRO, STEVAL-PROTEUS1, STEVAL-STWINBX1, STM320518-EVAL, STM32C0116-DK, STM32C011D6Y3TR, STM32C011D6Y6TR, STM32C011F4P3, STM32C011F4P6, STM32C011F4U3, STM32C011F4U6TR, STM32C011F6P3, STM32C011F6P6, STM32C011F6U3, STM32C011F6U6TR, STM32C011J4M3, STM32C011J4M6, STM32C011J6M3, STM32C011J6M6, STM32C0316-DK, STM32C031C4T3, STM32C031C4T6, STM32C031C4U3, STM32C031C4U6, STM32C031C6T3, STM32C031C6T6, STM32C031C6U3, STM32C031C6U6, STM32C031F4P3, STM32C031F4P6, STM32C031F6P3, STM32C031F6P6, STM32C031G4U3, STM32C031G4U6, STM32C031G6U3, STM32C031G6U6, STM32C031K4T3, STM32C031K4T6, STM32C031K4U3, STM32C031K4U6, STM32C031K6T3, STM32C031K6T6, STM32C031K6U3, STM32C031K6U6, STM32G071K8TXN, STM32G071K8UXN, STM32G081GBU6N, STM32G081KBT6N, STM32G081KBUXN, STM32G0B1CCT6N, STM32G0B1KCT6, STM32G0B1NEY6TR, STM32G0B1RCT6N, STM32G0C1CCT6, STM32G0C1CCT6N, STM32G0C1CCU6N, STM32G0C1CET6N, STM32G0C1CEU6N, STM32G0C1KCT6, STM32G0C1NEY6TR, STM32G0C1RCI6N, STM32G0C1RCT6N, STM32G0C1REI6N, STM32G0C1RET6N, STM32G0C1VCI6, STM32G0C1VEI6, STM32G471CCT6, STM32G471CCU6, STM32G471CET3, STM32G471CET6, STM32G471CEU3, STM32G471CEU6, STM32G471MCT6, STM32G471MET3, STM32G471MET6, STM32G471MEY6TR, STM32G471QCT6, STM32G471QET3, STM32G471RCT6, STM32G471RET3, STM32G471RET6, STM32G471VCH6, STM32G471VCI6, STM32G471VCT6, STM32G471VEH3, STM32G471VEH6, STM32G471VEI3, STM32G471VEI6, STM32G471VET3, STM32G471VET6, STM32G474CCT6, STM32H503CBT6, STM32H503CBU6, STM32H503EBY6TR, STM32H503KBU6, STM32H503RBT6, STM32H562AGI6, STM32H562AII6, STM32H562IGK6, STM32H562IGT6, STM32H562IIK6, STM32H562IIT6, STM32H562RGT6, STM32H562RGV6, STM32H562RIT6, STM32H562RIV6, STM32H562VGT6, STM32H562VIT6, STM32H562ZGT6, STM32H562ZIT6, STM32H563AGI6, STM32H563AII3Q, STM32H563AII6, STM32H563IGK6, STM32H563IGT6, STM32H563IIK3Q, STM32H563IIK6, STM32H563IIT3Q, STM32H563IIT6, STM32H563MIY3QTR, STM32H563RGT6, STM32H563RGV6, STM32H563RIT6, STM32H563RIV6, STM32H563VGT6, STM32H563VIT3Q, STM32H563VIT6, STM32H563ZGT6, STM32H563ZIT3Q, STM32H563ZIT6, STM32H573AII3Q, STM32H573AII6, STM32H573I-DK, STM32H573IIK3Q, STM32H573IIK6, STM32H573IIT3Q, STM32H573IIT6, STM32H573MIY3QTR, STM32H573RIT6, STM32H573RIV6, STM32H573VIT3Q, STM32H573VIT6, STM32H573ZIT3Q, STM32H573ZIT6, STM32L4R5QGI6STR, STM32MP131AAE3, STM32MP131AAF3, STM32MP131AAG3, STM32MP131CAE3, STM32MP131CAF3, STM32MP131CAG3, STM32MP131DAE7, STM32MP131DAF7, STM32MP131DAG7, STM32MP131FAE7, STM32MP131FAF7, STM32MP131FAG7, STM32MP133AAE3, STM32MP133AAF3, STM32MP133AAG3, STM32MP133CAE3, STM32MP133CAF3, STM32MP133CAG3, STM32MP133DAE7, STM32MP133DAF7, STM32MP133DAG7, STM32MP133FAE7, STM32MP133FAF7, STM32MP133FAG7, STM32MP135AAE3, STM32MP135AAF3, STM32MP135AAG3, STM32MP135CAE3, STM32MP135CAF3, STM32MP135CAG3, STM32MP135DAE7, STM32MP135DAF7, STM32MP135DAG7, STM32MP135F-DK, STM32MP135FAE7, STM32MP135FAF7, STM32MP135FAF7T, STM32MP135FAF7U, STM32MP135FAG7, STM32U535CBT6, STM32U535CBT6Q, STM32U535CBU6, STM32U535CBU6Q, STM32U535CCT6, STM32U535CCT6Q, STM32U535CCU6, STM32U535CCU6Q, STM32U535CET6, STM32U535CET6Q, STM32U535CEU6, STM32U535CEU6Q, STM32U535JEY6QTR, STM32U535NCY6QTR, STM32U535NEY6QTR, STM32U535RBI6, STM32U535RBI6Q, STM32U535RBT6, STM32U535RBT6Q, STM32U535RCI6, STM32U535RCI6Q, STM32U535RCT6, STM32U535RCT6Q, STM32U535REI6, STM32U535REI6Q, STM32U535RET6, STM32U535RET6Q, STM32U535VCI6, STM32U535VCI6Q, STM32U535VCT6, STM32U535VCT6Q, STM32U535VEI6, STM32U535VEI6Q, STM32U535VET6, STM32U535VET6Q, STM32U545CET6, STM32U545CET6Q, STM32U545CEU6, STM32U545CEU6Q, STM32U545JEY6QTR, STM32U545NEY6QTR, STM32U545REI6, STM32U545REI6Q, STM32U545RET6, STM32U545RET6Q, STM32U545VEI6, STM32U545VEI6Q, STM32U545VET6, STM32U545VET6Q, STM32U595AIH6, STM32U595AIH6Q, STM32U595AJH6, STM32U595AJH6Q, STM32U595QII6, STM32U595QII6Q, STM32U595QJI6, STM32U595QJI6Q, STM32U595RIT6, STM32U595RIT6Q, STM32U595RJT6, STM32U595RJT6Q, STM32U595VIT6, STM32U595VIT6Q, STM32U595VJT6, STM32U595VJT6Q, STM32U595ZIT6, STM32U595ZIT6Q, STM32U595ZIY6QTR, STM32U595ZJT6, STM32U595ZJT6Q, STM32U595ZJY6QTR, STM32U599BJY6QTR, STM32U599NIH6Q, STM32U599NJH6Q, STM32U599VIT6Q, STM32U599VJT6, STM32U599VJT6Q, STM32U599ZIT6Q, STM32U599ZIY6QTR, STM32U599ZJT6Q, STM32U599ZJY6QTR, STM32U5A5AJH6, STM32U5A5AJH6Q, STM32U5A5QJI6, STM32U5A5QJI6Q, STM32U5A5RJT6, STM32U5A5RJT6Q, STM32U5A5VJT6, STM32U5A5VJT6Q, STM32U5A5ZJT6, STM32U5A5ZJT6Q, STM32U5A5ZJY6QTR, STM32U5A9BJY6QTR, STM32U5A9J-DK, STM32U5A9NJH6Q, STM32U5A9VJT6Q, STM32U5A9ZJT6Q, STM32U5A9ZJY6QTR, STM32U5F7VIT6, STM32U5F7VIT6Q, STM32U5F7VJT6, STM32U5F7VJT6Q, STM32U5F9BJY6QTR, STM32U5F9NJH6Q, STM32U5F9VIT6Q, STM32U5F9VJT6Q, STM32U5F9ZIJ6QTR, STM32U5F9ZIT6Q, STM32U5F9ZJJ6QTR, STM32U5F9ZJT6Q, STM32U5G7VJT6, STM32U5G7VJT6Q, STM32U5G9BJY6QTR, STM32U5G9J-DK1, STM32U5G9J-DK2, STM32U5G9NJH6Q, STM32U5G9VJT6Q, STM32U5G9ZJJ6QTR, STM32U5G9ZJT6Q, STM32WB1MMCH6, STM32WBA50KEU6, STM32WBA50KEU6TR, STM32WBA50KGU6, STM32WBA50KGU6TR, STM32WBA52CEU6, STM32WBA52CEU6TR, STM32WBA52CEU7, STM32WBA52CEU7TR, STM32WBA52CGU6, STM32WBA52CGU6TR, STM32WBA52CGU6U, STM32WBA52CGU7, STM32WBA52CGU7TR, STM32WBA52KEU6, STM32WBA52KEU6TR, STM32WBA52KGU6, STM32WBA52KGU6TR, STM32WBA54CEU6, STM32WBA54CEU6TR, STM32WBA54CEU7, STM32WBA54CEU7TR, STM32WBA54CGU6, STM32WBA54CGU6TR, STM32WBA54CGU7, STM32WBA54CGU7TR, STM32WBA54KEU6, STM32WBA54KEU6TR, STM32WBA54KEU7, STM32WBA54KEU7TR, STM32WBA54KGU6, STM32WBA54KGU6TR, STM32WBA54KGU7, STM32WBA54KGU7TR, STM32WBA55CEU6, STM32WBA55CEU6TR, STM32WBA55CEU7, STM32WBA55CEU7TR, STM32WBA55CGU6, STM32WBA55CGU6TR, STM32WBA55CGU6U, STM32WBA55CGU7, STM32WBA55CGU7TR, STM32WBA55G-DK1, STM32WBA55HEF6, STM32WBA55HEF7, STM32WBA55HGF6, STM32WBA55HGF7, STM32WBA55UEI6, STM32WBA55UEI6TR, STM32WBA55UEI7, STM32WBA55UEI7TR, STM32WBA55UGI6, STM32WBA55UGI6TR, STM32WBA55UGI7, STM32WBA55UGI7TR, STM32WL5MOCH6, STM32WL5MOCH6TR]
2023-12-30 14:40:03,122 [INFO] DbMcus:218 - Found 3930 MCUs, 3930 are supported
2023-12-30 14:40:03,122 [INFO] ApiDb:414 - User favorites file not found: C:\Users\RShah23/.stm32cubeide/favorites.mcus.txt
2023-12-30 14:40:03,122 [INFO] DbMcus:224 - Set 0 / 0 favorites MCUs
2023-12-30 14:40:03,528 [INFO] ApiDb:668 - CubeFinder database Data Model version=2.1
2023-12-30 14:40:03,528 [INFO] ApiDb:669 - CubeFinder database Configuration version=3.0.39
2023-12-30 14:40:03,528 [INFO] ApiDb:670 - CubeFinder database generation date=2023-12-08 (1702028721)
2023-12-30 14:40:03,528 [INFO] ApiDb:671 - CubeFinder database FW Pack versions=[FP-ATR-ASTRA1_V2.0.0, FP-SNS-FLIGHT1_V5.0.1, FP-SNS-FLIGHT1_V5.0.2, FP-SNS-MOTENV1_V4.3.1, FP-SNS-MOTENV1_V4.3.2, FP-SNS-MOTENVWB1_V1.3.1, FP-SNS-SMARTAG2_V1.2.0, STM32Cube_FW_C0_V1.1.0, STM32Cube_FW_F4_V1.28.0, STM32Cube_FW_F7_V1.17.0, STM32Cube_FW_G0_V1.6.1, STM32Cube_FW_G4_V1.5.1, STM32Cube_FW_H5_V0.5.1, STM32Cube_FW_H5_V1.1.1, STM32Cube_FW_H5_V1.2.0RC2, STM32Cube_FW_H7_V1.11.0, STM32Cube_FW_L0_V1.12.2, STM32Cube_FW_L5_V1.5.0, STM32Cube_FW_U5_V1.3.0RC4, STM32Cube_FW_U5_V1.4.0, STM32Cube_FW_WBA_V1.0.0RC1, STM32Cube_FW_WBA_V1.1.0RC1, STM32Cube_FW_WBA_V1.2.0, STM32Cube_FW_WBA_V1.2.0RC2, STM32Cube_FW_WB_V1.15.0RC1, STM32Cube_FW_WB_V1.16.0, STM32Cube_FW_WB_V1.16.0RC2, STM32Cube_FW_WB_V1.18.0, STM32Cube_FW_WL_V1.3.0, X-CUBE-ALGOBUILD_V1.3.0, X-CUBE-ALS_V1.0.1, X-CUBE-AZRTOS-F4_V1.1.0, X-CUBE-AZRTOS-F7_V1.1.0, X-CUBE-AZRTOS-G0_V1.1.0, X-CUBE-AZRTOS-G4_V2.0.0, X-CUBE-AZRTOS-H7_V3.1.0, X-CUBE-AZRTOS-L4_V1.0.0, X-CUBE-AZRTOS-L4_V2.0.0, X-CUBE-AZRTOS-L5_V1.1.0, X-CUBE-AZRTOS-WB_V2.0.0, X-CUBE-AZRTOS-WL_V2.0.0, X-CUBE-BLE1_V7.0.0, X-CUBE-BLE2_V3.3.0, X-CUBE-BLEMGR_V3.0.0, X-CUBE-EEPRMA1_V4.1.0, X-CUBE-EEPRMA1_V4.2.0, X-CUBE-FREERTOS_V1.1.0, X-CUBE-GNSS1_V6.0.0, X-CUBE-MEMS1_V10.0.0, X-CUBE-MEMS1_V9.1.0, X-CUBE-MEMS1_V9.4.0, X-CUBE-MEMS1_V9.6.0, X-CUBE-NFC4_V3.0.0, X-CUBE-NFC7_V1.0.1, X-CUBE-SFXS2LP1_V4.0.0, X-CUBE-SUBG2_V5.0.0, X-CUBE-TOF1_V3.4.0]
2023-12-30 14:40:03,639 [INFO] DbBoardsSqlite:226 - include board P-NUCLEO-WB55-NUCLEO as a kit item of type 'Nucleo-64'
2023-12-30 14:40:03,640 [INFO] DbBoardsSqlite:226 - include board P-NUCLEO-WB55-USBDONGLE as a kit item of type 'Nucleo USB Dongle'
2023-12-30 14:40:03,641 [INFO] DbBoardsSqlite:226 - include board STEVAL-IDP005V1 as a kit item of type 'Evaluation Board'
2023-12-30 14:40:03,641 [INFO] DbBoardsSqlite:226 - include board STEVAL-IDP005V2 as a kit item of type 'Evaluation Board'
2023-12-30 14:40:03,732 [INFO] ApiDb:240 - Found 371 in-development CPN: [B-G473E-ZEST1S, B-WB1M-WPAN1, B-WL5M-SUBG1, NUCLEO-C031C6, NUCLEO-H503RB, NUCLEO-H563ZI, NUCLEO-U545RE-Q, NUCLEO-U5A5ZJ-Q, NUCLEO-WBA52CG, NUCLEO-WBA55CG, STEVAL-MKBOXPRO, STEVAL-PROTEUS1, STEVAL-STWINBX1, STM320518-EVAL, STM32C0116-DK, STM32C011D6Y3TR, STM32C011D6Y6TR, STM32C011F4P3, STM32C011F4P6, STM32C011F4U3, STM32C011F4U6TR, STM32C011F6P3, STM32C011F6P6, STM32C011F6U3, STM32C011F6U6TR, STM32C011J4M3, STM32C011J4M6, STM32C011J6M3, STM32C011J6M6, STM32C0316-DK, STM32C031C4T3, STM32C031C4T6, STM32C031C4U3, STM32C031C4U6, STM32C031C6T3, STM32C031C6T6, STM32C031C6U3, STM32C031C6U6, STM32C031F4P3, STM32C031F4P6, STM32C031F6P3, STM32C031F6P6, STM32C031G4U3, STM32C031G4U6, STM32C031G6U3, STM32C031G6U6, STM32C031K4T3, STM32C031K4T6, STM32C031K4U3, STM32C031K4U6, STM32C031K6T3, STM32C031K6T6, STM32C031K6U3, STM32C031K6U6, STM32G071K8TXN, STM32G071K8UXN, STM32G081GBU6N, STM32G081KBT6N, STM32G081KBUXN, STM32G0B1CCT6N, STM32G0B1KCT6, STM32G0B1NEY6TR, STM32G0B1RCT6N, STM32G0C1CCT6, STM32G0C1CCT6N, STM32G0C1CCU6N, STM32G0C1CET6N, STM32G0C1CEU6N, STM32G0C1KCT6, STM32G0C1NEY6TR, STM32G0C1RCI6N, STM32G0C1RCT6N, STM32G0C1REI6N, STM32G0C1RET6N, STM32G0C1VCI6, STM32G0C1VEI6, STM32G471CCT6, STM32G471CCU6, STM32G471CET3, STM32G471CET6, STM32G471CEU3, STM32G471CEU6, STM32G471MCT6, STM32G471MET3, STM32G471MET6, STM32G471MEY6TR, STM32G471QCT6, STM32G471QET3, STM32G471RCT6, STM32G471RET3, STM32G471RET6, STM32G471VCH6, STM32G471VCI6, STM32G471VCT6, STM32G471VEH3, STM32G471VEH6, STM32G471VEI3, STM32G471VEI6, STM32G471VET3, STM32G471VET6, STM32G474CCT6, STM32H503CBT6, STM32H503CBU6, STM32H503EBY6TR, STM32H503KBU6, STM32H503RBT6, STM32H562AGI6, STM32H562AII6, STM32H562IGK6, STM32H562IGT6, STM32H562IIK6, STM32H562IIT6, STM32H562RGT6, STM32H562RGV6, STM32H562RIT6, STM32H562RIV6, STM32H562VGT6, STM32H562VIT6, STM32H562ZGT6, STM32H562ZIT6, STM32H563AGI6, STM32H563AII3Q, STM32H563AII6, STM32H563IGK6, STM32H563IGT6, STM32H563IIK3Q, STM32H563IIK6, STM32H563IIT3Q, STM32H563IIT6, STM32H563MIY3QTR, STM32H563RGT6, STM32H563RGV6, STM32H563RIT6, STM32H563RIV6, STM32H563VGT6, STM32H563VIT3Q, STM32H563VIT6, STM32H563ZGT6, STM32H563ZIT3Q, STM32H563ZIT6, STM32H573AII3Q, STM32H573AII6, STM32H573I-DK, STM32H573IIK3Q, STM32H573IIK6, STM32H573IIT3Q, STM32H573IIT6, STM32H573MIY3QTR, STM32H573RIT6, STM32H573RIV6, STM32H573VIT3Q, STM32H573VIT6, STM32H573ZIT3Q, STM32H573ZIT6, STM32L4R5QGI6STR, STM32MP131AAE3, STM32MP131AAF3, STM32MP131AAG3, STM32MP131CAE3, STM32MP131CAF3, STM32MP131CAG3, STM32MP131DAE7, STM32MP131DAF7, STM32MP131DAG7, STM32MP131FAE7, STM32MP131FAF7, STM32MP131FAG7, STM32MP133AAE3, STM32MP133AAF3, STM32MP133AAG3, STM32MP133CAE3, STM32MP133CAF3, STM32MP133CAG3, STM32MP133DAE7, STM32MP133DAF7, STM32MP133DAG7, STM32MP133FAE7, STM32MP133FAF7, STM32MP133FAG7, STM32MP135AAE3, STM32MP135AAF3, STM32MP135AAG3, STM32MP135CAE3, STM32MP135CAF3, STM32MP135CAG3, STM32MP135DAE7, STM32MP135DAF7, STM32MP135DAG7, STM32MP135F-DK, STM32MP135FAE7, STM32MP135FAF7, STM32MP135FAF7T, STM32MP135FAF7U, STM32MP135FAG7, STM32U535CBT6, STM32U535CBT6Q, STM32U535CBU6, STM32U535CBU6Q, STM32U535CCT6, STM32U535CCT6Q, STM32U535CCU6, STM32U535CCU6Q, STM32U535CET6, STM32U535CET6Q, STM32U535CEU6, STM32U535CEU6Q, STM32U535JEY6QTR, STM32U535NCY6QTR, STM32U535NEY6QTR, STM32U535RBI6, STM32U535RBI6Q, STM32U535RBT6, STM32U535RBT6Q, STM32U535RCI6, STM32U535RCI6Q, STM32U535RCT6, STM32U535RCT6Q, STM32U535REI6, STM32U535REI6Q, STM32U535RET6, STM32U535RET6Q, STM32U535VCI6, STM32U535VCI6Q, STM32U535VCT6, STM32U535VCT6Q, STM32U535VEI6, STM32U535VEI6Q, STM32U535VET6, STM32U535VET6Q, STM32U545CET6, STM32U545CET6Q, STM32U545CEU6, STM32U545CEU6Q, STM32U545JEY6QTR, STM32U545NEY6QTR, STM32U545REI6, STM32U545REI6Q, STM32U545RET6, STM32U545RET6Q, STM32U545VEI6, STM32U545VEI6Q, STM32U545VET6, STM32U545VET6Q, STM32U595AIH6, STM32U595AIH6Q, STM32U595AJH6, STM32U595AJH6Q, STM32U595QII6, STM32U595QII6Q, STM32U595QJI6, STM32U595QJI6Q, STM32U595RIT6, STM32U595RIT6Q, STM32U595RJT6, STM32U595RJT6Q, STM32U595VIT6, STM32U595VIT6Q, STM32U595VJT6, STM32U595VJT6Q, STM32U595ZIT6, STM32U595ZIT6Q, STM32U595ZIY6QTR, STM32U595ZJT6, STM32U595ZJT6Q, STM32U595ZJY6QTR, STM32U599BJY6QTR, STM32U599NIH6Q, STM32U599NJH6Q, STM32U599VIT6Q, STM32U599VJT6, STM32U599VJT6Q, STM32U599ZIT6Q, STM32U599ZIY6QTR, STM32U599ZJT6Q, STM32U599ZJY6QTR, STM32U5A5AJH6, STM32U5A5AJH6Q, STM32U5A5QJI6, STM32U5A5QJI6Q, STM32U5A5RJT6, STM32U5A5RJT6Q, STM32U5A5VJT6, STM32U5A5VJT6Q, STM32U5A5ZJT6, STM32U5A5ZJT6Q, STM32U5A5ZJY6QTR, STM32U5A9BJY6QTR, STM32U5A9J-DK, STM32U5A9NJH6Q, STM32U5A9VJT6Q, STM32U5A9ZJT6Q, STM32U5A9ZJY6QTR, STM32U5F7VIT6, STM32U5F7VIT6Q, STM32U5F7VJT6, STM32U5F7VJT6Q, STM32U5F9BJY6QTR, STM32U5F9NJH6Q, STM32U5F9VIT6Q, STM32U5F9VJT6Q, STM32U5F9ZIJ6QTR, STM32U5F9ZIT6Q, STM32U5F9ZJJ6QTR, STM32U5F9ZJT6Q, STM32U5G7VJT6, STM32U5G7VJT6Q, STM32U5G9BJY6QTR, STM32U5G9J-DK1, STM32U5G9J-DK2, STM32U5G9NJH6Q, STM32U5G9VJT6Q, STM32U5G9ZJJ6QTR, STM32U5G9ZJT6Q, STM32WB1MMCH6, STM32WBA50KEU6, STM32WBA50KEU6TR, STM32WBA50KGU6, STM32WBA50KGU6TR, STM32WBA52CEU6, STM32WBA52CEU6TR, STM32WBA52CEU7, STM32WBA52CEU7TR, STM32WBA52CGU6, STM32WBA52CGU6TR, STM32WBA52CGU6U, STM32WBA52CGU7, STM32WBA52CGU7TR, STM32WBA52KEU6, STM32WBA52KEU6TR, STM32WBA52KGU6, STM32WBA52KGU6TR, STM32WBA54CEU6, STM32WBA54CEU6TR, STM32WBA54CEU7, STM32WBA54CEU7TR, STM32WBA54CGU6, STM32WBA54CGU6TR, STM32WBA54CGU7, STM32WBA54CGU7TR, STM32WBA54KEU6, STM32WBA54KEU6TR, STM32WBA54KEU7, STM32WBA54KEU7TR, STM32WBA54KGU6, STM32WBA54KGU6TR, STM32WBA54KGU7, STM32WBA54KGU7TR, STM32WBA55CEU6, STM32WBA55CEU6TR, STM32WBA55CEU7, STM32WBA55CEU7TR, STM32WBA55CGU6, STM32WBA55CGU6TR, STM32WBA55CGU6U, STM32WBA55CGU7, STM32WBA55CGU7TR, STM32WBA55G-DK1, STM32WBA55HEF6, STM32WBA55HEF7, STM32WBA55HGF6, STM32WBA55HGF7, STM32WBA55UEI6, STM32WBA55UEI6TR, STM32WBA55UEI7, STM32WBA55UEI7TR, STM32WBA55UGI6, STM32WBA55UGI6TR, STM32WBA55UGI7, STM32WBA55UGI7TR, STM32WL5MOCH6, STM32WL5MOCH6TR]
2023-12-30 14:40:03,948 [INFO] BoardInfo:889 - No configuration file found for board P-NUCLEO-WB55
2023-12-30 14:40:03,949 [INFO] DbBoards:161 - Kit is not supported: P-NUCLEO-WB55
2023-12-30 14:40:03,956 [INFO] BoardInfo:889 - No configuration file found for board STEVAL-BFA001V1B
2023-12-30 14:40:03,957 [INFO] DbBoards:161 - Kit is not supported: STEVAL-BFA001V1B
2023-12-30 14:40:03,958 [INFO] BoardInfo:889 - No configuration file found for board STEVAL-BFA001V2B
2023-12-30 14:40:03,958 [INFO] DbBoards:161 - Kit is not supported: STEVAL-BFA001V2B
2023-12-30 14:40:04,215 [INFO] DbBoards:168 - Found 193 boards, 190 are supported
2023-12-30 14:40:04,215 [INFO] DbBoards:169 - Found 193 boards, 3 of them is supported for  Bsp
2023-12-30 14:40:04,218 [INFO] ApiDb:414 - User favorites file not found: C:\Users\RShah23/.stm32cubeide/favorites.boards.txt
2023-12-30 14:40:04,218 [INFO] DbBoards:198 - Set 0 / 0 favorites Boards
2023-12-30 14:40:04,221 [INFO] ApiDb:668 - CubeFinder database Data Model version=2.1
2023-12-30 14:40:04,221 [INFO] ApiDb:669 - CubeFinder database Configuration version=3.0.39
2023-12-30 14:40:04,221 [INFO] ApiDb:670 - CubeFinder database generation date=2023-12-08 (1702028721)
2023-12-30 14:40:04,221 [INFO] ApiDb:671 - CubeFinder database FW Pack versions=[FP-ATR-ASTRA1_V2.0.0, FP-SNS-FLIGHT1_V5.0.1, FP-SNS-FLIGHT1_V5.0.2, FP-SNS-MOTENV1_V4.3.1, FP-SNS-MOTENV1_V4.3.2, FP-SNS-MOTENVWB1_V1.3.1, FP-SNS-SMARTAG2_V1.2.0, STM32Cube_FW_C0_V1.1.0, STM32Cube_FW_F4_V1.28.0, STM32Cube_FW_F7_V1.17.0, STM32Cube_FW_G0_V1.6.1, STM32Cube_FW_G4_V1.5.1, STM32Cube_FW_H5_V0.5.1, STM32Cube_FW_H5_V1.1.1, STM32Cube_FW_H5_V1.2.0RC2, STM32Cube_FW_H7_V1.11.0, STM32Cube_FW_L0_V1.12.2, STM32Cube_FW_L5_V1.5.0, STM32Cube_FW_U5_V1.3.0RC4, STM32Cube_FW_U5_V1.4.0, STM32Cube_FW_WBA_V1.0.0RC1, STM32Cube_FW_WBA_V1.1.0RC1, STM32Cube_FW_WBA_V1.2.0, STM32Cube_FW_WBA_V1.2.0RC2, STM32Cube_FW_WB_V1.15.0RC1, STM32Cube_FW_WB_V1.16.0, STM32Cube_FW_WB_V1.16.0RC2, STM32Cube_FW_WB_V1.18.0, STM32Cube_FW_WL_V1.3.0, X-CUBE-ALGOBUILD_V1.3.0, X-CUBE-ALS_V1.0.1, X-CUBE-AZRTOS-F4_V1.1.0, X-CUBE-AZRTOS-F7_V1.1.0, X-CUBE-AZRTOS-G0_V1.1.0, X-CUBE-AZRTOS-G4_V2.0.0, X-CUBE-AZRTOS-H7_V3.1.0, X-CUBE-AZRTOS-L4_V1.0.0, X-CUBE-AZRTOS-L4_V2.0.0, X-CUBE-AZRTOS-L5_V1.1.0, X-CUBE-AZRTOS-WB_V2.0.0, X-CUBE-AZRTOS-WL_V2.0.0, X-CUBE-BLE1_V7.0.0, X-CUBE-BLE2_V3.3.0, X-CUBE-BLEMGR_V3.0.0, X-CUBE-EEPRMA1_V4.1.0, X-CUBE-EEPRMA1_V4.2.0, X-CUBE-FREERTOS_V1.1.0, X-CUBE-GNSS1_V6.0.0, X-CUBE-MEMS1_V10.0.0, X-CUBE-MEMS1_V9.1.0, X-CUBE-MEMS1_V9.4.0, X-CUBE-MEMS1_V9.6.0, X-CUBE-NFC4_V3.0.0, X-CUBE-NFC7_V1.0.1, X-CUBE-SFXS2LP1_V4.0.0, X-CUBE-SUBG2_V5.0.0, X-CUBE-TOF1_V3.4.0]
2023-12-30 14:40:05,593 [ERROR] DbExamplesSqlite:437 - Missing JSON key: board_cpn
2023-12-30 14:40:05,593 [ERROR] DbExamplesSqlite:437 - Missing JSON key: board_cpn
2023-12-30 14:40:05,594 [ERROR] DbExamplesSqlite:437 - Missing JSON key: board_cpn
2023-12-30 14:40:05,594 [ERROR] DbExamplesSqlite:437 - Missing JSON key: board_cpn
2023-12-30 14:40:05,657 [INFO] DbExamplesSqlite:395 - Ignored 55 examples not supported by CubeIDE
2023-12-30 14:40:05,657 [INFO] DbExamplesSqlite:396 - Found 7560 examples active
2023-12-30 14:40:05,658 [INFO] DbExamplesSqlite:397 - Found 844 examples obsolete
2023-12-30 14:40:05,658 [INFO] DbExamplesSqlite:398 - Found 0 examples under development
2023-12-30 14:40:05,658 [INFO] DbExamplesSqlite:399 - Found 8 examples not building
2023-12-30 14:40:05,660 [INFO] DbExamples:125 - Found 7513 examples
2023-12-30 14:40:05,676 [INFO] DbExamples:222 - Found 95 boards with related examples
2023-12-30 14:40:05,677 [INFO] DbExamples:235 - Found 80 MCUs with related examples
2023-12-30 14:40:05,706 [INFO] ApiDb:414 - User favorites file not found: C:\Users\RShah23/.stm32cubeide/favorites.examples.txt
2023-12-30 14:40:05,707 [INFO] DbExamples:250 - Set 0 / 0 favorites Examples
2023-12-30 14:40:05,989 [INFO] McuFinderGlobals:76 - Set McuFinderConnectedMode to true
2023-12-30 14:40:05,999 [INFO] MultiScanPanel:200 - Auto-refresh data requested => check proxy status ongoing
2023-12-30 14:40:06,003 [INFO] FinderPluginLoader:95 - Searching for filters in installed packs
2023-12-30 14:40:07,890 [INFO] LoadUrlFilesThread:185 - End of LoadServerUrlFiles without Thread
2023-12-30 14:40:07,934 [INFO] DetailPanel:341 - Set advertising image to C:/Users/RShah23/STM32Cube/Repository/\en.prom-stm32wl3-mcu-finder.jpg
