2024-01-10 08:23:57,871 [INFO] Activator:176 - 


2024-01-10 08:23:57,877 [INFO] Activator:177 - !SESSION log4j initialized
2024-01-10 08:24:02,832 [INFO] LogOutputStream:77 - [STDOUT_REDIRECT] 
2024-01-10 08:24:04,011 [INFO] ApplicationProperties:184 - Using Application install path: C:\ST\STM32CubeIDE_1.14.0\STM32CubeIDE\plugins\com.st.stm32cube.common.mx_6.10.0.202311202037
2024-01-10 08:24:04,031 [INFO] DbMcusXml:78 - Set database path to: C:\ST\STM32CubeIDE_1.14.0\STM32CubeIDE\plugins\com.st.stm32cube.common.mx_6.10.0.202311202037\\db\/mcu/
2024-01-10 08:24:04,031 [INFO] ApiDb:274 - Set plugin database path to: C:\ST\STM32CubeIDE_1.14.0\STM32CubeIDE\plugins\com.st.stm32cube.common.mx_6.10.0.202311202037\\db\/plugins/boardmanager/
2024-01-10 08:24:04,032 [WARN] ApiDb:259 - Overriding images path with different value:  => C:\ST\STM32CubeIDE_1.14.0\STM32CubeIDE\plugins\com.st.stm32cube.common.mx_6.10.0.202311202037\\db\/plugins/mcufinder/images/
2024-01-10 08:24:04,040 [INFO] ApiDb:250 - Set database path to: C:\Users\RShah23\.stmcufinder\plugins\mcufinder//mcu/
2024-01-10 08:24:04,041 [INFO] DbMcusAds:125 - Set database path to: C:\Users\RShah23\.stmcufinder\plugins\mcufinder//mcu/
2024-01-10 08:24:04,042 [INFO] CrossReferenceDbSqlite:203 - Set database path to: C:\Users\RShah23\.stmcufinder\plugins\mcufinder//mcu/cs/
2024-01-10 08:24:04,148 [INFO] RulesReader:64 - Compatibility file has been processed (297 Rules)
2024-01-10 08:24:04,279 [INFO] DbMcusXml:78 - Set database path to: C:\ST\STM32CubeIDE_1.14.0\STM32CubeIDE\plugins\com.st.stm32cube.common.mx_6.10.0.202311202037\\db\/mcu/
2024-01-10 08:24:04,279 [INFO] ApiDb:274 - Set plugin database path to: C:\ST\STM32CubeIDE_1.14.0\STM32CubeIDE\plugins\com.st.stm32cube.common.mx_6.10.0.202311202037\\db\/plugins/boardmanager/
2024-01-10 08:24:04,279 [INFO] ApiDb:261 - Set plugin images path to: C:\ST\STM32CubeIDE_1.14.0\STM32CubeIDE\plugins\com.st.stm32cube.common.mx_6.10.0.202311202037\\db\/plugins/mcufinder/images/
2024-01-10 08:24:04,280 [WARN] DbFile:41 - Overriding database path with different value: C:\Users\RShah23\.stmcufinder\plugins\mcufinder/ => C:\Users\RShah23\.stmcufinder\plugins\mcufinder
2024-01-10 08:24:04,280 [INFO] ApiDb:250 - Set database path to: C:\Users\RShah23\.stmcufinder\plugins\mcufinder//mcu/
2024-01-10 08:24:04,280 [WARN] DbFile:41 - Overriding database path with different value: C:\Users\RShah23\.stmcufinder\plugins\mcufinder/ => C:\Users\RShah23\.stmcufinder\plugins\mcufinder
2024-01-10 08:24:04,280 [INFO] DbMcusAds:125 - Set database path to: C:\Users\RShah23\.stmcufinder\plugins\mcufinder//mcu/
2024-01-10 08:24:04,280 [WARN] DbFile:41 - Overriding database path with different value: C:\Users\RShah23\.stmcufinder\plugins\mcufinder/ => C:\Users\RShah23\.stmcufinder\plugins\mcufinder
2024-01-10 08:24:04,280 [WARN] DbFile:41 - Overriding database path with different value: C:\Users\RShah23\.stmcufinder\plugins\mcufinder/ => C:\Users\RShah23\.stmcufinder\plugins\mcufinder
2024-01-10 08:24:04,280 [INFO] CrossReferenceDbSqlite:203 - Set database path to: C:\Users\RShah23\.stmcufinder\plugins\mcufinder//mcu/cs/
2024-01-10 08:24:04,391 [INFO] MainPanel:264 - HeapMemory: 268435456
2024-01-10 08:24:04,475 [INFO] DbMcusXml:78 - Set database path to: C:\ST\STM32CubeIDE_1.14.0\STM32CubeIDE\plugins\com.st.stm32cube.common.mx_6.10.0.202311202037\\db\/mcu/
2024-01-10 08:24:04,475 [INFO] ApiDb:274 - Set plugin database path to: C:\ST\STM32CubeIDE_1.14.0\STM32CubeIDE\plugins\com.st.stm32cube.common.mx_6.10.0.202311202037\\db\/plugins/boardmanager/
2024-01-10 08:24:04,475 [INFO] ApiDb:261 - Set plugin images path to: C:\ST\STM32CubeIDE_1.14.0\STM32CubeIDE\plugins\com.st.stm32cube.common.mx_6.10.0.202311202037\\db\/plugins/mcufinder/images/
2024-01-10 08:24:04,475 [WARN] DbFile:41 - Overriding database path with different value: C:\Users\RShah23\.stmcufinder\plugins\mcufinder/ => C:\Users\RShah23\.stmcufinder\plugins\mcufinder
2024-01-10 08:24:04,475 [INFO] ApiDb:250 - Set database path to: C:\Users\RShah23\.stmcufinder\plugins\mcufinder//mcu/
2024-01-10 08:24:04,475 [WARN] DbFile:41 - Overriding database path with different value: C:\Users\RShah23\.stmcufinder\plugins\mcufinder/ => C:\Users\RShah23\.stmcufinder\plugins\mcufinder
2024-01-10 08:24:04,476 [INFO] DbMcusAds:125 - Set database path to: C:\Users\RShah23\.stmcufinder\plugins\mcufinder//mcu/
2024-01-10 08:24:04,476 [WARN] DbFile:41 - Overriding database path with different value: C:\Users\RShah23\.stmcufinder\plugins\mcufinder/ => C:\Users\RShah23\.stmcufinder\plugins\mcufinder
2024-01-10 08:24:04,476 [WARN] DbFile:41 - Overriding database path with different value: C:\Users\RShah23\.stmcufinder\plugins\mcufinder/ => C:\Users\RShah23\.stmcufinder\plugins\mcufinder
2024-01-10 08:24:04,476 [INFO] CrossReferenceDbSqlite:203 - Set database path to: C:\Users\RShah23\.stmcufinder\plugins\mcufinder//mcu/cs/
2024-01-10 08:24:04,504 [INFO] ApplicationProperties:184 - Using Application install path: C:\ST\STM32CubeIDE_1.14.0\STM32CubeIDE\plugins\com.st.stm32cube.common.mx_6.10.0.202311202037
2024-01-10 08:24:04,505 [INFO] PluginManage:196 - Search for loadable plugins [exclusion list=, ]
2024-01-10 08:24:04,506 [INFO] PluginManage:310 - Check plugin analytics
2024-01-10 08:24:04,635 [INFO] AnalyticsPlugin:253 - Accepted Software Licenses: 
2024-01-10 08:24:04,636 [INFO] AnalyticsPlugin:255 - Accepted CMSIS Pack Licenses: 
2024-01-10 08:24:04,636 [INFO] AnalyticsPlugin:257 - Accepted Firmware Licenses: 
2024-01-10 08:24:04,638 [INFO] PluginManage:359 - Loaded plugin analytics (category:tool,tabindex:-1)
2024-01-10 08:24:04,639 [INFO] PluginManage:310 - Check plugin cadmodel
2024-01-10 08:24:04,652 [INFO] CADModel:105 - Init CAD model plugin
2024-01-10 08:24:04,652 [INFO] PluginManage:359 - Loaded plugin cadmodel (category:power,tabindex:5)
2024-01-10 08:24:04,652 [INFO] PluginManage:310 - Check plugin clock
2024-01-10 08:24:04,669 [INFO] PluginManage:359 - Loaded plugin clock (category:base,tabindex:2)
2024-01-10 08:24:04,669 [INFO] PluginManage:310 - Check plugin ddr
2024-01-10 08:24:04,670 [INFO] PluginManage:359 - Loaded plugin ddr (category:tool,tabindex:6)
2024-01-10 08:24:04,670 [INFO] PluginManage:310 - Check plugin filemanager
2024-01-10 08:24:04,772 [INFO] PluginManage:359 - Loaded plugin filemanager (category:base,tabindex:10)
2024-01-10 08:24:04,772 [INFO] PluginManage:310 - Check plugin ipmanager
2024-01-10 08:24:04,779 [INFO] PluginManage:359 - Loaded plugin ipmanager (category:base,tabindex:5)
2024-01-10 08:24:04,779 [INFO] PluginManage:310 - Check plugin lpbam
2024-01-10 08:24:04,795 [INFO] PluginManage:359 - Loaded plugin lpbam (category:base,tabindex:0)
2024-01-10 08:24:04,795 [INFO] PluginManage:310 - Check plugin memorymap
2024-01-10 08:24:04,816 [INFO] PluginManage:359 - Loaded plugin memorymap (category:base,tabindex:4)
2024-01-10 08:24:04,816 [INFO] PluginManage:310 - Check plugin pinoutandconfiguration
2024-01-10 08:24:04,830 [INFO] PluginManage:359 - Loaded plugin pinoutandconfiguration (category:base,tabindex:1)
2024-01-10 08:24:04,830 [INFO] PluginManage:310 - Check plugin pinoutconfig
2024-01-10 08:24:04,910 [WARN] SupportedApi:132 - Cannot load RTOS API schema: s4s-elt-must-match.1: The content of 'definitions' must match (annotation?, (simpleType | complexType)?, (unique | key | keyref)*)). A problem was found starting at: attribute.
2024-01-10 08:24:05,012 [INFO] PluginManage:359 - Loaded plugin pinoutconfig (category:base,tabindex:0)
2024-01-10 08:24:05,012 [INFO] PluginManage:310 - Check plugin power
2024-01-10 08:24:05,030 [INFO] PluginManage:359 - Loaded plugin power (category:power,tabindex:4)
2024-01-10 08:24:05,030 [INFO] PluginManage:310 - Check plugin projectmanager
2024-01-10 08:24:05,043 [INFO] PluginManage:359 - Loaded plugin projectmanager (category:projectmanager,tabindex:3)
2024-01-10 08:24:05,043 [INFO] PluginManage:310 - Check plugin thirdparty
2024-01-10 08:24:05,266 [INFO] PluginManage:359 - Loaded plugin thirdparty (category:base,tabindex:-1)
2024-01-10 08:24:05,267 [WARN] IntegrityCheckThread:84 - waiting for thirdparty lock release [integrity check]
2024-01-10 08:24:05,267 [INFO] PluginManage:310 - Check plugin tools
2024-01-10 08:24:05,267 [INFO] IntegrityCheckThread:86 - entering critical section [integrity check]
2024-01-10 08:24:05,267 [INFO] ThirdPartyUpdaterWithRetryManager:70 - Updater plugin not ready yet. [1/15]
2024-01-10 08:24:05,295 [INFO] PluginManage:359 - Loaded plugin tools (category:base,tabindex:7)
2024-01-10 08:24:05,295 [INFO] PluginManage:310 - Check plugin tutovideos
2024-01-10 08:24:05,465 [INFO] PluginManage:359 - Loaded plugin tutovideos (category:base,tabindex:-1)
2024-01-10 08:24:05,465 [INFO] PluginManage:310 - Check plugin updater
2024-01-10 08:24:05,476 [INFO] PluginManage:359 - Loaded plugin updater (category:base,tabindex:12)
2024-01-10 08:24:05,477 [INFO] PluginManage:310 - Check plugin userauth
2024-01-10 08:24:05,482 [INFO] UserAuth:114 - Init User Auth plugin
2024-01-10 08:24:05,482 [INFO] PluginManage:359 - Loaded plugin userauth (category:base,tabindex:14)
2024-01-10 08:24:05,482 [INFO] PluginManage:283 - PluginManage : Loaded plugins [17]
2024-01-10 08:24:05,818 [INFO] PinOutPanel:1499 - setPackage(No Configuration,No Configuration)
2024-01-10 08:24:05,967 [INFO] CADModel:165 - CPN selected for project level
2024-01-10 08:24:05,967 [INFO] CADModel:114 - Register for checkConnection events
2024-01-10 08:24:05,991 [INFO] IPUIPlugin:80 - create IPUIPlugin
2024-01-10 08:24:05,991 [INFO] PluginManager:220 - loadIPPluginJar : add adc
2024-01-10 08:24:06,024 [INFO] IPUIPlugin:80 - create IPUIPlugin
2024-01-10 08:24:06,024 [INFO] PluginManager:220 - loadIPPluginJar : add aes
2024-01-10 08:24:06,060 [INFO] IPUIPlugin:80 - create IPUIPlugin
2024-01-10 08:24:06,061 [INFO] PluginManager:220 - loadIPPluginJar : add can
2024-01-10 08:24:06,082 [INFO] IPUIPlugin:80 - create IPUIPlugin
2024-01-10 08:24:06,082 [INFO] PluginManager:220 - loadIPPluginJar : add comp
2024-01-10 08:24:06,111 [INFO] IPUIPlugin:80 - create IPUIPlugin
2024-01-10 08:24:06,111 [INFO] PluginManager:220 - loadIPPluginJar : add cryp
2024-01-10 08:24:06,136 [INFO] IPUIPlugin:80 - create IPUIPlugin
2024-01-10 08:24:06,136 [INFO] PluginManager:220 - loadIPPluginJar : add dfsdm
2024-01-10 08:24:06,148 [INFO] IPUIPlugin:80 - create IPUIPlugin
2024-01-10 08:24:06,149 [INFO] PluginManager:220 - loadIPPluginJar : add dma
2024-01-10 08:24:06,184 [INFO] IPUIPlugin:80 - create IPUIPlugin
2024-01-10 08:24:06,184 [INFO] PluginManager:220 - loadIPPluginJar : add dma3
2024-01-10 08:24:06,201 [INFO] IPUIPlugin:80 - create IPUIPlugin
2024-01-10 08:24:06,201 [INFO] PluginManager:220 - loadIPPluginJar : add fatfs
2024-01-10 08:24:06,239 [INFO] IPUIPlugin:80 - create IPUIPlugin
2024-01-10 08:24:06,239 [INFO] PluginManager:220 - loadIPPluginJar : add fmc
2024-01-10 08:24:06,254 [INFO] IPUIPlugin:80 - create IPUIPlugin
2024-01-10 08:24:06,254 [INFO] PluginManager:220 - loadIPPluginJar : add freertos
2024-01-10 08:24:06,272 [INFO] IPUIPlugin:80 - create IPUIPlugin
2024-01-10 08:24:06,272 [INFO] PluginManager:220 - loadIPPluginJar : add genericplugin
2024-01-10 08:24:06,342 [INFO] IPUIPlugin:80 - create IPUIPlugin
2024-01-10 08:24:06,343 [INFO] PluginManager:220 - loadIPPluginJar : add gfxmmu
2024-01-10 08:24:06,462 [INFO] IPUIPlugin:80 - create IPUIPlugin
2024-01-10 08:24:06,462 [INFO] PluginManager:220 - loadIPPluginJar : add gic
2024-01-10 08:24:06,483 [INFO] IPUIPlugin:80 - create IPUIPlugin
2024-01-10 08:24:06,483 [INFO] PluginManager:220 - loadIPPluginJar : add gpio
2024-01-10 08:24:06,555 [INFO] IPUIPlugin:80 - create IPUIPlugin
2024-01-10 08:24:06,555 [INFO] PluginManager:220 - loadIPPluginJar : add gtzc
2024-01-10 08:24:06,581 [INFO] IPUIPlugin:80 - create IPUIPlugin
2024-01-10 08:24:06,582 [INFO] PluginManager:220 - loadIPPluginJar : add hash
2024-01-10 08:24:06,622 [INFO] IPUIPlugin:80 - create IPUIPlugin
2024-01-10 08:24:06,622 [INFO] PluginManager:220 - loadIPPluginJar : add i2c
2024-01-10 08:24:06,653 [INFO] IPUIPlugin:80 - create IPUIPlugin
2024-01-10 08:24:06,654 [INFO] PluginManager:220 - loadIPPluginJar : add i2s
2024-01-10 08:24:06,686 [INFO] IPUIPlugin:80 - create IPUIPlugin
2024-01-10 08:24:06,686 [INFO] PluginManager:220 - loadIPPluginJar : add i3c
2024-01-10 08:24:06,781 [INFO] IPUIPlugin:80 - create IPUIPlugin
2024-01-10 08:24:06,782 [INFO] PluginManager:220 - loadIPPluginJar : add ipddr
2024-01-10 08:24:06,875 [INFO] IPUIPlugin:80 - create IPUIPlugin
2024-01-10 08:24:06,875 [INFO] PluginManager:220 - loadIPPluginJar : add linkedlist
2024-01-10 08:24:06,908 [INFO] IPUIPlugin:80 - create IPUIPlugin
2024-01-10 08:24:06,908 [INFO] PluginManager:220 - loadIPPluginJar : add lorawan
2024-01-10 08:24:06,937 [INFO] IPUIPlugin:80 - create IPUIPlugin
2024-01-10 08:24:06,937 [INFO] PluginManager:220 - loadIPPluginJar : add ltdc
2024-01-10 08:24:06,949 [INFO] IPUIPlugin:80 - create IPUIPlugin
2024-01-10 08:24:06,949 [INFO] PluginManager:220 - loadIPPluginJar : add mdma
2024-01-10 08:24:06,959 [INFO] IPUIPlugin:80 - create IPUIPlugin
2024-01-10 08:24:06,960 [INFO] PluginManager:220 - loadIPPluginJar : add nvic
2024-01-10 08:24:06,988 [INFO] IPUIPlugin:80 - create IPUIPlugin
2024-01-10 08:24:06,988 [INFO] PluginManager:220 - loadIPPluginJar : add opamp
2024-01-10 08:24:07,034 [INFO] IPUIPlugin:80 - create IPUIPlugin
2024-01-10 08:24:07,034 [INFO] PluginManager:220 - loadIPPluginJar : add openamp
2024-01-10 08:24:07,068 [INFO] IPUIPlugin:80 - create IPUIPlugin
2024-01-10 08:24:07,068 [INFO] PluginManager:220 - loadIPPluginJar : add pdm2pcm
2024-01-10 08:24:07,079 [INFO] IPUIPlugin:80 - create IPUIPlugin
2024-01-10 08:24:07,081 [INFO] PluginManager:220 - loadIPPluginJar : add plateformsettings
2024-01-10 08:24:07,103 [INFO] IPUIPlugin:80 - create IPUIPlugin
2024-01-10 08:24:07,103 [INFO] PluginManager:220 - loadIPPluginJar : add quadspi
2024-01-10 08:24:07,116 [INFO] IPUIPlugin:80 - create IPUIPlugin
2024-01-10 08:24:07,116 [INFO] PluginManager:220 - loadIPPluginJar : add resmgrutility
2024-01-10 08:24:07,165 [INFO] IPUIPlugin:80 - create IPUIPlugin
2024-01-10 08:24:07,166 [INFO] PluginManager:220 - loadIPPluginJar : add sai
2024-01-10 08:24:07,199 [INFO] IPUIPlugin:80 - create IPUIPlugin
2024-01-10 08:24:07,200 [INFO] PluginManager:220 - loadIPPluginJar : add spi
2024-01-10 08:24:07,271 [INFO] IPUIPlugin:80 - create IPUIPlugin
2024-01-10 08:24:07,271 [INFO] PluginManager:220 - loadIPPluginJar : add stm32_wpan
2024-01-10 08:24:07,292 [INFO] IPUIPlugin:80 - create IPUIPlugin
2024-01-10 08:24:07,292 [INFO] PluginManager:220 - loadIPPluginJar : add tim
2024-01-10 08:24:07,345 [INFO] IPUIPlugin:80 - create IPUIPlugin
2024-01-10 08:24:07,345 [INFO] PluginManager:220 - loadIPPluginJar : add touchsensing
2024-01-10 08:24:07,371 [INFO] IPUIPlugin:80 - create IPUIPlugin
2024-01-10 08:24:07,371 [INFO] PluginManager:220 - loadIPPluginJar : add tracer_emb
2024-01-10 08:24:07,392 [INFO] IPUIPlugin:80 - create IPUIPlugin
2024-01-10 08:24:07,392 [INFO] PluginManager:220 - loadIPPluginJar : add ts
2024-01-10 08:24:07,411 [INFO] IPUIPlugin:80 - create IPUIPlugin
2024-01-10 08:24:07,411 [INFO] PluginManager:220 - loadIPPluginJar : add tsc
2024-01-10 08:24:07,430 [INFO] IPUIPlugin:80 - create IPUIPlugin
2024-01-10 08:24:07,430 [INFO] PluginManager:220 - loadIPPluginJar : add ucpd
2024-01-10 08:24:07,475 [INFO] IPUIPlugin:80 - create IPUIPlugin
2024-01-10 08:24:07,475 [INFO] PluginManager:220 - loadIPPluginJar : add usart
2024-01-10 08:24:07,513 [INFO] IPUIPlugin:80 - create IPUIPlugin
2024-01-10 08:24:07,513 [INFO] PluginManager:220 - loadIPPluginJar : add usbx
2024-01-10 08:24:07,675 [INFO] CADModel:165 - CPN selected for project level
2024-01-10 08:24:07,675 [INFO] CADModel:114 - Register for checkConnection events
2024-01-10 08:24:07,676 [FATAL] Updater:308 - Updater called before beeing initialized
2024-01-10 08:24:07,676 [ERROR] CADModel:125 - Updater not yet initialized, retry later 
2024-01-10 08:24:07,811 [INFO] CADModel:165 - CPN selected for project level
2024-01-10 08:24:07,811 [INFO] CADModel:114 - Register for checkConnection events
2024-01-10 08:24:07,811 [FATAL] Updater:308 - Updater called before beeing initialized
2024-01-10 08:24:07,811 [ERROR] CADModel:125 - Updater not yet initialized, retry later 
2024-01-10 08:24:07,814 [FATAL] Updater:308 - Updater called before beeing initialized
2024-01-10 08:24:07,953 [FATAL] Updater:308 - Updater called before beeing initialized
2024-01-10 08:24:07,960 [INFO] DbMcusAds:53 - JSON generation date=Wed Nov 29 04:52:27 CST 2023 (1701255147349)
2024-01-10 08:24:07,960 [FATAL] Updater:308 - Updater called before beeing initialized
2024-01-10 08:24:08,030 [WARN] DetailPanel:346 - Failed to get advertising image, set to default
2024-01-10 08:24:08,140 [FATAL] Updater:308 - Updater called before beeing initialized
2024-01-10 08:24:08,142 [FATAL] Updater:308 - Updater called before beeing initialized
2024-01-10 08:24:08,142 [FATAL] Updater:308 - Updater called before beeing initialized
2024-01-10 08:24:08,142 [WARN] DetailPanel:346 - Failed to get advertising image, set to default
2024-01-10 08:24:08,142 [FATAL] Updater:308 - Updater called before beeing initialized
2024-01-10 08:24:08,203 [ERROR] Updater:1120 - MainUpdater not yet initialized. External WinMGr cannot be set.
2024-01-10 08:24:08,211 [INFO] Updater:1056 - Updater Version found : 6.10.0
2024-01-10 08:24:08,226 [INFO] ApplicationProperties:184 - Using Application install path: C:\ST\STM32CubeIDE_1.14.0\STM32CubeIDE\plugins\com.st.stm32cube.common.mx_6.10.0.202311202037
2024-01-10 08:24:08,269 [INFO] ThirdPartyUpdaterWithRetryManager:70 - Updater plugin not ready yet. [2/15]
2024-01-10 08:24:08,661 [INFO] MainUpdater:2873 - connection check result : 10
2024-01-10 08:24:08,662 [INFO] MainUpdater:290 - Updater Check For Update Now.
2024-01-10 08:24:08,662 [INFO] MicroXplorer:498 - Change Database Version : DB.6.0.100
2024-01-10 08:24:08,685 [INFO] McuFinderGlobals:63 - Set McuFinder mode to 2 (CubeIDE integrated)
2024-01-10 08:24:08,685 [INFO] UserAuth:180 - activating auth plugin
2024-01-10 08:24:08,688 [INFO] UserAuth:404 - Internet connection configuration mode: 1
2024-01-10 08:24:08,714 [INFO] JxBrowserEngine:152 - Initiate JxBrowser Engine with user profile folder
2024-01-10 08:24:08,854 [INFO] CheckServerUpdateThread:120 - End of CheckServer Thread
2024-01-10 08:24:11,342 [INFO] WebApp:161 - Instantiating new browser for Auth
2024-01-10 08:24:11,516 [WARN] PackLoader:240 - Cannot read IP mode file for STMicroelectronics.X-CUBE-SMBUS.2.1.0
2024-01-10 08:24:11,530 [WARN] PackLoader:240 - Cannot read IP mode file for STMicroelectronics.X-CUBE-TOUCHGFX.4.23.0
2024-01-10 08:24:11,565 [WARN] PackLoader:240 - Cannot read IP mode file for STMicroelectronics.X-CUBE-AZRTOS-F7.1.1.0
2024-01-10 08:24:11,583 [WARN] PackLoader:240 - Cannot read IP mode file for STMicroelectronics.FP-SNS-MOTENV1.4.3.2
2024-01-10 08:24:11,598 [WARN] PackLoader:240 - Cannot read IP mode file for STMicroelectronics.FP-SNS-FLIGHT1.5.0.2
2024-01-10 08:24:11,614 [WARN] PackLoader:240 - Cannot read IP mode file for STMicroelectronics.X-CUBE-DISPLAY.3.0.0
2024-01-10 08:24:11,632 [WARN] PackLoader:240 - Cannot read IP mode file for STMicroelectronics.X-CUBE-BLE1.7.0.0
2024-01-10 08:24:11,646 [WARN] PackLoader:240 - Cannot read IP mode file for emotas.I-CUBE-CANOPEN.1.3.0
2024-01-10 08:24:11,658 [WARN] PackLoader:240 - Cannot read IP mode file for STMicroelectronics.FP-SNS-SMARTAG2.1.2.0
2024-01-10 08:24:11,682 [INFO] LogOutputStream:77 - [STDOUT_REDIRECT] 1 : Invalid condition id : UX_CORESTACK_Condition cause : null
2024-01-10 08:24:11,682 [INFO] LogOutputStream:77 - [STDOUT_REDIRECT] 1 : Invalid condition id : UX_CORESTACK_Condition cause : null
2024-01-10 08:24:11,684 [INFO] LogOutputStream:77 - [STDOUT_REDIRECT] 1 : Invalid condition id : UX_CORESTACK_Condition cause : null
2024-01-10 08:24:11,685 [INFO] LogOutputStream:77 - [STDOUT_REDIRECT] 1 : Invalid condition id : UX_CORESTACK_Condition cause : null
2024-01-10 08:24:11,686 [INFO] LogOutputStream:77 - [STDOUT_REDIRECT] 1 : Invalid condition id : UX_CORESTACK_Condition cause : null
2024-01-10 08:24:11,692 [WARN] PackLoader:240 - Cannot read IP mode file for STMicroelectronics.X-CUBE-AZRTOS-WL.2.0.0
2024-01-10 08:24:11,709 [WARN] PackLoader:240 - Cannot read IP mode file for WES.I-CUBE-Cesium.1.3.0
2024-01-10 08:24:11,724 [WARN] PackLoader:240 - Cannot read IP mode file for STMicroelectronics.X-CUBE-BLE2.3.3.0
2024-01-10 08:24:11,743 [WARN] PackLoader:240 - Cannot read IP mode file for STMicroelectronics.X-CUBE-ALGOBUILD.1.3.0
2024-01-10 08:24:11,784 [WARN] PackLoader:240 - Cannot read IP mode file for STMicroelectronics.X-CUBE-AZRTOS-G0.1.1.0
2024-01-10 08:24:11,801 [WARN] PackLoader:240 - Cannot read IP mode file for STMicroelectronics.X-CUBE-NFC4.3.0.0
2024-01-10 08:24:11,821 [WARN] PackLoader:240 - Cannot read IP mode file for STMicroelectronics.X-CUBE-BLEMGR.3.0.0
2024-01-10 08:24:11,836 [WARN] PackLoader:240 - Cannot read IP mode file for STMicroelectronics.FP-ATR-SIGFOX1.3.2.0
2024-01-10 08:24:11,871 [WARN] PackLoader:240 - Cannot read IP mode file for SEGGER.I-CUBE-embOS.1.3.1
2024-01-10 08:24:11,898 [INFO] WebApp:780 - Register for checkConnection events
2024-01-10 08:24:11,898 [INFO] WebApp:414 - Apply proxy settings
2024-01-10 08:24:11,898 [INFO] WebApp:499 - Chromium requires no authentication
2024-01-10 08:24:11,906 [INFO] WebApp:442 - Direct internet connection detected
2024-01-10 08:24:11,912 [WARN] PackLoader:240 - Cannot read IP mode file for STMicroelectronics.X-CUBE-GNSS1.6.0.0
2024-01-10 08:24:11,937 [WARN] PackLoader:240 - Cannot read IP mode file for STMicroelectronics.X-CUBE-AZRTOS-F4.1.1.0
2024-01-10 08:24:11,952 [WARN] PackLoader:240 - Cannot read IP mode file for wolfSSL.I-CUBE-wolfSSL.5.6.6
2024-01-10 08:24:11,978 [WARN] PackLoader:240 - Cannot read IP mode file for STMicroelectronics.X-CUBE-AZRTOS-L5.2.0.0
2024-01-10 08:24:11,991 [WARN] PackLoader:240 - Cannot read IP mode file for STMicroelectronics.X-CUBE-EEPRMA1.4.2.0
2024-01-10 08:24:12,002 [WARN] PackLoader:240 - Cannot read IP mode file for ITTIA_DB.I-CUBE-ITTIADB.8.8.0
2024-01-10 08:24:12,012 [WARN] PackLoader:240 - Cannot read IP mode file for STMicroelectronics.X-CUBE-NFC7.1.0.1
2024-01-10 08:24:12,025 [WARN] PackLoader:240 - Cannot read IP mode file for STMicroelectronics.X-CUBE-NFC6.3.0.0
2024-01-10 08:24:12,037 [WARN] PackLoader:240 - Cannot read IP mode file for STMicroelectronics.X-CUBE-AI.8.1.0
2024-01-10 08:24:12,062 [INFO] WebApp:192 - Starting web application
2024-01-10 08:24:12,062 [INFO] WebApp:544 - Web application path used C:\ST\STM32CubeIDE_1.14.0\STM32CubeIDE\plugins\com.st.stm32cube.common.mx_6.10.0.202311202037\db\plugins\mcufinder\reactClient1\index.html
2024-01-10 08:24:12,064 [WARN] ConditionMgr:438 - getConditionDescription Invalid condition id : LAN8742 Phy interface Condition cause : null
2024-01-10 08:24:12,065 [WARN] PackLoader:240 - Cannot read IP mode file for STMicroelectronics.X-CUBE-AZRTOS-L4.2.0.0
2024-01-10 08:24:12,067 [WARN] ConditionMgr:1039 - genDependencies : Invalid condition id : LAN8742 Phy interface Condition cause : null
2024-01-10 08:24:12,067 [WARN] ConditionMgr:1039 - genDependencies : Invalid condition id : LAN8742 Phy interface Condition cause : null
2024-01-10 08:24:12,068 [WARN] ConditionMgr:1039 - genDependencies : Invalid condition id : LAN8742 Phy interface Condition cause : null
2024-01-10 08:24:12,086 [WARN] PackLoader:240 - Cannot read IP mode file for STMicroelectronics.X-CUBE-SFXS2LP1.4.0.0
2024-01-10 08:24:12,114 [WARN] ConditionMgr:438 - getConditionDescription Invalid condition id : UX DEVICE CLASS RTOS Condition cause : null
2024-01-10 08:24:12,115 [WARN] ConditionMgr:438 - getConditionDescription Invalid condition id : UX DEVICE CLASS RTOS Condition cause : null
2024-01-10 08:24:12,124 [WARN] PackLoader:240 - Cannot read IP mode file for STMicroelectronics.X-CUBE-AZRTOS-WB.2.0.0
2024-01-10 08:24:12,125 [WARN] ConditionMgr:1039 - genDependencies : Invalid condition id : UX DEVICE CLASS RTOS Condition cause : null
2024-01-10 08:24:12,125 [WARN] ConditionMgr:1039 - genDependencies : Invalid condition id : UX DEVICE CLASS RTOS Condition cause : null
2024-01-10 08:24:12,125 [WARN] ConditionMgr:1039 - genDependencies : Invalid condition id : UX DEVICE CLASS RTOS Condition cause : null
2024-01-10 08:24:12,126 [WARN] ConditionMgr:1039 - genDependencies : Invalid condition id : UX DEVICE CLASS RTOS Condition cause : null
2024-01-10 08:24:12,126 [WARN] ConditionMgr:1039 - genDependencies : Invalid condition id : UX DEVICE CLASS RTOS Condition cause : null
2024-01-10 08:24:12,149 [WARN] PackLoader:240 - Cannot read IP mode file for STMicroelectronics.X-CUBE-SUBG2.5.0.0
2024-01-10 08:24:12,173 [WARN] PackLoader:240 - Cannot read IP mode file for STMicroelectronics.X-CUBE-AZRTOS-G4.2.0.0
2024-01-10 08:24:12,192 [WARN] PackLoader:240 - Cannot read IP mode file for Infineon.AIROC-Wi-Fi-Bluetooth-STM32.1.5.1
2024-01-10 08:24:12,205 [WARN] PackLoader:240 - Cannot read IP mode file for STMicroelectronics.FP-SNS-MOTENVWB1.1.3.1
2024-01-10 08:24:12,217 [WARN] PackLoader:240 - Cannot read IP mode file for STMicroelectronics.X-CUBE-ISPU.2.0.0
2024-01-10 08:24:12,270 [WARN] PackLoader:240 - Cannot read IP mode file for STMicroelectronics.X-CUBE-MEMS1.10.0.0
2024-01-10 08:24:12,403 [WARN] PackLoader:240 - Cannot read IP mode file for STMicroelectronics.X-CUBE-FREERTOS.1.1.0
2024-01-10 08:24:12,419 [WARN] PackLoader:240 - Cannot read IP mode file for portGmbH.I-Cube-SoM-uGOAL.1.1.0
2024-01-10 08:24:12,433 [WARN] PackLoader:240 - Cannot read IP mode file for STMicroelectronics.X-CUBE-ALS.1.0.1
2024-01-10 08:24:12,447 [WARN] PackLoader:240 - Cannot read IP mode file for STMicroelectronics.FP-ATR-ASTRA1.2.0.0
2024-01-10 08:24:12,463 [WARN] PackLoader:240 - Cannot read IP mode file for STMicroelectronics.X-CUBE-TOF1.3.4.0
2024-01-10 08:24:12,493 [WARN] PackLoader:240 - Cannot read IP mode file for STMicroelectronics.X-CUBE-AZRTOS-H7.3.2.0
2024-01-10 08:24:12,495 [INFO] ThirdParty:978 - Integrity check success = true
2024-01-10 08:24:12,495 [INFO] IntegrityCheckThread:100 - exiting critical section [integrity check]
2024-01-10 08:24:12,496 [INFO] IntegrityCheckThread:103 - End integrity checks thread
2024-01-10 08:24:32,750 [ERROR] LogOutputStream:75 - [STDERR_REDIRECT] SLF4J: Failed to load class "org.slf4j.impl.StaticLoggerBinder".
2024-01-10 08:24:32,750 [ERROR] LogOutputStream:75 - [STDERR_REDIRECT] SLF4J: Defaulting to no-operation (NOP) logger implementation
2024-01-10 08:24:32,751 [ERROR] LogOutputStream:75 - [STDERR_REDIRECT] SLF4J: See http://www.slf4j.org/codes.html#StaticLoggerBinder for further details.
