2024-01-23 16:25:19,342 [INFO] Activator:176 - 


2024-01-23 16:25:19,349 [INFO] Activator:177 - !SESSION log4j initialized
2024-01-23 16:25:25,775 [INFO] LogOutputStream:77 - [STDOUT_REDIRECT] 
2024-01-23 16:25:26,942 [INFO] ApplicationProperties:184 - Using Application install path: C:\ST\STM32CubeIDE_1.14.0\STM32CubeIDE\plugins\com.st.stm32cube.common.mx_6.10.0.202311202037
2024-01-23 16:25:26,960 [INFO] DbMcusXml:78 - Set database path to: C:\ST\STM32CubeIDE_1.14.0\STM32CubeIDE\plugins\com.st.stm32cube.common.mx_6.10.0.202311202037\\db\/mcu/
2024-01-23 16:25:26,961 [INFO] ApiDb:274 - Set plugin database path to: C:\ST\STM32CubeIDE_1.14.0\STM32CubeIDE\plugins\com.st.stm32cube.common.mx_6.10.0.202311202037\\db\/plugins/boardmanager/
2024-01-23 16:25:26,961 [WARN] ApiDb:259 - Overriding images path with different value:  => C:\ST\STM32CubeIDE_1.14.0\STM32CubeIDE\plugins\com.st.stm32cube.common.mx_6.10.0.202311202037\\db\/plugins/mcufinder/images/
2024-01-23 16:25:26,967 [INFO] ApiDb:250 - Set database path to: C:\Users\RShah23\.stmcufinder\plugins\mcufinder//mcu/
2024-01-23 16:25:26,968 [INFO] DbMcusAds:125 - Set database path to: C:\Users\RShah23\.stmcufinder\plugins\mcufinder//mcu/
2024-01-23 16:25:26,971 [INFO] CrossReferenceDbSqlite:203 - Set database path to: C:\Users\RShah23\.stmcufinder\plugins\mcufinder//mcu/cs/
2024-01-23 16:25:27,098 [INFO] RulesReader:64 - Compatibility file has been processed (297 Rules)
2024-01-23 16:25:27,247 [INFO] DbMcusXml:78 - Set database path to: C:\ST\STM32CubeIDE_1.14.0\STM32CubeIDE\plugins\com.st.stm32cube.common.mx_6.10.0.202311202037\\db\/mcu/
2024-01-23 16:25:27,248 [INFO] ApiDb:274 - Set plugin database path to: C:\ST\STM32CubeIDE_1.14.0\STM32CubeIDE\plugins\com.st.stm32cube.common.mx_6.10.0.202311202037\\db\/plugins/boardmanager/
2024-01-23 16:25:27,248 [INFO] ApiDb:261 - Set plugin images path to: C:\ST\STM32CubeIDE_1.14.0\STM32CubeIDE\plugins\com.st.stm32cube.common.mx_6.10.0.202311202037\\db\/plugins/mcufinder/images/
2024-01-23 16:25:27,248 [WARN] DbFile:41 - Overriding database path with different value: C:\Users\RShah23\.stmcufinder\plugins\mcufinder/ => C:\Users\RShah23\.stmcufinder\plugins\mcufinder
2024-01-23 16:25:27,248 [INFO] ApiDb:250 - Set database path to: C:\Users\RShah23\.stmcufinder\plugins\mcufinder//mcu/
2024-01-23 16:25:27,248 [WARN] DbFile:41 - Overriding database path with different value: C:\Users\RShah23\.stmcufinder\plugins\mcufinder/ => C:\Users\RShah23\.stmcufinder\plugins\mcufinder
2024-01-23 16:25:27,248 [INFO] DbMcusAds:125 - Set database path to: C:\Users\RShah23\.stmcufinder\plugins\mcufinder//mcu/
2024-01-23 16:25:27,248 [WARN] DbFile:41 - Overriding database path with different value: C:\Users\RShah23\.stmcufinder\plugins\mcufinder/ => C:\Users\RShah23\.stmcufinder\plugins\mcufinder
2024-01-23 16:25:27,248 [WARN] DbFile:41 - Overriding database path with different value: C:\Users\RShah23\.stmcufinder\plugins\mcufinder/ => C:\Users\RShah23\.stmcufinder\plugins\mcufinder
2024-01-23 16:25:27,249 [INFO] CrossReferenceDbSqlite:203 - Set database path to: C:\Users\RShah23\.stmcufinder\plugins\mcufinder//mcu/cs/
2024-01-23 16:25:27,363 [INFO] MainPanel:264 - HeapMemory: 268435456
2024-01-23 16:25:27,443 [INFO] DbMcusXml:78 - Set database path to: C:\ST\STM32CubeIDE_1.14.0\STM32CubeIDE\plugins\com.st.stm32cube.common.mx_6.10.0.202311202037\\db\/mcu/
2024-01-23 16:25:27,443 [INFO] ApiDb:274 - Set plugin database path to: C:\ST\STM32CubeIDE_1.14.0\STM32CubeIDE\plugins\com.st.stm32cube.common.mx_6.10.0.202311202037\\db\/plugins/boardmanager/
2024-01-23 16:25:27,443 [INFO] ApiDb:261 - Set plugin images path to: C:\ST\STM32CubeIDE_1.14.0\STM32CubeIDE\plugins\com.st.stm32cube.common.mx_6.10.0.202311202037\\db\/plugins/mcufinder/images/
2024-01-23 16:25:27,444 [WARN] DbFile:41 - Overriding database path with different value: C:\Users\RShah23\.stmcufinder\plugins\mcufinder/ => C:\Users\RShah23\.stmcufinder\plugins\mcufinder
2024-01-23 16:25:27,444 [INFO] ApiDb:250 - Set database path to: C:\Users\RShah23\.stmcufinder\plugins\mcufinder//mcu/
2024-01-23 16:25:27,444 [WARN] DbFile:41 - Overriding database path with different value: C:\Users\RShah23\.stmcufinder\plugins\mcufinder/ => C:\Users\RShah23\.stmcufinder\plugins\mcufinder
2024-01-23 16:25:27,444 [INFO] DbMcusAds:125 - Set database path to: C:\Users\RShah23\.stmcufinder\plugins\mcufinder//mcu/
2024-01-23 16:25:27,444 [WARN] DbFile:41 - Overriding database path with different value: C:\Users\RShah23\.stmcufinder\plugins\mcufinder/ => C:\Users\RShah23\.stmcufinder\plugins\mcufinder
2024-01-23 16:25:27,444 [WARN] DbFile:41 - Overriding database path with different value: C:\Users\RShah23\.stmcufinder\plugins\mcufinder/ => C:\Users\RShah23\.stmcufinder\plugins\mcufinder
2024-01-23 16:25:27,444 [INFO] CrossReferenceDbSqlite:203 - Set database path to: C:\Users\RShah23\.stmcufinder\plugins\mcufinder//mcu/cs/
2024-01-23 16:25:27,465 [INFO] ApplicationProperties:184 - Using Application install path: C:\ST\STM32CubeIDE_1.14.0\STM32CubeIDE\plugins\com.st.stm32cube.common.mx_6.10.0.202311202037
2024-01-23 16:25:27,466 [INFO] PluginManage:196 - Search for loadable plugins [exclusion list=, ]
2024-01-23 16:25:27,467 [INFO] PluginManage:310 - Check plugin analytics
2024-01-23 16:25:27,608 [INFO] AnalyticsPlugin:253 - Accepted Software Licenses: 
2024-01-23 16:25:27,608 [INFO] AnalyticsPlugin:255 - Accepted CMSIS Pack Licenses: 
2024-01-23 16:25:27,608 [INFO] AnalyticsPlugin:257 - Accepted Firmware Licenses: 
2024-01-23 16:25:27,610 [INFO] PluginManage:359 - Loaded plugin analytics (category:tool,tabindex:-1)
2024-01-23 16:25:27,610 [INFO] PluginManage:310 - Check plugin cadmodel
2024-01-23 16:25:27,625 [INFO] CADModel:105 - Init CAD model plugin
2024-01-23 16:25:27,626 [INFO] PluginManage:359 - Loaded plugin cadmodel (category:power,tabindex:5)
2024-01-23 16:25:27,626 [INFO] PluginManage:310 - Check plugin clock
2024-01-23 16:25:27,642 [INFO] PluginManage:359 - Loaded plugin clock (category:base,tabindex:2)
2024-01-23 16:25:27,642 [INFO] PluginManage:310 - Check plugin ddr
2024-01-23 16:25:27,644 [INFO] PluginManage:359 - Loaded plugin ddr (category:tool,tabindex:6)
2024-01-23 16:25:27,644 [INFO] PluginManage:310 - Check plugin filemanager
2024-01-23 16:25:27,759 [INFO] PluginManage:359 - Loaded plugin filemanager (category:base,tabindex:10)
2024-01-23 16:25:27,759 [INFO] PluginManage:310 - Check plugin ipmanager
2024-01-23 16:25:27,771 [INFO] PluginManage:359 - Loaded plugin ipmanager (category:base,tabindex:5)
2024-01-23 16:25:27,771 [INFO] PluginManage:310 - Check plugin lpbam
2024-01-23 16:25:27,787 [INFO] PluginManage:359 - Loaded plugin lpbam (category:base,tabindex:0)
2024-01-23 16:25:27,787 [INFO] PluginManage:310 - Check plugin memorymap
2024-01-23 16:25:27,808 [INFO] PluginManage:359 - Loaded plugin memorymap (category:base,tabindex:4)
2024-01-23 16:25:27,808 [INFO] PluginManage:310 - Check plugin pinoutandconfiguration
2024-01-23 16:25:27,822 [INFO] PluginManage:359 - Loaded plugin pinoutandconfiguration (category:base,tabindex:1)
2024-01-23 16:25:27,823 [INFO] PluginManage:310 - Check plugin pinoutconfig
2024-01-23 16:25:27,916 [WARN] SupportedApi:132 - Cannot load RTOS API schema: s4s-elt-must-match.1: The content of 'definitions' must match (annotation?, (simpleType | complexType)?, (unique | key | keyref)*)). A problem was found starting at: attribute.
2024-01-23 16:25:28,032 [INFO] PluginManage:359 - Loaded plugin pinoutconfig (category:base,tabindex:0)
2024-01-23 16:25:28,032 [INFO] PluginManage:310 - Check plugin power
2024-01-23 16:25:28,050 [INFO] PluginManage:359 - Loaded plugin power (category:power,tabindex:4)
2024-01-23 16:25:28,051 [INFO] PluginManage:310 - Check plugin projectmanager
2024-01-23 16:25:28,065 [INFO] PluginManage:359 - Loaded plugin projectmanager (category:projectmanager,tabindex:3)
2024-01-23 16:25:28,065 [INFO] PluginManage:310 - Check plugin thirdparty
2024-01-23 16:25:28,301 [INFO] PluginManage:359 - Loaded plugin thirdparty (category:base,tabindex:-1)
2024-01-23 16:25:28,301 [WARN] IntegrityCheckThread:84 - waiting for thirdparty lock release [integrity check]
2024-01-23 16:25:28,301 [INFO] PluginManage:310 - Check plugin tools
2024-01-23 16:25:28,301 [INFO] IntegrityCheckThread:86 - entering critical section [integrity check]
2024-01-23 16:25:28,301 [INFO] ThirdPartyUpdaterWithRetryManager:70 - Updater plugin not ready yet. [1/15]
2024-01-23 16:25:28,330 [INFO] PluginManage:359 - Loaded plugin tools (category:base,tabindex:7)
2024-01-23 16:25:28,330 [INFO] PluginManage:310 - Check plugin tutovideos
2024-01-23 16:25:28,496 [INFO] PluginManage:359 - Loaded plugin tutovideos (category:base,tabindex:-1)
2024-01-23 16:25:28,497 [INFO] PluginManage:310 - Check plugin updater
2024-01-23 16:25:28,510 [INFO] PluginManage:359 - Loaded plugin updater (category:base,tabindex:12)
2024-01-23 16:25:28,511 [INFO] PluginManage:310 - Check plugin userauth
2024-01-23 16:25:28,516 [INFO] UserAuth:114 - Init User Auth plugin
2024-01-23 16:25:28,516 [INFO] PluginManage:359 - Loaded plugin userauth (category:base,tabindex:14)
2024-01-23 16:25:28,517 [INFO] PluginManage:283 - PluginManage : Loaded plugins [17]
2024-01-23 16:25:28,856 [INFO] PinOutPanel:1499 - setPackage(No Configuration,No Configuration)
2024-01-23 16:25:29,009 [INFO] CADModel:165 - CPN selected for project level
2024-01-23 16:25:29,009 [INFO] CADModel:114 - Register for checkConnection events
2024-01-23 16:25:29,032 [INFO] IPUIPlugin:80 - create IPUIPlugin
2024-01-23 16:25:29,032 [INFO] PluginManager:220 - loadIPPluginJar : add adc
2024-01-23 16:25:29,064 [INFO] IPUIPlugin:80 - create IPUIPlugin
2024-01-23 16:25:29,064 [INFO] PluginManager:220 - loadIPPluginJar : add aes
2024-01-23 16:25:29,101 [INFO] IPUIPlugin:80 - create IPUIPlugin
2024-01-23 16:25:29,102 [INFO] PluginManager:220 - loadIPPluginJar : add can
2024-01-23 16:25:29,123 [INFO] IPUIPlugin:80 - create IPUIPlugin
2024-01-23 16:25:29,123 [INFO] PluginManager:220 - loadIPPluginJar : add comp
2024-01-23 16:25:29,154 [INFO] IPUIPlugin:80 - create IPUIPlugin
2024-01-23 16:25:29,154 [INFO] PluginManager:220 - loadIPPluginJar : add cryp
2024-01-23 16:25:29,178 [INFO] IPUIPlugin:80 - create IPUIPlugin
2024-01-23 16:25:29,178 [INFO] PluginManager:220 - loadIPPluginJar : add dfsdm
2024-01-23 16:25:29,190 [INFO] IPUIPlugin:80 - create IPUIPlugin
2024-01-23 16:25:29,191 [INFO] PluginManager:220 - loadIPPluginJar : add dma
2024-01-23 16:25:29,229 [INFO] IPUIPlugin:80 - create IPUIPlugin
2024-01-23 16:25:29,229 [INFO] PluginManager:220 - loadIPPluginJar : add dma3
2024-01-23 16:25:29,250 [INFO] IPUIPlugin:80 - create IPUIPlugin
2024-01-23 16:25:29,250 [INFO] PluginManager:220 - loadIPPluginJar : add fatfs
2024-01-23 16:25:29,295 [INFO] IPUIPlugin:80 - create IPUIPlugin
2024-01-23 16:25:29,296 [INFO] PluginManager:220 - loadIPPluginJar : add fmc
2024-01-23 16:25:29,309 [INFO] IPUIPlugin:80 - create IPUIPlugin
2024-01-23 16:25:29,309 [INFO] PluginManager:220 - loadIPPluginJar : add freertos
2024-01-23 16:25:29,337 [INFO] IPUIPlugin:80 - create IPUIPlugin
2024-01-23 16:25:29,337 [INFO] PluginManager:220 - loadIPPluginJar : add genericplugin
2024-01-23 16:25:29,469 [INFO] IPUIPlugin:80 - create IPUIPlugin
2024-01-23 16:25:29,469 [INFO] PluginManager:220 - loadIPPluginJar : add gfxmmu
2024-01-23 16:25:29,637 [INFO] IPUIPlugin:80 - create IPUIPlugin
2024-01-23 16:25:29,637 [INFO] PluginManager:220 - loadIPPluginJar : add gic
2024-01-23 16:25:29,649 [INFO] IPUIPlugin:80 - create IPUIPlugin
2024-01-23 16:25:29,649 [INFO] PluginManager:220 - loadIPPluginJar : add gpio
2024-01-23 16:25:29,736 [INFO] IPUIPlugin:80 - create IPUIPlugin
2024-01-23 16:25:29,736 [INFO] PluginManager:220 - loadIPPluginJar : add gtzc
2024-01-23 16:25:29,770 [INFO] IPUIPlugin:80 - create IPUIPlugin
2024-01-23 16:25:29,770 [INFO] PluginManager:220 - loadIPPluginJar : add hash
2024-01-23 16:25:29,825 [INFO] IPUIPlugin:80 - create IPUIPlugin
2024-01-23 16:25:29,825 [INFO] PluginManager:220 - loadIPPluginJar : add i2c
2024-01-23 16:25:29,860 [INFO] IPUIPlugin:80 - create IPUIPlugin
2024-01-23 16:25:29,860 [INFO] PluginManager:220 - loadIPPluginJar : add i2s
2024-01-23 16:25:29,898 [INFO] IPUIPlugin:80 - create IPUIPlugin
2024-01-23 16:25:29,898 [INFO] PluginManager:220 - loadIPPluginJar : add i3c
2024-01-23 16:25:29,999 [INFO] IPUIPlugin:80 - create IPUIPlugin
2024-01-23 16:25:29,999 [INFO] PluginManager:220 - loadIPPluginJar : add ipddr
2024-01-23 16:25:30,080 [INFO] IPUIPlugin:80 - create IPUIPlugin
2024-01-23 16:25:30,080 [INFO] PluginManager:220 - loadIPPluginJar : add linkedlist
2024-01-23 16:25:30,110 [INFO] IPUIPlugin:80 - create IPUIPlugin
2024-01-23 16:25:30,110 [INFO] PluginManager:220 - loadIPPluginJar : add lorawan
2024-01-23 16:25:30,144 [INFO] IPUIPlugin:80 - create IPUIPlugin
2024-01-23 16:25:30,145 [INFO] PluginManager:220 - loadIPPluginJar : add ltdc
2024-01-23 16:25:30,157 [INFO] IPUIPlugin:80 - create IPUIPlugin
2024-01-23 16:25:30,157 [INFO] PluginManager:220 - loadIPPluginJar : add mdma
2024-01-23 16:25:30,168 [INFO] IPUIPlugin:80 - create IPUIPlugin
2024-01-23 16:25:30,168 [INFO] PluginManager:220 - loadIPPluginJar : add nvic
2024-01-23 16:25:30,201 [INFO] IPUIPlugin:80 - create IPUIPlugin
2024-01-23 16:25:30,201 [INFO] PluginManager:220 - loadIPPluginJar : add opamp
2024-01-23 16:25:30,255 [INFO] IPUIPlugin:80 - create IPUIPlugin
2024-01-23 16:25:30,255 [INFO] PluginManager:220 - loadIPPluginJar : add openamp
2024-01-23 16:25:30,296 [INFO] IPUIPlugin:80 - create IPUIPlugin
2024-01-23 16:25:30,296 [INFO] PluginManager:220 - loadIPPluginJar : add pdm2pcm
2024-01-23 16:25:30,308 [INFO] IPUIPlugin:80 - create IPUIPlugin
2024-01-23 16:25:30,310 [INFO] PluginManager:220 - loadIPPluginJar : add plateformsettings
2024-01-23 16:25:30,330 [INFO] IPUIPlugin:80 - create IPUIPlugin
2024-01-23 16:25:30,331 [INFO] PluginManager:220 - loadIPPluginJar : add quadspi
2024-01-23 16:25:30,341 [INFO] IPUIPlugin:80 - create IPUIPlugin
2024-01-23 16:25:30,341 [INFO] PluginManager:220 - loadIPPluginJar : add resmgrutility
2024-01-23 16:25:30,385 [INFO] IPUIPlugin:80 - create IPUIPlugin
2024-01-23 16:25:30,385 [INFO] PluginManager:220 - loadIPPluginJar : add sai
2024-01-23 16:25:30,420 [INFO] IPUIPlugin:80 - create IPUIPlugin
2024-01-23 16:25:30,420 [INFO] PluginManager:220 - loadIPPluginJar : add spi
2024-01-23 16:25:30,483 [INFO] IPUIPlugin:80 - create IPUIPlugin
2024-01-23 16:25:30,483 [INFO] PluginManager:220 - loadIPPluginJar : add stm32_wpan
2024-01-23 16:25:30,504 [INFO] IPUIPlugin:80 - create IPUIPlugin
2024-01-23 16:25:30,504 [INFO] PluginManager:220 - loadIPPluginJar : add tim
2024-01-23 16:25:30,555 [INFO] IPUIPlugin:80 - create IPUIPlugin
2024-01-23 16:25:30,555 [INFO] PluginManager:220 - loadIPPluginJar : add touchsensing
2024-01-23 16:25:30,575 [INFO] IPUIPlugin:80 - create IPUIPlugin
2024-01-23 16:25:30,575 [INFO] PluginManager:220 - loadIPPluginJar : add tracer_emb
2024-01-23 16:25:30,596 [INFO] IPUIPlugin:80 - create IPUIPlugin
2024-01-23 16:25:30,597 [INFO] PluginManager:220 - loadIPPluginJar : add ts
2024-01-23 16:25:30,616 [INFO] IPUIPlugin:80 - create IPUIPlugin
2024-01-23 16:25:30,616 [INFO] PluginManager:220 - loadIPPluginJar : add tsc
2024-01-23 16:25:30,635 [INFO] IPUIPlugin:80 - create IPUIPlugin
2024-01-23 16:25:30,635 [INFO] PluginManager:220 - loadIPPluginJar : add ucpd
2024-01-23 16:25:30,674 [INFO] IPUIPlugin:80 - create IPUIPlugin
2024-01-23 16:25:30,674 [INFO] PluginManager:220 - loadIPPluginJar : add usart
2024-01-23 16:25:30,712 [INFO] IPUIPlugin:80 - create IPUIPlugin
2024-01-23 16:25:30,712 [INFO] PluginManager:220 - loadIPPluginJar : add usbx
2024-01-23 16:25:30,870 [INFO] CADModel:165 - CPN selected for project level
2024-01-23 16:25:30,870 [INFO] CADModel:114 - Register for checkConnection events
2024-01-23 16:25:30,871 [FATAL] Updater:308 - Updater called before beeing initialized
2024-01-23 16:25:30,871 [ERROR] CADModel:125 - Updater not yet initialized, retry later 
2024-01-23 16:25:30,987 [INFO] CADModel:165 - CPN selected for project level
2024-01-23 16:25:30,987 [INFO] CADModel:114 - Register for checkConnection events
2024-01-23 16:25:30,987 [FATAL] Updater:308 - Updater called before beeing initialized
2024-01-23 16:25:30,987 [ERROR] CADModel:125 - Updater not yet initialized, retry later 
2024-01-23 16:25:30,990 [FATAL] Updater:308 - Updater called before beeing initialized
2024-01-23 16:25:31,136 [FATAL] Updater:308 - Updater called before beeing initialized
2024-01-23 16:25:31,144 [INFO] DbMcusAds:53 - JSON generation date=Wed Nov 29 04:52:27 CST 2023 (1701255147349)
2024-01-23 16:25:31,145 [FATAL] Updater:308 - Updater called before beeing initialized
2024-01-23 16:25:31,222 [WARN] DetailPanel:346 - Failed to get advertising image, set to default
2024-01-23 16:25:31,302 [INFO] ThirdPartyUpdaterWithRetryManager:70 - Updater plugin not ready yet. [2/15]
2024-01-23 16:25:31,341 [FATAL] Updater:308 - Updater called before beeing initialized
2024-01-23 16:25:31,343 [FATAL] Updater:308 - Updater called before beeing initialized
2024-01-23 16:25:31,343 [FATAL] Updater:308 - Updater called before beeing initialized
2024-01-23 16:25:31,343 [WARN] DetailPanel:346 - Failed to get advertising image, set to default
2024-01-23 16:25:31,343 [FATAL] Updater:308 - Updater called before beeing initialized
2024-01-23 16:25:31,415 [ERROR] Updater:1120 - MainUpdater not yet initialized. External WinMGr cannot be set.
2024-01-23 16:25:31,424 [INFO] Updater:1056 - Updater Version found : 6.10.0
2024-01-23 16:25:31,442 [INFO] ApplicationProperties:184 - Using Application install path: C:\ST\STM32CubeIDE_1.14.0\STM32CubeIDE\plugins\com.st.stm32cube.common.mx_6.10.0.202311202037
2024-01-23 16:25:31,975 [INFO] MainUpdater:2873 - connection check result : 10
2024-01-23 16:25:31,975 [INFO] MainUpdater:3567 - Updater definition file requires update
2024-01-23 16:25:31,976 [INFO] MainUpdater:290 - Updater Check For Update Now.
2024-01-23 16:25:31,976 [INFO] MicroXplorer:498 - Change Database Version : DB.6.0.100
2024-01-23 16:25:31,990 [INFO] McuFinderGlobals:63 - Set McuFinder mode to 2 (CubeIDE integrated)
2024-01-23 16:25:31,990 [INFO] UserAuth:180 - activating auth plugin
2024-01-23 16:25:31,992 [INFO] UserAuth:404 - Internet connection configuration mode: 1
2024-01-23 16:25:32,012 [INFO] JxBrowserEngine:152 - Initiate JxBrowser Engine with user profile folder
2024-01-23 16:25:32,331 [INFO] ServerAccessManage:473 - Download File updaters.zip
2024-01-23 16:25:32,566 [INFO] FileExtend:240 - Unzip File : updaters.zip
2024-01-23 16:25:32,566 [INFO] FileExtend:255 - Standard Zip Deflate
2024-01-23 16:25:34,304 [WARN] MainUpdater:1194 - Updater busy. Cannot search thirdparties
2024-01-23 16:25:34,304 [INFO] ThirdPartyUpdaterWithRetryManager:96 - Updater plugin is busy. [1/15]
2024-01-23 16:25:35,599 [INFO] WebApp:161 - Instantiating new browser for Auth
2024-01-23 16:25:36,212 [INFO] WebApp:780 - Register for checkConnection events
2024-01-23 16:25:36,212 [INFO] WebApp:414 - Apply proxy settings
2024-01-23 16:25:36,212 [INFO] WebApp:499 - Chromium requires no authentication
2024-01-23 16:25:36,224 [INFO] WebApp:442 - Direct internet connection detected
2024-01-23 16:25:36,473 [INFO] WebApp:192 - Starting web application
2024-01-23 16:25:36,473 [INFO] WebApp:544 - Web application path used C:\ST\STM32CubeIDE_1.14.0\STM32CubeIDE\plugins\com.st.stm32cube.common.mx_6.10.0.202311202037\db\plugins\mcufinder\reactClient1\index.html
2024-01-23 16:25:36,550 [INFO] ServerAccessManage:473 - Download File PacksControlFlags.xml
2024-01-23 16:25:36,794 [INFO] ServerAccessManage:473 - Download File cubemx.pidx
2024-01-23 16:25:37,308 [WARN] MainUpdater:1194 - Updater busy. Cannot search thirdparties
2024-01-23 16:25:37,308 [INFO] ThirdPartyUpdaterWithRetryManager:96 - Updater plugin is busy. [2/15]
2024-01-23 16:25:37,788 [INFO] ServerAccessManage:473 - Download File STMicroelectronics.X-CUBE-EEPRMA1.pdsc
2024-01-23 16:25:38,848 [ERROR] ServerAccessManage:1089 - Problem, file not found on Server
2024-01-23 16:25:40,031 [ERROR] ServerAccessManage:1089 - Problem, file not found on Server
2024-01-23 16:25:40,310 [WARN] MainUpdater:1194 - Updater busy. Cannot search thirdparties
2024-01-23 16:25:40,310 [INFO] ThirdPartyUpdaterWithRetryManager:96 - Updater plugin is busy. [3/15]
2024-01-23 16:25:42,248 [ERROR] ServerAccessManage:1096 - Problem, Http access forbiden
2024-01-23 16:25:42,248 [ERROR] ServerAccessManage:651 - Problem, Http access forbiden : RoweBots.I-CUBE-UNISONRTOS.pdsc.
2024-01-23 16:25:42,444 [WARN] PackLoader:240 - Cannot read IP mode file for STMicroelectronics.X-CUBE-EEPRMA1.5.1.0
2024-01-23 16:25:42,450 [INFO] PopulateThirdPartyThread:66 - Ending populate Thread
2024-01-23 16:25:42,452 [INFO] ThirdParty:1030 - CMSIS Pack Vendor :STMicroelectronics X-CUBE-EEPRMA1 5.1.0
2024-01-23 16:25:42,452 [INFO] LoadServerUpdatesThread:375 - End of LoadServerUpdate Thread
2024-01-23 16:25:42,576 [INFO] CheckServerUpdateThread:120 - End of CheckServer Thread
2024-01-23 16:25:43,485 [WARN] PackLoader:240 - Cannot read IP mode file for STMicroelectronics.X-CUBE-SMBUS.2.1.0
2024-01-23 16:25:43,497 [WARN] PackLoader:240 - Cannot read IP mode file for STMicroelectronics.X-CUBE-TOUCHGFX.4.23.0
2024-01-23 16:25:43,532 [WARN] PackLoader:240 - Cannot read IP mode file for STMicroelectronics.X-CUBE-AZRTOS-F7.1.1.0
2024-01-23 16:25:43,549 [WARN] PackLoader:240 - Cannot read IP mode file for STMicroelectronics.FP-SNS-MOTENV1.4.3.2
2024-01-23 16:25:43,557 [WARN] PackLoader:240 - Cannot read IP mode file for STMicroelectronics.FP-SNS-FLIGHT1.5.0.2
2024-01-23 16:25:43,574 [WARN] PackLoader:240 - Cannot read IP mode file for STMicroelectronics.X-CUBE-DISPLAY.3.0.0
2024-01-23 16:25:43,591 [WARN] PackLoader:240 - Cannot read IP mode file for STMicroelectronics.X-CUBE-BLE1.7.0.0
2024-01-23 16:25:43,607 [WARN] PackLoader:240 - Cannot read IP mode file for emotas.I-CUBE-CANOPEN.1.3.0
2024-01-23 16:25:43,620 [WARN] PackLoader:240 - Cannot read IP mode file for STMicroelectronics.FP-SNS-SMARTAG2.1.2.0
2024-01-23 16:25:43,640 [INFO] LogOutputStream:77 - [STDOUT_REDIRECT] 1 : Invalid condition id : UX_CORESTACK_Condition cause : null
2024-01-23 16:25:43,640 [INFO] LogOutputStream:77 - [STDOUT_REDIRECT] 1 : Invalid condition id : UX_CORESTACK_Condition cause : null
2024-01-23 16:25:43,641 [INFO] LogOutputStream:77 - [STDOUT_REDIRECT] 1 : Invalid condition id : UX_CORESTACK_Condition cause : null
2024-01-23 16:25:43,642 [INFO] LogOutputStream:77 - [STDOUT_REDIRECT] 1 : Invalid condition id : UX_CORESTACK_Condition cause : null
2024-01-23 16:25:43,643 [INFO] LogOutputStream:77 - [STDOUT_REDIRECT] 1 : Invalid condition id : UX_CORESTACK_Condition cause : null
2024-01-23 16:25:43,646 [WARN] PackLoader:240 - Cannot read IP mode file for STMicroelectronics.X-CUBE-AZRTOS-WL.2.0.0
2024-01-23 16:25:43,660 [WARN] PackLoader:240 - Cannot read IP mode file for WES.I-CUBE-Cesium.1.3.0
2024-01-23 16:25:43,672 [WARN] PackLoader:240 - Cannot read IP mode file for STMicroelectronics.X-CUBE-BLE2.3.3.0
2024-01-23 16:25:43,686 [WARN] PackLoader:240 - Cannot read IP mode file for STMicroelectronics.X-CUBE-ALGOBUILD.1.3.0
2024-01-23 16:25:43,716 [WARN] PackLoader:240 - Cannot read IP mode file for STMicroelectronics.X-CUBE-AZRTOS-G0.1.1.0
2024-01-23 16:25:43,732 [WARN] PackLoader:240 - Cannot read IP mode file for STMicroelectronics.X-CUBE-NFC4.3.0.0
2024-01-23 16:25:43,750 [WARN] PackLoader:240 - Cannot read IP mode file for STMicroelectronics.X-CUBE-BLEMGR.3.0.0
2024-01-23 16:25:43,756 [WARN] PackLoader:240 - Cannot read IP mode file for STMicroelectronics.FP-ATR-SIGFOX1.3.2.0
2024-01-23 16:25:43,761 [WARN] PackLoader:240 - Cannot read IP mode file for STMicroelectronics.X-CUBE-EEPRMA1.5.1.0
2024-01-23 16:25:43,806 [WARN] PackLoader:240 - Cannot read IP mode file for SEGGER.I-CUBE-embOS.1.3.1
2024-01-23 16:25:43,865 [WARN] PackLoader:240 - Cannot read IP mode file for STMicroelectronics.X-CUBE-GNSS1.6.0.0
2024-01-23 16:25:43,896 [WARN] PackLoader:240 - Cannot read IP mode file for STMicroelectronics.X-CUBE-AZRTOS-F4.1.1.0
2024-01-23 16:25:43,911 [WARN] PackLoader:240 - Cannot read IP mode file for wolfSSL.I-CUBE-wolfSSL.5.6.6
2024-01-23 16:25:43,939 [WARN] PackLoader:240 - Cannot read IP mode file for STMicroelectronics.X-CUBE-AZRTOS-L5.2.0.0
2024-01-23 16:25:43,954 [WARN] PackLoader:240 - Cannot read IP mode file for STMicroelectronics.X-CUBE-EEPRMA1.4.2.0
2024-01-23 16:25:43,968 [WARN] PackLoader:240 - Cannot read IP mode file for ITTIA_DB.I-CUBE-ITTIADB.8.8.0
2024-01-23 16:25:43,983 [WARN] PackLoader:240 - Cannot read IP mode file for STMicroelectronics.X-CUBE-NFC7.1.0.1
2024-01-23 16:25:44,000 [WARN] PackLoader:240 - Cannot read IP mode file for STMicroelectronics.X-CUBE-NFC6.3.0.0
2024-01-23 16:25:44,017 [WARN] PackLoader:240 - Cannot read IP mode file for STMicroelectronics.X-CUBE-AI.8.1.0
2024-01-23 16:25:44,049 [WARN] ConditionMgr:438 - getConditionDescription Invalid condition id : LAN8742 Phy interface Condition cause : null
2024-01-23 16:25:44,050 [WARN] PackLoader:240 - Cannot read IP mode file for STMicroelectronics.X-CUBE-AZRTOS-L4.2.0.0
2024-01-23 16:25:44,051 [WARN] ConditionMgr:1039 - genDependencies : Invalid condition id : LAN8742 Phy interface Condition cause : null
2024-01-23 16:25:44,051 [WARN] ConditionMgr:1039 - genDependencies : Invalid condition id : LAN8742 Phy interface Condition cause : null
2024-01-23 16:25:44,052 [WARN] ConditionMgr:1039 - genDependencies : Invalid condition id : LAN8742 Phy interface Condition cause : null
2024-01-23 16:25:44,068 [WARN] PackLoader:240 - Cannot read IP mode file for STMicroelectronics.X-CUBE-SFXS2LP1.4.0.0
2024-01-23 16:25:44,093 [WARN] ConditionMgr:438 - getConditionDescription Invalid condition id : UX DEVICE CLASS RTOS Condition cause : null
2024-01-23 16:25:44,093 [WARN] ConditionMgr:438 - getConditionDescription Invalid condition id : UX DEVICE CLASS RTOS Condition cause : null
2024-01-23 16:25:44,095 [WARN] PackLoader:240 - Cannot read IP mode file for STMicroelectronics.X-CUBE-AZRTOS-WB.2.0.0
2024-01-23 16:25:44,096 [WARN] ConditionMgr:1039 - genDependencies : Invalid condition id : UX DEVICE CLASS RTOS Condition cause : null
2024-01-23 16:25:44,096 [WARN] ConditionMgr:1039 - genDependencies : Invalid condition id : UX DEVICE CLASS RTOS Condition cause : null
2024-01-23 16:25:44,097 [WARN] ConditionMgr:1039 - genDependencies : Invalid condition id : UX DEVICE CLASS RTOS Condition cause : null
2024-01-23 16:25:44,097 [WARN] ConditionMgr:1039 - genDependencies : Invalid condition id : UX DEVICE CLASS RTOS Condition cause : null
2024-01-23 16:25:44,098 [WARN] ConditionMgr:1039 - genDependencies : Invalid condition id : UX DEVICE CLASS RTOS Condition cause : null
2024-01-23 16:25:44,120 [WARN] PackLoader:240 - Cannot read IP mode file for STMicroelectronics.X-CUBE-SUBG2.5.0.0
2024-01-23 16:25:44,153 [WARN] PackLoader:240 - Cannot read IP mode file for STMicroelectronics.X-CUBE-AZRTOS-G4.2.0.0
2024-01-23 16:25:44,179 [WARN] PackLoader:240 - Cannot read IP mode file for Infineon.AIROC-Wi-Fi-Bluetooth-STM32.1.5.1
2024-01-23 16:25:44,189 [WARN] PackLoader:240 - Cannot read IP mode file for STMicroelectronics.FP-SNS-MOTENVWB1.1.3.1
2024-01-23 16:25:44,203 [WARN] PackLoader:240 - Cannot read IP mode file for STMicroelectronics.X-CUBE-ISPU.2.0.0
2024-01-23 16:25:44,250 [WARN] PackLoader:240 - Cannot read IP mode file for STMicroelectronics.X-CUBE-MEMS1.10.0.0
2024-01-23 16:25:44,363 [WARN] PackLoader:240 - Cannot read IP mode file for STMicroelectronics.X-CUBE-FREERTOS.1.1.0
2024-01-23 16:25:44,379 [WARN] PackLoader:240 - Cannot read IP mode file for portGmbH.I-Cube-SoM-uGOAL.1.1.0
2024-01-23 16:25:44,393 [WARN] PackLoader:240 - Cannot read IP mode file for STMicroelectronics.X-CUBE-ALS.1.0.1
2024-01-23 16:25:44,398 [WARN] PackLoader:240 - Cannot read IP mode file for STMicroelectronics.FP-ATR-ASTRA1.2.0.0
2024-01-23 16:25:44,421 [WARN] PackLoader:240 - Cannot read IP mode file for STMicroelectronics.X-CUBE-TOF1.3.4.0
2024-01-23 16:25:44,462 [WARN] PackLoader:240 - Cannot read IP mode file for STMicroelectronics.X-CUBE-AZRTOS-H7.3.2.0
2024-01-23 16:25:44,466 [INFO] ThirdParty:978 - Integrity check success = true
2024-01-23 16:25:44,466 [INFO] IntegrityCheckThread:100 - exiting critical section [integrity check]
2024-01-23 16:25:44,466 [INFO] IntegrityCheckThread:103 - End integrity checks thread
2024-01-23 16:25:57,354 [ERROR] LogOutputStream:75 - [STDERR_REDIRECT] SLF4J: Failed to load class "org.slf4j.impl.StaticLoggerBinder".
2024-01-23 16:25:57,354 [ERROR] LogOutputStream:75 - [STDERR_REDIRECT] SLF4J: Defaulting to no-operation (NOP) logger implementation
2024-01-23 16:25:57,355 [ERROR] LogOutputStream:75 - [STDERR_REDIRECT] SLF4J: See http://www.slf4j.org/codes.html#StaticLoggerBinder for further details.
