2024-02-04 16:07:24,771 [INFO] Activator:176 - 


2024-02-04 16:07:24,799 [INFO] Activator:177 - !SESSION log4j initialized
2024-02-04 16:07:40,179 [INFO] LogOutputStream:77 - [STDOUT_REDIRECT] 
2024-02-04 16:07:42,805 [INFO] ApplicationProperties:184 - Using Application install path: C:\ST\STM32CubeIDE_1.14.0\STM32CubeIDE\plugins\com.st.stm32cube.common.mx_6.10.0.202311202037
2024-02-04 16:07:42,834 [INFO] DbMcusXml:78 - Set database path to: C:\ST\STM32CubeIDE_1.14.0\STM32CubeIDE\plugins\com.st.stm32cube.common.mx_6.10.0.202311202037\\db\/mcu/
2024-02-04 16:07:42,835 [INFO] ApiDb:274 - Set plugin database path to: C:\ST\STM32CubeIDE_1.14.0\STM32CubeIDE\plugins\com.st.stm32cube.common.mx_6.10.0.202311202037\\db\/plugins/boardmanager/
2024-02-04 16:07:42,836 [WARN] ApiDb:259 - Overriding images path with different value:  => C:\ST\STM32CubeIDE_1.14.0\STM32CubeIDE\plugins\com.st.stm32cube.common.mx_6.10.0.202311202037\\db\/plugins/mcufinder/images/
2024-02-04 16:07:42,846 [INFO] ApiDb:250 - Set database path to: C:\Users\RShah23\.stmcufinder\plugins\mcufinder//mcu/
2024-02-04 16:07:42,848 [INFO] DbMcusAds:125 - Set database path to: C:\Users\RShah23\.stmcufinder\plugins\mcufinder//mcu/
2024-02-04 16:07:42,852 [INFO] CrossReferenceDbSqlite:203 - Set database path to: C:\Users\RShah23\.stmcufinder\plugins\mcufinder//mcu/cs/
2024-02-04 16:07:43,076 [INFO] RulesReader:64 - Compatibility file has been processed (297 Rules)
2024-02-04 16:07:43,422 [INFO] DbMcusXml:78 - Set database path to: C:\ST\STM32CubeIDE_1.14.0\STM32CubeIDE\plugins\com.st.stm32cube.common.mx_6.10.0.202311202037\\db\/mcu/
2024-02-04 16:07:43,422 [INFO] ApiDb:274 - Set plugin database path to: C:\ST\STM32CubeIDE_1.14.0\STM32CubeIDE\plugins\com.st.stm32cube.common.mx_6.10.0.202311202037\\db\/plugins/boardmanager/
2024-02-04 16:07:43,423 [INFO] ApiDb:261 - Set plugin images path to: C:\ST\STM32CubeIDE_1.14.0\STM32CubeIDE\plugins\com.st.stm32cube.common.mx_6.10.0.202311202037\\db\/plugins/mcufinder/images/
2024-02-04 16:07:43,423 [WARN] DbFile:41 - Overriding database path with different value: C:\Users\RShah23\.stmcufinder\plugins\mcufinder/ => C:\Users\RShah23\.stmcufinder\plugins\mcufinder
2024-02-04 16:07:43,423 [INFO] ApiDb:250 - Set database path to: C:\Users\RShah23\.stmcufinder\plugins\mcufinder//mcu/
2024-02-04 16:07:43,423 [WARN] DbFile:41 - Overriding database path with different value: C:\Users\RShah23\.stmcufinder\plugins\mcufinder/ => C:\Users\RShah23\.stmcufinder\plugins\mcufinder
2024-02-04 16:07:43,423 [INFO] DbMcusAds:125 - Set database path to: C:\Users\RShah23\.stmcufinder\plugins\mcufinder//mcu/
2024-02-04 16:07:43,424 [WARN] DbFile:41 - Overriding database path with different value: C:\Users\RShah23\.stmcufinder\plugins\mcufinder/ => C:\Users\RShah23\.stmcufinder\plugins\mcufinder
2024-02-04 16:07:43,424 [WARN] DbFile:41 - Overriding database path with different value: C:\Users\RShah23\.stmcufinder\plugins\mcufinder/ => C:\Users\RShah23\.stmcufinder\plugins\mcufinder
2024-02-04 16:07:43,424 [INFO] CrossReferenceDbSqlite:203 - Set database path to: C:\Users\RShah23\.stmcufinder\plugins\mcufinder//mcu/cs/
2024-02-04 16:07:43,644 [INFO] MainPanel:264 - HeapMemory: 268435456
2024-02-04 16:07:43,805 [INFO] DbMcusXml:78 - Set database path to: C:\ST\STM32CubeIDE_1.14.0\STM32CubeIDE\plugins\com.st.stm32cube.common.mx_6.10.0.202311202037\\db\/mcu/
2024-02-04 16:07:43,806 [INFO] ApiDb:274 - Set plugin database path to: C:\ST\STM32CubeIDE_1.14.0\STM32CubeIDE\plugins\com.st.stm32cube.common.mx_6.10.0.202311202037\\db\/plugins/boardmanager/
2024-02-04 16:07:43,806 [INFO] ApiDb:261 - Set plugin images path to: C:\ST\STM32CubeIDE_1.14.0\STM32CubeIDE\plugins\com.st.stm32cube.common.mx_6.10.0.202311202037\\db\/plugins/mcufinder/images/
2024-02-04 16:07:43,806 [WARN] DbFile:41 - Overriding database path with different value: C:\Users\RShah23\.stmcufinder\plugins\mcufinder/ => C:\Users\RShah23\.stmcufinder\plugins\mcufinder
2024-02-04 16:07:43,806 [INFO] ApiDb:250 - Set database path to: C:\Users\RShah23\.stmcufinder\plugins\mcufinder//mcu/
2024-02-04 16:07:43,806 [WARN] DbFile:41 - Overriding database path with different value: C:\Users\RShah23\.stmcufinder\plugins\mcufinder/ => C:\Users\RShah23\.stmcufinder\plugins\mcufinder
2024-02-04 16:07:43,807 [INFO] DbMcusAds:125 - Set database path to: C:\Users\RShah23\.stmcufinder\plugins\mcufinder//mcu/
2024-02-04 16:07:43,807 [WARN] DbFile:41 - Overriding database path with different value: C:\Users\RShah23\.stmcufinder\plugins\mcufinder/ => C:\Users\RShah23\.stmcufinder\plugins\mcufinder
2024-02-04 16:07:43,807 [WARN] DbFile:41 - Overriding database path with different value: C:\Users\RShah23\.stmcufinder\plugins\mcufinder/ => C:\Users\RShah23\.stmcufinder\plugins\mcufinder
2024-02-04 16:07:43,807 [INFO] CrossReferenceDbSqlite:203 - Set database path to: C:\Users\RShah23\.stmcufinder\plugins\mcufinder//mcu/cs/
2024-02-04 16:07:43,870 [INFO] ApplicationProperties:184 - Using Application install path: C:\ST\STM32CubeIDE_1.14.0\STM32CubeIDE\plugins\com.st.stm32cube.common.mx_6.10.0.202311202037
2024-02-04 16:07:43,872 [INFO] PluginManage:196 - Search for loadable plugins [exclusion list=, ]
2024-02-04 16:07:43,874 [INFO] PluginManage:310 - Check plugin analytics
2024-02-04 16:07:44,191 [INFO] AnalyticsPlugin:253 - Accepted Software Licenses: 
2024-02-04 16:07:44,192 [INFO] AnalyticsPlugin:255 - Accepted CMSIS Pack Licenses: 
2024-02-04 16:07:44,192 [INFO] AnalyticsPlugin:257 - Accepted Firmware Licenses: 
2024-02-04 16:07:44,197 [INFO] PluginManage:359 - Loaded plugin analytics (category:tool,tabindex:-1)
2024-02-04 16:07:44,197 [INFO] PluginManage:310 - Check plugin cadmodel
2024-02-04 16:07:44,225 [INFO] CADModel:105 - Init CAD model plugin
2024-02-04 16:07:44,225 [INFO] PluginManage:359 - Loaded plugin cadmodel (category:power,tabindex:5)
2024-02-04 16:07:44,225 [INFO] PluginManage:310 - Check plugin clock
2024-02-04 16:07:44,261 [INFO] PluginManage:359 - Loaded plugin clock (category:base,tabindex:2)
2024-02-04 16:07:44,261 [INFO] PluginManage:310 - Check plugin ddr
2024-02-04 16:07:44,265 [INFO] PluginManage:359 - Loaded plugin ddr (category:tool,tabindex:6)
2024-02-04 16:07:44,266 [INFO] PluginManage:310 - Check plugin filemanager
2024-02-04 16:07:44,517 [INFO] PluginManage:359 - Loaded plugin filemanager (category:base,tabindex:10)
2024-02-04 16:07:44,517 [INFO] PluginManage:310 - Check plugin ipmanager
2024-02-04 16:07:44,550 [INFO] PluginManage:359 - Loaded plugin ipmanager (category:base,tabindex:5)
2024-02-04 16:07:44,550 [INFO] PluginManage:310 - Check plugin lpbam
2024-02-04 16:07:44,571 [INFO] PluginManage:359 - Loaded plugin lpbam (category:base,tabindex:0)
2024-02-04 16:07:44,571 [INFO] PluginManage:310 - Check plugin memorymap
2024-02-04 16:07:44,603 [INFO] PluginManage:359 - Loaded plugin memorymap (category:base,tabindex:4)
2024-02-04 16:07:44,603 [INFO] PluginManage:310 - Check plugin pinoutandconfiguration
2024-02-04 16:07:44,626 [INFO] PluginManage:359 - Loaded plugin pinoutandconfiguration (category:base,tabindex:1)
2024-02-04 16:07:44,626 [INFO] PluginManage:310 - Check plugin pinoutconfig
2024-02-04 16:07:44,782 [WARN] SupportedApi:132 - Cannot load RTOS API schema: s4s-elt-must-match.1: The content of 'definitions' must match (annotation?, (simpleType | complexType)?, (unique | key | keyref)*)). A problem was found starting at: attribute.
2024-02-04 16:07:44,990 [INFO] PluginManage:359 - Loaded plugin pinoutconfig (category:base,tabindex:0)
2024-02-04 16:07:44,990 [INFO] PluginManage:310 - Check plugin power
2024-02-04 16:07:45,023 [INFO] PluginManage:359 - Loaded plugin power (category:power,tabindex:4)
2024-02-04 16:07:45,024 [INFO] PluginManage:310 - Check plugin projectmanager
2024-02-04 16:07:45,052 [INFO] PluginManage:359 - Loaded plugin projectmanager (category:projectmanager,tabindex:3)
2024-02-04 16:07:45,053 [INFO] PluginManage:310 - Check plugin thirdparty
2024-02-04 16:07:45,523 [INFO] PluginManage:359 - Loaded plugin thirdparty (category:base,tabindex:-1)
2024-02-04 16:07:45,523 [WARN] IntegrityCheckThread:84 - waiting for thirdparty lock release [integrity check]
2024-02-04 16:07:45,524 [INFO] PluginManage:310 - Check plugin tools
2024-02-04 16:07:45,524 [INFO] IntegrityCheckThread:86 - entering critical section [integrity check]
2024-02-04 16:07:45,524 [INFO] ThirdPartyUpdaterWithRetryManager:70 - Updater plugin not ready yet. [1/15]
2024-02-04 16:07:45,582 [INFO] PluginManage:359 - Loaded plugin tools (category:base,tabindex:7)
2024-02-04 16:07:45,582 [INFO] PluginManage:310 - Check plugin tutovideos
2024-02-04 16:07:45,899 [INFO] PluginManage:359 - Loaded plugin tutovideos (category:base,tabindex:-1)
2024-02-04 16:07:45,899 [INFO] PluginManage:310 - Check plugin updater
2024-02-04 16:07:45,937 [INFO] PluginManage:359 - Loaded plugin updater (category:base,tabindex:12)
2024-02-04 16:07:45,937 [INFO] PluginManage:310 - Check plugin userauth
2024-02-04 16:07:45,950 [INFO] UserAuth:114 - Init User Auth plugin
2024-02-04 16:07:45,950 [INFO] PluginManage:359 - Loaded plugin userauth (category:base,tabindex:14)
2024-02-04 16:07:45,951 [INFO] PluginManage:283 - PluginManage : Loaded plugins [17]
2024-02-04 16:07:46,564 [INFO] PinOutPanel:1499 - setPackage(No Configuration,No Configuration)
2024-02-04 16:07:46,875 [INFO] CADModel:165 - CPN selected for project level
2024-02-04 16:07:46,876 [INFO] CADModel:114 - Register for checkConnection events
2024-02-04 16:07:46,908 [INFO] IPUIPlugin:80 - create IPUIPlugin
2024-02-04 16:07:46,908 [INFO] PluginManager:220 - loadIPPluginJar : add adc
2024-02-04 16:07:46,970 [INFO] IPUIPlugin:80 - create IPUIPlugin
2024-02-04 16:07:46,970 [INFO] PluginManager:220 - loadIPPluginJar : add aes
2024-02-04 16:07:47,054 [INFO] IPUIPlugin:80 - create IPUIPlugin
2024-02-04 16:07:47,054 [INFO] PluginManager:220 - loadIPPluginJar : add can
2024-02-04 16:07:47,100 [INFO] IPUIPlugin:80 - create IPUIPlugin
2024-02-04 16:07:47,100 [INFO] PluginManager:220 - loadIPPluginJar : add comp
2024-02-04 16:07:47,171 [INFO] IPUIPlugin:80 - create IPUIPlugin
2024-02-04 16:07:47,171 [INFO] PluginManager:220 - loadIPPluginJar : add cryp
2024-02-04 16:07:47,229 [INFO] IPUIPlugin:80 - create IPUIPlugin
2024-02-04 16:07:47,230 [INFO] PluginManager:220 - loadIPPluginJar : add dfsdm
2024-02-04 16:07:47,254 [INFO] IPUIPlugin:80 - create IPUIPlugin
2024-02-04 16:07:47,255 [INFO] PluginManager:220 - loadIPPluginJar : add dma
2024-02-04 16:07:47,357 [INFO] IPUIPlugin:80 - create IPUIPlugin
2024-02-04 16:07:47,357 [INFO] PluginManager:220 - loadIPPluginJar : add dma3
2024-02-04 16:07:47,395 [INFO] IPUIPlugin:80 - create IPUIPlugin
2024-02-04 16:07:47,395 [INFO] PluginManager:220 - loadIPPluginJar : add fatfs
2024-02-04 16:07:47,481 [INFO] IPUIPlugin:80 - create IPUIPlugin
2024-02-04 16:07:47,481 [INFO] PluginManager:220 - loadIPPluginJar : add fmc
2024-02-04 16:07:47,514 [INFO] IPUIPlugin:80 - create IPUIPlugin
2024-02-04 16:07:47,515 [INFO] PluginManager:220 - loadIPPluginJar : add freertos
2024-02-04 16:07:47,565 [INFO] IPUIPlugin:80 - create IPUIPlugin
2024-02-04 16:07:47,566 [INFO] PluginManager:220 - loadIPPluginJar : add genericplugin
2024-02-04 16:07:47,766 [INFO] IPUIPlugin:80 - create IPUIPlugin
2024-02-04 16:07:47,766 [INFO] PluginManager:220 - loadIPPluginJar : add gfxmmu
2024-02-04 16:07:48,118 [INFO] IPUIPlugin:80 - create IPUIPlugin
2024-02-04 16:07:48,119 [INFO] PluginManager:220 - loadIPPluginJar : add gic
2024-02-04 16:07:48,166 [INFO] IPUIPlugin:80 - create IPUIPlugin
2024-02-04 16:07:48,166 [INFO] PluginManager:220 - loadIPPluginJar : add gpio
2024-02-04 16:07:48,435 [INFO] IPUIPlugin:80 - create IPUIPlugin
2024-02-04 16:07:48,435 [INFO] PluginManager:220 - loadIPPluginJar : add gtzc
2024-02-04 16:07:48,526 [INFO] ThirdPartyUpdaterWithRetryManager:70 - Updater plugin not ready yet. [2/15]
2024-02-04 16:07:48,535 [INFO] IPUIPlugin:80 - create IPUIPlugin
2024-02-04 16:07:48,535 [INFO] PluginManager:220 - loadIPPluginJar : add hash
2024-02-04 16:07:48,699 [INFO] IPUIPlugin:80 - create IPUIPlugin
2024-02-04 16:07:48,699 [INFO] PluginManager:220 - loadIPPluginJar : add i2c
2024-02-04 16:07:48,813 [INFO] IPUIPlugin:80 - create IPUIPlugin
2024-02-04 16:07:48,813 [INFO] PluginManager:220 - loadIPPluginJar : add i2s
2024-02-04 16:07:48,949 [INFO] IPUIPlugin:80 - create IPUIPlugin
2024-02-04 16:07:48,949 [INFO] PluginManager:220 - loadIPPluginJar : add i3c
2024-02-04 16:07:49,242 [INFO] IPUIPlugin:80 - create IPUIPlugin
2024-02-04 16:07:49,243 [INFO] PluginManager:220 - loadIPPluginJar : add ipddr
2024-02-04 16:07:49,564 [INFO] IPUIPlugin:80 - create IPUIPlugin
2024-02-04 16:07:49,564 [INFO] PluginManager:220 - loadIPPluginJar : add linkedlist
2024-02-04 16:07:49,651 [INFO] IPUIPlugin:80 - create IPUIPlugin
2024-02-04 16:07:49,651 [INFO] PluginManager:220 - loadIPPluginJar : add lorawan
2024-02-04 16:07:49,740 [INFO] IPUIPlugin:80 - create IPUIPlugin
2024-02-04 16:07:49,740 [INFO] PluginManager:220 - loadIPPluginJar : add ltdc
2024-02-04 16:07:49,779 [INFO] IPUIPlugin:80 - create IPUIPlugin
2024-02-04 16:07:49,779 [INFO] PluginManager:220 - loadIPPluginJar : add mdma
2024-02-04 16:07:49,806 [INFO] IPUIPlugin:80 - create IPUIPlugin
2024-02-04 16:07:49,806 [INFO] PluginManager:220 - loadIPPluginJar : add nvic
2024-02-04 16:07:49,891 [INFO] IPUIPlugin:80 - create IPUIPlugin
2024-02-04 16:07:49,891 [INFO] PluginManager:220 - loadIPPluginJar : add opamp
2024-02-04 16:07:50,031 [INFO] IPUIPlugin:80 - create IPUIPlugin
2024-02-04 16:07:50,032 [INFO] PluginManager:220 - loadIPPluginJar : add openamp
2024-02-04 16:07:50,122 [INFO] IPUIPlugin:80 - create IPUIPlugin
2024-02-04 16:07:50,122 [INFO] PluginManager:220 - loadIPPluginJar : add pdm2pcm
2024-02-04 16:07:50,143 [INFO] IPUIPlugin:80 - create IPUIPlugin
2024-02-04 16:07:50,146 [INFO] PluginManager:220 - loadIPPluginJar : add plateformsettings
2024-02-04 16:07:50,183 [INFO] IPUIPlugin:80 - create IPUIPlugin
2024-02-04 16:07:50,184 [INFO] PluginManager:220 - loadIPPluginJar : add quadspi
2024-02-04 16:07:50,204 [INFO] IPUIPlugin:80 - create IPUIPlugin
2024-02-04 16:07:50,205 [INFO] PluginManager:220 - loadIPPluginJar : add resmgrutility
2024-02-04 16:07:50,323 [INFO] IPUIPlugin:80 - create IPUIPlugin
2024-02-04 16:07:50,324 [INFO] PluginManager:220 - loadIPPluginJar : add sai
2024-02-04 16:07:50,415 [INFO] IPUIPlugin:80 - create IPUIPlugin
2024-02-04 16:07:50,415 [INFO] PluginManager:220 - loadIPPluginJar : add spi
2024-02-04 16:07:50,578 [INFO] IPUIPlugin:80 - create IPUIPlugin
2024-02-04 16:07:50,578 [INFO] PluginManager:220 - loadIPPluginJar : add stm32_wpan
2024-02-04 16:07:50,614 [INFO] IPUIPlugin:80 - create IPUIPlugin
2024-02-04 16:07:50,614 [INFO] PluginManager:220 - loadIPPluginJar : add tim
2024-02-04 16:07:50,750 [INFO] IPUIPlugin:80 - create IPUIPlugin
2024-02-04 16:07:50,751 [INFO] PluginManager:220 - loadIPPluginJar : add touchsensing
2024-02-04 16:07:50,794 [INFO] IPUIPlugin:80 - create IPUIPlugin
2024-02-04 16:07:50,794 [INFO] PluginManager:220 - loadIPPluginJar : add tracer_emb
2024-02-04 16:07:50,833 [INFO] IPUIPlugin:80 - create IPUIPlugin
2024-02-04 16:07:50,833 [INFO] PluginManager:220 - loadIPPluginJar : add ts
2024-02-04 16:07:50,879 [INFO] IPUIPlugin:80 - create IPUIPlugin
2024-02-04 16:07:50,879 [INFO] PluginManager:220 - loadIPPluginJar : add tsc
2024-02-04 16:07:50,927 [INFO] IPUIPlugin:80 - create IPUIPlugin
2024-02-04 16:07:50,927 [INFO] PluginManager:220 - loadIPPluginJar : add ucpd
2024-02-04 16:07:51,013 [INFO] IPUIPlugin:80 - create IPUIPlugin
2024-02-04 16:07:51,013 [INFO] PluginManager:220 - loadIPPluginJar : add usart
2024-02-04 16:07:51,107 [INFO] IPUIPlugin:80 - create IPUIPlugin
2024-02-04 16:07:51,107 [INFO] PluginManager:220 - loadIPPluginJar : add usbx
2024-02-04 16:07:51,385 [INFO] CADModel:165 - CPN selected for project level
2024-02-04 16:07:51,385 [INFO] CADModel:114 - Register for checkConnection events
2024-02-04 16:07:51,386 [FATAL] Updater:308 - Updater called before beeing initialized
2024-02-04 16:07:51,386 [ERROR] CADModel:125 - Updater not yet initialized, retry later 
2024-02-04 16:07:51,528 [INFO] ThirdPartyUpdaterWithRetryManager:70 - Updater plugin not ready yet. [3/15]
2024-02-04 16:07:51,823 [INFO] CADModel:165 - CPN selected for project level
2024-02-04 16:07:51,823 [INFO] CADModel:114 - Register for checkConnection events
2024-02-04 16:07:51,824 [FATAL] Updater:308 - Updater called before beeing initialized
2024-02-04 16:07:51,824 [ERROR] CADModel:125 - Updater not yet initialized, retry later 
2024-02-04 16:07:51,828 [FATAL] Updater:308 - Updater called before beeing initialized
2024-02-04 16:07:52,146 [FATAL] Updater:308 - Updater called before beeing initialized
2024-02-04 16:07:52,160 [INFO] DbMcusAds:53 - JSON generation date=Wed Nov 29 04:52:27 CST 2023 (1701255147200)
2024-02-04 16:07:52,160 [FATAL] Updater:308 - Updater called before beeing initialized
2024-02-04 16:07:52,294 [WARN] DetailPanel:346 - Failed to get advertising image, set to default
2024-02-04 16:07:52,560 [FATAL] Updater:308 - Updater called before beeing initialized
2024-02-04 16:07:52,563 [FATAL] Updater:308 - Updater called before beeing initialized
2024-02-04 16:07:52,563 [FATAL] Updater:308 - Updater called before beeing initialized
2024-02-04 16:07:52,563 [WARN] DetailPanel:346 - Failed to get advertising image, set to default
2024-02-04 16:07:52,565 [FATAL] Updater:308 - Updater called before beeing initialized
2024-02-04 16:07:52,706 [ERROR] Updater:1120 - MainUpdater not yet initialized. External WinMGr cannot be set.
2024-02-04 16:07:52,722 [INFO] Updater:1056 - Updater Version found : 6.10.0
2024-02-04 16:07:52,749 [INFO] ApplicationProperties:184 - Using Application install path: C:\ST\STM32CubeIDE_1.14.0\STM32CubeIDE\plugins\com.st.stm32cube.common.mx_6.10.0.202311202037
2024-02-04 16:07:54,175 [INFO] MainUpdater:2873 - connection check result : 10
2024-02-04 16:07:54,175 [INFO] MainUpdater:3567 - Updater definition file requires update
2024-02-04 16:07:54,176 [INFO] MainUpdater:290 - Updater Check For Update Now.
2024-02-04 16:07:54,176 [INFO] MicroXplorer:498 - Change Database Version : DB.6.0.100
2024-02-04 16:07:54,211 [INFO] McuFinderGlobals:63 - Set McuFinder mode to 2 (CubeIDE integrated)
2024-02-04 16:07:54,211 [INFO] UserAuth:180 - activating auth plugin
2024-02-04 16:07:54,217 [INFO] UserAuth:404 - Internet connection configuration mode: 1
2024-02-04 16:07:54,253 [INFO] JxBrowserEngine:152 - Initiate JxBrowser Engine with user profile folder
2024-02-04 16:07:54,529 [WARN] MainUpdater:1194 - Updater busy. Cannot search thirdparties
2024-02-04 16:07:54,529 [INFO] ThirdPartyUpdaterWithRetryManager:96 - Updater plugin is busy. [1/15]
2024-02-04 16:07:54,536 [INFO] ServerAccessManage:473 - Download File updaters.zip
2024-02-04 16:07:54,826 [INFO] FileExtend:240 - Unzip File : updaters.zip
2024-02-04 16:07:54,826 [INFO] FileExtend:255 - Standard Zip Deflate
2024-02-04 16:07:57,531 [WARN] MainUpdater:1194 - Updater busy. Cannot search thirdparties
2024-02-04 16:07:57,531 [INFO] ThirdPartyUpdaterWithRetryManager:96 - Updater plugin is busy. [2/15]
2024-02-04 16:07:59,473 [INFO] WebApp:161 - Instantiating new browser for Auth
2024-02-04 16:08:00,450 [INFO] ServerAccessManage:473 - Download File PacksControlFlags.xml
2024-02-04 16:08:00,533 [WARN] MainUpdater:1194 - Updater busy. Cannot search thirdparties
2024-02-04 16:08:00,533 [INFO] ThirdPartyUpdaterWithRetryManager:96 - Updater plugin is busy. [3/15]
2024-02-04 16:08:00,590 [INFO] WebApp:780 - Register for checkConnection events
2024-02-04 16:08:00,590 [INFO] WebApp:414 - Apply proxy settings
2024-02-04 16:08:00,591 [INFO] WebApp:499 - Chromium requires no authentication
2024-02-04 16:08:00,622 [INFO] WebApp:442 - Direct internet connection detected
2024-02-04 16:08:00,787 [INFO] ServerAccessManage:473 - Download File cubemx.pidx
2024-02-04 16:08:01,069 [INFO] WebApp:192 - Starting web application
2024-02-04 16:08:01,069 [INFO] WebApp:544 - Web application path used C:\ST\STM32CubeIDE_1.14.0\STM32CubeIDE\plugins\com.st.stm32cube.common.mx_6.10.0.202311202037\db\plugins\mcufinder\reactClient1\index.html
2024-02-04 16:08:01,120 [INFO] LoadServerUpdatesThread:375 - End of LoadServerUpdate Thread
2024-02-04 16:08:01,500 [INFO] CheckServerUpdateThread:120 - End of CheckServer Thread
2024-02-04 16:08:04,034 [WARN] PackLoader:240 - Cannot read IP mode file for STMicroelectronics.X-CUBE-SMBUS.2.1.0
2024-02-04 16:08:04,060 [WARN] PackLoader:240 - Cannot read IP mode file for STMicroelectronics.X-CUBE-TOUCHGFX.4.23.0
2024-02-04 16:08:04,133 [WARN] PackLoader:240 - Cannot read IP mode file for STMicroelectronics.X-CUBE-AZRTOS-F7.1.1.0
2024-02-04 16:08:04,166 [WARN] PackLoader:240 - Cannot read IP mode file for STMicroelectronics.FP-SNS-MOTENV1.4.3.2
2024-02-04 16:08:04,197 [WARN] PackLoader:240 - Cannot read IP mode file for STMicroelectronics.FP-SNS-FLIGHT1.5.0.2
2024-02-04 16:08:04,230 [WARN] PackLoader:240 - Cannot read IP mode file for STMicroelectronics.X-CUBE-DISPLAY.3.0.0
2024-02-04 16:08:04,270 [WARN] PackLoader:240 - Cannot read IP mode file for STMicroelectronics.X-CUBE-BLE1.7.0.0
2024-02-04 16:08:04,298 [WARN] PackLoader:240 - Cannot read IP mode file for emotas.I-CUBE-CANOPEN.1.3.0
2024-02-04 16:08:04,326 [WARN] PackLoader:240 - Cannot read IP mode file for STMicroelectronics.FP-SNS-SMARTAG2.1.2.0
2024-02-04 16:08:04,364 [INFO] LogOutputStream:77 - [STDOUT_REDIRECT] 1 : Invalid condition id : UX_CORESTACK_Condition cause : null
2024-02-04 16:08:04,365 [INFO] LogOutputStream:77 - [STDOUT_REDIRECT] 1 : Invalid condition id : UX_CORESTACK_Condition cause : null
2024-02-04 16:08:04,366 [INFO] LogOutputStream:77 - [STDOUT_REDIRECT] 1 : Invalid condition id : UX_CORESTACK_Condition cause : null
2024-02-04 16:08:04,369 [INFO] LogOutputStream:77 - [STDOUT_REDIRECT] 1 : Invalid condition id : UX_CORESTACK_Condition cause : null
2024-02-04 16:08:04,371 [INFO] LogOutputStream:77 - [STDOUT_REDIRECT] 1 : Invalid condition id : UX_CORESTACK_Condition cause : null
2024-02-04 16:08:04,379 [WARN] PackLoader:240 - Cannot read IP mode file for STMicroelectronics.X-CUBE-AZRTOS-WL.2.0.0
2024-02-04 16:08:04,412 [WARN] PackLoader:240 - Cannot read IP mode file for WES.I-CUBE-Cesium.1.3.0
2024-02-04 16:08:04,434 [WARN] PackLoader:240 - Cannot read IP mode file for STMicroelectronics.X-CUBE-BLE2.3.3.0
2024-02-04 16:08:04,457 [WARN] PackLoader:240 - Cannot read IP mode file for STMicroelectronics.X-CUBE-ALGOBUILD.1.3.0
2024-02-04 16:08:04,511 [WARN] PackLoader:240 - Cannot read IP mode file for STMicroelectronics.X-CUBE-AZRTOS-G0.1.1.0
2024-02-04 16:08:04,547 [WARN] PackLoader:240 - Cannot read IP mode file for STMicroelectronics.X-CUBE-NFC4.3.0.0
2024-02-04 16:08:04,590 [WARN] PackLoader:240 - Cannot read IP mode file for STMicroelectronics.X-CUBE-BLEMGR.3.0.0
2024-02-04 16:08:04,618 [WARN] PackLoader:240 - Cannot read IP mode file for STMicroelectronics.FP-ATR-SIGFOX1.3.2.0
2024-02-04 16:08:04,642 [WARN] PackLoader:240 - Cannot read IP mode file for STMicroelectronics.X-CUBE-EEPRMA1.5.1.0
2024-02-04 16:08:04,709 [WARN] PackLoader:240 - Cannot read IP mode file for SEGGER.I-CUBE-embOS.1.3.1
2024-02-04 16:08:04,838 [WARN] PackLoader:240 - Cannot read IP mode file for STMicroelectronics.X-CUBE-GNSS1.6.0.0
2024-02-04 16:08:04,894 [WARN] PackLoader:240 - Cannot read IP mode file for STMicroelectronics.X-CUBE-AZRTOS-F4.1.1.0
2024-02-04 16:08:04,926 [WARN] PackLoader:240 - Cannot read IP mode file for wolfSSL.I-CUBE-wolfSSL.5.6.6
2024-02-04 16:08:04,974 [WARN] PackLoader:240 - Cannot read IP mode file for STMicroelectronics.X-CUBE-AZRTOS-L5.2.0.0
2024-02-04 16:08:04,999 [WARN] PackLoader:240 - Cannot read IP mode file for STMicroelectronics.X-CUBE-EEPRMA1.4.2.0
2024-02-04 16:08:05,023 [WARN] PackLoader:240 - Cannot read IP mode file for ITTIA_DB.I-CUBE-ITTIADB.8.8.0
2024-02-04 16:08:05,045 [WARN] PackLoader:240 - Cannot read IP mode file for STMicroelectronics.X-CUBE-NFC7.1.0.1
2024-02-04 16:08:05,077 [WARN] PackLoader:240 - Cannot read IP mode file for STMicroelectronics.X-CUBE-NFC6.3.0.0
2024-02-04 16:08:05,111 [WARN] PackLoader:240 - Cannot read IP mode file for STMicroelectronics.X-CUBE-AI.8.1.0
2024-02-04 16:08:05,179 [WARN] ConditionMgr:438 - getConditionDescription Invalid condition id : LAN8742 Phy interface Condition cause : null
2024-02-04 16:08:05,181 [WARN] PackLoader:240 - Cannot read IP mode file for STMicroelectronics.X-CUBE-AZRTOS-L4.2.0.0
2024-02-04 16:08:05,184 [WARN] ConditionMgr:1039 - genDependencies : Invalid condition id : LAN8742 Phy interface Condition cause : null
2024-02-04 16:08:05,185 [WARN] ConditionMgr:1039 - genDependencies : Invalid condition id : LAN8742 Phy interface Condition cause : null
2024-02-04 16:08:05,186 [WARN] ConditionMgr:1039 - genDependencies : Invalid condition id : LAN8742 Phy interface Condition cause : null
2024-02-04 16:08:05,225 [WARN] PackLoader:240 - Cannot read IP mode file for STMicroelectronics.X-CUBE-SFXS2LP1.4.0.0
2024-02-04 16:08:05,281 [WARN] ConditionMgr:438 - getConditionDescription Invalid condition id : UX DEVICE CLASS RTOS Condition cause : null
2024-02-04 16:08:05,282 [WARN] ConditionMgr:438 - getConditionDescription Invalid condition id : UX DEVICE CLASS RTOS Condition cause : null
2024-02-04 16:08:05,287 [WARN] PackLoader:240 - Cannot read IP mode file for STMicroelectronics.X-CUBE-AZRTOS-WB.2.0.0
2024-02-04 16:08:05,288 [WARN] ConditionMgr:1039 - genDependencies : Invalid condition id : UX DEVICE CLASS RTOS Condition cause : null
2024-02-04 16:08:05,288 [WARN] ConditionMgr:1039 - genDependencies : Invalid condition id : UX DEVICE CLASS RTOS Condition cause : null
2024-02-04 16:08:05,289 [WARN] ConditionMgr:1039 - genDependencies : Invalid condition id : UX DEVICE CLASS RTOS Condition cause : null
2024-02-04 16:08:05,290 [WARN] ConditionMgr:1039 - genDependencies : Invalid condition id : UX DEVICE CLASS RTOS Condition cause : null
2024-02-04 16:08:05,290 [WARN] ConditionMgr:1039 - genDependencies : Invalid condition id : UX DEVICE CLASS RTOS Condition cause : null
2024-02-04 16:08:05,327 [WARN] PackLoader:240 - Cannot read IP mode file for STMicroelectronics.X-CUBE-SUBG2.5.0.0
2024-02-04 16:08:05,385 [WARN] PackLoader:240 - Cannot read IP mode file for STMicroelectronics.X-CUBE-AZRTOS-G4.2.0.0
2024-02-04 16:08:05,427 [WARN] PackLoader:240 - Cannot read IP mode file for Infineon.AIROC-Wi-Fi-Bluetooth-STM32.1.5.1
2024-02-04 16:08:05,452 [WARN] PackLoader:240 - Cannot read IP mode file for STMicroelectronics.FP-SNS-MOTENVWB1.1.3.1
2024-02-04 16:08:05,478 [WARN] PackLoader:240 - Cannot read IP mode file for STMicroelectronics.X-CUBE-ISPU.2.0.0
2024-02-04 16:08:05,562 [WARN] PackLoader:240 - Cannot read IP mode file for STMicroelectronics.X-CUBE-MEMS1.10.0.0
2024-02-04 16:08:05,805 [WARN] PackLoader:240 - Cannot read IP mode file for STMicroelectronics.X-CUBE-FREERTOS.1.1.0
2024-02-04 16:08:05,828 [WARN] PackLoader:240 - Cannot read IP mode file for portGmbH.I-Cube-SoM-uGOAL.1.1.0
2024-02-04 16:08:05,851 [WARN] PackLoader:240 - Cannot read IP mode file for STMicroelectronics.X-CUBE-ALS.1.0.1
2024-02-04 16:08:05,869 [WARN] PackLoader:240 - Cannot read IP mode file for STMicroelectronics.FP-ATR-ASTRA1.2.0.0
2024-02-04 16:08:05,906 [WARN] PackLoader:240 - Cannot read IP mode file for STMicroelectronics.X-CUBE-TOF1.3.4.0
2024-02-04 16:08:05,982 [WARN] PackLoader:240 - Cannot read IP mode file for STMicroelectronics.X-CUBE-AZRTOS-H7.3.2.0
2024-02-04 16:08:05,986 [INFO] ThirdParty:978 - Integrity check success = true
2024-02-04 16:08:05,987 [INFO] IntegrityCheckThread:100 - exiting critical section [integrity check]
2024-02-04 16:08:05,987 [INFO] IntegrityCheckThread:103 - End integrity checks thread
2024-02-04 16:08:23,108 [ERROR] LogOutputStream:75 - [STDERR_REDIRECT] SLF4J: Failed to load class "org.slf4j.impl.StaticLoggerBinder".
2024-02-04 16:08:23,109 [ERROR] LogOutputStream:75 - [STDERR_REDIRECT] SLF4J: Defaulting to no-operation (NOP) logger implementation
2024-02-04 16:08:23,111 [ERROR] LogOutputStream:75 - [STDERR_REDIRECT] SLF4J: See http://www.slf4j.org/codes.html#StaticLoggerBinder for further details.
