2024-08-10 05:33:00,832 [INFO] Activator:176 - 


2024-08-10 05:33:00,844 [INFO] Activator:177 - !SESSION log4j initialized
2024-08-10 05:33:07,177 [INFO] LogOutputStream:77 - [STDOUT_REDIRECT] 
2024-08-10 05:33:08,640 [INFO] ApplicationProperties:184 - Using Application install path: C:\ST\STM32CubeIDE_1.16.0\STM32CubeIDE\plugins\com.st.stm32cube.common.mx_6.12.0.202406281431
2024-08-10 05:33:08,661 [INFO] DbMcusXml:78 - Set database path to: C:\ST\STM32CubeIDE_1.16.0\STM32CubeIDE\plugins\com.st.stm32cube.common.mx_6.12.0.202406281431\\db\/mcu/
2024-08-10 05:33:08,661 [INFO] ApiDb:274 - Set plugin database path to: C:\ST\STM32CubeIDE_1.16.0\STM32CubeIDE\plugins\com.st.stm32cube.common.mx_6.12.0.202406281431\\db\/plugins/boardmanager/
2024-08-10 05:33:08,661 [WARN] ApiDb:259 - Overriding images path with different value:  => C:\ST\STM32CubeIDE_1.16.0\STM32CubeIDE\plugins\com.st.stm32cube.common.mx_6.12.0.202406281431\\db\/plugins/mcufinder/images/
2024-08-10 05:33:08,708 [INFO] ApiDb:250 - Set database path to: C:\Users\rajvi\.stmcufinder\plugins\mcufinder//mcu/
2024-08-10 05:33:08,709 [INFO] DbMcusAds:125 - Set database path to: C:\Users\rajvi\.stmcufinder\plugins\mcufinder//mcu/
2024-08-10 05:33:08,711 [INFO] CrossReferenceDbSqlite:203 - Set database path to: C:\Users\rajvi\.stmcufinder\plugins\mcufinder//mcu/cs/
2024-08-10 05:33:08,819 [INFO] RulesReader:64 - Compatibility file has been processed (297 Rules)
2024-08-10 05:33:08,911 [INFO] DbMcusXml:78 - Set database path to: C:\ST\STM32CubeIDE_1.16.0\STM32CubeIDE\plugins\com.st.stm32cube.common.mx_6.12.0.202406281431\\db\/mcu/
2024-08-10 05:33:08,911 [INFO] ApiDb:274 - Set plugin database path to: C:\ST\STM32CubeIDE_1.16.0\STM32CubeIDE\plugins\com.st.stm32cube.common.mx_6.12.0.202406281431\\db\/plugins/boardmanager/
2024-08-10 05:33:08,911 [INFO] ApiDb:261 - Set plugin images path to: C:\ST\STM32CubeIDE_1.16.0\STM32CubeIDE\plugins\com.st.stm32cube.common.mx_6.12.0.202406281431\\db\/plugins/mcufinder/images/
2024-08-10 05:33:08,912 [WARN] DbFile:41 - Overriding database path with different value: C:\Users\rajvi\.stmcufinder\plugins\mcufinder/ => C:\Users\rajvi\.stmcufinder\plugins\mcufinder
2024-08-10 05:33:08,912 [INFO] ApiDb:250 - Set database path to: C:\Users\rajvi\.stmcufinder\plugins\mcufinder//mcu/
2024-08-10 05:33:08,912 [WARN] DbFile:41 - Overriding database path with different value: C:\Users\rajvi\.stmcufinder\plugins\mcufinder/ => C:\Users\rajvi\.stmcufinder\plugins\mcufinder
2024-08-10 05:33:08,912 [INFO] DbMcusAds:125 - Set database path to: C:\Users\rajvi\.stmcufinder\plugins\mcufinder//mcu/
2024-08-10 05:33:08,912 [WARN] DbFile:41 - Overriding database path with different value: C:\Users\rajvi\.stmcufinder\plugins\mcufinder/ => C:\Users\rajvi\.stmcufinder\plugins\mcufinder
2024-08-10 05:33:08,912 [WARN] DbFile:41 - Overriding database path with different value: C:\Users\rajvi\.stmcufinder\plugins\mcufinder/ => C:\Users\rajvi\.stmcufinder\plugins\mcufinder
2024-08-10 05:33:08,912 [INFO] CrossReferenceDbSqlite:203 - Set database path to: C:\Users\rajvi\.stmcufinder\plugins\mcufinder//mcu/cs/
2024-08-10 05:33:09,024 [INFO] MainPanel:268 - HeapMemory: 268435456
2024-08-10 05:33:09,168 [INFO] DbMcusXml:78 - Set database path to: C:\ST\STM32CubeIDE_1.16.0\STM32CubeIDE\plugins\com.st.stm32cube.common.mx_6.12.0.202406281431\\db\/mcu/
2024-08-10 05:33:09,168 [INFO] ApiDb:274 - Set plugin database path to: C:\ST\STM32CubeIDE_1.16.0\STM32CubeIDE\plugins\com.st.stm32cube.common.mx_6.12.0.202406281431\\db\/plugins/boardmanager/
2024-08-10 05:33:09,168 [INFO] ApiDb:261 - Set plugin images path to: C:\ST\STM32CubeIDE_1.16.0\STM32CubeIDE\plugins\com.st.stm32cube.common.mx_6.12.0.202406281431\\db\/plugins/mcufinder/images/
2024-08-10 05:33:09,169 [WARN] DbFile:41 - Overriding database path with different value: C:\Users\rajvi\.stmcufinder\plugins\mcufinder/ => C:\Users\rajvi\.stmcufinder\plugins\mcufinder
2024-08-10 05:33:09,169 [INFO] ApiDb:250 - Set database path to: C:\Users\rajvi\.stmcufinder\plugins\mcufinder//mcu/
2024-08-10 05:33:09,169 [WARN] DbFile:41 - Overriding database path with different value: C:\Users\rajvi\.stmcufinder\plugins\mcufinder/ => C:\Users\rajvi\.stmcufinder\plugins\mcufinder
2024-08-10 05:33:09,169 [INFO] DbMcusAds:125 - Set database path to: C:\Users\rajvi\.stmcufinder\plugins\mcufinder//mcu/
2024-08-10 05:33:09,169 [WARN] DbFile:41 - Overriding database path with different value: C:\Users\rajvi\.stmcufinder\plugins\mcufinder/ => C:\Users\rajvi\.stmcufinder\plugins\mcufinder
2024-08-10 05:33:09,169 [WARN] DbFile:41 - Overriding database path with different value: C:\Users\rajvi\.stmcufinder\plugins\mcufinder/ => C:\Users\rajvi\.stmcufinder\plugins\mcufinder
2024-08-10 05:33:09,169 [INFO] CrossReferenceDbSqlite:203 - Set database path to: C:\Users\rajvi\.stmcufinder\plugins\mcufinder//mcu/cs/
2024-08-10 05:33:09,189 [INFO] ApplicationProperties:184 - Using Application install path: C:\ST\STM32CubeIDE_1.16.0\STM32CubeIDE\plugins\com.st.stm32cube.common.mx_6.12.0.202406281431
2024-08-10 05:33:09,192 [INFO] PluginManage:196 - Search for loadable plugins [exclusion list=, ]
2024-08-10 05:33:09,193 [INFO] PluginManage:310 - Check plugin analytics
2024-08-10 05:33:09,354 [INFO] AnalyticsPlugin:253 - Accepted Software Licenses: 
2024-08-10 05:33:09,355 [INFO] AnalyticsPlugin:255 - Accepted CMSIS Pack Licenses: 
2024-08-10 05:33:09,355 [INFO] AnalyticsPlugin:257 - Accepted Firmware Licenses: FW.F4.1.28.0
2024-08-10 05:33:09,359 [INFO] PluginManage:359 - Loaded plugin analytics (category:tool,tabindex:-1)
2024-08-10 05:33:09,360 [INFO] PluginManage:310 - Check plugin cadmodel
2024-08-10 05:33:09,368 [INFO] CADModel:105 - Init CAD model plugin
2024-08-10 05:33:09,369 [INFO] PluginManage:359 - Loaded plugin cadmodel (category:power,tabindex:5)
2024-08-10 05:33:09,369 [INFO] PluginManage:310 - Check plugin clock
2024-08-10 05:33:09,380 [INFO] PluginManage:359 - Loaded plugin clock (category:base,tabindex:2)
2024-08-10 05:33:09,381 [INFO] PluginManage:310 - Check plugin ddr
2024-08-10 05:33:09,383 [INFO] PluginManage:359 - Loaded plugin ddr (category:tool,tabindex:6)
2024-08-10 05:33:09,383 [INFO] PluginManage:310 - Check plugin filemanager
2024-08-10 05:33:09,542 [INFO] PluginManage:359 - Loaded plugin filemanager (category:base,tabindex:10)
2024-08-10 05:33:09,543 [INFO] PluginManage:310 - Check plugin ipmanager
2024-08-10 05:33:09,550 [INFO] PluginManage:359 - Loaded plugin ipmanager (category:base,tabindex:5)
2024-08-10 05:33:09,550 [INFO] PluginManage:310 - Check plugin lpbam
2024-08-10 05:33:09,558 [INFO] PluginManage:359 - Loaded plugin lpbam (category:base,tabindex:0)
2024-08-10 05:33:09,558 [INFO] PluginManage:310 - Check plugin memorymap
2024-08-10 05:33:09,575 [INFO] PluginManage:359 - Loaded plugin memorymap (category:base,tabindex:4)
2024-08-10 05:33:09,575 [INFO] PluginManage:310 - Check plugin pinoutandconfiguration
2024-08-10 05:33:09,585 [INFO] PluginManage:359 - Loaded plugin pinoutandconfiguration (category:base,tabindex:1)
2024-08-10 05:33:09,585 [INFO] PluginManage:310 - Check plugin pinoutconfig
2024-08-10 05:33:09,677 [WARN] SupportedApi:132 - Cannot load RTOS API schema: s4s-elt-must-match.1: The content of 'definitions' must match (annotation?, (simpleType | complexType)?, (unique | key | keyref)*)). A problem was found starting at: attribute.
2024-08-10 05:33:09,837 [INFO] PluginManage:359 - Loaded plugin pinoutconfig (category:base,tabindex:0)
2024-08-10 05:33:09,837 [INFO] PluginManage:310 - Check plugin power
2024-08-10 05:33:09,858 [INFO] PluginManage:359 - Loaded plugin power (category:power,tabindex:4)
2024-08-10 05:33:09,858 [INFO] PluginManage:310 - Check plugin projectmanager
2024-08-10 05:33:09,880 [INFO] PluginManage:359 - Loaded plugin projectmanager (category:projectmanager,tabindex:4)
2024-08-10 05:33:09,880 [INFO] PluginManage:310 - Check plugin rif
2024-08-10 05:33:09,895 [INFO] PluginManage:359 - Loaded plugin rif (category:base,tabindex:3)
2024-08-10 05:33:09,895 [INFO] PluginManage:310 - Check plugin thirdparty
2024-08-10 05:33:10,050 [WARN] IntegrityCheckThread:84 - waiting for thirdparty lock release [integrity check]
2024-08-10 05:33:10,051 [INFO] IntegrityCheckThread:86 - entering critical section [integrity check]
2024-08-10 05:33:10,051 [INFO] PluginManage:359 - Loaded plugin thirdparty (category:base,tabindex:-1)
2024-08-10 05:33:10,051 [INFO] PluginManage:310 - Check plugin tools
2024-08-10 05:33:10,052 [INFO] ThirdPartyUpdaterWithRetryManager:70 - Updater plugin not ready yet. [1/15]
2024-08-10 05:33:10,056 [INFO] PluginManage:359 - Loaded plugin tools (category:base,tabindex:7)
2024-08-10 05:33:10,056 [INFO] PluginManage:310 - Check plugin tutovideos
2024-08-10 05:33:10,253 [INFO] PluginManage:359 - Loaded plugin tutovideos (category:base,tabindex:-1)
2024-08-10 05:33:10,254 [INFO] PluginManage:310 - Check plugin updater
2024-08-10 05:33:10,273 [INFO] PluginManage:359 - Loaded plugin updater (category:base,tabindex:12)
2024-08-10 05:33:10,273 [INFO] PluginManage:310 - Check plugin userauth
2024-08-10 05:33:10,280 [INFO] UserAuth:113 - Init User Auth plugin
2024-08-10 05:33:10,280 [INFO] PluginManage:359 - Loaded plugin userauth (category:base,tabindex:14)
2024-08-10 05:33:10,281 [INFO] PluginManage:283 - PluginManage : Loaded plugins [18]
2024-08-10 05:33:10,522 [INFO] PinOutPanel:1561 - setPackage(No Configuration,No Configuration)
2024-08-10 05:33:10,624 [INFO] CADModel:165 - CPN selected for project level
2024-08-10 05:33:10,624 [INFO] CADModel:114 - Register for checkConnection events
2024-08-10 05:33:10,644 [INFO] IPUIPlugin:80 - create IPUIPlugin
2024-08-10 05:33:10,645 [INFO] PluginManager:220 - loadIPPluginJar : add adc
2024-08-10 05:33:10,646 [INFO] IPUIPlugin:80 - create IPUIPlugin
2024-08-10 05:33:10,647 [INFO] PluginManager:220 - loadIPPluginJar : add aes
2024-08-10 05:33:10,650 [INFO] IPUIPlugin:80 - create IPUIPlugin
2024-08-10 05:33:10,650 [INFO] PluginManager:220 - loadIPPluginJar : add can
2024-08-10 05:33:10,651 [INFO] IPUIPlugin:80 - create IPUIPlugin
2024-08-10 05:33:10,651 [INFO] PluginManager:220 - loadIPPluginJar : add comp
2024-08-10 05:33:10,653 [INFO] IPUIPlugin:80 - create IPUIPlugin
2024-08-10 05:33:10,653 [INFO] PluginManager:220 - loadIPPluginJar : add cryp
2024-08-10 05:33:10,657 [INFO] IPUIPlugin:80 - create IPUIPlugin
2024-08-10 05:33:10,657 [INFO] PluginManager:220 - loadIPPluginJar : add ddr_ctrl_phy
2024-08-10 05:33:10,660 [INFO] IPUIPlugin:80 - create IPUIPlugin
2024-08-10 05:33:10,660 [INFO] PluginManager:220 - loadIPPluginJar : add dfsdm
2024-08-10 05:33:10,666 [INFO] IPUIPlugin:80 - create IPUIPlugin
2024-08-10 05:33:10,666 [INFO] PluginManager:220 - loadIPPluginJar : add dma
2024-08-10 05:33:10,669 [INFO] IPUIPlugin:80 - create IPUIPlugin
2024-08-10 05:33:10,669 [INFO] PluginManager:220 - loadIPPluginJar : add dma3
2024-08-10 05:33:10,672 [INFO] IPUIPlugin:80 - create IPUIPlugin
2024-08-10 05:33:10,672 [INFO] PluginManager:220 - loadIPPluginJar : add extmemmanager
2024-08-10 05:33:10,673 [INFO] IPUIPlugin:80 - create IPUIPlugin
2024-08-10 05:33:10,673 [INFO] PluginManager:220 - loadIPPluginJar : add fatfs
2024-08-10 05:33:10,677 [INFO] IPUIPlugin:80 - create IPUIPlugin
2024-08-10 05:33:10,677 [INFO] PluginManager:220 - loadIPPluginJar : add fmc
2024-08-10 05:33:10,683 [INFO] IPUIPlugin:80 - create IPUIPlugin
2024-08-10 05:33:10,683 [INFO] PluginManager:220 - loadIPPluginJar : add freertos
2024-08-10 05:33:10,685 [INFO] IPUIPlugin:80 - create IPUIPlugin
2024-08-10 05:33:10,685 [INFO] PluginManager:220 - loadIPPluginJar : add genericplugin
2024-08-10 05:33:10,687 [INFO] IPUIPlugin:80 - create IPUIPlugin
2024-08-10 05:33:10,687 [INFO] PluginManager:220 - loadIPPluginJar : add gfxmmu
2024-08-10 05:33:10,691 [INFO] IPUIPlugin:80 - create IPUIPlugin
2024-08-10 05:33:10,691 [INFO] PluginManager:220 - loadIPPluginJar : add gic
2024-08-10 05:33:10,695 [INFO] IPUIPlugin:80 - create IPUIPlugin
2024-08-10 05:33:10,695 [INFO] PluginManager:220 - loadIPPluginJar : add gpio
2024-08-10 05:33:10,697 [INFO] IPUIPlugin:80 - create IPUIPlugin
2024-08-10 05:33:10,697 [INFO] PluginManager:220 - loadIPPluginJar : add gtzc
2024-08-10 05:33:10,699 [INFO] IPUIPlugin:80 - create IPUIPlugin
2024-08-10 05:33:10,699 [INFO] PluginManager:220 - loadIPPluginJar : add hash
2024-08-10 05:33:10,701 [INFO] IPUIPlugin:80 - create IPUIPlugin
2024-08-10 05:33:10,701 [INFO] PluginManager:220 - loadIPPluginJar : add i2c
2024-08-10 05:33:10,703 [INFO] IPUIPlugin:80 - create IPUIPlugin
2024-08-10 05:33:10,703 [INFO] PluginManager:220 - loadIPPluginJar : add i2s
2024-08-10 05:33:10,705 [INFO] IPUIPlugin:80 - create IPUIPlugin
2024-08-10 05:33:10,705 [INFO] PluginManager:220 - loadIPPluginJar : add i3c
2024-08-10 05:33:10,708 [INFO] IPUIPlugin:80 - create IPUIPlugin
2024-08-10 05:33:10,708 [INFO] PluginManager:220 - loadIPPluginJar : add ipddr
2024-08-10 05:33:10,715 [INFO] IPUIPlugin:80 - create IPUIPlugin
2024-08-10 05:33:10,716 [INFO] PluginManager:220 - loadIPPluginJar : add linkedlist
2024-08-10 05:33:10,718 [INFO] IPUIPlugin:80 - create IPUIPlugin
2024-08-10 05:33:10,718 [INFO] PluginManager:220 - loadIPPluginJar : add lorawan
2024-08-10 05:33:10,720 [INFO] IPUIPlugin:80 - create IPUIPlugin
2024-08-10 05:33:10,720 [INFO] PluginManager:220 - loadIPPluginJar : add ltdc
2024-08-10 05:33:10,725 [INFO] IPUIPlugin:80 - create IPUIPlugin
2024-08-10 05:33:10,725 [INFO] PluginManager:220 - loadIPPluginJar : add mdma
2024-08-10 05:33:10,728 [INFO] IPUIPlugin:80 - create IPUIPlugin
2024-08-10 05:33:10,728 [INFO] PluginManager:220 - loadIPPluginJar : add nvic
2024-08-10 05:33:10,730 [INFO] IPUIPlugin:80 - create IPUIPlugin
2024-08-10 05:33:10,730 [INFO] PluginManager:220 - loadIPPluginJar : add opamp
2024-08-10 05:33:10,733 [INFO] IPUIPlugin:80 - create IPUIPlugin
2024-08-10 05:33:10,733 [INFO] PluginManager:220 - loadIPPluginJar : add openamp
2024-08-10 05:33:10,735 [INFO] IPUIPlugin:80 - create IPUIPlugin
2024-08-10 05:33:10,735 [INFO] PluginManager:220 - loadIPPluginJar : add pdm2pcm
2024-08-10 05:33:10,740 [INFO] IPUIPlugin:80 - create IPUIPlugin
2024-08-10 05:33:10,742 [INFO] PluginManager:220 - loadIPPluginJar : add plateformsettings
2024-08-10 05:33:10,743 [INFO] IPUIPlugin:80 - create IPUIPlugin
2024-08-10 05:33:10,743 [INFO] PluginManager:220 - loadIPPluginJar : add quadspi
2024-08-10 05:33:10,745 [INFO] IPUIPlugin:80 - create IPUIPlugin
2024-08-10 05:33:10,745 [INFO] PluginManager:220 - loadIPPluginJar : add radio
2024-08-10 05:33:10,748 [INFO] IPUIPlugin:80 - create IPUIPlugin
2024-08-10 05:33:10,748 [INFO] PluginManager:220 - loadIPPluginJar : add resmgrutility
2024-08-10 05:33:10,751 [INFO] IPUIPlugin:80 - create IPUIPlugin
2024-08-10 05:33:10,751 [INFO] PluginManager:220 - loadIPPluginJar : add sai
2024-08-10 05:33:10,753 [INFO] IPUIPlugin:80 - create IPUIPlugin
2024-08-10 05:33:10,753 [INFO] PluginManager:220 - loadIPPluginJar : add spi
2024-08-10 05:33:10,758 [INFO] IPUIPlugin:80 - create IPUIPlugin
2024-08-10 05:33:10,758 [INFO] PluginManager:220 - loadIPPluginJar : add stm32_wpan
2024-08-10 05:33:10,759 [INFO] IPUIPlugin:80 - create IPUIPlugin
2024-08-10 05:33:10,759 [INFO] PluginManager:220 - loadIPPluginJar : add tim
2024-08-10 05:33:10,762 [INFO] IPUIPlugin:80 - create IPUIPlugin
2024-08-10 05:33:10,762 [INFO] PluginManager:220 - loadIPPluginJar : add touchsensing
2024-08-10 05:33:10,763 [INFO] IPUIPlugin:80 - create IPUIPlugin
2024-08-10 05:33:10,763 [INFO] PluginManager:220 - loadIPPluginJar : add tracer_emb
2024-08-10 05:33:10,765 [INFO] IPUIPlugin:80 - create IPUIPlugin
2024-08-10 05:33:10,765 [INFO] PluginManager:220 - loadIPPluginJar : add ts
2024-08-10 05:33:10,766 [INFO] IPUIPlugin:80 - create IPUIPlugin
2024-08-10 05:33:10,766 [INFO] PluginManager:220 - loadIPPluginJar : add tsc
2024-08-10 05:33:10,768 [INFO] IPUIPlugin:80 - create IPUIPlugin
2024-08-10 05:33:10,768 [INFO] PluginManager:220 - loadIPPluginJar : add ucpd
2024-08-10 05:33:10,771 [INFO] IPUIPlugin:80 - create IPUIPlugin
2024-08-10 05:33:10,771 [INFO] PluginManager:220 - loadIPPluginJar : add usart
2024-08-10 05:33:10,774 [INFO] IPUIPlugin:80 - create IPUIPlugin
2024-08-10 05:33:10,774 [INFO] PluginManager:220 - loadIPPluginJar : add usbx
2024-08-10 05:33:10,913 [INFO] CADModel:165 - CPN selected for project level
2024-08-10 05:33:10,913 [INFO] CADModel:114 - Register for checkConnection events
2024-08-10 05:33:10,913 [FATAL] Updater:334 - Updater called before beeing initialized
2024-08-10 05:33:10,913 [ERROR] CADModel:125 - Updater not yet initialized, retry later 
2024-08-10 05:33:11,041 [INFO] CADModel:165 - CPN selected for project level
2024-08-10 05:33:11,041 [INFO] CADModel:114 - Register for checkConnection events
2024-08-10 05:33:11,041 [FATAL] Updater:334 - Updater called before beeing initialized
2024-08-10 05:33:11,041 [ERROR] CADModel:125 - Updater not yet initialized, retry later 
2024-08-10 05:33:11,041 [FATAL] Updater:334 - Updater called before beeing initialized
2024-08-10 05:33:11,120 [FATAL] Updater:334 - Updater called before beeing initialized
2024-08-10 05:33:11,135 [INFO] DbMcusAds:53 - JSON generation date=Thu May 16 04:22:00 CDT 2024 (1715851320667)
2024-08-10 05:33:11,135 [FATAL] Updater:334 - Updater called before beeing initialized
2024-08-10 05:33:11,151 [WARN] DetailPanel:346 - Failed to get advertising image, set to default
2024-08-10 05:33:11,214 [FATAL] Updater:334 - Updater called before beeing initialized
2024-08-10 05:33:11,229 [FATAL] Updater:334 - Updater called before beeing initialized
2024-08-10 05:33:11,229 [FATAL] Updater:334 - Updater called before beeing initialized
2024-08-10 05:33:11,229 [WARN] DetailPanel:346 - Failed to get advertising image, set to default
2024-08-10 05:33:11,229 [FATAL] Updater:334 - Updater called before beeing initialized
2024-08-10 05:33:11,308 [ERROR] Updater:1164 - MainUpdater not yet initialized. External WinMGr cannot be set.
2024-08-10 05:33:11,308 [INFO] Updater:1100 - Updater Version found : 6.12.0
2024-08-10 05:33:11,324 [INFO] ApplicationProperties:184 - Using Application install path: C:\ST\STM32CubeIDE_1.16.0\STM32CubeIDE\plugins\com.st.stm32cube.common.mx_6.12.0.202406281431
2024-08-10 05:33:12,933 [ERROR] LogOutputStream:75 - [STDERR_REDIRECT] Aug 10, 2024 5:33:12 AM java.util.prefs.WindowsPreferences <init>
2024-08-10 05:33:12,933 [ERROR] LogOutputStream:75 - [STDERR_REDIRECT] WARNING: Could not open/create prefs root node Software\JavaSoft\Prefs at root 0xffffffff80000002. Windows RegCreateKeyEx(...) returned error code 5.
2024-08-10 05:33:12,933 [ERROR] LogOutputStream:75 - [STDERR_REDIRECT] 
2024-08-10 05:33:13,059 [INFO] ThirdPartyUpdaterWithRetryManager:70 - Updater plugin not ready yet. [2/15]
2024-08-10 05:33:13,912 [INFO] MainUpdater:2873 - connection check result : 10
2024-08-10 05:33:13,912 [INFO] MainUpdater:3567 - Updater definition file requires update
2024-08-10 05:33:13,912 [INFO] MainUpdater:290 - Updater Check For Update Now.
2024-08-10 05:33:13,912 [INFO] MicroXplorer:498 - Change Database Version : DB.6.0.120
2024-08-10 05:33:13,912 [INFO] McuFinderGlobals:63 - Set McuFinder mode to 2 (CubeIDE integrated)
2024-08-10 05:33:13,912 [INFO] UserAuth:417 - Internet connection configuration mode: 1
2024-08-10 05:33:13,928 [INFO] JxBrowserEngine:152 - Initiate JxBrowser Engine with user profile folder
2024-08-10 05:33:13,969 [INFO] ServerAccessManage:473 - Download File updaters.zip
2024-08-10 05:33:14,031 [INFO] FileExtend:240 - Unzip File : updaters.zip
2024-08-10 05:33:14,032 [INFO] FileExtend:255 - Standard Zip Deflate
2024-08-10 05:33:14,468 [INFO] ServerAccessManage:473 - Download File PacksControlFlags.xml
2024-08-10 05:33:14,526 [INFO] ServerAccessManage:473 - Download File cubemx.pidx
2024-08-10 05:33:14,629 [INFO] LoadServerUpdatesThread:375 - End of LoadServerUpdate Thread
2024-08-10 05:33:14,773 [INFO] WebApp:167 - Instantiating new browser for Auth
2024-08-10 05:33:14,781 [INFO] CheckServerUpdateThread:120 - End of CheckServer Thread
2024-08-10 05:33:15,468 [INFO] WebApp:448 - Apply proxy settings
2024-08-10 05:33:15,468 [INFO] WebApp:533 - Chromium requires no authentication
2024-08-10 05:33:15,476 [INFO] WebApp:476 - Direct internet connection detected
2024-08-10 05:33:15,495 [INFO] WebApp:869 - Register for checkConnection events
2024-08-10 05:33:15,495 [INFO] WebApp:448 - Apply proxy settings
2024-08-10 05:33:15,495 [INFO] WebApp:533 - Chromium requires no authentication
2024-08-10 05:33:15,496 [INFO] WebApp:476 - Direct internet connection detected
2024-08-10 05:33:15,634 [INFO] WebApp:220 - Starting web application
2024-08-10 05:33:15,634 [INFO] WebApp:578 - Web application path used C:\ST\STM32CubeIDE_1.16.0\STM32CubeIDE\plugins\com.st.stm32cube.common.mx_6.12.0.202406281431\db\plugins\mcufinder\reactClient1\index.html
2024-08-10 05:33:15,639 [INFO] WebApp:186 - Connection restablished
2024-08-10 05:33:15,729 [INFO] UserAuth:417 - Internet connection configuration mode: 1
2024-08-10 05:33:16,238 [WARN] PackLoader:240 - Cannot read IP mode file for STMicroelectronics.FP-SNS-MOTENVWB1.1.4.0
2024-08-10 05:33:16,252 [WARN] PackLoader:240 - Cannot read IP mode file for STMicroelectronics.X-CUBE-SMBUS.2.1.0
2024-08-10 05:33:16,274 [WARN] PackLoader:240 - Cannot read IP mode file for STMicroelectronics.X-CUBE-AZRTOS-F7.1.1.0
2024-08-10 05:33:16,286 [WARN] PackLoader:240 - Cannot read IP mode file for STMicroelectronics.FP-SNS-FLIGHT1.5.0.2
2024-08-10 05:33:16,296 [WARN] PackLoader:240 - Cannot read IP mode file for STMicroelectronics.X-CUBE-DISPLAY.3.0.0
2024-08-10 05:33:16,312 [WARN] PackLoader:240 - Cannot read IP mode file for STMicroelectronics.X-CUBE-BLE1.7.0.0
2024-08-10 05:33:16,318 [WARN] PackLoader:240 - Cannot read IP mode file for emotas.I-CUBE-CANOPEN.1.3.0
2024-08-10 05:33:16,326 [WARN] PackLoader:240 - Cannot read IP mode file for STMicroelectronics.X-CUBE-BLEMGR.3.1.0
2024-08-10 05:33:16,337 [WARN] PackLoader:240 - Cannot read IP mode file for STMicroelectronics.FP-SNS-SMARTAG2.1.2.0
2024-08-10 05:33:16,346 [INFO] LogOutputStream:77 - [STDOUT_REDIRECT] 1 : Invalid condition id : UX_CORESTACK_Condition cause : null
2024-08-10 05:33:16,347 [INFO] LogOutputStream:77 - [STDOUT_REDIRECT] 1 : Invalid condition id : UX_CORESTACK_Condition cause : null
2024-08-10 05:33:16,348 [INFO] LogOutputStream:77 - [STDOUT_REDIRECT] 1 : Invalid condition id : UX_CORESTACK_Condition cause : null
2024-08-10 05:33:16,350 [INFO] LogOutputStream:77 - [STDOUT_REDIRECT] 1 : Invalid condition id : UX_CORESTACK_Condition cause : null
2024-08-10 05:33:16,351 [INFO] LogOutputStream:77 - [STDOUT_REDIRECT] 1 : Invalid condition id : UX_CORESTACK_Condition cause : null
2024-08-10 05:33:16,354 [WARN] PackLoader:240 - Cannot read IP mode file for STMicroelectronics.X-CUBE-AZRTOS-WL.2.0.0
2024-08-10 05:33:16,360 [WARN] PackLoader:240 - Cannot read IP mode file for STMicroelectronics.FP-SNS-MOTENV1.5.0.0
2024-08-10 05:33:16,364 [WARN] PackLoader:240 - Cannot read IP mode file for wolfSSL.I-CUBE-wolfMQTT.1.19.0
2024-08-10 05:33:16,372 [WARN] PackLoader:240 - Cannot read IP mode file for WES.I-CUBE-Cesium.1.3.0
2024-08-10 05:33:16,377 [WARN] PackLoader:240 - Cannot read IP mode file for STMicroelectronics.X-CUBE-BLE2.3.3.0
2024-08-10 05:33:16,382 [WARN] PackLoader:240 - Cannot read IP mode file for STMicroelectronics.X-CUBE-TCPP.4.1.0
2024-08-10 05:33:16,394 [WARN] PackLoader:240 - Cannot read IP mode file for STMicroelectronics.X-CUBE-AZRTOS-G0.1.1.0
2024-08-10 05:33:16,402 [WARN] PackLoader:240 - Cannot read IP mode file for STMicroelectronics.X-CUBE-SAFEA1.1.2.2
2024-08-10 05:33:16,408 [WARN] PackLoader:240 - Cannot read IP mode file for STMicroelectronics.X-CUBE-NFC4.3.0.0
2024-08-10 05:33:16,419 [WARN] PackLoader:240 - Cannot read IP mode file for EmbeddedOffice.I-CUBE-FS-RTOS.1.0.1
2024-08-10 05:33:16,420 [ERROR] ConditionMgr:805 - Attr not supported : Dmpu
2024-08-10 05:33:16,421 [ERROR] ConditionMgr:805 - Attr not supported : Dmpu
2024-08-10 05:33:16,421 [ERROR] ConditionMgr:805 - Attr not supported : Dmpu
2024-08-10 05:33:16,421 [ERROR] ConditionMgr:805 - Attr not supported : Dmpu
2024-08-10 05:33:16,421 [ERROR] ConditionMgr:805 - Attr not supported : Dmpu
2024-08-10 05:33:16,421 [ERROR] ConditionMgr:805 - Attr not supported : Dmpu
2024-08-10 05:33:16,421 [ERROR] ConditionMgr:805 - Attr not supported : Dmpu
2024-08-10 05:33:16,421 [ERROR] ConditionMgr:805 - Attr not supported : Dmpu
2024-08-10 05:33:16,421 [ERROR] ConditionMgr:805 - Attr not supported : Dmpu
2024-08-10 05:33:16,421 [ERROR] ConditionMgr:805 - Attr not supported : Dmpu
2024-08-10 05:33:16,421 [ERROR] ConditionMgr:805 - Attr not supported : Dmpu
2024-08-10 05:33:16,421 [ERROR] ConditionMgr:805 - Attr not supported : Dmpu
2024-08-10 05:33:16,421 [ERROR] ConditionMgr:805 - Attr not supported : Dmpu
2024-08-10 05:33:16,421 [ERROR] ConditionMgr:805 - Attr not supported : Dmpu
2024-08-10 05:33:16,421 [ERROR] ConditionMgr:805 - Attr not supported : Dmpu
2024-08-10 05:33:16,421 [ERROR] ConditionMgr:805 - Attr not supported : Dmpu
2024-08-10 05:33:16,422 [ERROR] ConditionMgr:805 - Attr not supported : Dmpu
2024-08-10 05:33:16,422 [ERROR] ConditionMgr:805 - Attr not supported : Dmpu
2024-08-10 05:33:16,422 [ERROR] ConditionMgr:805 - Attr not supported : Dmpu
2024-08-10 05:33:16,422 [ERROR] ConditionMgr:805 - Attr not supported : Dmpu
2024-08-10 05:33:16,425 [ERROR] ConditionMgr:805 - Attr not supported : Dmpu
2024-08-10 05:33:16,426 [ERROR] ConditionMgr:805 - Attr not supported : Dmpu
2024-08-10 05:33:16,426 [ERROR] ConditionMgr:805 - Attr not supported : Dmpu
2024-08-10 05:33:16,426 [ERROR] ConditionMgr:805 - Attr not supported : Dmpu
2024-08-10 05:33:16,426 [ERROR] ConditionMgr:805 - Attr not supported : Dmpu
2024-08-10 05:33:16,426 [ERROR] ConditionMgr:805 - Attr not supported : Dmpu
2024-08-10 05:33:16,426 [ERROR] ConditionMgr:805 - Attr not supported : Dmpu
2024-08-10 05:33:16,427 [ERROR] ConditionMgr:805 - Attr not supported : Dmpu
2024-08-10 05:33:16,427 [ERROR] ConditionMgr:805 - Attr not supported : Dmpu
2024-08-10 05:33:16,427 [ERROR] ConditionMgr:805 - Attr not supported : Dmpu
2024-08-10 05:33:16,427 [ERROR] ConditionMgr:805 - Attr not supported : Dmpu
2024-08-10 05:33:16,427 [ERROR] ConditionMgr:805 - Attr not supported : Dmpu
2024-08-10 05:33:16,427 [ERROR] ConditionMgr:805 - Attr not supported : Dmpu
2024-08-10 05:33:16,427 [ERROR] ConditionMgr:805 - Attr not supported : Dmpu
2024-08-10 05:33:16,427 [ERROR] ConditionMgr:805 - Attr not supported : Dmpu
2024-08-10 05:33:16,427 [ERROR] ConditionMgr:805 - Attr not supported : Dmpu
2024-08-10 05:33:16,428 [ERROR] ConditionMgr:805 - Attr not supported : Dmpu
2024-08-10 05:33:16,428 [ERROR] ConditionMgr:805 - Attr not supported : Dmpu
2024-08-10 05:33:16,428 [ERROR] ConditionMgr:805 - Attr not supported : Dmpu
2024-08-10 05:33:16,428 [ERROR] ConditionMgr:805 - Attr not supported : Dmpu
2024-08-10 05:33:16,428 [ERROR] ConditionMgr:805 - Attr not supported : Dmpu
2024-08-10 05:33:16,428 [ERROR] ConditionMgr:805 - Attr not supported : Dmpu
2024-08-10 05:33:16,428 [ERROR] ConditionMgr:805 - Attr not supported : Dmpu
2024-08-10 05:33:16,428 [ERROR] ConditionMgr:805 - Attr not supported : Dmpu
2024-08-10 05:33:16,428 [ERROR] ConditionMgr:805 - Attr not supported : Dmpu
2024-08-10 05:33:16,428 [ERROR] ConditionMgr:805 - Attr not supported : Dmpu
2024-08-10 05:33:16,428 [ERROR] ConditionMgr:805 - Attr not supported : Dmpu
2024-08-10 05:33:16,428 [ERROR] ConditionMgr:805 - Attr not supported : Dmpu
2024-08-10 05:33:16,428 [ERROR] ConditionMgr:805 - Attr not supported : Dmpu
2024-08-10 05:33:16,428 [ERROR] ConditionMgr:805 - Attr not supported : Dmpu
2024-08-10 05:33:16,428 [ERROR] ConditionMgr:805 - Attr not supported : Dmpu
2024-08-10 05:33:16,428 [ERROR] ConditionMgr:805 - Attr not supported : Dmpu
2024-08-10 05:33:16,428 [ERROR] ConditionMgr:805 - Attr not supported : Dmpu
2024-08-10 05:33:16,429 [ERROR] ConditionMgr:805 - Attr not supported : Dmpu
2024-08-10 05:33:16,429 [ERROR] ConditionMgr:805 - Attr not supported : Dmpu
2024-08-10 05:33:16,429 [ERROR] ConditionMgr:805 - Attr not supported : Dmpu
2024-08-10 05:33:16,429 [ERROR] ConditionMgr:805 - Attr not supported : Dmpu
2024-08-10 05:33:16,429 [ERROR] ConditionMgr:805 - Attr not supported : Dmpu
2024-08-10 05:33:16,429 [ERROR] ConditionMgr:805 - Attr not supported : Dmpu
2024-08-10 05:33:16,429 [ERROR] ConditionMgr:805 - Attr not supported : Dmpu
2024-08-10 05:33:16,429 [ERROR] ConditionMgr:805 - Attr not supported : Dmpu
2024-08-10 05:33:16,429 [ERROR] ConditionMgr:805 - Attr not supported : Dmpu
2024-08-10 05:33:16,429 [ERROR] ConditionMgr:805 - Attr not supported : Dmpu
2024-08-10 05:33:16,429 [ERROR] ConditionMgr:805 - Attr not supported : Dmpu
2024-08-10 05:33:16,434 [WARN] PackLoader:240 - Cannot read IP mode file for RealThread.X-CUBE-RT-Thread_Nano.4.1.1
2024-08-10 05:33:16,440 [WARN] PackLoader:240 - Cannot read IP mode file for STMicroelectronics.FP-ATR-SIGFOX1.3.2.0
2024-08-10 05:33:16,444 [WARN] PackLoader:240 - Cannot read IP mode file for wolfSSL.I-CUBE-wolfSSL.5.7.2
2024-08-10 05:33:16,448 [WARN] PackLoader:240 - Cannot read IP mode file for STMicroelectronics.X-CUBE-EEPRMA1.5.1.0
2024-08-10 05:33:16,456 [WARN] PackLoader:240 - Cannot read IP mode file for ITTIA_DB.I-CUBE-ITTIADB.8.9.0
2024-08-10 05:33:16,481 [WARN] PackLoader:240 - Cannot read IP mode file for SEGGER.I-CUBE-embOS.1.3.1
2024-08-10 05:33:16,529 [WARN] PackLoader:240 - Cannot read IP mode file for STMicroelectronics.X-CUBE-ALGOBUILD.1.4.0
2024-08-10 05:33:16,538 [WARN] PackLoader:240 - Cannot read IP mode file for STMicroelectronics.X-CUBE-GNSS1.6.0.0
2024-08-10 05:33:16,554 [WARN] PackLoader:240 - Cannot read IP mode file for STMicroelectronics.X-CUBE-AZRTOS-F4.1.1.0
2024-08-10 05:33:16,562 [WARN] PackLoader:240 - Cannot read IP mode file for STMicroelectronics.X-CUBE-FREERTOS.1.2.0
2024-08-10 05:33:16,575 [WARN] PackLoader:240 - Cannot read IP mode file for STMicroelectronics.X-CUBE-AZRTOS-L5.2.0.0
2024-08-10 05:33:16,585 [WARN] PackLoader:240 - Cannot read IP mode file for STMicroelectronics.X-CUBE-NFC6.3.1.0
2024-08-10 05:33:16,591 [WARN] PackLoader:240 - Cannot read IP mode file for STMicroelectronics.X-CUBE-DPower.1.2.0
2024-08-10 05:33:16,595 [WARN] PackLoader:240 - Cannot read IP mode file for STMicroelectronics.X-CUBE-AI.9.0.0
2024-08-10 05:33:16,599 [WARN] PackLoader:240 - Cannot read IP mode file for STMicroelectronics.X-CUBE-NFC7.1.0.1
2024-08-10 05:33:16,605 [WARN] PackLoader:240 - Cannot read IP mode file for wolfSSL.I-CUBE-wolfTPM.3.2.0
2024-08-10 05:33:16,615 [WARN] ConditionMgr:438 - getConditionDescription Invalid condition id : LAN8742 Phy interface Condition cause : null
2024-08-10 05:33:16,615 [WARN] PackLoader:240 - Cannot read IP mode file for STMicroelectronics.X-CUBE-AZRTOS-L4.2.0.0
2024-08-10 05:33:16,616 [WARN] ConditionMgr:1039 - genDependencies : Invalid condition id : LAN8742 Phy interface Condition cause : null
2024-08-10 05:33:16,616 [WARN] ConditionMgr:1039 - genDependencies : Invalid condition id : LAN8742 Phy interface Condition cause : null
2024-08-10 05:33:16,616 [WARN] ConditionMgr:1039 - genDependencies : Invalid condition id : LAN8742 Phy interface Condition cause : null
2024-08-10 05:33:16,623 [WARN] PackLoader:240 - Cannot read IP mode file for STMicroelectronics.X-CUBE-SFXS2LP1.4.0.0
2024-08-10 05:33:16,631 [WARN] ConditionMgr:438 - getConditionDescription Invalid condition id : UX DEVICE CLASS RTOS Condition cause : null
2024-08-10 05:33:16,631 [WARN] ConditionMgr:438 - getConditionDescription Invalid condition id : UX DEVICE CLASS RTOS Condition cause : null
2024-08-10 05:33:16,633 [WARN] PackLoader:240 - Cannot read IP mode file for STMicroelectronics.X-CUBE-AZRTOS-WB.2.0.0
2024-08-10 05:33:16,633 [WARN] ConditionMgr:1039 - genDependencies : Invalid condition id : UX DEVICE CLASS RTOS Condition cause : null
2024-08-10 05:33:16,633 [WARN] ConditionMgr:1039 - genDependencies : Invalid condition id : UX DEVICE CLASS RTOS Condition cause : null
2024-08-10 05:33:16,633 [WARN] ConditionMgr:1039 - genDependencies : Invalid condition id : UX DEVICE CLASS RTOS Condition cause : null
2024-08-10 05:33:16,634 [WARN] ConditionMgr:1039 - genDependencies : Invalid condition id : UX DEVICE CLASS RTOS Condition cause : null
2024-08-10 05:33:16,634 [WARN] ConditionMgr:1039 - genDependencies : Invalid condition id : UX DEVICE CLASS RTOS Condition cause : null
2024-08-10 05:33:16,639 [WARN] PackLoader:240 - Cannot read IP mode file for STMicroelectronics.FP-SNS-STBOX1.2.0.0
2024-08-10 05:33:16,646 [WARN] PackLoader:240 - Cannot read IP mode file for STMicroelectronics.X-CUBE-SUBG2.5.0.0
2024-08-10 05:33:16,652 [WARN] PackLoader:240 - Cannot read IP mode file for Cesanta.I-CUBE-Mongoose.7.13.0
2024-08-10 05:33:16,660 [WARN] PackLoader:240 - Cannot read IP mode file for STMicroelectronics.X-CUBE-AZRTOS-G4.2.0.0
2024-08-10 05:33:16,665 [WARN] PackLoader:240 - Cannot read IP mode file for STMicroelectronics.X-CUBE-ISPU.2.0.0
2024-08-10 05:33:16,668 [WARN] PackLoader:240 - Cannot read IP mode file for STMicroelectronics.X-CUBE-ALS.1.0.2
2024-08-10 05:33:16,707 [WARN] PackLoader:240 - Cannot read IP mode file for STMicroelectronics.X-CUBE-MEMS1.10.0.0
2024-08-10 05:33:16,788 [WARN] PackLoader:240 - Cannot read IP mode file for STMicroelectronics.X-CUBE-TOUCHGFX.4.24.0
2024-08-10 05:33:16,793 [WARN] PackLoader:240 - Cannot read IP mode file for portGmbH.I-Cube-SoM-uGOAL.1.1.0
2024-08-10 05:33:16,808 [WARN] PackLoader:240 - Cannot read IP mode file for STMicroelectronics.X-CUBE-AZRTOS-H7RS.1.0.0
2024-08-10 05:33:16,815 [WARN] PackLoader:240 - Cannot read IP mode file for STMicroelectronics.FP-ATR-ASTRA1.2.0.0
2024-08-10 05:33:16,825 [WARN] PackLoader:240 - Cannot read IP mode file for STMicroelectronics.X-CUBE-TOF1.3.4.2
2024-08-10 05:33:16,846 [WARN] PackLoader:240 - Cannot read IP mode file for STMicroelectronics.X-CUBE-AZRTOS-H7.3.2.0
2024-08-10 05:33:16,860 [WARN] PackLoader:240 - Cannot read IP mode file for Infineon.AIROC-Wi-Fi-Bluetooth-STM32.1.6.0
2024-08-10 05:33:16,874 [WARN] PackLoader:240 - Cannot read IP mode file for wolfSSL.I-CUBE-wolfSSH.1.4.17
2024-08-10 05:33:16,875 [INFO] ThirdParty:978 - Integrity check success = true
2024-08-10 05:33:16,875 [INFO] IntegrityCheckThread:100 - exiting critical section [integrity check]
2024-08-10 05:33:16,875 [INFO] IntegrityCheckThread:103 - End integrity checks thread
