2024-05-06 09:16:48,362 [INFO] Activator:176 - 


2024-05-06 09:16:48,368 [INFO] Activator:177 - !SESSION log4j initialized
2024-05-06 09:16:53,387 [INFO] LogOutputStream:77 - [STDOUT_REDIRECT] 
2024-05-06 09:16:54,690 [INFO] ApplicationProperties:184 - Using Application install path: C:\ST\STM32CubeIDE_1.14.0\STM32CubeIDE\plugins\com.st.stm32cube.common.mx_6.10.0.202311202037
2024-05-06 09:16:54,707 [INFO] DbMcusXml:78 - Set database path to: C:\ST\STM32CubeIDE_1.14.0\STM32CubeIDE\plugins\com.st.stm32cube.common.mx_6.10.0.202311202037\\db\/mcu/
2024-05-06 09:16:54,708 [INFO] ApiDb:274 - Set plugin database path to: C:\ST\STM32CubeIDE_1.14.0\STM32CubeIDE\plugins\com.st.stm32cube.common.mx_6.10.0.202311202037\\db\/plugins/boardmanager/
2024-05-06 09:16:54,708 [WARN] ApiDb:259 - Overriding images path with different value:  => C:\ST\STM32CubeIDE_1.14.0\STM32CubeIDE\plugins\com.st.stm32cube.common.mx_6.10.0.202311202037\\db\/plugins/mcufinder/images/
2024-05-06 09:16:54,715 [INFO] ApiDb:250 - Set database path to: C:\Users\RShah23\.stmcufinder\plugins\mcufinder//mcu/
2024-05-06 09:16:54,716 [INFO] DbMcusAds:125 - Set database path to: C:\Users\RShah23\.stmcufinder\plugins\mcufinder//mcu/
2024-05-06 09:16:54,719 [INFO] CrossReferenceDbSqlite:203 - Set database path to: C:\Users\RShah23\.stmcufinder\plugins\mcufinder//mcu/cs/
2024-05-06 09:16:54,848 [INFO] RulesReader:64 - Compatibility file has been processed (297 Rules)
2024-05-06 09:16:54,937 [INFO] DbMcusXml:78 - Set database path to: C:\ST\STM32CubeIDE_1.14.0\STM32CubeIDE\plugins\com.st.stm32cube.common.mx_6.10.0.202311202037\\db\/mcu/
2024-05-06 09:16:54,937 [INFO] ApiDb:274 - Set plugin database path to: C:\ST\STM32CubeIDE_1.14.0\STM32CubeIDE\plugins\com.st.stm32cube.common.mx_6.10.0.202311202037\\db\/plugins/boardmanager/
2024-05-06 09:16:54,938 [INFO] ApiDb:261 - Set plugin images path to: C:\ST\STM32CubeIDE_1.14.0\STM32CubeIDE\plugins\com.st.stm32cube.common.mx_6.10.0.202311202037\\db\/plugins/mcufinder/images/
2024-05-06 09:16:54,938 [WARN] DbFile:41 - Overriding database path with different value: C:\Users\RShah23\.stmcufinder\plugins\mcufinder/ => C:\Users\RShah23\.stmcufinder\plugins\mcufinder
2024-05-06 09:16:54,938 [INFO] ApiDb:250 - Set database path to: C:\Users\RShah23\.stmcufinder\plugins\mcufinder//mcu/
2024-05-06 09:16:54,938 [WARN] DbFile:41 - Overriding database path with different value: C:\Users\RShah23\.stmcufinder\plugins\mcufinder/ => C:\Users\RShah23\.stmcufinder\plugins\mcufinder
2024-05-06 09:16:54,938 [INFO] DbMcusAds:125 - Set database path to: C:\Users\RShah23\.stmcufinder\plugins\mcufinder//mcu/
2024-05-06 09:16:54,938 [WARN] DbFile:41 - Overriding database path with different value: C:\Users\RShah23\.stmcufinder\plugins\mcufinder/ => C:\Users\RShah23\.stmcufinder\plugins\mcufinder
2024-05-06 09:16:54,939 [WARN] DbFile:41 - Overriding database path with different value: C:\Users\RShah23\.stmcufinder\plugins\mcufinder/ => C:\Users\RShah23\.stmcufinder\plugins\mcufinder
2024-05-06 09:16:54,939 [INFO] CrossReferenceDbSqlite:203 - Set database path to: C:\Users\RShah23\.stmcufinder\plugins\mcufinder//mcu/cs/
2024-05-06 09:16:55,022 [INFO] MainPanel:264 - HeapMemory: 268435456
2024-05-06 09:16:55,103 [INFO] DbMcusXml:78 - Set database path to: C:\ST\STM32CubeIDE_1.14.0\STM32CubeIDE\plugins\com.st.stm32cube.common.mx_6.10.0.202311202037\\db\/mcu/
2024-05-06 09:16:55,103 [INFO] ApiDb:274 - Set plugin database path to: C:\ST\STM32CubeIDE_1.14.0\STM32CubeIDE\plugins\com.st.stm32cube.common.mx_6.10.0.202311202037\\db\/plugins/boardmanager/
2024-05-06 09:16:55,103 [INFO] ApiDb:261 - Set plugin images path to: C:\ST\STM32CubeIDE_1.14.0\STM32CubeIDE\plugins\com.st.stm32cube.common.mx_6.10.0.202311202037\\db\/plugins/mcufinder/images/
2024-05-06 09:16:55,103 [WARN] DbFile:41 - Overriding database path with different value: C:\Users\RShah23\.stmcufinder\plugins\mcufinder/ => C:\Users\RShah23\.stmcufinder\plugins\mcufinder
2024-05-06 09:16:55,104 [INFO] ApiDb:250 - Set database path to: C:\Users\RShah23\.stmcufinder\plugins\mcufinder//mcu/
2024-05-06 09:16:55,104 [WARN] DbFile:41 - Overriding database path with different value: C:\Users\RShah23\.stmcufinder\plugins\mcufinder/ => C:\Users\RShah23\.stmcufinder\plugins\mcufinder
2024-05-06 09:16:55,104 [INFO] DbMcusAds:125 - Set database path to: C:\Users\RShah23\.stmcufinder\plugins\mcufinder//mcu/
2024-05-06 09:16:55,104 [WARN] DbFile:41 - Overriding database path with different value: C:\Users\RShah23\.stmcufinder\plugins\mcufinder/ => C:\Users\RShah23\.stmcufinder\plugins\mcufinder
2024-05-06 09:16:55,104 [WARN] DbFile:41 - Overriding database path with different value: C:\Users\RShah23\.stmcufinder\plugins\mcufinder/ => C:\Users\RShah23\.stmcufinder\plugins\mcufinder
2024-05-06 09:16:55,104 [INFO] CrossReferenceDbSqlite:203 - Set database path to: C:\Users\RShah23\.stmcufinder\plugins\mcufinder//mcu/cs/
2024-05-06 09:16:55,122 [INFO] ApplicationProperties:184 - Using Application install path: C:\ST\STM32CubeIDE_1.14.0\STM32CubeIDE\plugins\com.st.stm32cube.common.mx_6.10.0.202311202037
2024-05-06 09:16:55,124 [INFO] PluginManage:196 - Search for loadable plugins [exclusion list=, ]
2024-05-06 09:16:55,125 [INFO] PluginManage:310 - Check plugin analytics
2024-05-06 09:16:55,334 [INFO] AnalyticsPlugin:253 - Accepted Software Licenses: 
2024-05-06 09:16:55,335 [INFO] AnalyticsPlugin:255 - Accepted CMSIS Pack Licenses: 
2024-05-06 09:16:55,335 [INFO] AnalyticsPlugin:257 - Accepted Firmware Licenses: 
2024-05-06 09:16:55,337 [INFO] PluginManage:359 - Loaded plugin analytics (category:tool,tabindex:-1)
2024-05-06 09:16:55,337 [INFO] PluginManage:310 - Check plugin cadmodel
2024-05-06 09:16:55,351 [INFO] CADModel:105 - Init CAD model plugin
2024-05-06 09:16:55,352 [INFO] PluginManage:359 - Loaded plugin cadmodel (category:power,tabindex:5)
2024-05-06 09:16:55,352 [INFO] PluginManage:310 - Check plugin clock
2024-05-06 09:16:55,374 [INFO] PluginManage:359 - Loaded plugin clock (category:base,tabindex:2)
2024-05-06 09:16:55,374 [INFO] PluginManage:310 - Check plugin ddr
2024-05-06 09:16:55,376 [INFO] PluginManage:359 - Loaded plugin ddr (category:tool,tabindex:6)
2024-05-06 09:16:55,377 [INFO] PluginManage:310 - Check plugin filemanager
2024-05-06 09:16:55,512 [INFO] PluginManage:359 - Loaded plugin filemanager (category:base,tabindex:10)
2024-05-06 09:16:55,512 [INFO] PluginManage:310 - Check plugin ipmanager
2024-05-06 09:16:55,520 [INFO] PluginManage:359 - Loaded plugin ipmanager (category:base,tabindex:5)
2024-05-06 09:16:55,521 [INFO] PluginManage:310 - Check plugin lpbam
2024-05-06 09:16:55,543 [INFO] PluginManage:359 - Loaded plugin lpbam (category:base,tabindex:0)
2024-05-06 09:16:55,543 [INFO] PluginManage:310 - Check plugin memorymap
2024-05-06 09:16:55,571 [INFO] PluginManage:359 - Loaded plugin memorymap (category:base,tabindex:4)
2024-05-06 09:16:55,571 [INFO] PluginManage:310 - Check plugin pinoutandconfiguration
2024-05-06 09:16:55,588 [INFO] PluginManage:359 - Loaded plugin pinoutandconfiguration (category:base,tabindex:1)
2024-05-06 09:16:55,589 [INFO] PluginManage:310 - Check plugin pinoutconfig
2024-05-06 09:16:55,680 [WARN] SupportedApi:132 - Cannot load RTOS API schema: s4s-elt-must-match.1: The content of 'definitions' must match (annotation?, (simpleType | complexType)?, (unique | key | keyref)*)). A problem was found starting at: attribute.
2024-05-06 09:16:55,791 [INFO] PluginManage:359 - Loaded plugin pinoutconfig (category:base,tabindex:0)
2024-05-06 09:16:55,791 [INFO] PluginManage:310 - Check plugin power
2024-05-06 09:16:55,811 [INFO] PluginManage:359 - Loaded plugin power (category:power,tabindex:4)
2024-05-06 09:16:55,811 [INFO] PluginManage:310 - Check plugin projectmanager
2024-05-06 09:16:55,829 [INFO] PluginManage:359 - Loaded plugin projectmanager (category:projectmanager,tabindex:3)
2024-05-06 09:16:55,829 [INFO] PluginManage:310 - Check plugin thirdparty
2024-05-06 09:16:56,073 [INFO] PluginManage:359 - Loaded plugin thirdparty (category:base,tabindex:-1)
2024-05-06 09:16:56,073 [WARN] IntegrityCheckThread:84 - waiting for thirdparty lock release [integrity check]
2024-05-06 09:16:56,073 [INFO] PluginManage:310 - Check plugin tools
2024-05-06 09:16:56,073 [INFO] IntegrityCheckThread:86 - entering critical section [integrity check]
2024-05-06 09:16:56,074 [INFO] ThirdPartyUpdaterWithRetryManager:70 - Updater plugin not ready yet. [1/15]
2024-05-06 09:16:56,107 [INFO] PluginManage:359 - Loaded plugin tools (category:base,tabindex:7)
2024-05-06 09:16:56,107 [INFO] PluginManage:310 - Check plugin tutovideos
2024-05-06 09:16:56,292 [INFO] PluginManage:359 - Loaded plugin tutovideos (category:base,tabindex:-1)
2024-05-06 09:16:56,293 [INFO] PluginManage:310 - Check plugin updater
2024-05-06 09:16:56,303 [INFO] PluginManage:359 - Loaded plugin updater (category:base,tabindex:12)
2024-05-06 09:16:56,303 [INFO] PluginManage:310 - Check plugin userauth
2024-05-06 09:16:56,309 [INFO] UserAuth:114 - Init User Auth plugin
2024-05-06 09:16:56,309 [INFO] PluginManage:359 - Loaded plugin userauth (category:base,tabindex:14)
2024-05-06 09:16:56,309 [INFO] PluginManage:283 - PluginManage : Loaded plugins [17]
2024-05-06 09:16:56,508 [INFO] PinOutPanel:1499 - setPackage(No Configuration,No Configuration)
2024-05-06 09:16:56,583 [INFO] CADModel:165 - CPN selected for project level
2024-05-06 09:16:56,583 [INFO] CADModel:114 - Register for checkConnection events
2024-05-06 09:16:56,609 [INFO] IPUIPlugin:80 - create IPUIPlugin
2024-05-06 09:16:56,609 [INFO] PluginManager:220 - loadIPPluginJar : add adc
2024-05-06 09:16:56,642 [INFO] IPUIPlugin:80 - create IPUIPlugin
2024-05-06 09:16:56,642 [INFO] PluginManager:220 - loadIPPluginJar : add aes
2024-05-06 09:16:56,683 [INFO] IPUIPlugin:80 - create IPUIPlugin
2024-05-06 09:16:56,683 [INFO] PluginManager:220 - loadIPPluginJar : add can
2024-05-06 09:16:56,706 [INFO] IPUIPlugin:80 - create IPUIPlugin
2024-05-06 09:16:56,706 [INFO] PluginManager:220 - loadIPPluginJar : add comp
2024-05-06 09:16:56,739 [INFO] IPUIPlugin:80 - create IPUIPlugin
2024-05-06 09:16:56,740 [INFO] PluginManager:220 - loadIPPluginJar : add cryp
2024-05-06 09:16:56,769 [INFO] IPUIPlugin:80 - create IPUIPlugin
2024-05-06 09:16:56,769 [INFO] PluginManager:220 - loadIPPluginJar : add dfsdm
2024-05-06 09:16:56,782 [INFO] IPUIPlugin:80 - create IPUIPlugin
2024-05-06 09:16:56,783 [INFO] PluginManager:220 - loadIPPluginJar : add dma
2024-05-06 09:16:56,826 [INFO] IPUIPlugin:80 - create IPUIPlugin
2024-05-06 09:16:56,826 [INFO] PluginManager:220 - loadIPPluginJar : add dma3
2024-05-06 09:16:56,847 [INFO] IPUIPlugin:80 - create IPUIPlugin
2024-05-06 09:16:56,847 [INFO] PluginManager:220 - loadIPPluginJar : add fatfs
2024-05-06 09:16:56,891 [INFO] IPUIPlugin:80 - create IPUIPlugin
2024-05-06 09:16:56,892 [INFO] PluginManager:220 - loadIPPluginJar : add fmc
2024-05-06 09:16:56,906 [INFO] IPUIPlugin:80 - create IPUIPlugin
2024-05-06 09:16:56,906 [INFO] PluginManager:220 - loadIPPluginJar : add freertos
2024-05-06 09:16:56,926 [INFO] IPUIPlugin:80 - create IPUIPlugin
2024-05-06 09:16:56,927 [INFO] PluginManager:220 - loadIPPluginJar : add genericplugin
2024-05-06 09:16:57,014 [INFO] IPUIPlugin:80 - create IPUIPlugin
2024-05-06 09:16:57,014 [INFO] PluginManager:220 - loadIPPluginJar : add gfxmmu
2024-05-06 09:16:57,147 [INFO] IPUIPlugin:80 - create IPUIPlugin
2024-05-06 09:16:57,147 [INFO] PluginManager:220 - loadIPPluginJar : add gic
2024-05-06 09:16:57,170 [INFO] IPUIPlugin:80 - create IPUIPlugin
2024-05-06 09:16:57,170 [INFO] PluginManager:220 - loadIPPluginJar : add gpio
2024-05-06 09:16:57,261 [INFO] IPUIPlugin:80 - create IPUIPlugin
2024-05-06 09:16:57,262 [INFO] PluginManager:220 - loadIPPluginJar : add gtzc
2024-05-06 09:16:57,294 [INFO] IPUIPlugin:80 - create IPUIPlugin
2024-05-06 09:16:57,294 [INFO] PluginManager:220 - loadIPPluginJar : add hash
2024-05-06 09:16:57,346 [INFO] IPUIPlugin:80 - create IPUIPlugin
2024-05-06 09:16:57,347 [INFO] PluginManager:220 - loadIPPluginJar : add i2c
2024-05-06 09:16:57,384 [INFO] IPUIPlugin:80 - create IPUIPlugin
2024-05-06 09:16:57,384 [INFO] PluginManager:220 - loadIPPluginJar : add i2s
2024-05-06 09:16:57,424 [INFO] IPUIPlugin:80 - create IPUIPlugin
2024-05-06 09:16:57,425 [INFO] PluginManager:220 - loadIPPluginJar : add i3c
2024-05-06 09:16:57,523 [INFO] IPUIPlugin:80 - create IPUIPlugin
2024-05-06 09:16:57,523 [INFO] PluginManager:220 - loadIPPluginJar : add ipddr
2024-05-06 09:16:57,611 [INFO] IPUIPlugin:80 - create IPUIPlugin
2024-05-06 09:16:57,611 [INFO] PluginManager:220 - loadIPPluginJar : add linkedlist
2024-05-06 09:16:57,654 [INFO] IPUIPlugin:80 - create IPUIPlugin
2024-05-06 09:16:57,654 [INFO] PluginManager:220 - loadIPPluginJar : add lorawan
2024-05-06 09:16:57,690 [INFO] IPUIPlugin:80 - create IPUIPlugin
2024-05-06 09:16:57,690 [INFO] PluginManager:220 - loadIPPluginJar : add ltdc
2024-05-06 09:16:57,705 [INFO] IPUIPlugin:80 - create IPUIPlugin
2024-05-06 09:16:57,705 [INFO] PluginManager:220 - loadIPPluginJar : add mdma
2024-05-06 09:16:57,718 [INFO] IPUIPlugin:80 - create IPUIPlugin
2024-05-06 09:16:57,718 [INFO] PluginManager:220 - loadIPPluginJar : add nvic
2024-05-06 09:16:57,753 [INFO] IPUIPlugin:80 - create IPUIPlugin
2024-05-06 09:16:57,753 [INFO] PluginManager:220 - loadIPPluginJar : add opamp
2024-05-06 09:16:57,809 [INFO] IPUIPlugin:80 - create IPUIPlugin
2024-05-06 09:16:57,809 [INFO] PluginManager:220 - loadIPPluginJar : add openamp
2024-05-06 09:16:57,852 [INFO] IPUIPlugin:80 - create IPUIPlugin
2024-05-06 09:16:57,852 [INFO] PluginManager:220 - loadIPPluginJar : add pdm2pcm
2024-05-06 09:16:57,867 [INFO] IPUIPlugin:80 - create IPUIPlugin
2024-05-06 09:16:57,869 [INFO] PluginManager:220 - loadIPPluginJar : add plateformsettings
2024-05-06 09:16:57,889 [INFO] IPUIPlugin:80 - create IPUIPlugin
2024-05-06 09:16:57,890 [INFO] PluginManager:220 - loadIPPluginJar : add quadspi
2024-05-06 09:16:57,904 [INFO] IPUIPlugin:80 - create IPUIPlugin
2024-05-06 09:16:57,904 [INFO] PluginManager:220 - loadIPPluginJar : add resmgrutility
2024-05-06 09:16:57,949 [INFO] IPUIPlugin:80 - create IPUIPlugin
2024-05-06 09:16:57,949 [INFO] PluginManager:220 - loadIPPluginJar : add sai
2024-05-06 09:16:57,988 [INFO] IPUIPlugin:80 - create IPUIPlugin
2024-05-06 09:16:57,988 [INFO] PluginManager:220 - loadIPPluginJar : add spi
2024-05-06 09:16:58,055 [INFO] IPUIPlugin:80 - create IPUIPlugin
2024-05-06 09:16:58,055 [INFO] PluginManager:220 - loadIPPluginJar : add stm32_wpan
2024-05-06 09:16:58,087 [INFO] IPUIPlugin:80 - create IPUIPlugin
2024-05-06 09:16:58,087 [INFO] PluginManager:220 - loadIPPluginJar : add tim
2024-05-06 09:16:58,143 [INFO] IPUIPlugin:80 - create IPUIPlugin
2024-05-06 09:16:58,143 [INFO] PluginManager:220 - loadIPPluginJar : add touchsensing
2024-05-06 09:16:58,167 [INFO] IPUIPlugin:80 - create IPUIPlugin
2024-05-06 09:16:58,167 [INFO] PluginManager:220 - loadIPPluginJar : add tracer_emb
2024-05-06 09:16:58,190 [INFO] IPUIPlugin:80 - create IPUIPlugin
2024-05-06 09:16:58,190 [INFO] PluginManager:220 - loadIPPluginJar : add ts
2024-05-06 09:16:58,211 [INFO] IPUIPlugin:80 - create IPUIPlugin
2024-05-06 09:16:58,211 [INFO] PluginManager:220 - loadIPPluginJar : add tsc
2024-05-06 09:16:58,233 [INFO] IPUIPlugin:80 - create IPUIPlugin
2024-05-06 09:16:58,233 [INFO] PluginManager:220 - loadIPPluginJar : add ucpd
2024-05-06 09:16:58,277 [INFO] IPUIPlugin:80 - create IPUIPlugin
2024-05-06 09:16:58,277 [INFO] PluginManager:220 - loadIPPluginJar : add usart
2024-05-06 09:16:58,319 [INFO] IPUIPlugin:80 - create IPUIPlugin
2024-05-06 09:16:58,319 [INFO] PluginManager:220 - loadIPPluginJar : add usbx
2024-05-06 09:16:58,444 [INFO] CADModel:165 - CPN selected for project level
2024-05-06 09:16:58,444 [INFO] CADModel:114 - Register for checkConnection events
2024-05-06 09:16:58,444 [FATAL] Updater:308 - Updater called before beeing initialized
2024-05-06 09:16:58,444 [ERROR] CADModel:125 - Updater not yet initialized, retry later 
2024-05-06 09:16:58,582 [INFO] CADModel:165 - CPN selected for project level
2024-05-06 09:16:58,583 [INFO] CADModel:114 - Register for checkConnection events
2024-05-06 09:16:58,583 [FATAL] Updater:308 - Updater called before beeing initialized
2024-05-06 09:16:58,583 [ERROR] CADModel:125 - Updater not yet initialized, retry later 
2024-05-06 09:16:58,585 [FATAL] Updater:308 - Updater called before beeing initialized
2024-05-06 09:16:58,694 [FATAL] Updater:308 - Updater called before beeing initialized
2024-05-06 09:16:58,702 [INFO] DbMcusAds:53 - JSON generation date=Wed Nov 29 04:52:27 CST 2023 (1701255147200)
2024-05-06 09:16:58,702 [FATAL] Updater:308 - Updater called before beeing initialized
2024-05-06 09:16:58,775 [WARN] DetailPanel:346 - Failed to get advertising image, set to default
2024-05-06 09:16:58,872 [FATAL] Updater:308 - Updater called before beeing initialized
2024-05-06 09:16:58,873 [FATAL] Updater:308 - Updater called before beeing initialized
2024-05-06 09:16:58,874 [FATAL] Updater:308 - Updater called before beeing initialized
2024-05-06 09:16:58,874 [WARN] DetailPanel:346 - Failed to get advertising image, set to default
2024-05-06 09:16:58,874 [FATAL] Updater:308 - Updater called before beeing initialized
2024-05-06 09:16:58,929 [ERROR] Updater:1120 - MainUpdater not yet initialized. External WinMGr cannot be set.
2024-05-06 09:16:58,939 [INFO] Updater:1056 - Updater Version found : 6.10.0
2024-05-06 09:16:58,955 [INFO] ApplicationProperties:184 - Using Application install path: C:\ST\STM32CubeIDE_1.14.0\STM32CubeIDE\plugins\com.st.stm32cube.common.mx_6.10.0.202311202037
2024-05-06 09:16:59,075 [INFO] ThirdPartyUpdaterWithRetryManager:70 - Updater plugin not ready yet. [2/15]
2024-05-06 09:16:59,291 [INFO] MainUpdater:2873 - connection check result : 10
2024-05-06 09:16:59,291 [INFO] MainUpdater:3567 - Updater definition file requires update
2024-05-06 09:16:59,292 [INFO] MainUpdater:290 - Updater Check For Update Now.
2024-05-06 09:16:59,292 [INFO] MicroXplorer:498 - Change Database Version : DB.6.0.100
2024-05-06 09:16:59,307 [INFO] McuFinderGlobals:63 - Set McuFinder mode to 2 (CubeIDE integrated)
2024-05-06 09:16:59,307 [INFO] UserAuth:180 - activating auth plugin
2024-05-06 09:16:59,310 [INFO] UserAuth:404 - Internet connection configuration mode: 1
2024-05-06 09:16:59,332 [INFO] JxBrowserEngine:152 - Initiate JxBrowser Engine with user profile folder
2024-05-06 09:16:59,338 [INFO] ServerAccessManage:473 - Download File updaters.zip
2024-05-06 09:16:59,475 [INFO] FileExtend:240 - Unzip File : updaters.zip
2024-05-06 09:16:59,475 [INFO] FileExtend:255 - Standard Zip Deflate
2024-05-06 09:17:02,075 [WARN] MainUpdater:1194 - Updater busy. Cannot search thirdparties
2024-05-06 09:17:02,075 [INFO] ThirdPartyUpdaterWithRetryManager:96 - Updater plugin is busy. [1/15]
2024-05-06 09:17:02,117 [INFO] WebApp:161 - Instantiating new browser for Auth
2024-05-06 09:17:02,337 [INFO] ServerAccessManage:473 - Download File PacksControlFlags.xml
2024-05-06 09:17:02,437 [INFO] ServerAccessManage:473 - Download File cubemx.pidx
2024-05-06 09:17:02,708 [INFO] WebApp:780 - Register for checkConnection events
2024-05-06 09:17:02,709 [INFO] WebApp:414 - Apply proxy settings
2024-05-06 09:17:02,709 [INFO] WebApp:499 - Chromium requires no authentication
2024-05-06 09:17:02,715 [INFO] WebApp:442 - Direct internet connection detected
2024-05-06 09:17:02,805 [INFO] ServerAccessManage:473 - Download File STMicroelectronics.FP-SNS-MOTENV1.pdsc
2024-05-06 09:17:02,873 [INFO] WebApp:192 - Starting web application
2024-05-06 09:17:02,873 [INFO] WebApp:544 - Web application path used C:\ST\STM32CubeIDE_1.14.0\STM32CubeIDE\plugins\com.st.stm32cube.common.mx_6.10.0.202311202037\db\plugins\mcufinder\reactClient1\index.html
2024-05-06 09:17:03,275 [INFO] ServerAccessManage:473 - Download File STMicroelectronics.FP-SNS-MOTENVWB1.pdsc
2024-05-06 09:17:03,638 [INFO] ServerAccessManage:473 - Download File STMicroelectronics.X-CUBE-AI.pdsc
2024-05-06 09:17:05,076 [WARN] MainUpdater:1194 - Updater busy. Cannot search thirdparties
2024-05-06 09:17:05,076 [INFO] ThirdPartyUpdaterWithRetryManager:96 - Updater plugin is busy. [2/15]
2024-05-06 09:17:05,419 [INFO] ServerAccessManage:473 - Download File STMicroelectronics.X-CUBE-FREERTOS.pdsc
2024-05-06 09:17:05,975 [INFO] ServerAccessManage:473 - Download File STMicroelectronics.X-CUBE-NFC6.pdsc
2024-05-06 09:17:06,559 [INFO] ServerAccessManage:473 - Download File STMicroelectronics.X-CUBE-SAFEA1.pdsc
2024-05-06 09:17:06,794 [INFO] ServerAccessManage:473 - Download File STMicroelectronics.X-CUBE-TCPP.pdsc
2024-05-06 09:17:07,074 [INFO] ServerAccessManage:473 - Download File STMicroelectronics.X-CUBE-TOUCHGFX.pdsc
2024-05-06 09:17:08,078 [WARN] MainUpdater:1194 - Updater busy. Cannot search thirdparties
2024-05-06 09:17:08,078 [INFO] ThirdPartyUpdaterWithRetryManager:96 - Updater plugin is busy. [3/15]
2024-05-06 09:17:09,264 [INFO] ServerAccessManage:473 - Download File STMicroelectronics.X-CUBE-AZRTOS-H7RS.pdsc
2024-05-06 09:17:10,371 [INFO] ServerAccessManage:473 - Download File Cesanta.I-CUBE-Mongoose.pdsc
2024-05-06 09:17:11,080 [WARN] MainUpdater:1194 - Updater busy. Cannot search thirdparties
2024-05-06 09:17:11,080 [INFO] ThirdPartyUpdaterWithRetryManager:96 - Updater plugin is busy. [4/15]
2024-05-06 09:17:11,504 [ERROR] ServerAccessManage:1089 - Problem, file not found on Server
2024-05-06 09:17:11,585 [WARN] PackLoader:240 - Cannot read IP mode file for STMicroelectronics.FP-SNS-MOTENV1.5.0.0
2024-05-06 09:17:11,596 [WARN] PackLoader:240 - Cannot read IP mode file for STMicroelectronics.FP-SNS-MOTENVWB1.1.4.0
2024-05-06 09:17:11,601 [WARN] PackLoader:240 - Cannot read IP mode file for STMicroelectronics.X-CUBE-AI.9.0.0
2024-05-06 09:17:11,610 [WARN] PackLoader:240 - Cannot read IP mode file for STMicroelectronics.X-CUBE-FREERTOS.1.2.0
2024-05-06 09:17:11,622 [WARN] PackLoader:240 - Cannot read IP mode file for STMicroelectronics.X-CUBE-NFC6.3.1.0
2024-05-06 09:17:11,630 [WARN] PackLoader:240 - Cannot read IP mode file for STMicroelectronics.X-CUBE-SAFEA1.1.2.2
2024-05-06 09:17:11,640 [WARN] PackLoader:240 - Cannot read IP mode file for STMicroelectronics.X-CUBE-TCPP.4.1.0
2024-05-06 09:17:11,644 [WARN] PackLoader:240 - Cannot read IP mode file for STMicroelectronics.X-CUBE-TOUCHGFX.4.23.2
2024-05-06 09:17:11,660 [WARN] PackLoader:240 - Cannot read IP mode file for STMicroelectronics.X-CUBE-AZRTOS-H7RS.1.0.0
2024-05-06 09:17:11,665 [WARN] PackLoader:240 - Cannot read IP mode file for Cesanta.I-CUBE-Mongoose.7.13.0
2024-05-06 09:17:11,666 [INFO] PopulateThirdPartyThread:66 - Ending populate Thread
2024-05-06 09:17:11,667 [INFO] ThirdParty:1030 - CMSIS Pack Vendor :STMicroelectronics X-CUBE-FREERTOS 1.2.0
2024-05-06 09:17:11,667 [INFO] ThirdParty:1030 - CMSIS Pack Vendor :Cesanta I-CUBE-Mongoose 7.13.0
2024-05-06 09:17:11,667 [INFO] ThirdParty:1030 - CMSIS Pack Vendor :STMicroelectronics FP-SNS-MOTENVWB1 1.4.0
2024-05-06 09:17:11,667 [INFO] ThirdParty:1030 - CMSIS Pack Vendor :STMicroelectronics X-CUBE-AI 9.0.0
2024-05-06 09:17:11,667 [INFO] ThirdParty:1030 - CMSIS Pack Vendor :STMicroelectronics X-CUBE-TOUCHGFX 4.23.2
2024-05-06 09:17:11,667 [INFO] ThirdParty:1030 - CMSIS Pack Vendor :STMicroelectronics FP-SNS-MOTENV1 5.0.0
2024-05-06 09:17:11,667 [INFO] ThirdParty:1030 - CMSIS Pack Vendor :STMicroelectronics X-CUBE-SAFEA1 1.2.2
2024-05-06 09:17:11,668 [INFO] ThirdParty:1030 - CMSIS Pack Vendor :STMicroelectronics X-CUBE-NFC6 3.1.0
2024-05-06 09:17:11,668 [INFO] ThirdParty:1030 - CMSIS Pack Vendor :STMicroelectronics X-CUBE-TCPP 4.1.0
2024-05-06 09:17:11,668 [INFO] ThirdParty:1030 - CMSIS Pack Vendor :STMicroelectronics X-CUBE-AZRTOS-H7RS 1.0.0
2024-05-06 09:17:11,668 [INFO] LoadServerUpdatesThread:375 - End of LoadServerUpdate Thread
2024-05-06 09:17:11,715 [INFO] CheckServerUpdateThread:120 - End of CheckServer Thread
2024-05-06 09:17:14,270 [WARN] PackLoader:240 - Cannot read IP mode file for STMicroelectronics.FP-SNS-MOTENVWB1.1.4.0
2024-05-06 09:17:14,289 [WARN] PackLoader:240 - Cannot read IP mode file for STMicroelectronics.X-CUBE-SMBUS.2.1.0
2024-05-06 09:17:14,304 [WARN] PackLoader:240 - Cannot read IP mode file for STMicroelectronics.X-CUBE-TOUCHGFX.4.23.0
2024-05-06 09:17:14,305 [WARN] PackLoader:240 - Cannot read IP mode file for STMicroelectronics.X-CUBE-TOUCHGFX.4.23.2
2024-05-06 09:17:14,333 [WARN] PackLoader:240 - Cannot read IP mode file for STMicroelectronics.X-CUBE-AZRTOS-F7.1.1.0
2024-05-06 09:17:14,346 [WARN] PackLoader:240 - Cannot read IP mode file for STMicroelectronics.FP-SNS-MOTENV1.4.3.2
2024-05-06 09:17:14,353 [WARN] PackLoader:240 - Cannot read IP mode file for STMicroelectronics.FP-SNS-FLIGHT1.5.0.2
2024-05-06 09:17:14,366 [WARN] PackLoader:240 - Cannot read IP mode file for STMicroelectronics.X-CUBE-DISPLAY.3.0.0
2024-05-06 09:17:14,381 [WARN] PackLoader:240 - Cannot read IP mode file for STMicroelectronics.X-CUBE-BLE1.7.0.0
2024-05-06 09:17:14,393 [WARN] PackLoader:240 - Cannot read IP mode file for emotas.I-CUBE-CANOPEN.1.3.0
2024-05-06 09:17:14,407 [WARN] PackLoader:240 - Cannot read IP mode file for STMicroelectronics.X-CUBE-BLEMGR.3.1.0
2024-05-06 09:17:14,420 [WARN] PackLoader:240 - Cannot read IP mode file for STMicroelectronics.FP-SNS-SMARTAG2.1.2.0
2024-05-06 09:17:14,439 [INFO] LogOutputStream:77 - [STDOUT_REDIRECT] 1 : Invalid condition id : UX_CORESTACK_Condition cause : null
2024-05-06 09:17:14,439 [INFO] LogOutputStream:77 - [STDOUT_REDIRECT] 1 : Invalid condition id : UX_CORESTACK_Condition cause : null
2024-05-06 09:17:14,440 [INFO] LogOutputStream:77 - [STDOUT_REDIRECT] 1 : Invalid condition id : UX_CORESTACK_Condition cause : null
2024-05-06 09:17:14,441 [INFO] LogOutputStream:77 - [STDOUT_REDIRECT] 1 : Invalid condition id : UX_CORESTACK_Condition cause : null
2024-05-06 09:17:14,442 [INFO] LogOutputStream:77 - [STDOUT_REDIRECT] 1 : Invalid condition id : UX_CORESTACK_Condition cause : null
2024-05-06 09:17:14,444 [WARN] PackLoader:240 - Cannot read IP mode file for STMicroelectronics.X-CUBE-AZRTOS-WL.2.0.0
2024-05-06 09:17:14,448 [WARN] PackLoader:240 - Cannot read IP mode file for STMicroelectronics.FP-SNS-MOTENV1.5.0.0
2024-05-06 09:17:14,462 [WARN] PackLoader:240 - Cannot read IP mode file for WES.I-CUBE-Cesium.1.3.0
2024-05-06 09:17:14,474 [WARN] PackLoader:240 - Cannot read IP mode file for STMicroelectronics.X-CUBE-BLE2.3.3.0
2024-05-06 09:17:14,478 [WARN] PackLoader:240 - Cannot read IP mode file for STMicroelectronics.X-CUBE-TCPP.4.1.0
2024-05-06 09:17:14,493 [WARN] PackLoader:240 - Cannot read IP mode file for STMicroelectronics.X-CUBE-ALGOBUILD.1.3.0
2024-05-06 09:17:14,520 [WARN] PackLoader:240 - Cannot read IP mode file for STMicroelectronics.X-CUBE-AZRTOS-G0.1.1.0
2024-05-06 09:17:14,525 [WARN] PackLoader:240 - Cannot read IP mode file for STMicroelectronics.X-CUBE-SAFEA1.1.2.2
2024-05-06 09:17:14,537 [WARN] PackLoader:240 - Cannot read IP mode file for STMicroelectronics.X-CUBE-NFC4.3.0.0
2024-05-06 09:17:14,552 [WARN] PackLoader:240 - Cannot read IP mode file for STMicroelectronics.X-CUBE-BLEMGR.3.0.0
2024-05-06 09:17:14,558 [WARN] PackLoader:240 - Cannot read IP mode file for STMicroelectronics.FP-ATR-SIGFOX1.3.2.0
2024-05-06 09:17:14,571 [WARN] PackLoader:240 - Cannot read IP mode file for STMicroelectronics.X-CUBE-EEPRMA1.5.1.0
2024-05-06 09:17:14,604 [WARN] PackLoader:240 - Cannot read IP mode file for SEGGER.I-CUBE-embOS.1.3.1
2024-05-06 09:17:14,642 [WARN] PackLoader:240 - Cannot read IP mode file for STMicroelectronics.X-CUBE-GNSS1.6.0.0
2024-05-06 09:17:14,666 [WARN] PackLoader:240 - Cannot read IP mode file for STMicroelectronics.X-CUBE-AZRTOS-F4.1.1.0
2024-05-06 09:17:14,672 [WARN] PackLoader:240 - Cannot read IP mode file for STMicroelectronics.X-CUBE-FREERTOS.1.2.0
2024-05-06 09:17:14,684 [WARN] PackLoader:240 - Cannot read IP mode file for wolfSSL.I-CUBE-wolfSSL.5.6.6
2024-05-06 09:17:14,708 [WARN] PackLoader:240 - Cannot read IP mode file for STMicroelectronics.X-CUBE-AZRTOS-L5.2.0.0
2024-05-06 09:17:14,721 [WARN] PackLoader:240 - Cannot read IP mode file for STMicroelectronics.X-CUBE-EEPRMA1.4.2.0
2024-05-06 09:17:14,726 [WARN] PackLoader:240 - Cannot read IP mode file for STMicroelectronics.X-CUBE-NFC6.3.1.0
2024-05-06 09:17:14,741 [WARN] PackLoader:240 - Cannot read IP mode file for ITTIA_DB.I-CUBE-ITTIADB.8.8.0
2024-05-06 09:17:14,744 [WARN] PackLoader:240 - Cannot read IP mode file for STMicroelectronics.X-CUBE-AI.9.0.0
2024-05-06 09:17:14,756 [WARN] PackLoader:240 - Cannot read IP mode file for STMicroelectronics.X-CUBE-NFC7.1.0.1
2024-05-06 09:17:14,770 [WARN] PackLoader:240 - Cannot read IP mode file for STMicroelectronics.X-CUBE-NFC6.3.0.0
2024-05-06 09:17:14,781 [WARN] PackLoader:240 - Cannot read IP mode file for STMicroelectronics.X-CUBE-AI.8.1.0
2024-05-06 09:17:14,810 [WARN] ConditionMgr:438 - getConditionDescription Invalid condition id : LAN8742 Phy interface Condition cause : null
2024-05-06 09:17:14,810 [WARN] PackLoader:240 - Cannot read IP mode file for STMicroelectronics.X-CUBE-AZRTOS-L4.2.0.0
2024-05-06 09:17:14,811 [WARN] ConditionMgr:1039 - genDependencies : Invalid condition id : LAN8742 Phy interface Condition cause : null
2024-05-06 09:17:14,812 [WARN] ConditionMgr:1039 - genDependencies : Invalid condition id : LAN8742 Phy interface Condition cause : null
2024-05-06 09:17:14,812 [WARN] ConditionMgr:1039 - genDependencies : Invalid condition id : LAN8742 Phy interface Condition cause : null
2024-05-06 09:17:14,825 [WARN] PackLoader:240 - Cannot read IP mode file for STMicroelectronics.X-CUBE-SFXS2LP1.4.0.0
2024-05-06 09:17:14,845 [WARN] ConditionMgr:438 - getConditionDescription Invalid condition id : UX DEVICE CLASS RTOS Condition cause : null
2024-05-06 09:17:14,845 [WARN] ConditionMgr:438 - getConditionDescription Invalid condition id : UX DEVICE CLASS RTOS Condition cause : null
2024-05-06 09:17:14,847 [WARN] PackLoader:240 - Cannot read IP mode file for STMicroelectronics.X-CUBE-AZRTOS-WB.2.0.0
2024-05-06 09:17:14,847 [WARN] ConditionMgr:1039 - genDependencies : Invalid condition id : UX DEVICE CLASS RTOS Condition cause : null
2024-05-06 09:17:14,847 [WARN] ConditionMgr:1039 - genDependencies : Invalid condition id : UX DEVICE CLASS RTOS Condition cause : null
2024-05-06 09:17:14,847 [WARN] ConditionMgr:1039 - genDependencies : Invalid condition id : UX DEVICE CLASS RTOS Condition cause : null
2024-05-06 09:17:14,848 [WARN] ConditionMgr:1039 - genDependencies : Invalid condition id : UX DEVICE CLASS RTOS Condition cause : null
2024-05-06 09:17:14,848 [WARN] ConditionMgr:1039 - genDependencies : Invalid condition id : UX DEVICE CLASS RTOS Condition cause : null
2024-05-06 09:17:14,864 [WARN] PackLoader:240 - Cannot read IP mode file for STMicroelectronics.X-CUBE-SUBG2.5.0.0
2024-05-06 09:17:14,888 [WARN] PackLoader:240 - Cannot read IP mode file for STMicroelectronics.X-CUBE-AZRTOS-G4.2.0.0
2024-05-06 09:17:14,909 [WARN] PackLoader:240 - Cannot read IP mode file for Infineon.AIROC-Wi-Fi-Bluetooth-STM32.1.5.1
2024-05-06 09:17:14,916 [WARN] PackLoader:240 - Cannot read IP mode file for STMicroelectronics.FP-SNS-MOTENVWB1.1.3.1
2024-05-06 09:17:14,927 [WARN] PackLoader:240 - Cannot read IP mode file for STMicroelectronics.X-CUBE-ISPU.2.0.0
2024-05-06 09:17:14,970 [WARN] PackLoader:240 - Cannot read IP mode file for STMicroelectronics.X-CUBE-MEMS1.10.0.0
2024-05-06 09:17:15,072 [WARN] PackLoader:240 - Cannot read IP mode file for STMicroelectronics.X-CUBE-FREERTOS.1.1.0
2024-05-06 09:17:15,085 [WARN] PackLoader:240 - Cannot read IP mode file for portGmbH.I-Cube-SoM-uGOAL.1.1.0
2024-05-06 09:17:15,098 [WARN] PackLoader:240 - Cannot read IP mode file for STMicroelectronics.X-CUBE-ALS.1.0.1
2024-05-06 09:17:15,110 [WARN] PackLoader:240 - Cannot read IP mode file for STMicroelectronics.X-CUBE-AZRTOS-H7RS.1.0.0
2024-05-06 09:17:15,122 [WARN] PackLoader:240 - Cannot read IP mode file for STMicroelectronics.FP-ATR-ASTRA1.2.0.0
2024-05-06 09:17:15,140 [WARN] PackLoader:240 - Cannot read IP mode file for STMicroelectronics.X-CUBE-TOF1.3.4.0
2024-05-06 09:17:15,165 [WARN] PackLoader:240 - Cannot read IP mode file for STMicroelectronics.X-CUBE-TOF1.3.4.1
2024-05-06 09:17:15,200 [WARN] PackLoader:240 - Cannot read IP mode file for STMicroelectronics.X-CUBE-AZRTOS-H7.3.2.0
2024-05-06 09:17:15,202 [INFO] ThirdParty:978 - Integrity check success = true
2024-05-06 09:17:15,202 [INFO] IntegrityCheckThread:100 - exiting critical section [integrity check]
2024-05-06 09:17:15,202 [INFO] IntegrityCheckThread:103 - End integrity checks thread
2024-05-06 09:17:23,695 [ERROR] LogOutputStream:75 - [STDERR_REDIRECT] SLF4J: Failed to load class "org.slf4j.impl.StaticLoggerBinder".
2024-05-06 09:17:23,695 [ERROR] LogOutputStream:75 - [STDERR_REDIRECT] SLF4J: Defaulting to no-operation (NOP) logger implementation
2024-05-06 09:17:23,696 [ERROR] LogOutputStream:75 - [STDERR_REDIRECT] SLF4J: See http://www.slf4j.org/codes.html#StaticLoggerBinder for further details.
