2024-07-12 13:26:07,630 [INFO] Activator:176 - 


2024-07-12 13:26:07,635 [INFO] Activator:177 - !SESSION log4j initialized
2024-07-12 13:26:12,684 [INFO] LogOutputStream:77 - [STDOUT_REDIRECT] 
2024-07-12 13:26:13,786 [INFO] ApplicationProperties:184 - Using Application install path: C:\ST\STM32CubeIDE_1.14.0\STM32CubeIDE\plugins\com.st.stm32cube.common.mx_6.10.0.202311202037
2024-07-12 13:26:13,800 [INFO] DbMcusXml:78 - Set database path to: C:\ST\STM32CubeIDE_1.14.0\STM32CubeIDE\plugins\com.st.stm32cube.common.mx_6.10.0.202311202037\\db\/mcu/
2024-07-12 13:26:13,801 [INFO] ApiDb:274 - Set plugin database path to: C:\ST\STM32CubeIDE_1.14.0\STM32CubeIDE\plugins\com.st.stm32cube.common.mx_6.10.0.202311202037\\db\/plugins/boardmanager/
2024-07-12 13:26:13,801 [WARN] ApiDb:259 - Overriding images path with different value:  => C:\ST\STM32CubeIDE_1.14.0\STM32CubeIDE\plugins\com.st.stm32cube.common.mx_6.10.0.202311202037\\db\/plugins/mcufinder/images/
2024-07-12 13:26:13,807 [INFO] ApiDb:250 - Set database path to: C:\Users\RShah23\.stmcufinder\plugins\mcufinder//mcu/
2024-07-12 13:26:13,807 [INFO] DbMcusAds:125 - Set database path to: C:\Users\RShah23\.stmcufinder\plugins\mcufinder//mcu/
2024-07-12 13:26:13,809 [INFO] CrossReferenceDbSqlite:203 - Set database path to: C:\Users\RShah23\.stmcufinder\plugins\mcufinder//mcu/cs/
2024-07-12 13:26:13,902 [INFO] RulesReader:64 - Compatibility file has been processed (297 Rules)
2024-07-12 13:26:13,988 [INFO] DbMcusXml:78 - Set database path to: C:\ST\STM32CubeIDE_1.14.0\STM32CubeIDE\plugins\com.st.stm32cube.common.mx_6.10.0.202311202037\\db\/mcu/
2024-07-12 13:26:13,988 [INFO] ApiDb:274 - Set plugin database path to: C:\ST\STM32CubeIDE_1.14.0\STM32CubeIDE\plugins\com.st.stm32cube.common.mx_6.10.0.202311202037\\db\/plugins/boardmanager/
2024-07-12 13:26:13,988 [INFO] ApiDb:261 - Set plugin images path to: C:\ST\STM32CubeIDE_1.14.0\STM32CubeIDE\plugins\com.st.stm32cube.common.mx_6.10.0.202311202037\\db\/plugins/mcufinder/images/
2024-07-12 13:26:13,988 [WARN] DbFile:41 - Overriding database path with different value: C:\Users\RShah23\.stmcufinder\plugins\mcufinder/ => C:\Users\RShah23\.stmcufinder\plugins\mcufinder
2024-07-12 13:26:13,988 [INFO] ApiDb:250 - Set database path to: C:\Users\RShah23\.stmcufinder\plugins\mcufinder//mcu/
2024-07-12 13:26:13,988 [WARN] DbFile:41 - Overriding database path with different value: C:\Users\RShah23\.stmcufinder\plugins\mcufinder/ => C:\Users\RShah23\.stmcufinder\plugins\mcufinder
2024-07-12 13:26:13,988 [INFO] DbMcusAds:125 - Set database path to: C:\Users\RShah23\.stmcufinder\plugins\mcufinder//mcu/
2024-07-12 13:26:13,988 [WARN] DbFile:41 - Overriding database path with different value: C:\Users\RShah23\.stmcufinder\plugins\mcufinder/ => C:\Users\RShah23\.stmcufinder\plugins\mcufinder
2024-07-12 13:26:13,988 [WARN] DbFile:41 - Overriding database path with different value: C:\Users\RShah23\.stmcufinder\plugins\mcufinder/ => C:\Users\RShah23\.stmcufinder\plugins\mcufinder
2024-07-12 13:26:13,989 [INFO] CrossReferenceDbSqlite:203 - Set database path to: C:\Users\RShah23\.stmcufinder\plugins\mcufinder//mcu/cs/
2024-07-12 13:26:14,058 [INFO] MainPanel:264 - HeapMemory: 268435456
2024-07-12 13:26:14,118 [INFO] DbMcusXml:78 - Set database path to: C:\ST\STM32CubeIDE_1.14.0\STM32CubeIDE\plugins\com.st.stm32cube.common.mx_6.10.0.202311202037\\db\/mcu/
2024-07-12 13:26:14,118 [INFO] ApiDb:274 - Set plugin database path to: C:\ST\STM32CubeIDE_1.14.0\STM32CubeIDE\plugins\com.st.stm32cube.common.mx_6.10.0.202311202037\\db\/plugins/boardmanager/
2024-07-12 13:26:14,119 [INFO] ApiDb:261 - Set plugin images path to: C:\ST\STM32CubeIDE_1.14.0\STM32CubeIDE\plugins\com.st.stm32cube.common.mx_6.10.0.202311202037\\db\/plugins/mcufinder/images/
2024-07-12 13:26:14,119 [WARN] DbFile:41 - Overriding database path with different value: C:\Users\RShah23\.stmcufinder\plugins\mcufinder/ => C:\Users\RShah23\.stmcufinder\plugins\mcufinder
2024-07-12 13:26:14,119 [INFO] ApiDb:250 - Set database path to: C:\Users\RShah23\.stmcufinder\plugins\mcufinder//mcu/
2024-07-12 13:26:14,119 [WARN] DbFile:41 - Overriding database path with different value: C:\Users\RShah23\.stmcufinder\plugins\mcufinder/ => C:\Users\RShah23\.stmcufinder\plugins\mcufinder
2024-07-12 13:26:14,119 [INFO] DbMcusAds:125 - Set database path to: C:\Users\RShah23\.stmcufinder\plugins\mcufinder//mcu/
2024-07-12 13:26:14,119 [WARN] DbFile:41 - Overriding database path with different value: C:\Users\RShah23\.stmcufinder\plugins\mcufinder/ => C:\Users\RShah23\.stmcufinder\plugins\mcufinder
2024-07-12 13:26:14,119 [WARN] DbFile:41 - Overriding database path with different value: C:\Users\RShah23\.stmcufinder\plugins\mcufinder/ => C:\Users\RShah23\.stmcufinder\plugins\mcufinder
2024-07-12 13:26:14,119 [INFO] CrossReferenceDbSqlite:203 - Set database path to: C:\Users\RShah23\.stmcufinder\plugins\mcufinder//mcu/cs/
2024-07-12 13:26:14,134 [INFO] ApplicationProperties:184 - Using Application install path: C:\ST\STM32CubeIDE_1.14.0\STM32CubeIDE\plugins\com.st.stm32cube.common.mx_6.10.0.202311202037
2024-07-12 13:26:14,134 [INFO] PluginManage:196 - Search for loadable plugins [exclusion list=, ]
2024-07-12 13:26:14,136 [INFO] PluginManage:310 - Check plugin analytics
2024-07-12 13:26:14,269 [INFO] AnalyticsPlugin:253 - Accepted Software Licenses: 
2024-07-12 13:26:14,270 [INFO] AnalyticsPlugin:255 - Accepted CMSIS Pack Licenses: 
2024-07-12 13:26:14,270 [INFO] AnalyticsPlugin:257 - Accepted Firmware Licenses: 
2024-07-12 13:26:14,274 [INFO] PluginManage:359 - Loaded plugin analytics (category:tool,tabindex:-1)
2024-07-12 13:26:14,275 [INFO] PluginManage:310 - Check plugin cadmodel
2024-07-12 13:26:14,287 [INFO] CADModel:105 - Init CAD model plugin
2024-07-12 13:26:14,287 [INFO] PluginManage:359 - Loaded plugin cadmodel (category:power,tabindex:5)
2024-07-12 13:26:14,287 [INFO] PluginManage:310 - Check plugin clock
2024-07-12 13:26:14,303 [INFO] PluginManage:359 - Loaded plugin clock (category:base,tabindex:2)
2024-07-12 13:26:14,304 [INFO] PluginManage:310 - Check plugin ddr
2024-07-12 13:26:14,305 [INFO] PluginManage:359 - Loaded plugin ddr (category:tool,tabindex:6)
2024-07-12 13:26:14,305 [INFO] PluginManage:310 - Check plugin filemanager
2024-07-12 13:26:14,415 [INFO] PluginManage:359 - Loaded plugin filemanager (category:base,tabindex:10)
2024-07-12 13:26:14,415 [INFO] PluginManage:310 - Check plugin ipmanager
2024-07-12 13:26:14,422 [INFO] PluginManage:359 - Loaded plugin ipmanager (category:base,tabindex:5)
2024-07-12 13:26:14,422 [INFO] PluginManage:310 - Check plugin lpbam
2024-07-12 13:26:14,436 [INFO] PluginManage:359 - Loaded plugin lpbam (category:base,tabindex:0)
2024-07-12 13:26:14,436 [INFO] PluginManage:310 - Check plugin memorymap
2024-07-12 13:26:14,454 [INFO] PluginManage:359 - Loaded plugin memorymap (category:base,tabindex:4)
2024-07-12 13:26:14,455 [INFO] PluginManage:310 - Check plugin pinoutandconfiguration
2024-07-12 13:26:14,468 [INFO] PluginManage:359 - Loaded plugin pinoutandconfiguration (category:base,tabindex:1)
2024-07-12 13:26:14,469 [INFO] PluginManage:310 - Check plugin pinoutconfig
2024-07-12 13:26:14,560 [WARN] SupportedApi:132 - Cannot load RTOS API schema: s4s-elt-must-match.1: The content of 'definitions' must match (annotation?, (simpleType | complexType)?, (unique | key | keyref)*)). A problem was found starting at: attribute.
2024-07-12 13:26:14,671 [INFO] PluginManage:359 - Loaded plugin pinoutconfig (category:base,tabindex:0)
2024-07-12 13:26:14,671 [INFO] PluginManage:310 - Check plugin power
2024-07-12 13:26:14,685 [INFO] PluginManage:359 - Loaded plugin power (category:power,tabindex:4)
2024-07-12 13:26:14,685 [INFO] PluginManage:310 - Check plugin projectmanager
2024-07-12 13:26:14,698 [INFO] PluginManage:359 - Loaded plugin projectmanager (category:projectmanager,tabindex:3)
2024-07-12 13:26:14,698 [INFO] PluginManage:310 - Check plugin thirdparty
2024-07-12 13:26:14,929 [INFO] PluginManage:359 - Loaded plugin thirdparty (category:base,tabindex:-1)
2024-07-12 13:26:14,929 [INFO] PluginManage:310 - Check plugin tools
2024-07-12 13:26:14,929 [WARN] IntegrityCheckThread:84 - waiting for thirdparty lock release [integrity check]
2024-07-12 13:26:14,930 [INFO] IntegrityCheckThread:86 - entering critical section [integrity check]
2024-07-12 13:26:14,930 [INFO] ThirdPartyUpdaterWithRetryManager:70 - Updater plugin not ready yet. [1/15]
2024-07-12 13:26:14,963 [INFO] PluginManage:359 - Loaded plugin tools (category:base,tabindex:7)
2024-07-12 13:26:14,963 [INFO] PluginManage:310 - Check plugin tutovideos
2024-07-12 13:26:15,107 [INFO] PluginManage:359 - Loaded plugin tutovideos (category:base,tabindex:-1)
2024-07-12 13:26:15,107 [INFO] PluginManage:310 - Check plugin updater
2024-07-12 13:26:15,118 [INFO] PluginManage:359 - Loaded plugin updater (category:base,tabindex:12)
2024-07-12 13:26:15,118 [INFO] PluginManage:310 - Check plugin userauth
2024-07-12 13:26:15,122 [INFO] UserAuth:114 - Init User Auth plugin
2024-07-12 13:26:15,122 [INFO] PluginManage:359 - Loaded plugin userauth (category:base,tabindex:14)
2024-07-12 13:26:15,123 [INFO] PluginManage:283 - PluginManage : Loaded plugins [17]
2024-07-12 13:26:15,302 [INFO] PinOutPanel:1499 - setPackage(No Configuration,No Configuration)
2024-07-12 13:26:15,376 [INFO] CADModel:165 - CPN selected for project level
2024-07-12 13:26:15,376 [INFO] CADModel:114 - Register for checkConnection events
2024-07-12 13:26:15,398 [INFO] IPUIPlugin:80 - create IPUIPlugin
2024-07-12 13:26:15,398 [INFO] PluginManager:220 - loadIPPluginJar : add adc
2024-07-12 13:26:15,432 [INFO] IPUIPlugin:80 - create IPUIPlugin
2024-07-12 13:26:15,432 [INFO] PluginManager:220 - loadIPPluginJar : add aes
2024-07-12 13:26:15,469 [INFO] IPUIPlugin:80 - create IPUIPlugin
2024-07-12 13:26:15,469 [INFO] PluginManager:220 - loadIPPluginJar : add can
2024-07-12 13:26:15,491 [INFO] IPUIPlugin:80 - create IPUIPlugin
2024-07-12 13:26:15,491 [INFO] PluginManager:220 - loadIPPluginJar : add comp
2024-07-12 13:26:15,519 [INFO] IPUIPlugin:80 - create IPUIPlugin
2024-07-12 13:26:15,519 [INFO] PluginManager:220 - loadIPPluginJar : add cryp
2024-07-12 13:26:15,548 [INFO] IPUIPlugin:80 - create IPUIPlugin
2024-07-12 13:26:15,548 [INFO] PluginManager:220 - loadIPPluginJar : add dfsdm
2024-07-12 13:26:15,560 [INFO] IPUIPlugin:80 - create IPUIPlugin
2024-07-12 13:26:15,561 [INFO] PluginManager:220 - loadIPPluginJar : add dma
2024-07-12 13:26:15,599 [INFO] IPUIPlugin:80 - create IPUIPlugin
2024-07-12 13:26:15,599 [INFO] PluginManager:220 - loadIPPluginJar : add dma3
2024-07-12 13:26:15,617 [INFO] IPUIPlugin:80 - create IPUIPlugin
2024-07-12 13:26:15,617 [INFO] PluginManager:220 - loadIPPluginJar : add fatfs
2024-07-12 13:26:15,659 [INFO] IPUIPlugin:80 - create IPUIPlugin
2024-07-12 13:26:15,659 [INFO] PluginManager:220 - loadIPPluginJar : add fmc
2024-07-12 13:26:15,675 [INFO] IPUIPlugin:80 - create IPUIPlugin
2024-07-12 13:26:15,675 [INFO] PluginManager:220 - loadIPPluginJar : add freertos
2024-07-12 13:26:15,696 [INFO] IPUIPlugin:80 - create IPUIPlugin
2024-07-12 13:26:15,697 [INFO] PluginManager:220 - loadIPPluginJar : add genericplugin
2024-07-12 13:26:15,788 [INFO] IPUIPlugin:80 - create IPUIPlugin
2024-07-12 13:26:15,789 [INFO] PluginManager:220 - loadIPPluginJar : add gfxmmu
2024-07-12 13:26:15,903 [INFO] IPUIPlugin:80 - create IPUIPlugin
2024-07-12 13:26:15,904 [INFO] PluginManager:220 - loadIPPluginJar : add gic
2024-07-12 13:26:15,915 [INFO] IPUIPlugin:80 - create IPUIPlugin
2024-07-12 13:26:15,915 [INFO] PluginManager:220 - loadIPPluginJar : add gpio
2024-07-12 13:26:15,993 [INFO] IPUIPlugin:80 - create IPUIPlugin
2024-07-12 13:26:15,994 [INFO] PluginManager:220 - loadIPPluginJar : add gtzc
2024-07-12 13:26:16,022 [INFO] IPUIPlugin:80 - create IPUIPlugin
2024-07-12 13:26:16,022 [INFO] PluginManager:220 - loadIPPluginJar : add hash
2024-07-12 13:26:16,067 [INFO] IPUIPlugin:80 - create IPUIPlugin
2024-07-12 13:26:16,068 [INFO] PluginManager:220 - loadIPPluginJar : add i2c
2024-07-12 13:26:16,105 [INFO] IPUIPlugin:80 - create IPUIPlugin
2024-07-12 13:26:16,105 [INFO] PluginManager:220 - loadIPPluginJar : add i2s
2024-07-12 13:26:16,142 [INFO] IPUIPlugin:80 - create IPUIPlugin
2024-07-12 13:26:16,142 [INFO] PluginManager:220 - loadIPPluginJar : add i3c
2024-07-12 13:26:16,231 [INFO] IPUIPlugin:80 - create IPUIPlugin
2024-07-12 13:26:16,231 [INFO] PluginManager:220 - loadIPPluginJar : add ipddr
2024-07-12 13:26:16,315 [INFO] IPUIPlugin:80 - create IPUIPlugin
2024-07-12 13:26:16,315 [INFO] PluginManager:220 - loadIPPluginJar : add linkedlist
2024-07-12 13:26:16,349 [INFO] IPUIPlugin:80 - create IPUIPlugin
2024-07-12 13:26:16,349 [INFO] PluginManager:220 - loadIPPluginJar : add lorawan
2024-07-12 13:26:16,411 [INFO] IPUIPlugin:80 - create IPUIPlugin
2024-07-12 13:26:16,411 [INFO] PluginManager:220 - loadIPPluginJar : add ltdc
2024-07-12 13:26:16,423 [INFO] IPUIPlugin:80 - create IPUIPlugin
2024-07-12 13:26:16,423 [INFO] PluginManager:220 - loadIPPluginJar : add mdma
2024-07-12 13:26:16,444 [INFO] IPUIPlugin:80 - create IPUIPlugin
2024-07-12 13:26:16,444 [INFO] PluginManager:220 - loadIPPluginJar : add nvic
2024-07-12 13:26:16,476 [INFO] IPUIPlugin:80 - create IPUIPlugin
2024-07-12 13:26:16,476 [INFO] PluginManager:220 - loadIPPluginJar : add opamp
2024-07-12 13:26:16,528 [INFO] IPUIPlugin:80 - create IPUIPlugin
2024-07-12 13:26:16,528 [INFO] PluginManager:220 - loadIPPluginJar : add openamp
2024-07-12 13:26:16,565 [INFO] IPUIPlugin:80 - create IPUIPlugin
2024-07-12 13:26:16,565 [INFO] PluginManager:220 - loadIPPluginJar : add pdm2pcm
2024-07-12 13:26:16,580 [INFO] IPUIPlugin:80 - create IPUIPlugin
2024-07-12 13:26:16,582 [INFO] PluginManager:220 - loadIPPluginJar : add plateformsettings
2024-07-12 13:26:16,601 [INFO] IPUIPlugin:80 - create IPUIPlugin
2024-07-12 13:26:16,601 [INFO] PluginManager:220 - loadIPPluginJar : add quadspi
2024-07-12 13:26:16,612 [INFO] IPUIPlugin:80 - create IPUIPlugin
2024-07-12 13:26:16,612 [INFO] PluginManager:220 - loadIPPluginJar : add resmgrutility
2024-07-12 13:26:16,653 [INFO] IPUIPlugin:80 - create IPUIPlugin
2024-07-12 13:26:16,653 [INFO] PluginManager:220 - loadIPPluginJar : add sai
2024-07-12 13:26:16,687 [INFO] IPUIPlugin:80 - create IPUIPlugin
2024-07-12 13:26:16,687 [INFO] PluginManager:220 - loadIPPluginJar : add spi
2024-07-12 13:26:16,750 [INFO] IPUIPlugin:80 - create IPUIPlugin
2024-07-12 13:26:16,750 [INFO] PluginManager:220 - loadIPPluginJar : add stm32_wpan
2024-07-12 13:26:16,771 [INFO] IPUIPlugin:80 - create IPUIPlugin
2024-07-12 13:26:16,771 [INFO] PluginManager:220 - loadIPPluginJar : add tim
2024-07-12 13:26:16,820 [INFO] IPUIPlugin:80 - create IPUIPlugin
2024-07-12 13:26:16,820 [INFO] PluginManager:220 - loadIPPluginJar : add touchsensing
2024-07-12 13:26:16,842 [INFO] IPUIPlugin:80 - create IPUIPlugin
2024-07-12 13:26:16,842 [INFO] PluginManager:220 - loadIPPluginJar : add tracer_emb
2024-07-12 13:26:16,863 [INFO] IPUIPlugin:80 - create IPUIPlugin
2024-07-12 13:26:16,863 [INFO] PluginManager:220 - loadIPPluginJar : add ts
2024-07-12 13:26:16,882 [INFO] IPUIPlugin:80 - create IPUIPlugin
2024-07-12 13:26:16,883 [INFO] PluginManager:220 - loadIPPluginJar : add tsc
2024-07-12 13:26:16,905 [INFO] IPUIPlugin:80 - create IPUIPlugin
2024-07-12 13:26:16,905 [INFO] PluginManager:220 - loadIPPluginJar : add ucpd
2024-07-12 13:26:16,954 [INFO] IPUIPlugin:80 - create IPUIPlugin
2024-07-12 13:26:16,954 [INFO] PluginManager:220 - loadIPPluginJar : add usart
2024-07-12 13:26:16,993 [INFO] IPUIPlugin:80 - create IPUIPlugin
2024-07-12 13:26:16,993 [INFO] PluginManager:220 - loadIPPluginJar : add usbx
2024-07-12 13:26:17,125 [INFO] CADModel:165 - CPN selected for project level
2024-07-12 13:26:17,125 [INFO] CADModel:114 - Register for checkConnection events
2024-07-12 13:26:17,125 [FATAL] Updater:308 - Updater called before beeing initialized
2024-07-12 13:26:17,125 [ERROR] CADModel:125 - Updater not yet initialized, retry later 
2024-07-12 13:26:17,225 [INFO] CADModel:165 - CPN selected for project level
2024-07-12 13:26:17,225 [INFO] CADModel:114 - Register for checkConnection events
2024-07-12 13:26:17,225 [FATAL] Updater:308 - Updater called before beeing initialized
2024-07-12 13:26:17,225 [ERROR] CADModel:125 - Updater not yet initialized, retry later 
2024-07-12 13:26:17,227 [FATAL] Updater:308 - Updater called before beeing initialized
2024-07-12 13:26:17,339 [FATAL] Updater:308 - Updater called before beeing initialized
2024-07-12 13:26:17,347 [INFO] DbMcusAds:53 - JSON generation date=Wed Nov 29 04:52:27 CST 2023 (1701255147200)
2024-07-12 13:26:17,347 [FATAL] Updater:308 - Updater called before beeing initialized
2024-07-12 13:26:17,385 [WARN] DetailPanel:346 - Failed to get advertising image, set to default
2024-07-12 13:26:17,469 [FATAL] Updater:308 - Updater called before beeing initialized
2024-07-12 13:26:17,471 [FATAL] Updater:308 - Updater called before beeing initialized
2024-07-12 13:26:17,471 [FATAL] Updater:308 - Updater called before beeing initialized
2024-07-12 13:26:17,471 [WARN] DetailPanel:346 - Failed to get advertising image, set to default
2024-07-12 13:26:17,471 [FATAL] Updater:308 - Updater called before beeing initialized
2024-07-12 13:26:17,525 [ERROR] Updater:1120 - MainUpdater not yet initialized. External WinMGr cannot be set.
2024-07-12 13:26:17,534 [INFO] Updater:1056 - Updater Version found : 6.10.0
2024-07-12 13:26:17,548 [INFO] ApplicationProperties:184 - Using Application install path: C:\ST\STM32CubeIDE_1.14.0\STM32CubeIDE\plugins\com.st.stm32cube.common.mx_6.10.0.202311202037
2024-07-12 13:26:17,921 [INFO] ThirdPartyUpdaterWithRetryManager:70 - Updater plugin not ready yet. [2/15]
2024-07-12 13:26:17,948 [INFO] MainUpdater:2873 - connection check result : 10
2024-07-12 13:26:17,950 [INFO] MainUpdater:290 - Updater Check For Update Now.
2024-07-12 13:26:17,950 [INFO] MicroXplorer:498 - Change Database Version : DB.6.0.100
2024-07-12 13:26:17,971 [INFO] McuFinderGlobals:63 - Set McuFinder mode to 2 (CubeIDE integrated)
2024-07-12 13:26:17,971 [INFO] UserAuth:180 - activating auth plugin
2024-07-12 13:26:17,973 [INFO] UserAuth:404 - Internet connection configuration mode: 1
2024-07-12 13:26:17,993 [INFO] JxBrowserEngine:152 - Initiate JxBrowser Engine with user profile folder
2024-07-12 13:26:18,144 [INFO] CheckServerUpdateThread:120 - End of CheckServer Thread
2024-07-12 13:26:20,384 [INFO] WebApp:161 - Instantiating new browser for Auth
2024-07-12 13:26:20,781 [INFO] WebApp:780 - Register for checkConnection events
2024-07-12 13:26:20,781 [INFO] WebApp:414 - Apply proxy settings
2024-07-12 13:26:20,781 [INFO] WebApp:499 - Chromium requires no authentication
2024-07-12 13:26:20,786 [INFO] WebApp:442 - Direct internet connection detected
2024-07-12 13:26:20,901 [INFO] WebApp:192 - Starting web application
2024-07-12 13:26:20,901 [INFO] WebApp:544 - Web application path used C:\ST\STM32CubeIDE_1.14.0\STM32CubeIDE\plugins\com.st.stm32cube.common.mx_6.10.0.202311202037\db\plugins\mcufinder\reactClient1\index.html
2024-07-12 13:26:21,169 [WARN] PackLoader:240 - Cannot read IP mode file for STMicroelectronics.FP-SNS-MOTENVWB1.1.4.0
2024-07-12 13:26:21,188 [WARN] PackLoader:240 - Cannot read IP mode file for STMicroelectronics.X-CUBE-SMBUS.2.1.0
2024-07-12 13:26:21,201 [WARN] PackLoader:240 - Cannot read IP mode file for STMicroelectronics.X-CUBE-TOUCHGFX.4.23.0
2024-07-12 13:26:21,212 [WARN] PackLoader:240 - Cannot read IP mode file for STMicroelectronics.X-CUBE-TOUCHGFX.4.23.2
2024-07-12 13:26:21,258 [WARN] PackLoader:240 - Cannot read IP mode file for STMicroelectronics.X-CUBE-AZRTOS-F7.1.1.0
2024-07-12 13:26:21,275 [WARN] PackLoader:240 - Cannot read IP mode file for STMicroelectronics.FP-SNS-MOTENV1.4.3.2
2024-07-12 13:26:21,290 [WARN] PackLoader:240 - Cannot read IP mode file for STMicroelectronics.FP-SNS-FLIGHT1.5.0.2
2024-07-12 13:26:21,305 [WARN] PackLoader:240 - Cannot read IP mode file for STMicroelectronics.X-CUBE-DISPLAY.3.0.0
2024-07-12 13:26:21,325 [WARN] PackLoader:240 - Cannot read IP mode file for STMicroelectronics.X-CUBE-BLE1.7.0.0
2024-07-12 13:26:21,338 [WARN] PackLoader:240 - Cannot read IP mode file for emotas.I-CUBE-CANOPEN.1.3.0
2024-07-12 13:26:21,355 [WARN] PackLoader:240 - Cannot read IP mode file for STMicroelectronics.X-CUBE-BLEMGR.3.1.0
2024-07-12 13:26:21,370 [WARN] PackLoader:240 - Cannot read IP mode file for STMicroelectronics.FP-SNS-SMARTAG2.1.2.0
2024-07-12 13:26:21,387 [INFO] LogOutputStream:77 - [STDOUT_REDIRECT] 1 : Invalid condition id : UX_CORESTACK_Condition cause : null
2024-07-12 13:26:21,387 [INFO] LogOutputStream:77 - [STDOUT_REDIRECT] 1 : Invalid condition id : UX_CORESTACK_Condition cause : null
2024-07-12 13:26:21,388 [INFO] LogOutputStream:77 - [STDOUT_REDIRECT] 1 : Invalid condition id : UX_CORESTACK_Condition cause : null
2024-07-12 13:26:21,389 [INFO] LogOutputStream:77 - [STDOUT_REDIRECT] 1 : Invalid condition id : UX_CORESTACK_Condition cause : null
2024-07-12 13:26:21,390 [INFO] LogOutputStream:77 - [STDOUT_REDIRECT] 1 : Invalid condition id : UX_CORESTACK_Condition cause : null
2024-07-12 13:26:21,392 [WARN] PackLoader:240 - Cannot read IP mode file for STMicroelectronics.X-CUBE-AZRTOS-WL.2.0.0
2024-07-12 13:26:21,402 [WARN] PackLoader:240 - Cannot read IP mode file for STMicroelectronics.FP-SNS-MOTENV1.5.0.0
2024-07-12 13:26:21,414 [WARN] PackLoader:240 - Cannot read IP mode file for wolfSSL.I-CUBE-wolfMQTT.1.19.0
2024-07-12 13:26:21,427 [WARN] PackLoader:240 - Cannot read IP mode file for WES.I-CUBE-Cesium.1.3.0
2024-07-12 13:26:21,439 [WARN] PackLoader:240 - Cannot read IP mode file for STMicroelectronics.X-CUBE-BLE2.3.3.0
2024-07-12 13:26:21,449 [WARN] PackLoader:240 - Cannot read IP mode file for STMicroelectronics.X-CUBE-TCPP.4.1.0
2024-07-12 13:26:21,463 [WARN] PackLoader:240 - Cannot read IP mode file for STMicroelectronics.X-CUBE-ALGOBUILD.1.3.0
2024-07-12 13:26:21,485 [WARN] PackLoader:240 - Cannot read IP mode file for STMicroelectronics.X-CUBE-AZRTOS-G0.1.1.0
2024-07-12 13:26:21,498 [WARN] PackLoader:240 - Cannot read IP mode file for STMicroelectronics.X-CUBE-SAFEA1.1.2.2
2024-07-12 13:26:21,508 [WARN] PackLoader:240 - Cannot read IP mode file for STMicroelectronics.X-CUBE-NFC4.3.0.0
2024-07-12 13:26:21,522 [WARN] PackLoader:240 - Cannot read IP mode file for EmbeddedOffice.I-CUBE-FS-RTOS.1.0.1
2024-07-12 13:26:21,522 [ERROR] ConditionMgr:805 - Attr not supported : Dmpu
2024-07-12 13:26:21,522 [ERROR] ConditionMgr:805 - Attr not supported : Dmpu
2024-07-12 13:26:21,523 [ERROR] ConditionMgr:805 - Attr not supported : Dmpu
2024-07-12 13:26:21,523 [ERROR] ConditionMgr:805 - Attr not supported : Dmpu
2024-07-12 13:26:21,523 [ERROR] ConditionMgr:805 - Attr not supported : Dmpu
2024-07-12 13:26:21,523 [ERROR] ConditionMgr:805 - Attr not supported : Dmpu
2024-07-12 13:26:21,523 [ERROR] ConditionMgr:805 - Attr not supported : Dmpu
2024-07-12 13:26:21,523 [ERROR] ConditionMgr:805 - Attr not supported : Dmpu
2024-07-12 13:26:21,523 [ERROR] ConditionMgr:805 - Attr not supported : Dmpu
2024-07-12 13:26:21,523 [ERROR] ConditionMgr:805 - Attr not supported : Dmpu
2024-07-12 13:26:21,523 [ERROR] ConditionMgr:805 - Attr not supported : Dmpu
2024-07-12 13:26:21,523 [ERROR] ConditionMgr:805 - Attr not supported : Dmpu
2024-07-12 13:26:21,523 [ERROR] ConditionMgr:805 - Attr not supported : Dmpu
2024-07-12 13:26:21,523 [ERROR] ConditionMgr:805 - Attr not supported : Dmpu
2024-07-12 13:26:21,523 [ERROR] ConditionMgr:805 - Attr not supported : Dmpu
2024-07-12 13:26:21,523 [ERROR] ConditionMgr:805 - Attr not supported : Dmpu
2024-07-12 13:26:21,523 [ERROR] ConditionMgr:805 - Attr not supported : Dmpu
2024-07-12 13:26:21,523 [ERROR] ConditionMgr:805 - Attr not supported : Dmpu
2024-07-12 13:26:21,523 [ERROR] ConditionMgr:805 - Attr not supported : Dmpu
2024-07-12 13:26:21,523 [ERROR] ConditionMgr:805 - Attr not supported : Dmpu
2024-07-12 13:26:21,523 [ERROR] ConditionMgr:805 - Attr not supported : Dmpu
2024-07-12 13:26:21,524 [ERROR] ConditionMgr:805 - Attr not supported : Dmpu
2024-07-12 13:26:21,524 [ERROR] ConditionMgr:805 - Attr not supported : Dmpu
2024-07-12 13:26:21,524 [ERROR] ConditionMgr:805 - Attr not supported : Dmpu
2024-07-12 13:26:21,524 [ERROR] ConditionMgr:805 - Attr not supported : Dmpu
2024-07-12 13:26:21,524 [ERROR] ConditionMgr:805 - Attr not supported : Dmpu
2024-07-12 13:26:21,524 [ERROR] ConditionMgr:805 - Attr not supported : Dmpu
2024-07-12 13:26:21,524 [ERROR] ConditionMgr:805 - Attr not supported : Dmpu
2024-07-12 13:26:21,524 [ERROR] ConditionMgr:805 - Attr not supported : Dmpu
2024-07-12 13:26:21,524 [ERROR] ConditionMgr:805 - Attr not supported : Dmpu
2024-07-12 13:26:21,524 [ERROR] ConditionMgr:805 - Attr not supported : Dmpu
2024-07-12 13:26:21,524 [ERROR] ConditionMgr:805 - Attr not supported : Dmpu
2024-07-12 13:26:21,524 [ERROR] ConditionMgr:805 - Attr not supported : Dmpu
2024-07-12 13:26:21,524 [ERROR] ConditionMgr:805 - Attr not supported : Dmpu
2024-07-12 13:26:21,524 [ERROR] ConditionMgr:805 - Attr not supported : Dmpu
2024-07-12 13:26:21,524 [ERROR] ConditionMgr:805 - Attr not supported : Dmpu
2024-07-12 13:26:21,524 [ERROR] ConditionMgr:805 - Attr not supported : Dmpu
2024-07-12 13:26:21,524 [ERROR] ConditionMgr:805 - Attr not supported : Dmpu
2024-07-12 13:26:21,525 [ERROR] ConditionMgr:805 - Attr not supported : Dmpu
2024-07-12 13:26:21,525 [ERROR] ConditionMgr:805 - Attr not supported : Dmpu
2024-07-12 13:26:21,525 [ERROR] ConditionMgr:805 - Attr not supported : Dmpu
2024-07-12 13:26:21,525 [ERROR] ConditionMgr:805 - Attr not supported : Dmpu
2024-07-12 13:26:21,525 [ERROR] ConditionMgr:805 - Attr not supported : Dmpu
2024-07-12 13:26:21,525 [ERROR] ConditionMgr:805 - Attr not supported : Dmpu
2024-07-12 13:26:21,525 [ERROR] ConditionMgr:805 - Attr not supported : Dmpu
2024-07-12 13:26:21,525 [ERROR] ConditionMgr:805 - Attr not supported : Dmpu
2024-07-12 13:26:21,525 [ERROR] ConditionMgr:805 - Attr not supported : Dmpu
2024-07-12 13:26:21,525 [ERROR] ConditionMgr:805 - Attr not supported : Dmpu
2024-07-12 13:26:21,525 [ERROR] ConditionMgr:805 - Attr not supported : Dmpu
2024-07-12 13:26:21,525 [ERROR] ConditionMgr:805 - Attr not supported : Dmpu
2024-07-12 13:26:21,525 [ERROR] ConditionMgr:805 - Attr not supported : Dmpu
2024-07-12 13:26:21,525 [ERROR] ConditionMgr:805 - Attr not supported : Dmpu
2024-07-12 13:26:21,525 [ERROR] ConditionMgr:805 - Attr not supported : Dmpu
2024-07-12 13:26:21,525 [ERROR] ConditionMgr:805 - Attr not supported : Dmpu
2024-07-12 13:26:21,525 [ERROR] ConditionMgr:805 - Attr not supported : Dmpu
2024-07-12 13:26:21,525 [ERROR] ConditionMgr:805 - Attr not supported : Dmpu
2024-07-12 13:26:21,526 [ERROR] ConditionMgr:805 - Attr not supported : Dmpu
2024-07-12 13:26:21,526 [ERROR] ConditionMgr:805 - Attr not supported : Dmpu
2024-07-12 13:26:21,526 [ERROR] ConditionMgr:805 - Attr not supported : Dmpu
2024-07-12 13:26:21,526 [ERROR] ConditionMgr:805 - Attr not supported : Dmpu
2024-07-12 13:26:21,526 [ERROR] ConditionMgr:805 - Attr not supported : Dmpu
2024-07-12 13:26:21,526 [ERROR] ConditionMgr:805 - Attr not supported : Dmpu
2024-07-12 13:26:21,526 [ERROR] ConditionMgr:805 - Attr not supported : Dmpu
2024-07-12 13:26:21,526 [ERROR] ConditionMgr:805 - Attr not supported : Dmpu
2024-07-12 13:26:21,538 [WARN] PackLoader:240 - Cannot read IP mode file for STMicroelectronics.X-CUBE-BLEMGR.3.0.0
2024-07-12 13:26:21,551 [WARN] PackLoader:240 - Cannot read IP mode file for RealThread.X-CUBE-RT-Thread_Nano.4.1.1
2024-07-12 13:26:21,561 [WARN] PackLoader:240 - Cannot read IP mode file for STMicroelectronics.FP-ATR-SIGFOX1.3.2.0
2024-07-12 13:26:21,580 [WARN] PackLoader:240 - Cannot read IP mode file for STMicroelectronics.X-CUBE-EEPRMA1.5.1.0
2024-07-12 13:26:21,609 [WARN] PackLoader:240 - Cannot read IP mode file for SEGGER.I-CUBE-embOS.1.3.1
2024-07-12 13:26:21,651 [WARN] PackLoader:240 - Cannot read IP mode file for STMicroelectronics.X-CUBE-ALGOBUILD.1.4.0
2024-07-12 13:26:21,662 [WARN] PackLoader:240 - Cannot read IP mode file for STMicroelectronics.X-CUBE-GNSS1.6.0.0
2024-07-12 13:26:21,683 [WARN] PackLoader:240 - Cannot read IP mode file for STMicroelectronics.X-CUBE-AZRTOS-F4.1.1.0
2024-07-12 13:26:21,696 [WARN] PackLoader:240 - Cannot read IP mode file for STMicroelectronics.X-CUBE-FREERTOS.1.2.0
2024-07-12 13:26:21,706 [WARN] PackLoader:240 - Cannot read IP mode file for wolfSSL.I-CUBE-wolfSSL.5.6.6
2024-07-12 13:26:21,727 [WARN] PackLoader:240 - Cannot read IP mode file for STMicroelectronics.X-CUBE-AZRTOS-L5.2.0.0
2024-07-12 13:26:21,737 [WARN] PackLoader:240 - Cannot read IP mode file for STMicroelectronics.X-CUBE-EEPRMA1.4.2.0
2024-07-12 13:26:21,750 [WARN] PackLoader:240 - Cannot read IP mode file for STMicroelectronics.X-CUBE-NFC6.3.1.0
2024-07-12 13:26:21,762 [WARN] PackLoader:240 - Cannot read IP mode file for ITTIA_DB.I-CUBE-ITTIADB.8.8.0
2024-07-12 13:26:21,773 [WARN] PackLoader:240 - Cannot read IP mode file for STMicroelectronics.X-CUBE-DPower.1.2.0
2024-07-12 13:26:21,783 [WARN] PackLoader:240 - Cannot read IP mode file for STMicroelectronics.X-CUBE-AI.9.0.0
2024-07-12 13:26:21,793 [WARN] PackLoader:240 - Cannot read IP mode file for STMicroelectronics.X-CUBE-NFC7.1.0.1
2024-07-12 13:26:21,804 [WARN] PackLoader:240 - Cannot read IP mode file for wolfSSL.I-CUBE-wolfTPM.3.2.0
2024-07-12 13:26:21,814 [WARN] PackLoader:240 - Cannot read IP mode file for STMicroelectronics.X-CUBE-NFC6.3.0.0
2024-07-12 13:26:21,825 [WARN] PackLoader:240 - Cannot read IP mode file for STMicroelectronics.X-CUBE-AI.8.1.0
2024-07-12 13:26:21,846 [WARN] ConditionMgr:438 - getConditionDescription Invalid condition id : LAN8742 Phy interface Condition cause : null
2024-07-12 13:26:21,847 [WARN] PackLoader:240 - Cannot read IP mode file for STMicroelectronics.X-CUBE-AZRTOS-L4.2.0.0
2024-07-12 13:26:21,848 [WARN] ConditionMgr:1039 - genDependencies : Invalid condition id : LAN8742 Phy interface Condition cause : null
2024-07-12 13:26:21,848 [WARN] ConditionMgr:1039 - genDependencies : Invalid condition id : LAN8742 Phy interface Condition cause : null
2024-07-12 13:26:21,848 [WARN] ConditionMgr:1039 - genDependencies : Invalid condition id : LAN8742 Phy interface Condition cause : null
2024-07-12 13:26:21,861 [WARN] PackLoader:240 - Cannot read IP mode file for STMicroelectronics.X-CUBE-SFXS2LP1.4.0.0
2024-07-12 13:26:21,878 [WARN] ConditionMgr:438 - getConditionDescription Invalid condition id : UX DEVICE CLASS RTOS Condition cause : null
2024-07-12 13:26:21,878 [WARN] ConditionMgr:438 - getConditionDescription Invalid condition id : UX DEVICE CLASS RTOS Condition cause : null
2024-07-12 13:26:21,879 [WARN] PackLoader:240 - Cannot read IP mode file for STMicroelectronics.X-CUBE-AZRTOS-WB.2.0.0
2024-07-12 13:26:21,880 [WARN] ConditionMgr:1039 - genDependencies : Invalid condition id : UX DEVICE CLASS RTOS Condition cause : null
2024-07-12 13:26:21,880 [WARN] ConditionMgr:1039 - genDependencies : Invalid condition id : UX DEVICE CLASS RTOS Condition cause : null
2024-07-12 13:26:21,880 [WARN] ConditionMgr:1039 - genDependencies : Invalid condition id : UX DEVICE CLASS RTOS Condition cause : null
2024-07-12 13:26:21,880 [WARN] ConditionMgr:1039 - genDependencies : Invalid condition id : UX DEVICE CLASS RTOS Condition cause : null
2024-07-12 13:26:21,880 [WARN] ConditionMgr:1039 - genDependencies : Invalid condition id : UX DEVICE CLASS RTOS Condition cause : null
2024-07-12 13:26:21,896 [WARN] PackLoader:240 - Cannot read IP mode file for STMicroelectronics.X-CUBE-SUBG2.5.0.0
2024-07-12 13:26:21,917 [WARN] PackLoader:240 - Cannot read IP mode file for STMicroelectronics.X-CUBE-AZRTOS-G4.2.0.0
2024-07-12 13:26:21,934 [WARN] PackLoader:240 - Cannot read IP mode file for Infineon.AIROC-Wi-Fi-Bluetooth-STM32.1.5.1
2024-07-12 13:26:21,946 [WARN] PackLoader:240 - Cannot read IP mode file for STMicroelectronics.FP-SNS-MOTENVWB1.1.3.1
2024-07-12 13:26:21,956 [WARN] PackLoader:240 - Cannot read IP mode file for STMicroelectronics.X-CUBE-ISPU.2.0.0
2024-07-12 13:26:21,965 [WARN] PackLoader:240 - Cannot read IP mode file for STMicroelectronics.X-CUBE-ALS.1.0.2
2024-07-12 13:26:22,014 [WARN] PackLoader:240 - Cannot read IP mode file for STMicroelectronics.X-CUBE-MEMS1.10.0.0
2024-07-12 13:26:22,094 [WARN] PackLoader:240 - Cannot read IP mode file for STMicroelectronics.X-CUBE-FREERTOS.1.1.0
2024-07-12 13:26:22,105 [WARN] PackLoader:240 - Cannot read IP mode file for STMicroelectronics.X-CUBE-TOUCHGFX.4.24.0
2024-07-12 13:26:22,117 [WARN] PackLoader:240 - Cannot read IP mode file for portGmbH.I-Cube-SoM-uGOAL.1.1.0
2024-07-12 13:26:22,126 [WARN] PackLoader:240 - Cannot read IP mode file for STMicroelectronics.X-CUBE-ALS.1.0.1
2024-07-12 13:26:22,154 [WARN] PackLoader:240 - Cannot read IP mode file for STMicroelectronics.X-CUBE-AZRTOS-H7RS.1.0.0
2024-07-12 13:26:22,166 [WARN] PackLoader:240 - Cannot read IP mode file for STMicroelectronics.FP-ATR-ASTRA1.2.0.0
2024-07-12 13:26:22,180 [WARN] PackLoader:240 - Cannot read IP mode file for STMicroelectronics.X-CUBE-TOF1.3.4.0
2024-07-12 13:26:22,200 [WARN] PackLoader:240 - Cannot read IP mode file for STMicroelectronics.X-CUBE-TOF1.3.4.1
2024-07-12 13:26:22,232 [WARN] PackLoader:240 - Cannot read IP mode file for STMicroelectronics.X-CUBE-AZRTOS-H7.3.2.0
2024-07-12 13:26:22,252 [WARN] PackLoader:240 - Cannot read IP mode file for wolfSSL.I-CUBE-wolfSSH.1.4.17
2024-07-12 13:26:22,252 [INFO] ThirdParty:978 - Integrity check success = true
2024-07-12 13:26:22,252 [INFO] IntegrityCheckThread:100 - exiting critical section [integrity check]
2024-07-12 13:26:22,252 [INFO] IntegrityCheckThread:103 - End integrity checks thread
2024-07-12 13:26:41,657 [ERROR] LogOutputStream:75 - [STDERR_REDIRECT] SLF4J: Failed to load class "org.slf4j.impl.StaticLoggerBinder".
2024-07-12 13:26:41,657 [ERROR] LogOutputStream:75 - [STDERR_REDIRECT] SLF4J: Defaulting to no-operation (NOP) logger implementation
2024-07-12 13:26:41,658 [ERROR] LogOutputStream:75 - [STDERR_REDIRECT] SLF4J: See http://www.slf4j.org/codes.html#StaticLoggerBinder for further details.
