2024-03-17 16:56:57,347 [INFO] Activator:176 - 


2024-03-17 16:56:57,353 [INFO] Activator:177 - !SESSION log4j initialized
2024-03-17 16:57:01,292 [INFO] LogOutputStream:77 - [STDOUT_REDIRECT] 
2024-03-17 16:57:03,281 [INFO] ApplicationProperties:184 - Using Application install path: C:\ST\STM32CubeIDE_1.14.0\STM32CubeIDE\plugins\com.st.stm32cube.common.mx_6.10.0.202311202037
2024-03-17 16:57:03,300 [INFO] DbMcusXml:78 - Set database path to: C:\ST\STM32CubeIDE_1.14.0\STM32CubeIDE\plugins\com.st.stm32cube.common.mx_6.10.0.202311202037\\db\/mcu/
2024-03-17 16:57:03,300 [INFO] ApiDb:274 - Set plugin database path to: C:\ST\STM32CubeIDE_1.14.0\STM32CubeIDE\plugins\com.st.stm32cube.common.mx_6.10.0.202311202037\\db\/plugins/boardmanager/
2024-03-17 16:57:03,300 [WARN] ApiDb:259 - Overriding images path with different value:  => C:\ST\STM32CubeIDE_1.14.0\STM32CubeIDE\plugins\com.st.stm32cube.common.mx_6.10.0.202311202037\\db\/plugins/mcufinder/images/
2024-03-17 16:57:03,308 [INFO] ApiDb:250 - Set database path to: C:\Users\RShah23\.stmcufinder\plugins\mcufinder//mcu/
2024-03-17 16:57:03,310 [INFO] DbMcusAds:125 - Set database path to: C:\Users\RShah23\.stmcufinder\plugins\mcufinder//mcu/
2024-03-17 16:57:03,312 [INFO] CrossReferenceDbSqlite:203 - Set database path to: C:\Users\RShah23\.stmcufinder\plugins\mcufinder//mcu/cs/
2024-03-17 16:57:03,443 [INFO] RulesReader:64 - Compatibility file has been processed (297 Rules)
2024-03-17 16:57:03,551 [INFO] DbMcusXml:78 - Set database path to: C:\ST\STM32CubeIDE_1.14.0\STM32CubeIDE\plugins\com.st.stm32cube.common.mx_6.10.0.202311202037\\db\/mcu/
2024-03-17 16:57:03,551 [INFO] ApiDb:274 - Set plugin database path to: C:\ST\STM32CubeIDE_1.14.0\STM32CubeIDE\plugins\com.st.stm32cube.common.mx_6.10.0.202311202037\\db\/plugins/boardmanager/
2024-03-17 16:57:03,551 [INFO] ApiDb:261 - Set plugin images path to: C:\ST\STM32CubeIDE_1.14.0\STM32CubeIDE\plugins\com.st.stm32cube.common.mx_6.10.0.202311202037\\db\/plugins/mcufinder/images/
2024-03-17 16:57:03,551 [WARN] DbFile:41 - Overriding database path with different value: C:\Users\RShah23\.stmcufinder\plugins\mcufinder/ => C:\Users\RShah23\.stmcufinder\plugins\mcufinder
2024-03-17 16:57:03,551 [INFO] ApiDb:250 - Set database path to: C:\Users\RShah23\.stmcufinder\plugins\mcufinder//mcu/
2024-03-17 16:57:03,552 [WARN] DbFile:41 - Overriding database path with different value: C:\Users\RShah23\.stmcufinder\plugins\mcufinder/ => C:\Users\RShah23\.stmcufinder\plugins\mcufinder
2024-03-17 16:57:03,552 [INFO] DbMcusAds:125 - Set database path to: C:\Users\RShah23\.stmcufinder\plugins\mcufinder//mcu/
2024-03-17 16:57:03,552 [WARN] DbFile:41 - Overriding database path with different value: C:\Users\RShah23\.stmcufinder\plugins\mcufinder/ => C:\Users\RShah23\.stmcufinder\plugins\mcufinder
2024-03-17 16:57:03,552 [WARN] DbFile:41 - Overriding database path with different value: C:\Users\RShah23\.stmcufinder\plugins\mcufinder/ => C:\Users\RShah23\.stmcufinder\plugins\mcufinder
2024-03-17 16:57:03,552 [INFO] CrossReferenceDbSqlite:203 - Set database path to: C:\Users\RShah23\.stmcufinder\plugins\mcufinder//mcu/cs/
2024-03-17 16:57:03,654 [INFO] MainPanel:264 - HeapMemory: 268435456
2024-03-17 16:57:03,749 [INFO] DbMcusXml:78 - Set database path to: C:\ST\STM32CubeIDE_1.14.0\STM32CubeIDE\plugins\com.st.stm32cube.common.mx_6.10.0.202311202037\\db\/mcu/
2024-03-17 16:57:03,749 [INFO] ApiDb:274 - Set plugin database path to: C:\ST\STM32CubeIDE_1.14.0\STM32CubeIDE\plugins\com.st.stm32cube.common.mx_6.10.0.202311202037\\db\/plugins/boardmanager/
2024-03-17 16:57:03,750 [INFO] ApiDb:261 - Set plugin images path to: C:\ST\STM32CubeIDE_1.14.0\STM32CubeIDE\plugins\com.st.stm32cube.common.mx_6.10.0.202311202037\\db\/plugins/mcufinder/images/
2024-03-17 16:57:03,750 [WARN] DbFile:41 - Overriding database path with different value: C:\Users\RShah23\.stmcufinder\plugins\mcufinder/ => C:\Users\RShah23\.stmcufinder\plugins\mcufinder
2024-03-17 16:57:03,750 [INFO] ApiDb:250 - Set database path to: C:\Users\RShah23\.stmcufinder\plugins\mcufinder//mcu/
2024-03-17 16:57:03,750 [WARN] DbFile:41 - Overriding database path with different value: C:\Users\RShah23\.stmcufinder\plugins\mcufinder/ => C:\Users\RShah23\.stmcufinder\plugins\mcufinder
2024-03-17 16:57:03,750 [INFO] DbMcusAds:125 - Set database path to: C:\Users\RShah23\.stmcufinder\plugins\mcufinder//mcu/
2024-03-17 16:57:03,750 [WARN] DbFile:41 - Overriding database path with different value: C:\Users\RShah23\.stmcufinder\plugins\mcufinder/ => C:\Users\RShah23\.stmcufinder\plugins\mcufinder
2024-03-17 16:57:03,750 [WARN] DbFile:41 - Overriding database path with different value: C:\Users\RShah23\.stmcufinder\plugins\mcufinder/ => C:\Users\RShah23\.stmcufinder\plugins\mcufinder
2024-03-17 16:57:03,750 [INFO] CrossReferenceDbSqlite:203 - Set database path to: C:\Users\RShah23\.stmcufinder\plugins\mcufinder//mcu/cs/
2024-03-17 16:57:03,772 [INFO] ApplicationProperties:184 - Using Application install path: C:\ST\STM32CubeIDE_1.14.0\STM32CubeIDE\plugins\com.st.stm32cube.common.mx_6.10.0.202311202037
2024-03-17 16:57:03,774 [INFO] PluginManage:196 - Search for loadable plugins [exclusion list=, ]
2024-03-17 16:57:03,775 [INFO] PluginManage:310 - Check plugin analytics
2024-03-17 16:57:03,933 [INFO] AnalyticsPlugin:253 - Accepted Software Licenses: 
2024-03-17 16:57:03,934 [INFO] AnalyticsPlugin:255 - Accepted CMSIS Pack Licenses: 
2024-03-17 16:57:03,934 [INFO] AnalyticsPlugin:257 - Accepted Firmware Licenses: 
2024-03-17 16:57:03,936 [INFO] PluginManage:359 - Loaded plugin analytics (category:tool,tabindex:-1)
2024-03-17 16:57:03,937 [INFO] PluginManage:310 - Check plugin cadmodel
2024-03-17 16:57:03,955 [INFO] CADModel:105 - Init CAD model plugin
2024-03-17 16:57:03,955 [INFO] PluginManage:359 - Loaded plugin cadmodel (category:power,tabindex:5)
2024-03-17 16:57:03,955 [INFO] PluginManage:310 - Check plugin clock
2024-03-17 16:57:03,974 [INFO] PluginManage:359 - Loaded plugin clock (category:base,tabindex:2)
2024-03-17 16:57:03,975 [INFO] PluginManage:310 - Check plugin ddr
2024-03-17 16:57:03,977 [INFO] PluginManage:359 - Loaded plugin ddr (category:tool,tabindex:6)
2024-03-17 16:57:03,977 [INFO] PluginManage:310 - Check plugin filemanager
2024-03-17 16:57:04,124 [INFO] PluginManage:359 - Loaded plugin filemanager (category:base,tabindex:10)
2024-03-17 16:57:04,124 [INFO] PluginManage:310 - Check plugin ipmanager
2024-03-17 16:57:04,131 [INFO] PluginManage:359 - Loaded plugin ipmanager (category:base,tabindex:5)
2024-03-17 16:57:04,132 [INFO] PluginManage:310 - Check plugin lpbam
2024-03-17 16:57:04,153 [INFO] PluginManage:359 - Loaded plugin lpbam (category:base,tabindex:0)
2024-03-17 16:57:04,153 [INFO] PluginManage:310 - Check plugin memorymap
2024-03-17 16:57:04,177 [INFO] PluginManage:359 - Loaded plugin memorymap (category:base,tabindex:4)
2024-03-17 16:57:04,177 [INFO] PluginManage:310 - Check plugin pinoutandconfiguration
2024-03-17 16:57:04,195 [INFO] PluginManage:359 - Loaded plugin pinoutandconfiguration (category:base,tabindex:1)
2024-03-17 16:57:04,195 [INFO] PluginManage:310 - Check plugin pinoutconfig
2024-03-17 16:57:04,292 [WARN] SupportedApi:132 - Cannot load RTOS API schema: s4s-elt-must-match.1: The content of 'definitions' must match (annotation?, (simpleType | complexType)?, (unique | key | keyref)*)). A problem was found starting at: attribute.
2024-03-17 16:57:04,433 [INFO] PluginManage:359 - Loaded plugin pinoutconfig (category:base,tabindex:0)
2024-03-17 16:57:04,434 [INFO] PluginManage:310 - Check plugin power
2024-03-17 16:57:04,462 [INFO] PluginManage:359 - Loaded plugin power (category:power,tabindex:4)
2024-03-17 16:57:04,465 [INFO] PluginManage:310 - Check plugin projectmanager
2024-03-17 16:57:04,488 [INFO] PluginManage:359 - Loaded plugin projectmanager (category:projectmanager,tabindex:3)
2024-03-17 16:57:04,488 [INFO] PluginManage:310 - Check plugin thirdparty
2024-03-17 16:57:04,795 [INFO] PluginManage:359 - Loaded plugin thirdparty (category:base,tabindex:-1)
2024-03-17 16:57:04,795 [WARN] IntegrityCheckThread:84 - waiting for thirdparty lock release [integrity check]
2024-03-17 16:57:04,795 [INFO] PluginManage:310 - Check plugin tools
2024-03-17 16:57:04,795 [INFO] IntegrityCheckThread:86 - entering critical section [integrity check]
2024-03-17 16:57:04,796 [INFO] ThirdPartyUpdaterWithRetryManager:70 - Updater plugin not ready yet. [1/15]
2024-03-17 16:57:04,844 [INFO] PluginManage:359 - Loaded plugin tools (category:base,tabindex:7)
2024-03-17 16:57:04,844 [INFO] PluginManage:310 - Check plugin tutovideos
2024-03-17 16:57:05,020 [INFO] PluginManage:359 - Loaded plugin tutovideos (category:base,tabindex:-1)
2024-03-17 16:57:05,021 [INFO] PluginManage:310 - Check plugin updater
2024-03-17 16:57:05,030 [INFO] PluginManage:359 - Loaded plugin updater (category:base,tabindex:12)
2024-03-17 16:57:05,030 [INFO] PluginManage:310 - Check plugin userauth
2024-03-17 16:57:05,035 [INFO] UserAuth:114 - Init User Auth plugin
2024-03-17 16:57:05,035 [INFO] PluginManage:359 - Loaded plugin userauth (category:base,tabindex:14)
2024-03-17 16:57:05,036 [INFO] PluginManage:283 - PluginManage : Loaded plugins [17]
2024-03-17 16:57:05,275 [INFO] PinOutPanel:1499 - setPackage(No Configuration,No Configuration)
2024-03-17 16:57:05,368 [INFO] CADModel:165 - CPN selected for project level
2024-03-17 16:57:05,368 [INFO] CADModel:114 - Register for checkConnection events
2024-03-17 16:57:05,394 [INFO] IPUIPlugin:80 - create IPUIPlugin
2024-03-17 16:57:05,394 [INFO] PluginManager:220 - loadIPPluginJar : add adc
2024-03-17 16:57:05,431 [INFO] IPUIPlugin:80 - create IPUIPlugin
2024-03-17 16:57:05,431 [INFO] PluginManager:220 - loadIPPluginJar : add aes
2024-03-17 16:57:05,473 [INFO] IPUIPlugin:80 - create IPUIPlugin
2024-03-17 16:57:05,473 [INFO] PluginManager:220 - loadIPPluginJar : add can
2024-03-17 16:57:05,496 [INFO] IPUIPlugin:80 - create IPUIPlugin
2024-03-17 16:57:05,496 [INFO] PluginManager:220 - loadIPPluginJar : add comp
2024-03-17 16:57:05,536 [INFO] IPUIPlugin:80 - create IPUIPlugin
2024-03-17 16:57:05,536 [INFO] PluginManager:220 - loadIPPluginJar : add cryp
2024-03-17 16:57:05,567 [INFO] IPUIPlugin:80 - create IPUIPlugin
2024-03-17 16:57:05,567 [INFO] PluginManager:220 - loadIPPluginJar : add dfsdm
2024-03-17 16:57:05,582 [INFO] IPUIPlugin:80 - create IPUIPlugin
2024-03-17 16:57:05,582 [INFO] PluginManager:220 - loadIPPluginJar : add dma
2024-03-17 16:57:05,622 [INFO] IPUIPlugin:80 - create IPUIPlugin
2024-03-17 16:57:05,623 [INFO] PluginManager:220 - loadIPPluginJar : add dma3
2024-03-17 16:57:05,641 [INFO] IPUIPlugin:80 - create IPUIPlugin
2024-03-17 16:57:05,641 [INFO] PluginManager:220 - loadIPPluginJar : add fatfs
2024-03-17 16:57:05,684 [INFO] IPUIPlugin:80 - create IPUIPlugin
2024-03-17 16:57:05,685 [INFO] PluginManager:220 - loadIPPluginJar : add fmc
2024-03-17 16:57:05,699 [INFO] IPUIPlugin:80 - create IPUIPlugin
2024-03-17 16:57:05,699 [INFO] PluginManager:220 - loadIPPluginJar : add freertos
2024-03-17 16:57:05,718 [INFO] IPUIPlugin:80 - create IPUIPlugin
2024-03-17 16:57:05,718 [INFO] PluginManager:220 - loadIPPluginJar : add genericplugin
2024-03-17 16:57:05,816 [INFO] IPUIPlugin:80 - create IPUIPlugin
2024-03-17 16:57:05,816 [INFO] PluginManager:220 - loadIPPluginJar : add gfxmmu
2024-03-17 16:57:05,945 [INFO] IPUIPlugin:80 - create IPUIPlugin
2024-03-17 16:57:05,945 [INFO] PluginManager:220 - loadIPPluginJar : add gic
2024-03-17 16:57:05,957 [INFO] IPUIPlugin:80 - create IPUIPlugin
2024-03-17 16:57:05,957 [INFO] PluginManager:220 - loadIPPluginJar : add gpio
2024-03-17 16:57:06,042 [INFO] IPUIPlugin:80 - create IPUIPlugin
2024-03-17 16:57:06,043 [INFO] PluginManager:220 - loadIPPluginJar : add gtzc
2024-03-17 16:57:06,072 [INFO] IPUIPlugin:80 - create IPUIPlugin
2024-03-17 16:57:06,072 [INFO] PluginManager:220 - loadIPPluginJar : add hash
2024-03-17 16:57:06,119 [INFO] IPUIPlugin:80 - create IPUIPlugin
2024-03-17 16:57:06,119 [INFO] PluginManager:220 - loadIPPluginJar : add i2c
2024-03-17 16:57:06,153 [INFO] IPUIPlugin:80 - create IPUIPlugin
2024-03-17 16:57:06,154 [INFO] PluginManager:220 - loadIPPluginJar : add i2s
2024-03-17 16:57:06,196 [INFO] IPUIPlugin:80 - create IPUIPlugin
2024-03-17 16:57:06,196 [INFO] PluginManager:220 - loadIPPluginJar : add i3c
2024-03-17 16:57:06,304 [INFO] IPUIPlugin:80 - create IPUIPlugin
2024-03-17 16:57:06,304 [INFO] PluginManager:220 - loadIPPluginJar : add ipddr
2024-03-17 16:57:06,446 [INFO] IPUIPlugin:80 - create IPUIPlugin
2024-03-17 16:57:06,447 [INFO] PluginManager:220 - loadIPPluginJar : add linkedlist
2024-03-17 16:57:06,496 [INFO] IPUIPlugin:80 - create IPUIPlugin
2024-03-17 16:57:06,496 [INFO] PluginManager:220 - loadIPPluginJar : add lorawan
2024-03-17 16:57:06,556 [INFO] IPUIPlugin:80 - create IPUIPlugin
2024-03-17 16:57:06,556 [INFO] PluginManager:220 - loadIPPluginJar : add ltdc
2024-03-17 16:57:06,581 [INFO] IPUIPlugin:80 - create IPUIPlugin
2024-03-17 16:57:06,581 [INFO] PluginManager:220 - loadIPPluginJar : add mdma
2024-03-17 16:57:06,599 [INFO] IPUIPlugin:80 - create IPUIPlugin
2024-03-17 16:57:06,599 [INFO] PluginManager:220 - loadIPPluginJar : add nvic
2024-03-17 16:57:06,658 [INFO] IPUIPlugin:80 - create IPUIPlugin
2024-03-17 16:57:06,658 [INFO] PluginManager:220 - loadIPPluginJar : add opamp
2024-03-17 16:57:06,735 [INFO] IPUIPlugin:80 - create IPUIPlugin
2024-03-17 16:57:06,735 [INFO] PluginManager:220 - loadIPPluginJar : add openamp
2024-03-17 16:57:06,780 [INFO] IPUIPlugin:80 - create IPUIPlugin
2024-03-17 16:57:06,780 [INFO] PluginManager:220 - loadIPPluginJar : add pdm2pcm
2024-03-17 16:57:06,793 [INFO] IPUIPlugin:80 - create IPUIPlugin
2024-03-17 16:57:06,795 [INFO] PluginManager:220 - loadIPPluginJar : add plateformsettings
2024-03-17 16:57:06,817 [INFO] IPUIPlugin:80 - create IPUIPlugin
2024-03-17 16:57:06,817 [INFO] PluginManager:220 - loadIPPluginJar : add quadspi
2024-03-17 16:57:06,831 [INFO] IPUIPlugin:80 - create IPUIPlugin
2024-03-17 16:57:06,831 [INFO] PluginManager:220 - loadIPPluginJar : add resmgrutility
2024-03-17 16:57:06,889 [INFO] IPUIPlugin:80 - create IPUIPlugin
2024-03-17 16:57:06,889 [INFO] PluginManager:220 - loadIPPluginJar : add sai
2024-03-17 16:57:06,932 [INFO] IPUIPlugin:80 - create IPUIPlugin
2024-03-17 16:57:06,932 [INFO] PluginManager:220 - loadIPPluginJar : add spi
2024-03-17 16:57:07,026 [INFO] IPUIPlugin:80 - create IPUIPlugin
2024-03-17 16:57:07,026 [INFO] PluginManager:220 - loadIPPluginJar : add stm32_wpan
2024-03-17 16:57:07,051 [INFO] IPUIPlugin:80 - create IPUIPlugin
2024-03-17 16:57:07,051 [INFO] PluginManager:220 - loadIPPluginJar : add tim
2024-03-17 16:57:07,114 [INFO] IPUIPlugin:80 - create IPUIPlugin
2024-03-17 16:57:07,115 [INFO] PluginManager:220 - loadIPPluginJar : add touchsensing
2024-03-17 16:57:07,139 [INFO] IPUIPlugin:80 - create IPUIPlugin
2024-03-17 16:57:07,139 [INFO] PluginManager:220 - loadIPPluginJar : add tracer_emb
2024-03-17 16:57:07,165 [INFO] IPUIPlugin:80 - create IPUIPlugin
2024-03-17 16:57:07,165 [INFO] PluginManager:220 - loadIPPluginJar : add ts
2024-03-17 16:57:07,194 [INFO] IPUIPlugin:80 - create IPUIPlugin
2024-03-17 16:57:07,194 [INFO] PluginManager:220 - loadIPPluginJar : add tsc
2024-03-17 16:57:07,216 [INFO] IPUIPlugin:80 - create IPUIPlugin
2024-03-17 16:57:07,216 [INFO] PluginManager:220 - loadIPPluginJar : add ucpd
2024-03-17 16:57:07,264 [INFO] IPUIPlugin:80 - create IPUIPlugin
2024-03-17 16:57:07,264 [INFO] PluginManager:220 - loadIPPluginJar : add usart
2024-03-17 16:57:07,308 [INFO] IPUIPlugin:80 - create IPUIPlugin
2024-03-17 16:57:07,308 [INFO] PluginManager:220 - loadIPPluginJar : add usbx
2024-03-17 16:57:07,437 [INFO] CADModel:165 - CPN selected for project level
2024-03-17 16:57:07,437 [INFO] CADModel:114 - Register for checkConnection events
2024-03-17 16:57:07,437 [FATAL] Updater:308 - Updater called before beeing initialized
2024-03-17 16:57:07,438 [ERROR] CADModel:125 - Updater not yet initialized, retry later 
2024-03-17 16:57:07,538 [INFO] CADModel:165 - CPN selected for project level
2024-03-17 16:57:07,538 [INFO] CADModel:114 - Register for checkConnection events
2024-03-17 16:57:07,539 [FATAL] Updater:308 - Updater called before beeing initialized
2024-03-17 16:57:07,539 [ERROR] CADModel:125 - Updater not yet initialized, retry later 
2024-03-17 16:57:07,541 [FATAL] Updater:308 - Updater called before beeing initialized
2024-03-17 16:57:07,797 [INFO] ThirdPartyUpdaterWithRetryManager:70 - Updater plugin not ready yet. [2/15]
2024-03-17 16:57:08,164 [FATAL] Updater:308 - Updater called before beeing initialized
2024-03-17 16:57:08,173 [INFO] DbMcusAds:53 - JSON generation date=Wed Nov 29 04:52:27 CST 2023 (1701255147200)
2024-03-17 16:57:08,173 [FATAL] Updater:308 - Updater called before beeing initialized
2024-03-17 16:57:08,253 [WARN] DetailPanel:346 - Failed to get advertising image, set to default
2024-03-17 16:57:08,360 [FATAL] Updater:308 - Updater called before beeing initialized
2024-03-17 16:57:08,362 [FATAL] Updater:308 - Updater called before beeing initialized
2024-03-17 16:57:08,362 [FATAL] Updater:308 - Updater called before beeing initialized
2024-03-17 16:57:08,362 [WARN] DetailPanel:346 - Failed to get advertising image, set to default
2024-03-17 16:57:08,363 [FATAL] Updater:308 - Updater called before beeing initialized
2024-03-17 16:57:08,429 [ERROR] Updater:1120 - MainUpdater not yet initialized. External WinMGr cannot be set.
2024-03-17 16:57:08,439 [INFO] Updater:1056 - Updater Version found : 6.10.0
2024-03-17 16:57:08,456 [INFO] ApplicationProperties:184 - Using Application install path: C:\ST\STM32CubeIDE_1.14.0\STM32CubeIDE\plugins\com.st.stm32cube.common.mx_6.10.0.202311202037
2024-03-17 16:57:08,927 [INFO] MainUpdater:2873 - connection check result : 10
2024-03-17 16:57:08,928 [INFO] MainUpdater:3567 - Updater definition file requires update
2024-03-17 16:57:08,929 [INFO] MainUpdater:290 - Updater Check For Update Now.
2024-03-17 16:57:08,929 [INFO] MicroXplorer:498 - Change Database Version : DB.6.0.100
2024-03-17 16:57:08,944 [INFO] McuFinderGlobals:63 - Set McuFinder mode to 2 (CubeIDE integrated)
2024-03-17 16:57:08,944 [INFO] UserAuth:180 - activating auth plugin
2024-03-17 16:57:08,947 [INFO] UserAuth:404 - Internet connection configuration mode: 1
2024-03-17 16:57:08,972 [INFO] JxBrowserEngine:152 - Initiate JxBrowser Engine with user profile folder
2024-03-17 16:57:09,051 [INFO] ServerAccessManage:473 - Download File updaters.zip
2024-03-17 16:57:09,290 [INFO] FileExtend:240 - Unzip File : updaters.zip
2024-03-17 16:57:09,290 [INFO] FileExtend:255 - Standard Zip Deflate
2024-03-17 16:57:10,797 [WARN] MainUpdater:1194 - Updater busy. Cannot search thirdparties
2024-03-17 16:57:10,797 [INFO] ThirdPartyUpdaterWithRetryManager:96 - Updater plugin is busy. [1/15]
2024-03-17 16:57:12,103 [INFO] WebApp:161 - Instantiating new browser for Auth
2024-03-17 16:57:12,619 [INFO] WebApp:780 - Register for checkConnection events
2024-03-17 16:57:12,620 [INFO] WebApp:414 - Apply proxy settings
2024-03-17 16:57:12,620 [INFO] WebApp:499 - Chromium requires no authentication
2024-03-17 16:57:12,627 [INFO] WebApp:442 - Direct internet connection detected
2024-03-17 16:57:12,761 [INFO] WebApp:192 - Starting web application
2024-03-17 16:57:12,762 [INFO] WebApp:544 - Web application path used C:\ST\STM32CubeIDE_1.14.0\STM32CubeIDE\plugins\com.st.stm32cube.common.mx_6.10.0.202311202037\db\plugins\mcufinder\reactClient1\index.html
2024-03-17 16:57:12,915 [INFO] ServerAccessManage:473 - Download File PacksControlFlags.xml
2024-03-17 16:57:13,061 [INFO] ServerAccessManage:473 - Download File cubemx.pidx
2024-03-17 16:57:13,683 [INFO] ServerAccessManage:473 - Download File STMicroelectronics.X-CUBE-BLEMGR.pdsc
2024-03-17 16:57:13,800 [WARN] MainUpdater:1194 - Updater busy. Cannot search thirdparties
2024-03-17 16:57:13,800 [INFO] ThirdPartyUpdaterWithRetryManager:96 - Updater plugin is busy. [2/15]
2024-03-17 16:57:15,162 [INFO] ServerAccessManage:473 - Download File STMicroelectronics.X-CUBE-TOF1.pdsc
2024-03-17 16:57:16,800 [WARN] MainUpdater:1194 - Updater busy. Cannot search thirdparties
2024-03-17 16:57:16,800 [INFO] ThirdPartyUpdaterWithRetryManager:96 - Updater plugin is busy. [3/15]
2024-03-17 16:57:17,146 [ERROR] ServerAccessManage:1089 - Problem, file not found on Server
2024-03-17 16:57:17,885 [WARN] PackLoader:240 - Cannot read IP mode file for STMicroelectronics.X-CUBE-BLEMGR.3.1.0
2024-03-17 16:57:17,906 [WARN] PackLoader:240 - Cannot read IP mode file for STMicroelectronics.X-CUBE-TOF1.3.4.1
2024-03-17 16:57:17,920 [INFO] PopulateThirdPartyThread:66 - Ending populate Thread
2024-03-17 16:57:17,922 [INFO] ThirdParty:1030 - CMSIS Pack Vendor :STMicroelectronics X-CUBE-BLEMGR 3.1.0
2024-03-17 16:57:17,922 [INFO] ThirdParty:1030 - CMSIS Pack Vendor :STMicroelectronics X-CUBE-TOF1 3.4.1
2024-03-17 16:57:17,922 [INFO] LoadServerUpdatesThread:375 - End of LoadServerUpdate Thread
2024-03-17 16:57:18,007 [INFO] CheckServerUpdateThread:120 - End of CheckServer Thread
2024-03-17 16:57:19,955 [WARN] PackLoader:240 - Cannot read IP mode file for STMicroelectronics.X-CUBE-SMBUS.2.1.0
2024-03-17 16:57:19,965 [WARN] PackLoader:240 - Cannot read IP mode file for STMicroelectronics.X-CUBE-TOUCHGFX.4.23.0
2024-03-17 16:57:19,995 [WARN] PackLoader:240 - Cannot read IP mode file for STMicroelectronics.X-CUBE-AZRTOS-F7.1.1.0
2024-03-17 16:57:20,013 [WARN] PackLoader:240 - Cannot read IP mode file for STMicroelectronics.FP-SNS-MOTENV1.4.3.2
2024-03-17 16:57:20,019 [WARN] PackLoader:240 - Cannot read IP mode file for STMicroelectronics.FP-SNS-FLIGHT1.5.0.2
2024-03-17 16:57:20,033 [WARN] PackLoader:240 - Cannot read IP mode file for STMicroelectronics.X-CUBE-DISPLAY.3.0.0
2024-03-17 16:57:20,050 [WARN] PackLoader:240 - Cannot read IP mode file for STMicroelectronics.X-CUBE-BLE1.7.0.0
2024-03-17 16:57:20,065 [WARN] PackLoader:240 - Cannot read IP mode file for emotas.I-CUBE-CANOPEN.1.3.0
2024-03-17 16:57:20,077 [WARN] PackLoader:240 - Cannot read IP mode file for STMicroelectronics.X-CUBE-BLEMGR.3.1.0
2024-03-17 16:57:20,094 [WARN] PackLoader:240 - Cannot read IP mode file for STMicroelectronics.FP-SNS-SMARTAG2.1.2.0
2024-03-17 16:57:20,111 [INFO] LogOutputStream:77 - [STDOUT_REDIRECT] 1 : Invalid condition id : UX_CORESTACK_Condition cause : null
2024-03-17 16:57:20,111 [INFO] LogOutputStream:77 - [STDOUT_REDIRECT] 1 : Invalid condition id : UX_CORESTACK_Condition cause : null
2024-03-17 16:57:20,112 [INFO] LogOutputStream:77 - [STDOUT_REDIRECT] 1 : Invalid condition id : UX_CORESTACK_Condition cause : null
2024-03-17 16:57:20,113 [INFO] LogOutputStream:77 - [STDOUT_REDIRECT] 1 : Invalid condition id : UX_CORESTACK_Condition cause : null
2024-03-17 16:57:20,113 [INFO] LogOutputStream:77 - [STDOUT_REDIRECT] 1 : Invalid condition id : UX_CORESTACK_Condition cause : null
2024-03-17 16:57:20,115 [WARN] PackLoader:240 - Cannot read IP mode file for STMicroelectronics.X-CUBE-AZRTOS-WL.2.0.0
2024-03-17 16:57:20,128 [WARN] PackLoader:240 - Cannot read IP mode file for WES.I-CUBE-Cesium.1.3.0
2024-03-17 16:57:20,138 [WARN] PackLoader:240 - Cannot read IP mode file for STMicroelectronics.X-CUBE-BLE2.3.3.0
2024-03-17 16:57:20,149 [WARN] PackLoader:240 - Cannot read IP mode file for STMicroelectronics.X-CUBE-ALGOBUILD.1.3.0
2024-03-17 16:57:20,173 [WARN] PackLoader:240 - Cannot read IP mode file for STMicroelectronics.X-CUBE-AZRTOS-G0.1.1.0
2024-03-17 16:57:20,187 [WARN] PackLoader:240 - Cannot read IP mode file for STMicroelectronics.X-CUBE-NFC4.3.0.0
2024-03-17 16:57:20,207 [WARN] PackLoader:240 - Cannot read IP mode file for STMicroelectronics.X-CUBE-BLEMGR.3.0.0
2024-03-17 16:57:20,213 [WARN] PackLoader:240 - Cannot read IP mode file for STMicroelectronics.FP-ATR-SIGFOX1.3.2.0
2024-03-17 16:57:20,224 [WARN] PackLoader:240 - Cannot read IP mode file for STMicroelectronics.X-CUBE-EEPRMA1.5.1.0
2024-03-17 16:57:20,257 [WARN] PackLoader:240 - Cannot read IP mode file for SEGGER.I-CUBE-embOS.1.3.1
2024-03-17 16:57:20,291 [WARN] PackLoader:240 - Cannot read IP mode file for STMicroelectronics.X-CUBE-GNSS1.6.0.0
2024-03-17 16:57:20,315 [WARN] PackLoader:240 - Cannot read IP mode file for STMicroelectronics.X-CUBE-AZRTOS-F4.1.1.0
2024-03-17 16:57:20,330 [WARN] PackLoader:240 - Cannot read IP mode file for wolfSSL.I-CUBE-wolfSSL.5.6.6
2024-03-17 16:57:20,353 [WARN] PackLoader:240 - Cannot read IP mode file for STMicroelectronics.X-CUBE-AZRTOS-L5.2.0.0
2024-03-17 16:57:20,365 [WARN] PackLoader:240 - Cannot read IP mode file for STMicroelectronics.X-CUBE-EEPRMA1.4.2.0
2024-03-17 16:57:20,378 [WARN] PackLoader:240 - Cannot read IP mode file for ITTIA_DB.I-CUBE-ITTIADB.8.8.0
2024-03-17 16:57:20,389 [WARN] PackLoader:240 - Cannot read IP mode file for STMicroelectronics.X-CUBE-NFC7.1.0.1
2024-03-17 16:57:20,403 [WARN] PackLoader:240 - Cannot read IP mode file for STMicroelectronics.X-CUBE-NFC6.3.0.0
2024-03-17 16:57:20,415 [WARN] PackLoader:240 - Cannot read IP mode file for STMicroelectronics.X-CUBE-AI.8.1.0
2024-03-17 16:57:20,439 [WARN] ConditionMgr:438 - getConditionDescription Invalid condition id : LAN8742 Phy interface Condition cause : null
2024-03-17 16:57:20,440 [WARN] PackLoader:240 - Cannot read IP mode file for STMicroelectronics.X-CUBE-AZRTOS-L4.2.0.0
2024-03-17 16:57:20,441 [WARN] ConditionMgr:1039 - genDependencies : Invalid condition id : LAN8742 Phy interface Condition cause : null
2024-03-17 16:57:20,441 [WARN] ConditionMgr:1039 - genDependencies : Invalid condition id : LAN8742 Phy interface Condition cause : null
2024-03-17 16:57:20,441 [WARN] ConditionMgr:1039 - genDependencies : Invalid condition id : LAN8742 Phy interface Condition cause : null
2024-03-17 16:57:20,456 [WARN] PackLoader:240 - Cannot read IP mode file for STMicroelectronics.X-CUBE-SFXS2LP1.4.0.0
2024-03-17 16:57:20,477 [WARN] ConditionMgr:438 - getConditionDescription Invalid condition id : UX DEVICE CLASS RTOS Condition cause : null
2024-03-17 16:57:20,477 [WARN] ConditionMgr:438 - getConditionDescription Invalid condition id : UX DEVICE CLASS RTOS Condition cause : null
2024-03-17 16:57:20,478 [WARN] PackLoader:240 - Cannot read IP mode file for STMicroelectronics.X-CUBE-AZRTOS-WB.2.0.0
2024-03-17 16:57:20,479 [WARN] ConditionMgr:1039 - genDependencies : Invalid condition id : UX DEVICE CLASS RTOS Condition cause : null
2024-03-17 16:57:20,479 [WARN] ConditionMgr:1039 - genDependencies : Invalid condition id : UX DEVICE CLASS RTOS Condition cause : null
2024-03-17 16:57:20,479 [WARN] ConditionMgr:1039 - genDependencies : Invalid condition id : UX DEVICE CLASS RTOS Condition cause : null
2024-03-17 16:57:20,480 [WARN] ConditionMgr:1039 - genDependencies : Invalid condition id : UX DEVICE CLASS RTOS Condition cause : null
2024-03-17 16:57:20,480 [WARN] ConditionMgr:1039 - genDependencies : Invalid condition id : UX DEVICE CLASS RTOS Condition cause : null
2024-03-17 16:57:20,495 [WARN] PackLoader:240 - Cannot read IP mode file for STMicroelectronics.X-CUBE-SUBG2.5.0.0
2024-03-17 16:57:20,517 [WARN] PackLoader:240 - Cannot read IP mode file for STMicroelectronics.X-CUBE-AZRTOS-G4.2.0.0
2024-03-17 16:57:20,535 [WARN] PackLoader:240 - Cannot read IP mode file for Infineon.AIROC-Wi-Fi-Bluetooth-STM32.1.5.1
2024-03-17 16:57:20,540 [WARN] PackLoader:240 - Cannot read IP mode file for STMicroelectronics.FP-SNS-MOTENVWB1.1.3.1
2024-03-17 16:57:20,549 [WARN] PackLoader:240 - Cannot read IP mode file for STMicroelectronics.X-CUBE-ISPU.2.0.0
2024-03-17 16:57:20,591 [WARN] PackLoader:240 - Cannot read IP mode file for STMicroelectronics.X-CUBE-MEMS1.10.0.0
2024-03-17 16:57:20,684 [WARN] PackLoader:240 - Cannot read IP mode file for STMicroelectronics.X-CUBE-FREERTOS.1.1.0
2024-03-17 16:57:20,695 [WARN] PackLoader:240 - Cannot read IP mode file for portGmbH.I-Cube-SoM-uGOAL.1.1.0
2024-03-17 16:57:20,705 [WARN] PackLoader:240 - Cannot read IP mode file for STMicroelectronics.X-CUBE-ALS.1.0.1
2024-03-17 16:57:20,709 [WARN] PackLoader:240 - Cannot read IP mode file for STMicroelectronics.FP-ATR-ASTRA1.2.0.0
2024-03-17 16:57:20,727 [WARN] PackLoader:240 - Cannot read IP mode file for STMicroelectronics.X-CUBE-TOF1.3.4.0
2024-03-17 16:57:20,739 [WARN] PackLoader:240 - Cannot read IP mode file for STMicroelectronics.X-CUBE-TOF1.3.4.1
2024-03-17 16:57:20,770 [WARN] PackLoader:240 - Cannot read IP mode file for STMicroelectronics.X-CUBE-AZRTOS-H7.3.2.0
2024-03-17 16:57:20,774 [INFO] ThirdParty:978 - Integrity check success = true
2024-03-17 16:57:20,774 [INFO] IntegrityCheckThread:100 - exiting critical section [integrity check]
2024-03-17 16:57:20,774 [INFO] IntegrityCheckThread:103 - End integrity checks thread
2024-03-17 16:57:33,672 [ERROR] LogOutputStream:75 - [STDERR_REDIRECT] SLF4J: Failed to load class "org.slf4j.impl.StaticLoggerBinder".
2024-03-17 16:57:33,672 [ERROR] LogOutputStream:75 - [STDERR_REDIRECT] SLF4J: Defaulting to no-operation (NOP) logger implementation
2024-03-17 16:57:33,675 [ERROR] LogOutputStream:75 - [STDERR_REDIRECT] SLF4J: See http://www.slf4j.org/codes.html#StaticLoggerBinder for further details.
