2024-08-04 20:08:45,492 [INFO] Activator:176 - 


2024-08-04 20:08:45,502 [INFO] Activator:177 - !SESSION log4j initialized
2024-08-04 20:08:52,862 [INFO] LogOutputStream:77 - [STDOUT_REDIRECT] 
2024-08-04 20:08:55,705 [INFO] ApplicationProperties:184 - Using Application install path: C:\ST\STM32CubeIDE_1.14.0\STM32CubeIDE\plugins\com.st.stm32cube.common.mx_6.10.0.202311202037
2024-08-04 20:08:55,725 [INFO] DbMcusXml:78 - Set database path to: C:\ST\STM32CubeIDE_1.14.0\STM32CubeIDE\plugins\com.st.stm32cube.common.mx_6.10.0.202311202037\\db\/mcu/
2024-08-04 20:08:55,726 [INFO] ApiDb:274 - Set plugin database path to: C:\ST\STM32CubeIDE_1.14.0\STM32CubeIDE\plugins\com.st.stm32cube.common.mx_6.10.0.202311202037\\db\/plugins/boardmanager/
2024-08-04 20:08:55,727 [WARN] ApiDb:259 - Overriding images path with different value:  => C:\ST\STM32CubeIDE_1.14.0\STM32CubeIDE\plugins\com.st.stm32cube.common.mx_6.10.0.202311202037\\db\/plugins/mcufinder/images/
2024-08-04 20:08:55,738 [INFO] ApiDb:250 - Set database path to: C:\Users\RShah23\.stmcufinder\plugins\mcufinder//mcu/
2024-08-04 20:08:55,739 [INFO] DbMcusAds:125 - Set database path to: C:\Users\RShah23\.stmcufinder\plugins\mcufinder//mcu/
2024-08-04 20:08:55,742 [INFO] CrossReferenceDbSqlite:203 - Set database path to: C:\Users\RShah23\.stmcufinder\plugins\mcufinder//mcu/cs/
2024-08-04 20:08:55,895 [INFO] RulesReader:64 - Compatibility file has been processed (297 Rules)
2024-08-04 20:08:56,056 [INFO] DbMcusXml:78 - Set database path to: C:\ST\STM32CubeIDE_1.14.0\STM32CubeIDE\plugins\com.st.stm32cube.common.mx_6.10.0.202311202037\\db\/mcu/
2024-08-04 20:08:56,056 [INFO] ApiDb:274 - Set plugin database path to: C:\ST\STM32CubeIDE_1.14.0\STM32CubeIDE\plugins\com.st.stm32cube.common.mx_6.10.0.202311202037\\db\/plugins/boardmanager/
2024-08-04 20:08:56,056 [INFO] ApiDb:261 - Set plugin images path to: C:\ST\STM32CubeIDE_1.14.0\STM32CubeIDE\plugins\com.st.stm32cube.common.mx_6.10.0.202311202037\\db\/plugins/mcufinder/images/
2024-08-04 20:08:56,056 [WARN] DbFile:41 - Overriding database path with different value: C:\Users\RShah23\.stmcufinder\plugins\mcufinder/ => C:\Users\RShah23\.stmcufinder\plugins\mcufinder
2024-08-04 20:08:56,056 [INFO] ApiDb:250 - Set database path to: C:\Users\RShah23\.stmcufinder\plugins\mcufinder//mcu/
2024-08-04 20:08:56,057 [WARN] DbFile:41 - Overriding database path with different value: C:\Users\RShah23\.stmcufinder\plugins\mcufinder/ => C:\Users\RShah23\.stmcufinder\plugins\mcufinder
2024-08-04 20:08:56,057 [INFO] DbMcusAds:125 - Set database path to: C:\Users\RShah23\.stmcufinder\plugins\mcufinder//mcu/
2024-08-04 20:08:56,057 [WARN] DbFile:41 - Overriding database path with different value: C:\Users\RShah23\.stmcufinder\plugins\mcufinder/ => C:\Users\RShah23\.stmcufinder\plugins\mcufinder
2024-08-04 20:08:56,057 [WARN] DbFile:41 - Overriding database path with different value: C:\Users\RShah23\.stmcufinder\plugins\mcufinder/ => C:\Users\RShah23\.stmcufinder\plugins\mcufinder
2024-08-04 20:08:56,057 [INFO] CrossReferenceDbSqlite:203 - Set database path to: C:\Users\RShah23\.stmcufinder\plugins\mcufinder//mcu/cs/
2024-08-04 20:08:56,224 [INFO] MainPanel:264 - HeapMemory: 268435456
2024-08-04 20:08:56,365 [INFO] DbMcusXml:78 - Set database path to: C:\ST\STM32CubeIDE_1.14.0\STM32CubeIDE\plugins\com.st.stm32cube.common.mx_6.10.0.202311202037\\db\/mcu/
2024-08-04 20:08:56,366 [INFO] ApiDb:274 - Set plugin database path to: C:\ST\STM32CubeIDE_1.14.0\STM32CubeIDE\plugins\com.st.stm32cube.common.mx_6.10.0.202311202037\\db\/plugins/boardmanager/
2024-08-04 20:08:56,366 [INFO] ApiDb:261 - Set plugin images path to: C:\ST\STM32CubeIDE_1.14.0\STM32CubeIDE\plugins\com.st.stm32cube.common.mx_6.10.0.202311202037\\db\/plugins/mcufinder/images/
2024-08-04 20:08:56,366 [WARN] DbFile:41 - Overriding database path with different value: C:\Users\RShah23\.stmcufinder\plugins\mcufinder/ => C:\Users\RShah23\.stmcufinder\plugins\mcufinder
2024-08-04 20:08:56,366 [INFO] ApiDb:250 - Set database path to: C:\Users\RShah23\.stmcufinder\plugins\mcufinder//mcu/
2024-08-04 20:08:56,367 [WARN] DbFile:41 - Overriding database path with different value: C:\Users\RShah23\.stmcufinder\plugins\mcufinder/ => C:\Users\RShah23\.stmcufinder\plugins\mcufinder
2024-08-04 20:08:56,367 [INFO] DbMcusAds:125 - Set database path to: C:\Users\RShah23\.stmcufinder\plugins\mcufinder//mcu/
2024-08-04 20:08:56,367 [WARN] DbFile:41 - Overriding database path with different value: C:\Users\RShah23\.stmcufinder\plugins\mcufinder/ => C:\Users\RShah23\.stmcufinder\plugins\mcufinder
2024-08-04 20:08:56,367 [WARN] DbFile:41 - Overriding database path with different value: C:\Users\RShah23\.stmcufinder\plugins\mcufinder/ => C:\Users\RShah23\.stmcufinder\plugins\mcufinder
2024-08-04 20:08:56,367 [INFO] CrossReferenceDbSqlite:203 - Set database path to: C:\Users\RShah23\.stmcufinder\plugins\mcufinder//mcu/cs/
2024-08-04 20:08:56,393 [INFO] ApplicationProperties:184 - Using Application install path: C:\ST\STM32CubeIDE_1.14.0\STM32CubeIDE\plugins\com.st.stm32cube.common.mx_6.10.0.202311202037
2024-08-04 20:08:56,396 [INFO] PluginManage:196 - Search for loadable plugins [exclusion list=, ]
2024-08-04 20:08:56,398 [INFO] PluginManage:310 - Check plugin analytics
2024-08-04 20:08:56,599 [INFO] AnalyticsPlugin:253 - Accepted Software Licenses: 
2024-08-04 20:08:56,600 [INFO] AnalyticsPlugin:255 - Accepted CMSIS Pack Licenses: 
2024-08-04 20:08:56,600 [INFO] AnalyticsPlugin:257 - Accepted Firmware Licenses: 
2024-08-04 20:08:56,602 [INFO] PluginManage:359 - Loaded plugin analytics (category:tool,tabindex:-1)
2024-08-04 20:08:56,602 [INFO] PluginManage:310 - Check plugin cadmodel
2024-08-04 20:08:56,619 [INFO] CADModel:105 - Init CAD model plugin
2024-08-04 20:08:56,619 [INFO] PluginManage:359 - Loaded plugin cadmodel (category:power,tabindex:5)
2024-08-04 20:08:56,619 [INFO] PluginManage:310 - Check plugin clock
2024-08-04 20:08:56,640 [INFO] PluginManage:359 - Loaded plugin clock (category:base,tabindex:2)
2024-08-04 20:08:56,641 [INFO] PluginManage:310 - Check plugin ddr
2024-08-04 20:08:56,643 [INFO] PluginManage:359 - Loaded plugin ddr (category:tool,tabindex:6)
2024-08-04 20:08:56,643 [INFO] PluginManage:310 - Check plugin filemanager
2024-08-04 20:08:56,783 [INFO] PluginManage:359 - Loaded plugin filemanager (category:base,tabindex:10)
2024-08-04 20:08:56,784 [INFO] PluginManage:310 - Check plugin ipmanager
2024-08-04 20:08:56,795 [INFO] PluginManage:359 - Loaded plugin ipmanager (category:base,tabindex:5)
2024-08-04 20:08:56,795 [INFO] PluginManage:310 - Check plugin lpbam
2024-08-04 20:08:56,817 [INFO] PluginManage:359 - Loaded plugin lpbam (category:base,tabindex:0)
2024-08-04 20:08:56,817 [INFO] PluginManage:310 - Check plugin memorymap
2024-08-04 20:08:56,844 [INFO] PluginManage:359 - Loaded plugin memorymap (category:base,tabindex:4)
2024-08-04 20:08:56,844 [INFO] PluginManage:310 - Check plugin pinoutandconfiguration
2024-08-04 20:08:56,866 [INFO] PluginManage:359 - Loaded plugin pinoutandconfiguration (category:base,tabindex:1)
2024-08-04 20:08:56,867 [INFO] PluginManage:310 - Check plugin pinoutconfig
2024-08-04 20:08:56,985 [WARN] SupportedApi:132 - Cannot load RTOS API schema: s4s-elt-must-match.1: The content of 'definitions' must match (annotation?, (simpleType | complexType)?, (unique | key | keyref)*)). A problem was found starting at: attribute.
2024-08-04 20:08:57,134 [INFO] PluginManage:359 - Loaded plugin pinoutconfig (category:base,tabindex:0)
2024-08-04 20:08:57,134 [INFO] PluginManage:310 - Check plugin power
2024-08-04 20:08:57,155 [INFO] PluginManage:359 - Loaded plugin power (category:power,tabindex:4)
2024-08-04 20:08:57,155 [INFO] PluginManage:310 - Check plugin projectmanager
2024-08-04 20:08:57,170 [INFO] PluginManage:359 - Loaded plugin projectmanager (category:projectmanager,tabindex:3)
2024-08-04 20:08:57,170 [INFO] PluginManage:310 - Check plugin thirdparty
2024-08-04 20:08:57,472 [INFO] PluginManage:359 - Loaded plugin thirdparty (category:base,tabindex:-1)
2024-08-04 20:08:57,472 [WARN] IntegrityCheckThread:84 - waiting for thirdparty lock release [integrity check]
2024-08-04 20:08:57,472 [INFO] PluginManage:310 - Check plugin tools
2024-08-04 20:08:57,472 [INFO] IntegrityCheckThread:86 - entering critical section [integrity check]
2024-08-04 20:08:57,473 [INFO] ThirdPartyUpdaterWithRetryManager:70 - Updater plugin not ready yet. [1/15]
2024-08-04 20:08:57,518 [INFO] PluginManage:359 - Loaded plugin tools (category:base,tabindex:7)
2024-08-04 20:08:57,519 [INFO] PluginManage:310 - Check plugin tutovideos
2024-08-04 20:08:57,736 [INFO] PluginManage:359 - Loaded plugin tutovideos (category:base,tabindex:-1)
2024-08-04 20:08:57,736 [INFO] PluginManage:310 - Check plugin updater
2024-08-04 20:08:57,749 [INFO] PluginManage:359 - Loaded plugin updater (category:base,tabindex:12)
2024-08-04 20:08:57,749 [INFO] PluginManage:310 - Check plugin userauth
2024-08-04 20:08:57,755 [INFO] UserAuth:114 - Init User Auth plugin
2024-08-04 20:08:57,755 [INFO] PluginManage:359 - Loaded plugin userauth (category:base,tabindex:14)
2024-08-04 20:08:57,755 [INFO] PluginManage:283 - PluginManage : Loaded plugins [17]
2024-08-04 20:08:57,994 [INFO] PinOutPanel:1499 - setPackage(No Configuration,No Configuration)
2024-08-04 20:08:58,096 [INFO] CADModel:165 - CPN selected for project level
2024-08-04 20:08:58,096 [INFO] CADModel:114 - Register for checkConnection events
2024-08-04 20:08:58,123 [INFO] IPUIPlugin:80 - create IPUIPlugin
2024-08-04 20:08:58,123 [INFO] PluginManager:220 - loadIPPluginJar : add adc
2024-08-04 20:08:58,165 [INFO] IPUIPlugin:80 - create IPUIPlugin
2024-08-04 20:08:58,165 [INFO] PluginManager:220 - loadIPPluginJar : add aes
2024-08-04 20:08:58,214 [INFO] IPUIPlugin:80 - create IPUIPlugin
2024-08-04 20:08:58,214 [INFO] PluginManager:220 - loadIPPluginJar : add can
2024-08-04 20:08:58,242 [INFO] IPUIPlugin:80 - create IPUIPlugin
2024-08-04 20:08:58,242 [INFO] PluginManager:220 - loadIPPluginJar : add comp
2024-08-04 20:08:58,282 [INFO] IPUIPlugin:80 - create IPUIPlugin
2024-08-04 20:08:58,283 [INFO] PluginManager:220 - loadIPPluginJar : add cryp
2024-08-04 20:08:58,321 [INFO] IPUIPlugin:80 - create IPUIPlugin
2024-08-04 20:08:58,321 [INFO] PluginManager:220 - loadIPPluginJar : add dfsdm
2024-08-04 20:08:58,338 [INFO] IPUIPlugin:80 - create IPUIPlugin
2024-08-04 20:08:58,338 [INFO] PluginManager:220 - loadIPPluginJar : add dma
2024-08-04 20:08:58,401 [INFO] IPUIPlugin:80 - create IPUIPlugin
2024-08-04 20:08:58,401 [INFO] PluginManager:220 - loadIPPluginJar : add dma3
2024-08-04 20:08:58,432 [INFO] IPUIPlugin:80 - create IPUIPlugin
2024-08-04 20:08:58,432 [INFO] PluginManager:220 - loadIPPluginJar : add fatfs
2024-08-04 20:08:58,502 [INFO] IPUIPlugin:80 - create IPUIPlugin
2024-08-04 20:08:58,502 [INFO] PluginManager:220 - loadIPPluginJar : add fmc
2024-08-04 20:08:58,519 [INFO] IPUIPlugin:80 - create IPUIPlugin
2024-08-04 20:08:58,520 [INFO] PluginManager:220 - loadIPPluginJar : add freertos
2024-08-04 20:08:58,546 [INFO] IPUIPlugin:80 - create IPUIPlugin
2024-08-04 20:08:58,546 [INFO] PluginManager:220 - loadIPPluginJar : add genericplugin
2024-08-04 20:08:58,684 [INFO] IPUIPlugin:80 - create IPUIPlugin
2024-08-04 20:08:58,684 [INFO] PluginManager:220 - loadIPPluginJar : add gfxmmu
2024-08-04 20:08:58,874 [INFO] IPUIPlugin:80 - create IPUIPlugin
2024-08-04 20:08:58,875 [INFO] PluginManager:220 - loadIPPluginJar : add gic
2024-08-04 20:08:58,891 [INFO] IPUIPlugin:80 - create IPUIPlugin
2024-08-04 20:08:58,891 [INFO] PluginManager:220 - loadIPPluginJar : add gpio
2024-08-04 20:08:59,016 [INFO] IPUIPlugin:80 - create IPUIPlugin
2024-08-04 20:08:59,016 [INFO] PluginManager:220 - loadIPPluginJar : add gtzc
2024-08-04 20:08:59,060 [INFO] IPUIPlugin:80 - create IPUIPlugin
2024-08-04 20:08:59,060 [INFO] PluginManager:220 - loadIPPluginJar : add hash
2024-08-04 20:08:59,129 [INFO] IPUIPlugin:80 - create IPUIPlugin
2024-08-04 20:08:59,129 [INFO] PluginManager:220 - loadIPPluginJar : add i2c
2024-08-04 20:08:59,185 [INFO] IPUIPlugin:80 - create IPUIPlugin
2024-08-04 20:08:59,186 [INFO] PluginManager:220 - loadIPPluginJar : add i2s
2024-08-04 20:08:59,247 [INFO] IPUIPlugin:80 - create IPUIPlugin
2024-08-04 20:08:59,247 [INFO] PluginManager:220 - loadIPPluginJar : add i3c
2024-08-04 20:08:59,391 [INFO] IPUIPlugin:80 - create IPUIPlugin
2024-08-04 20:08:59,391 [INFO] PluginManager:220 - loadIPPluginJar : add ipddr
2024-08-04 20:08:59,533 [INFO] IPUIPlugin:80 - create IPUIPlugin
2024-08-04 20:08:59,533 [INFO] PluginManager:220 - loadIPPluginJar : add linkedlist
2024-08-04 20:08:59,590 [INFO] IPUIPlugin:80 - create IPUIPlugin
2024-08-04 20:08:59,590 [INFO] PluginManager:220 - loadIPPluginJar : add lorawan
2024-08-04 20:08:59,649 [INFO] IPUIPlugin:80 - create IPUIPlugin
2024-08-04 20:08:59,649 [INFO] PluginManager:220 - loadIPPluginJar : add ltdc
2024-08-04 20:08:59,668 [INFO] IPUIPlugin:80 - create IPUIPlugin
2024-08-04 20:08:59,668 [INFO] PluginManager:220 - loadIPPluginJar : add mdma
2024-08-04 20:08:59,683 [INFO] IPUIPlugin:80 - create IPUIPlugin
2024-08-04 20:08:59,683 [INFO] PluginManager:220 - loadIPPluginJar : add nvic
2024-08-04 20:08:59,735 [INFO] IPUIPlugin:80 - create IPUIPlugin
2024-08-04 20:08:59,736 [INFO] PluginManager:220 - loadIPPluginJar : add opamp
2024-08-04 20:08:59,815 [INFO] IPUIPlugin:80 - create IPUIPlugin
2024-08-04 20:08:59,816 [INFO] PluginManager:220 - loadIPPluginJar : add openamp
2024-08-04 20:08:59,877 [INFO] IPUIPlugin:80 - create IPUIPlugin
2024-08-04 20:08:59,878 [INFO] PluginManager:220 - loadIPPluginJar : add pdm2pcm
2024-08-04 20:08:59,897 [INFO] IPUIPlugin:80 - create IPUIPlugin
2024-08-04 20:08:59,899 [INFO] PluginManager:220 - loadIPPluginJar : add plateformsettings
2024-08-04 20:08:59,930 [INFO] IPUIPlugin:80 - create IPUIPlugin
2024-08-04 20:08:59,930 [INFO] PluginManager:220 - loadIPPluginJar : add quadspi
2024-08-04 20:08:59,948 [INFO] IPUIPlugin:80 - create IPUIPlugin
2024-08-04 20:08:59,948 [INFO] PluginManager:220 - loadIPPluginJar : add resmgrutility
2024-08-04 20:09:00,010 [INFO] IPUIPlugin:80 - create IPUIPlugin
2024-08-04 20:09:00,010 [INFO] PluginManager:220 - loadIPPluginJar : add sai
2024-08-04 20:09:00,066 [INFO] IPUIPlugin:80 - create IPUIPlugin
2024-08-04 20:09:00,066 [INFO] PluginManager:220 - loadIPPluginJar : add spi
2024-08-04 20:09:00,157 [INFO] IPUIPlugin:80 - create IPUIPlugin
2024-08-04 20:09:00,157 [INFO] PluginManager:220 - loadIPPluginJar : add stm32_wpan
2024-08-04 20:09:00,187 [INFO] IPUIPlugin:80 - create IPUIPlugin
2024-08-04 20:09:00,187 [INFO] PluginManager:220 - loadIPPluginJar : add tim
2024-08-04 20:09:00,264 [INFO] IPUIPlugin:80 - create IPUIPlugin
2024-08-04 20:09:00,264 [INFO] PluginManager:220 - loadIPPluginJar : add touchsensing
2024-08-04 20:09:00,303 [INFO] IPUIPlugin:80 - create IPUIPlugin
2024-08-04 20:09:00,303 [INFO] PluginManager:220 - loadIPPluginJar : add tracer_emb
2024-08-04 20:09:00,337 [INFO] IPUIPlugin:80 - create IPUIPlugin
2024-08-04 20:09:00,337 [INFO] PluginManager:220 - loadIPPluginJar : add ts
2024-08-04 20:09:00,367 [INFO] IPUIPlugin:80 - create IPUIPlugin
2024-08-04 20:09:00,367 [INFO] PluginManager:220 - loadIPPluginJar : add tsc
2024-08-04 20:09:00,397 [INFO] IPUIPlugin:80 - create IPUIPlugin
2024-08-04 20:09:00,398 [INFO] PluginManager:220 - loadIPPluginJar : add ucpd
2024-08-04 20:09:00,463 [INFO] IPUIPlugin:80 - create IPUIPlugin
2024-08-04 20:09:00,463 [INFO] PluginManager:220 - loadIPPluginJar : add usart
2024-08-04 20:09:00,474 [INFO] ThirdPartyUpdaterWithRetryManager:70 - Updater plugin not ready yet. [2/15]
2024-08-04 20:09:00,521 [INFO] IPUIPlugin:80 - create IPUIPlugin
2024-08-04 20:09:00,521 [INFO] PluginManager:220 - loadIPPluginJar : add usbx
2024-08-04 20:09:00,666 [INFO] CADModel:165 - CPN selected for project level
2024-08-04 20:09:00,666 [INFO] CADModel:114 - Register for checkConnection events
2024-08-04 20:09:00,666 [FATAL] Updater:308 - Updater called before beeing initialized
2024-08-04 20:09:00,666 [ERROR] CADModel:125 - Updater not yet initialized, retry later 
2024-08-04 20:09:00,834 [INFO] CADModel:165 - CPN selected for project level
2024-08-04 20:09:00,834 [INFO] CADModel:114 - Register for checkConnection events
2024-08-04 20:09:00,834 [FATAL] Updater:308 - Updater called before beeing initialized
2024-08-04 20:09:00,834 [ERROR] CADModel:125 - Updater not yet initialized, retry later 
2024-08-04 20:09:00,837 [FATAL] Updater:308 - Updater called before beeing initialized
2024-08-04 20:09:00,981 [FATAL] Updater:308 - Updater called before beeing initialized
2024-08-04 20:09:00,990 [INFO] DbMcusAds:53 - JSON generation date=Wed Nov 29 04:52:27 CST 2023 (1701255147200)
2024-08-04 20:09:00,990 [FATAL] Updater:308 - Updater called before beeing initialized
2024-08-04 20:09:01,034 [WARN] DetailPanel:346 - Failed to get advertising image, set to default
2024-08-04 20:09:01,139 [FATAL] Updater:308 - Updater called before beeing initialized
2024-08-04 20:09:01,141 [FATAL] Updater:308 - Updater called before beeing initialized
2024-08-04 20:09:01,142 [FATAL] Updater:308 - Updater called before beeing initialized
2024-08-04 20:09:01,142 [WARN] DetailPanel:346 - Failed to get advertising image, set to default
2024-08-04 20:09:01,142 [FATAL] Updater:308 - Updater called before beeing initialized
2024-08-04 20:09:01,214 [ERROR] Updater:1120 - MainUpdater not yet initialized. External WinMGr cannot be set.
2024-08-04 20:09:01,225 [INFO] Updater:1056 - Updater Version found : 6.10.0
2024-08-04 20:09:01,248 [INFO] ApplicationProperties:184 - Using Application install path: C:\ST\STM32CubeIDE_1.14.0\STM32CubeIDE\plugins\com.st.stm32cube.common.mx_6.10.0.202311202037
2024-08-04 20:09:01,668 [INFO] MainUpdater:2873 - connection check result : 10
2024-08-04 20:09:01,668 [INFO] MainUpdater:3567 - Updater definition file requires update
2024-08-04 20:09:01,669 [INFO] MainUpdater:290 - Updater Check For Update Now.
2024-08-04 20:09:01,670 [INFO] MicroXplorer:498 - Change Database Version : DB.6.0.100
2024-08-04 20:09:01,689 [INFO] McuFinderGlobals:63 - Set McuFinder mode to 2 (CubeIDE integrated)
2024-08-04 20:09:01,689 [INFO] UserAuth:180 - activating auth plugin
2024-08-04 20:09:01,692 [INFO] UserAuth:404 - Internet connection configuration mode: 1
2024-08-04 20:09:01,727 [INFO] JxBrowserEngine:152 - Initiate JxBrowser Engine with user profile folder
2024-08-04 20:09:01,927 [INFO] ServerAccessManage:473 - Download File updaters.zip
2024-08-04 20:09:02,169 [INFO] FileExtend:240 - Unzip File : updaters.zip
2024-08-04 20:09:02,169 [INFO] FileExtend:255 - Standard Zip Deflate
2024-08-04 20:09:03,475 [WARN] MainUpdater:1194 - Updater busy. Cannot search thirdparties
2024-08-04 20:09:03,475 [INFO] ThirdPartyUpdaterWithRetryManager:96 - Updater plugin is busy. [1/15]
2024-08-04 20:09:05,115 [INFO] WebApp:161 - Instantiating new browser for Auth
2024-08-04 20:09:05,842 [INFO] WebApp:780 - Register for checkConnection events
2024-08-04 20:09:05,842 [INFO] WebApp:414 - Apply proxy settings
2024-08-04 20:09:05,843 [INFO] WebApp:499 - Chromium requires no authentication
2024-08-04 20:09:05,851 [INFO] WebApp:442 - Direct internet connection detected
2024-08-04 20:09:06,049 [INFO] WebApp:192 - Starting web application
2024-08-04 20:09:06,050 [INFO] WebApp:544 - Web application path used C:\ST\STM32CubeIDE_1.14.0\STM32CubeIDE\plugins\com.st.stm32cube.common.mx_6.10.0.202311202037\db\plugins\mcufinder\reactClient1\index.html
2024-08-04 20:09:06,342 [INFO] ServerAccessManage:473 - Download File PacksControlFlags.xml
2024-08-04 20:09:06,478 [WARN] MainUpdater:1194 - Updater busy. Cannot search thirdparties
2024-08-04 20:09:06,478 [INFO] ThirdPartyUpdaterWithRetryManager:96 - Updater plugin is busy. [2/15]
2024-08-04 20:09:06,607 [INFO] ServerAccessManage:473 - Download File cubemx.pidx
2024-08-04 20:09:07,364 [INFO] ServerAccessManage:473 - Download File STMicroelectronics.FP-SNS-STBOX1.pdsc
2024-08-04 20:09:08,833 [INFO] ServerAccessManage:473 - Download File STMicroelectronics.X-CUBE-TOF1.pdsc
2024-08-04 20:09:09,480 [WARN] MainUpdater:1194 - Updater busy. Cannot search thirdparties
2024-08-04 20:09:09,480 [INFO] ThirdPartyUpdaterWithRetryManager:96 - Updater plugin is busy. [3/15]
2024-08-04 20:09:12,480 [WARN] MainUpdater:1194 - Updater busy. Cannot search thirdparties
2024-08-04 20:09:12,480 [INFO] ThirdPartyUpdaterWithRetryManager:96 - Updater plugin is busy. [4/15]
2024-08-04 20:09:13,114 [ERROR] ServerAccessManage:1089 - Problem, file not found on Server
2024-08-04 20:09:13,994 [WARN] PackLoader:240 - Cannot read IP mode file for STMicroelectronics.FP-SNS-STBOX1.2.0.0
2024-08-04 20:09:14,020 [WARN] PackLoader:240 - Cannot read IP mode file for STMicroelectronics.X-CUBE-TOF1.3.4.2
2024-08-04 20:09:14,043 [INFO] PopulateThirdPartyThread:66 - Ending populate Thread
2024-08-04 20:09:14,045 [INFO] ThirdParty:1030 - CMSIS Pack Vendor :STMicroelectronics FP-SNS-STBOX1 2.0.0
2024-08-04 20:09:14,045 [INFO] ThirdParty:1030 - CMSIS Pack Vendor :STMicroelectronics X-CUBE-TOF1 3.4.2
2024-08-04 20:09:14,046 [INFO] LoadServerUpdatesThread:375 - End of LoadServerUpdate Thread
2024-08-04 20:09:14,123 [INFO] CheckServerUpdateThread:120 - End of CheckServer Thread
2024-08-04 20:09:15,752 [WARN] PackLoader:240 - Cannot read IP mode file for STMicroelectronics.FP-SNS-MOTENVWB1.1.4.0
2024-08-04 20:09:15,769 [WARN] PackLoader:240 - Cannot read IP mode file for STMicroelectronics.X-CUBE-SMBUS.2.1.0
2024-08-04 20:09:15,787 [WARN] PackLoader:240 - Cannot read IP mode file for STMicroelectronics.X-CUBE-TOUCHGFX.4.23.0
2024-08-04 20:09:15,801 [WARN] PackLoader:240 - Cannot read IP mode file for STMicroelectronics.X-CUBE-TOUCHGFX.4.23.2
2024-08-04 20:09:15,840 [WARN] PackLoader:240 - Cannot read IP mode file for STMicroelectronics.X-CUBE-AZRTOS-F7.1.1.0
2024-08-04 20:09:15,859 [WARN] PackLoader:240 - Cannot read IP mode file for STMicroelectronics.FP-SNS-MOTENV1.4.3.2
2024-08-04 20:09:15,867 [WARN] PackLoader:240 - Cannot read IP mode file for STMicroelectronics.FP-SNS-FLIGHT1.5.0.2
2024-08-04 20:09:15,887 [WARN] PackLoader:240 - Cannot read IP mode file for STMicroelectronics.X-CUBE-DISPLAY.3.0.0
2024-08-04 20:09:15,911 [WARN] PackLoader:240 - Cannot read IP mode file for STMicroelectronics.X-CUBE-BLE1.7.0.0
2024-08-04 20:09:15,926 [WARN] PackLoader:240 - Cannot read IP mode file for emotas.I-CUBE-CANOPEN.1.3.0
2024-08-04 20:09:15,947 [WARN] PackLoader:240 - Cannot read IP mode file for STMicroelectronics.X-CUBE-BLEMGR.3.1.0
2024-08-04 20:09:15,964 [WARN] PackLoader:240 - Cannot read IP mode file for STMicroelectronics.FP-SNS-SMARTAG2.1.2.0
2024-08-04 20:09:15,987 [INFO] LogOutputStream:77 - [STDOUT_REDIRECT] 1 : Invalid condition id : UX_CORESTACK_Condition cause : null
2024-08-04 20:09:15,987 [INFO] LogOutputStream:77 - [STDOUT_REDIRECT] 1 : Invalid condition id : UX_CORESTACK_Condition cause : null
2024-08-04 20:09:15,988 [INFO] LogOutputStream:77 - [STDOUT_REDIRECT] 1 : Invalid condition id : UX_CORESTACK_Condition cause : null
2024-08-04 20:09:15,990 [INFO] LogOutputStream:77 - [STDOUT_REDIRECT] 1 : Invalid condition id : UX_CORESTACK_Condition cause : null
2024-08-04 20:09:15,991 [INFO] LogOutputStream:77 - [STDOUT_REDIRECT] 1 : Invalid condition id : UX_CORESTACK_Condition cause : null
2024-08-04 20:09:15,995 [WARN] PackLoader:240 - Cannot read IP mode file for STMicroelectronics.X-CUBE-AZRTOS-WL.2.0.0
2024-08-04 20:09:16,013 [WARN] PackLoader:240 - Cannot read IP mode file for STMicroelectronics.FP-SNS-MOTENV1.5.0.0
2024-08-04 20:09:16,020 [WARN] PackLoader:240 - Cannot read IP mode file for wolfSSL.I-CUBE-wolfMQTT.1.19.0
2024-08-04 20:09:16,035 [WARN] PackLoader:240 - Cannot read IP mode file for WES.I-CUBE-Cesium.1.3.0
2024-08-04 20:09:16,049 [WARN] PackLoader:240 - Cannot read IP mode file for STMicroelectronics.X-CUBE-BLE2.3.3.0
2024-08-04 20:09:16,062 [WARN] PackLoader:240 - Cannot read IP mode file for STMicroelectronics.X-CUBE-TCPP.4.1.0
2024-08-04 20:09:16,077 [WARN] PackLoader:240 - Cannot read IP mode file for STMicroelectronics.X-CUBE-ALGOBUILD.1.3.0
2024-08-04 20:09:16,108 [WARN] PackLoader:240 - Cannot read IP mode file for STMicroelectronics.X-CUBE-AZRTOS-G0.1.1.0
2024-08-04 20:09:16,126 [WARN] PackLoader:240 - Cannot read IP mode file for STMicroelectronics.X-CUBE-SAFEA1.1.2.2
2024-08-04 20:09:16,141 [WARN] PackLoader:240 - Cannot read IP mode file for STMicroelectronics.X-CUBE-NFC4.3.0.0
2024-08-04 20:09:16,160 [WARN] PackLoader:240 - Cannot read IP mode file for EmbeddedOffice.I-CUBE-FS-RTOS.1.0.1
2024-08-04 20:09:16,161 [ERROR] ConditionMgr:805 - Attr not supported : Dmpu
2024-08-04 20:09:16,161 [ERROR] ConditionMgr:805 - Attr not supported : Dmpu
2024-08-04 20:09:16,161 [ERROR] ConditionMgr:805 - Attr not supported : Dmpu
2024-08-04 20:09:16,161 [ERROR] ConditionMgr:805 - Attr not supported : Dmpu
2024-08-04 20:09:16,161 [ERROR] ConditionMgr:805 - Attr not supported : Dmpu
2024-08-04 20:09:16,161 [ERROR] ConditionMgr:805 - Attr not supported : Dmpu
2024-08-04 20:09:16,161 [ERROR] ConditionMgr:805 - Attr not supported : Dmpu
2024-08-04 20:09:16,161 [ERROR] ConditionMgr:805 - Attr not supported : Dmpu
2024-08-04 20:09:16,162 [ERROR] ConditionMgr:805 - Attr not supported : Dmpu
2024-08-04 20:09:16,162 [ERROR] ConditionMgr:805 - Attr not supported : Dmpu
2024-08-04 20:09:16,162 [ERROR] ConditionMgr:805 - Attr not supported : Dmpu
2024-08-04 20:09:16,162 [ERROR] ConditionMgr:805 - Attr not supported : Dmpu
2024-08-04 20:09:16,162 [ERROR] ConditionMgr:805 - Attr not supported : Dmpu
2024-08-04 20:09:16,162 [ERROR] ConditionMgr:805 - Attr not supported : Dmpu
2024-08-04 20:09:16,162 [ERROR] ConditionMgr:805 - Attr not supported : Dmpu
2024-08-04 20:09:16,162 [ERROR] ConditionMgr:805 - Attr not supported : Dmpu
2024-08-04 20:09:16,162 [ERROR] ConditionMgr:805 - Attr not supported : Dmpu
2024-08-04 20:09:16,162 [ERROR] ConditionMgr:805 - Attr not supported : Dmpu
2024-08-04 20:09:16,163 [ERROR] ConditionMgr:805 - Attr not supported : Dmpu
2024-08-04 20:09:16,163 [ERROR] ConditionMgr:805 - Attr not supported : Dmpu
2024-08-04 20:09:16,163 [ERROR] ConditionMgr:805 - Attr not supported : Dmpu
2024-08-04 20:09:16,163 [ERROR] ConditionMgr:805 - Attr not supported : Dmpu
2024-08-04 20:09:16,163 [ERROR] ConditionMgr:805 - Attr not supported : Dmpu
2024-08-04 20:09:16,163 [ERROR] ConditionMgr:805 - Attr not supported : Dmpu
2024-08-04 20:09:16,163 [ERROR] ConditionMgr:805 - Attr not supported : Dmpu
2024-08-04 20:09:16,163 [ERROR] ConditionMgr:805 - Attr not supported : Dmpu
2024-08-04 20:09:16,163 [ERROR] ConditionMgr:805 - Attr not supported : Dmpu
2024-08-04 20:09:16,163 [ERROR] ConditionMgr:805 - Attr not supported : Dmpu
2024-08-04 20:09:16,163 [ERROR] ConditionMgr:805 - Attr not supported : Dmpu
2024-08-04 20:09:16,163 [ERROR] ConditionMgr:805 - Attr not supported : Dmpu
2024-08-04 20:09:16,164 [ERROR] ConditionMgr:805 - Attr not supported : Dmpu
2024-08-04 20:09:16,164 [ERROR] ConditionMgr:805 - Attr not supported : Dmpu
2024-08-04 20:09:16,164 [ERROR] ConditionMgr:805 - Attr not supported : Dmpu
2024-08-04 20:09:16,164 [ERROR] ConditionMgr:805 - Attr not supported : Dmpu
2024-08-04 20:09:16,164 [ERROR] ConditionMgr:805 - Attr not supported : Dmpu
2024-08-04 20:09:16,164 [ERROR] ConditionMgr:805 - Attr not supported : Dmpu
2024-08-04 20:09:16,164 [ERROR] ConditionMgr:805 - Attr not supported : Dmpu
2024-08-04 20:09:16,164 [ERROR] ConditionMgr:805 - Attr not supported : Dmpu
2024-08-04 20:09:16,165 [ERROR] ConditionMgr:805 - Attr not supported : Dmpu
2024-08-04 20:09:16,165 [ERROR] ConditionMgr:805 - Attr not supported : Dmpu
2024-08-04 20:09:16,165 [ERROR] ConditionMgr:805 - Attr not supported : Dmpu
2024-08-04 20:09:16,165 [ERROR] ConditionMgr:805 - Attr not supported : Dmpu
2024-08-04 20:09:16,165 [ERROR] ConditionMgr:805 - Attr not supported : Dmpu
2024-08-04 20:09:16,165 [ERROR] ConditionMgr:805 - Attr not supported : Dmpu
2024-08-04 20:09:16,165 [ERROR] ConditionMgr:805 - Attr not supported : Dmpu
2024-08-04 20:09:16,165 [ERROR] ConditionMgr:805 - Attr not supported : Dmpu
2024-08-04 20:09:16,165 [ERROR] ConditionMgr:805 - Attr not supported : Dmpu
2024-08-04 20:09:16,165 [ERROR] ConditionMgr:805 - Attr not supported : Dmpu
2024-08-04 20:09:16,166 [ERROR] ConditionMgr:805 - Attr not supported : Dmpu
2024-08-04 20:09:16,166 [ERROR] ConditionMgr:805 - Attr not supported : Dmpu
2024-08-04 20:09:16,166 [ERROR] ConditionMgr:805 - Attr not supported : Dmpu
2024-08-04 20:09:16,166 [ERROR] ConditionMgr:805 - Attr not supported : Dmpu
2024-08-04 20:09:16,166 [ERROR] ConditionMgr:805 - Attr not supported : Dmpu
2024-08-04 20:09:16,166 [ERROR] ConditionMgr:805 - Attr not supported : Dmpu
2024-08-04 20:09:16,166 [ERROR] ConditionMgr:805 - Attr not supported : Dmpu
2024-08-04 20:09:16,166 [ERROR] ConditionMgr:805 - Attr not supported : Dmpu
2024-08-04 20:09:16,166 [ERROR] ConditionMgr:805 - Attr not supported : Dmpu
2024-08-04 20:09:16,166 [ERROR] ConditionMgr:805 - Attr not supported : Dmpu
2024-08-04 20:09:16,167 [ERROR] ConditionMgr:805 - Attr not supported : Dmpu
2024-08-04 20:09:16,167 [ERROR] ConditionMgr:805 - Attr not supported : Dmpu
2024-08-04 20:09:16,167 [ERROR] ConditionMgr:805 - Attr not supported : Dmpu
2024-08-04 20:09:16,167 [ERROR] ConditionMgr:805 - Attr not supported : Dmpu
2024-08-04 20:09:16,167 [ERROR] ConditionMgr:805 - Attr not supported : Dmpu
2024-08-04 20:09:16,167 [ERROR] ConditionMgr:805 - Attr not supported : Dmpu
2024-08-04 20:09:16,183 [WARN] PackLoader:240 - Cannot read IP mode file for STMicroelectronics.X-CUBE-BLEMGR.3.0.0
2024-08-04 20:09:16,200 [WARN] PackLoader:240 - Cannot read IP mode file for RealThread.X-CUBE-RT-Thread_Nano.4.1.1
2024-08-04 20:09:16,205 [WARN] PackLoader:240 - Cannot read IP mode file for STMicroelectronics.FP-ATR-SIGFOX1.3.2.0
2024-08-04 20:09:16,218 [WARN] PackLoader:240 - Cannot read IP mode file for STMicroelectronics.X-CUBE-EEPRMA1.5.1.0
2024-08-04 20:09:16,250 [WARN] PackLoader:240 - Cannot read IP mode file for SEGGER.I-CUBE-embOS.1.3.1
2024-08-04 20:09:16,305 [WARN] PackLoader:240 - Cannot read IP mode file for STMicroelectronics.X-CUBE-ALGOBUILD.1.4.0
2024-08-04 20:09:16,321 [WARN] PackLoader:240 - Cannot read IP mode file for STMicroelectronics.X-CUBE-GNSS1.6.0.0
2024-08-04 20:09:16,353 [WARN] PackLoader:240 - Cannot read IP mode file for STMicroelectronics.X-CUBE-AZRTOS-F4.1.1.0
2024-08-04 20:09:16,367 [WARN] PackLoader:240 - Cannot read IP mode file for STMicroelectronics.X-CUBE-FREERTOS.1.2.0
2024-08-04 20:09:16,381 [WARN] PackLoader:240 - Cannot read IP mode file for wolfSSL.I-CUBE-wolfSSL.5.6.6
2024-08-04 20:09:16,409 [WARN] PackLoader:240 - Cannot read IP mode file for STMicroelectronics.X-CUBE-AZRTOS-L5.2.0.0
2024-08-04 20:09:16,423 [WARN] PackLoader:240 - Cannot read IP mode file for STMicroelectronics.X-CUBE-EEPRMA1.4.2.0
2024-08-04 20:09:16,442 [WARN] PackLoader:240 - Cannot read IP mode file for STMicroelectronics.X-CUBE-NFC6.3.1.0
2024-08-04 20:09:16,459 [WARN] PackLoader:240 - Cannot read IP mode file for ITTIA_DB.I-CUBE-ITTIADB.8.8.0
2024-08-04 20:09:16,473 [WARN] PackLoader:240 - Cannot read IP mode file for STMicroelectronics.X-CUBE-DPower.1.2.0
2024-08-04 20:09:16,490 [WARN] PackLoader:240 - Cannot read IP mode file for STMicroelectronics.X-CUBE-AI.9.0.0
2024-08-04 20:09:16,509 [WARN] PackLoader:240 - Cannot read IP mode file for STMicroelectronics.X-CUBE-NFC7.1.0.1
2024-08-04 20:09:16,515 [WARN] PackLoader:240 - Cannot read IP mode file for wolfSSL.I-CUBE-wolfTPM.3.2.0
2024-08-04 20:09:16,529 [WARN] PackLoader:240 - Cannot read IP mode file for STMicroelectronics.X-CUBE-NFC6.3.0.0
2024-08-04 20:09:16,546 [WARN] PackLoader:240 - Cannot read IP mode file for STMicroelectronics.X-CUBE-AI.8.1.0
2024-08-04 20:09:16,576 [WARN] ConditionMgr:438 - getConditionDescription Invalid condition id : LAN8742 Phy interface Condition cause : null
2024-08-04 20:09:16,577 [WARN] PackLoader:240 - Cannot read IP mode file for STMicroelectronics.X-CUBE-AZRTOS-L4.2.0.0
2024-08-04 20:09:16,578 [WARN] ConditionMgr:1039 - genDependencies : Invalid condition id : LAN8742 Phy interface Condition cause : null
2024-08-04 20:09:16,578 [WARN] ConditionMgr:1039 - genDependencies : Invalid condition id : LAN8742 Phy interface Condition cause : null
2024-08-04 20:09:16,578 [WARN] ConditionMgr:1039 - genDependencies : Invalid condition id : LAN8742 Phy interface Condition cause : null
2024-08-04 20:09:16,593 [WARN] PackLoader:240 - Cannot read IP mode file for STMicroelectronics.X-CUBE-SFXS2LP1.4.0.0
2024-08-04 20:09:16,622 [WARN] ConditionMgr:438 - getConditionDescription Invalid condition id : UX DEVICE CLASS RTOS Condition cause : null
2024-08-04 20:09:16,622 [WARN] ConditionMgr:438 - getConditionDescription Invalid condition id : UX DEVICE CLASS RTOS Condition cause : null
2024-08-04 20:09:16,623 [WARN] PackLoader:240 - Cannot read IP mode file for STMicroelectronics.X-CUBE-AZRTOS-WB.2.0.0
2024-08-04 20:09:16,624 [WARN] ConditionMgr:1039 - genDependencies : Invalid condition id : UX DEVICE CLASS RTOS Condition cause : null
2024-08-04 20:09:16,624 [WARN] ConditionMgr:1039 - genDependencies : Invalid condition id : UX DEVICE CLASS RTOS Condition cause : null
2024-08-04 20:09:16,625 [WARN] ConditionMgr:1039 - genDependencies : Invalid condition id : UX DEVICE CLASS RTOS Condition cause : null
2024-08-04 20:09:16,625 [WARN] ConditionMgr:1039 - genDependencies : Invalid condition id : UX DEVICE CLASS RTOS Condition cause : null
2024-08-04 20:09:16,625 [WARN] ConditionMgr:1039 - genDependencies : Invalid condition id : UX DEVICE CLASS RTOS Condition cause : null
2024-08-04 20:09:16,632 [WARN] PackLoader:240 - Cannot read IP mode file for STMicroelectronics.FP-SNS-STBOX1.2.0.0
2024-08-04 20:09:16,654 [WARN] PackLoader:240 - Cannot read IP mode file for STMicroelectronics.X-CUBE-SUBG2.5.0.0
2024-08-04 20:09:16,684 [WARN] PackLoader:240 - Cannot read IP mode file for STMicroelectronics.X-CUBE-AZRTOS-G4.2.0.0
2024-08-04 20:09:16,712 [WARN] PackLoader:240 - Cannot read IP mode file for Infineon.AIROC-Wi-Fi-Bluetooth-STM32.1.5.1
2024-08-04 20:09:16,728 [WARN] PackLoader:240 - Cannot read IP mode file for STMicroelectronics.FP-SNS-MOTENVWB1.1.3.1
2024-08-04 20:09:16,744 [WARN] PackLoader:240 - Cannot read IP mode file for STMicroelectronics.X-CUBE-ISPU.2.0.0
2024-08-04 20:09:16,760 [WARN] PackLoader:240 - Cannot read IP mode file for STMicroelectronics.X-CUBE-ALS.1.0.2
2024-08-04 20:09:16,816 [WARN] PackLoader:240 - Cannot read IP mode file for STMicroelectronics.X-CUBE-MEMS1.10.0.0
2024-08-04 20:09:16,946 [WARN] PackLoader:240 - Cannot read IP mode file for STMicroelectronics.X-CUBE-FREERTOS.1.1.0
2024-08-04 20:09:16,962 [WARN] PackLoader:240 - Cannot read IP mode file for STMicroelectronics.X-CUBE-TOUCHGFX.4.24.0
2024-08-04 20:09:16,981 [WARN] PackLoader:240 - Cannot read IP mode file for portGmbH.I-Cube-SoM-uGOAL.1.1.0
2024-08-04 20:09:16,998 [WARN] PackLoader:240 - Cannot read IP mode file for STMicroelectronics.X-CUBE-ALS.1.0.1
2024-08-04 20:09:17,040 [WARN] PackLoader:240 - Cannot read IP mode file for STMicroelectronics.X-CUBE-AZRTOS-H7RS.1.0.0
2024-08-04 20:09:17,048 [WARN] PackLoader:240 - Cannot read IP mode file for STMicroelectronics.FP-ATR-ASTRA1.2.0.0
2024-08-04 20:09:17,056 [WARN] PackLoader:240 - Cannot read IP mode file for STMicroelectronics.X-CUBE-TOF1.3.4.2
2024-08-04 20:09:17,095 [WARN] PackLoader:240 - Cannot read IP mode file for STMicroelectronics.X-CUBE-TOF1.3.4.0
2024-08-04 20:09:17,128 [WARN] PackLoader:240 - Cannot read IP mode file for STMicroelectronics.X-CUBE-TOF1.3.4.1
2024-08-04 20:09:17,178 [WARN] PackLoader:240 - Cannot read IP mode file for STMicroelectronics.X-CUBE-AZRTOS-H7.3.2.0
2024-08-04 20:09:17,186 [WARN] PackLoader:240 - Cannot read IP mode file for wolfSSL.I-CUBE-wolfSSH.1.4.17
2024-08-04 20:09:17,187 [INFO] ThirdParty:978 - Integrity check success = true
2024-08-04 20:09:17,187 [INFO] IntegrityCheckThread:100 - exiting critical section [integrity check]
2024-08-04 20:09:17,187 [INFO] IntegrityCheckThread:103 - End integrity checks thread
2024-08-04 20:09:27,082 [ERROR] LogOutputStream:75 - [STDERR_REDIRECT] SLF4J: Failed to load class "org.slf4j.impl.StaticLoggerBinder".
2024-08-04 20:09:27,082 [ERROR] LogOutputStream:75 - [STDERR_REDIRECT] SLF4J: Defaulting to no-operation (NOP) logger implementation
2024-08-04 20:09:27,083 [ERROR] LogOutputStream:75 - [STDERR_REDIRECT] SLF4J: See http://www.slf4j.org/codes.html#StaticLoggerBinder for further details.
