2024-02-04 18:22:20,665 [INFO] Activator:176 - 


2024-02-04 18:22:20,668 [INFO] Activator:177 - !SESSION log4j initialized
2024-02-04 18:22:24,157 [INFO] LogOutputStream:77 - [STDOUT_REDIRECT] 
2024-02-04 18:22:26,192 [INFO] ApplicationProperties:184 - Using Application install path: C:\ST\STM32CubeIDE_1.14.0\STM32CubeIDE\plugins\com.st.stm32cube.common.mx_6.10.0.202311202037
2024-02-04 18:22:26,208 [INFO] DbMcusXml:78 - Set database path to: C:\ST\STM32CubeIDE_1.14.0\STM32CubeIDE\plugins\com.st.stm32cube.common.mx_6.10.0.202311202037\\db\/mcu/
2024-02-04 18:22:26,209 [INFO] ApiDb:274 - Set plugin database path to: C:\ST\STM32CubeIDE_1.14.0\STM32CubeIDE\plugins\com.st.stm32cube.common.mx_6.10.0.202311202037\\db\/plugins/boardmanager/
2024-02-04 18:22:26,209 [WARN] ApiDb:259 - Overriding images path with different value:  => C:\ST\STM32CubeIDE_1.14.0\STM32CubeIDE\plugins\com.st.stm32cube.common.mx_6.10.0.202311202037\\db\/plugins/mcufinder/images/
2024-02-04 18:22:26,215 [INFO] ApiDb:250 - Set database path to: C:\Users\RShah23\.stmcufinder\plugins\mcufinder//mcu/
2024-02-04 18:22:26,215 [INFO] DbMcusAds:125 - Set database path to: C:\Users\RShah23\.stmcufinder\plugins\mcufinder//mcu/
2024-02-04 18:22:26,216 [INFO] CrossReferenceDbSqlite:203 - Set database path to: C:\Users\RShah23\.stmcufinder\plugins\mcufinder//mcu/cs/
2024-02-04 18:22:26,348 [INFO] RulesReader:64 - Compatibility file has been processed (297 Rules)
2024-02-04 18:22:26,537 [INFO] DbMcusXml:78 - Set database path to: C:\ST\STM32CubeIDE_1.14.0\STM32CubeIDE\plugins\com.st.stm32cube.common.mx_6.10.0.202311202037\\db\/mcu/
2024-02-04 18:22:26,537 [INFO] ApiDb:274 - Set plugin database path to: C:\ST\STM32CubeIDE_1.14.0\STM32CubeIDE\plugins\com.st.stm32cube.common.mx_6.10.0.202311202037\\db\/plugins/boardmanager/
2024-02-04 18:22:26,537 [INFO] ApiDb:261 - Set plugin images path to: C:\ST\STM32CubeIDE_1.14.0\STM32CubeIDE\plugins\com.st.stm32cube.common.mx_6.10.0.202311202037\\db\/plugins/mcufinder/images/
2024-02-04 18:22:26,537 [WARN] DbFile:41 - Overriding database path with different value: C:\Users\RShah23\.stmcufinder\plugins\mcufinder/ => C:\Users\RShah23\.stmcufinder\plugins\mcufinder
2024-02-04 18:22:26,538 [INFO] ApiDb:250 - Set database path to: C:\Users\RShah23\.stmcufinder\plugins\mcufinder//mcu/
2024-02-04 18:22:26,538 [WARN] DbFile:41 - Overriding database path with different value: C:\Users\RShah23\.stmcufinder\plugins\mcufinder/ => C:\Users\RShah23\.stmcufinder\plugins\mcufinder
2024-02-04 18:22:26,538 [INFO] DbMcusAds:125 - Set database path to: C:\Users\RShah23\.stmcufinder\plugins\mcufinder//mcu/
2024-02-04 18:22:26,538 [WARN] DbFile:41 - Overriding database path with different value: C:\Users\RShah23\.stmcufinder\plugins\mcufinder/ => C:\Users\RShah23\.stmcufinder\plugins\mcufinder
2024-02-04 18:22:26,538 [WARN] DbFile:41 - Overriding database path with different value: C:\Users\RShah23\.stmcufinder\plugins\mcufinder/ => C:\Users\RShah23\.stmcufinder\plugins\mcufinder
2024-02-04 18:22:26,538 [INFO] CrossReferenceDbSqlite:203 - Set database path to: C:\Users\RShah23\.stmcufinder\plugins\mcufinder//mcu/cs/
2024-02-04 18:22:26,638 [INFO] MainPanel:264 - HeapMemory: 268435456
2024-02-04 18:22:26,688 [INFO] DbMcusXml:78 - Set database path to: C:\ST\STM32CubeIDE_1.14.0\STM32CubeIDE\plugins\com.st.stm32cube.common.mx_6.10.0.202311202037\\db\/mcu/
2024-02-04 18:22:26,688 [INFO] ApiDb:274 - Set plugin database path to: C:\ST\STM32CubeIDE_1.14.0\STM32CubeIDE\plugins\com.st.stm32cube.common.mx_6.10.0.202311202037\\db\/plugins/boardmanager/
2024-02-04 18:22:26,689 [INFO] ApiDb:261 - Set plugin images path to: C:\ST\STM32CubeIDE_1.14.0\STM32CubeIDE\plugins\com.st.stm32cube.common.mx_6.10.0.202311202037\\db\/plugins/mcufinder/images/
2024-02-04 18:22:26,689 [WARN] DbFile:41 - Overriding database path with different value: C:\Users\RShah23\.stmcufinder\plugins\mcufinder/ => C:\Users\RShah23\.stmcufinder\plugins\mcufinder
2024-02-04 18:22:26,689 [INFO] ApiDb:250 - Set database path to: C:\Users\RShah23\.stmcufinder\plugins\mcufinder//mcu/
2024-02-04 18:22:26,689 [WARN] DbFile:41 - Overriding database path with different value: C:\Users\RShah23\.stmcufinder\plugins\mcufinder/ => C:\Users\RShah23\.stmcufinder\plugins\mcufinder
2024-02-04 18:22:26,689 [INFO] DbMcusAds:125 - Set database path to: C:\Users\RShah23\.stmcufinder\plugins\mcufinder//mcu/
2024-02-04 18:22:26,689 [WARN] DbFile:41 - Overriding database path with different value: C:\Users\RShah23\.stmcufinder\plugins\mcufinder/ => C:\Users\RShah23\.stmcufinder\plugins\mcufinder
2024-02-04 18:22:26,690 [WARN] DbFile:41 - Overriding database path with different value: C:\Users\RShah23\.stmcufinder\plugins\mcufinder/ => C:\Users\RShah23\.stmcufinder\plugins\mcufinder
2024-02-04 18:22:26,690 [INFO] CrossReferenceDbSqlite:203 - Set database path to: C:\Users\RShah23\.stmcufinder\plugins\mcufinder//mcu/cs/
2024-02-04 18:22:26,726 [INFO] ApplicationProperties:184 - Using Application install path: C:\ST\STM32CubeIDE_1.14.0\STM32CubeIDE\plugins\com.st.stm32cube.common.mx_6.10.0.202311202037
2024-02-04 18:22:26,727 [INFO] PluginManage:196 - Search for loadable plugins [exclusion list=, ]
2024-02-04 18:22:26,728 [INFO] PluginManage:310 - Check plugin analytics
2024-02-04 18:22:26,879 [INFO] AnalyticsPlugin:253 - Accepted Software Licenses: 
2024-02-04 18:22:26,879 [INFO] AnalyticsPlugin:255 - Accepted CMSIS Pack Licenses: 
2024-02-04 18:22:26,879 [INFO] AnalyticsPlugin:257 - Accepted Firmware Licenses: 
2024-02-04 18:22:26,881 [INFO] PluginManage:359 - Loaded plugin analytics (category:tool,tabindex:-1)
2024-02-04 18:22:26,882 [INFO] PluginManage:310 - Check plugin cadmodel
2024-02-04 18:22:26,893 [INFO] CADModel:105 - Init CAD model plugin
2024-02-04 18:22:26,894 [INFO] PluginManage:359 - Loaded plugin cadmodel (category:power,tabindex:5)
2024-02-04 18:22:26,894 [INFO] PluginManage:310 - Check plugin clock
2024-02-04 18:22:26,908 [INFO] PluginManage:359 - Loaded plugin clock (category:base,tabindex:2)
2024-02-04 18:22:26,908 [INFO] PluginManage:310 - Check plugin ddr
2024-02-04 18:22:26,909 [INFO] PluginManage:359 - Loaded plugin ddr (category:tool,tabindex:6)
2024-02-04 18:22:26,909 [INFO] PluginManage:310 - Check plugin filemanager
2024-02-04 18:22:27,032 [INFO] PluginManage:359 - Loaded plugin filemanager (category:base,tabindex:10)
2024-02-04 18:22:27,032 [INFO] PluginManage:310 - Check plugin ipmanager
2024-02-04 18:22:27,049 [INFO] PluginManage:359 - Loaded plugin ipmanager (category:base,tabindex:5)
2024-02-04 18:22:27,050 [INFO] PluginManage:310 - Check plugin lpbam
2024-02-04 18:22:27,064 [INFO] PluginManage:359 - Loaded plugin lpbam (category:base,tabindex:0)
2024-02-04 18:22:27,064 [INFO] PluginManage:310 - Check plugin memorymap
2024-02-04 18:22:27,079 [INFO] PluginManage:359 - Loaded plugin memorymap (category:base,tabindex:4)
2024-02-04 18:22:27,080 [INFO] PluginManage:310 - Check plugin pinoutandconfiguration
2024-02-04 18:22:27,094 [INFO] PluginManage:359 - Loaded plugin pinoutandconfiguration (category:base,tabindex:1)
2024-02-04 18:22:27,095 [INFO] PluginManage:310 - Check plugin pinoutconfig
2024-02-04 18:22:27,205 [WARN] SupportedApi:132 - Cannot load RTOS API schema: s4s-elt-must-match.1: The content of 'definitions' must match (annotation?, (simpleType | complexType)?, (unique | key | keyref)*)). A problem was found starting at: attribute.
2024-02-04 18:22:27,318 [INFO] PluginManage:359 - Loaded plugin pinoutconfig (category:base,tabindex:0)
2024-02-04 18:22:27,318 [INFO] PluginManage:310 - Check plugin power
2024-02-04 18:22:27,333 [INFO] PluginManage:359 - Loaded plugin power (category:power,tabindex:4)
2024-02-04 18:22:27,333 [INFO] PluginManage:310 - Check plugin projectmanager
2024-02-04 18:22:27,345 [INFO] PluginManage:359 - Loaded plugin projectmanager (category:projectmanager,tabindex:3)
2024-02-04 18:22:27,345 [INFO] PluginManage:310 - Check plugin thirdparty
2024-02-04 18:22:27,580 [INFO] PluginManage:359 - Loaded plugin thirdparty (category:base,tabindex:-1)
2024-02-04 18:22:27,580 [WARN] IntegrityCheckThread:84 - waiting for thirdparty lock release [integrity check]
2024-02-04 18:22:27,580 [INFO] IntegrityCheckThread:86 - entering critical section [integrity check]
2024-02-04 18:22:27,580 [INFO] PluginManage:310 - Check plugin tools
2024-02-04 18:22:27,581 [INFO] ThirdPartyUpdaterWithRetryManager:70 - Updater plugin not ready yet. [1/15]
2024-02-04 18:22:27,612 [INFO] PluginManage:359 - Loaded plugin tools (category:base,tabindex:7)
2024-02-04 18:22:27,613 [INFO] PluginManage:310 - Check plugin tutovideos
2024-02-04 18:22:27,770 [INFO] PluginManage:359 - Loaded plugin tutovideos (category:base,tabindex:-1)
2024-02-04 18:22:27,771 [INFO] PluginManage:310 - Check plugin updater
2024-02-04 18:22:27,781 [INFO] PluginManage:359 - Loaded plugin updater (category:base,tabindex:12)
2024-02-04 18:22:27,781 [INFO] PluginManage:310 - Check plugin userauth
2024-02-04 18:22:27,785 [INFO] UserAuth:114 - Init User Auth plugin
2024-02-04 18:22:27,785 [INFO] PluginManage:359 - Loaded plugin userauth (category:base,tabindex:14)
2024-02-04 18:22:27,785 [INFO] PluginManage:283 - PluginManage : Loaded plugins [17]
2024-02-04 18:22:28,093 [INFO] PinOutPanel:1499 - setPackage(No Configuration,No Configuration)
2024-02-04 18:22:28,249 [INFO] CADModel:165 - CPN selected for project level
2024-02-04 18:22:28,249 [INFO] CADModel:114 - Register for checkConnection events
2024-02-04 18:22:28,269 [INFO] IPUIPlugin:80 - create IPUIPlugin
2024-02-04 18:22:28,269 [INFO] PluginManager:220 - loadIPPluginJar : add adc
2024-02-04 18:22:28,302 [INFO] IPUIPlugin:80 - create IPUIPlugin
2024-02-04 18:22:28,302 [INFO] PluginManager:220 - loadIPPluginJar : add aes
2024-02-04 18:22:28,339 [INFO] IPUIPlugin:80 - create IPUIPlugin
2024-02-04 18:22:28,339 [INFO] PluginManager:220 - loadIPPluginJar : add can
2024-02-04 18:22:28,361 [INFO] IPUIPlugin:80 - create IPUIPlugin
2024-02-04 18:22:28,361 [INFO] PluginManager:220 - loadIPPluginJar : add comp
2024-02-04 18:22:28,394 [INFO] IPUIPlugin:80 - create IPUIPlugin
2024-02-04 18:22:28,394 [INFO] PluginManager:220 - loadIPPluginJar : add cryp
2024-02-04 18:22:28,421 [INFO] IPUIPlugin:80 - create IPUIPlugin
2024-02-04 18:22:28,421 [INFO] PluginManager:220 - loadIPPluginJar : add dfsdm
2024-02-04 18:22:28,433 [INFO] IPUIPlugin:80 - create IPUIPlugin
2024-02-04 18:22:28,433 [INFO] PluginManager:220 - loadIPPluginJar : add dma
2024-02-04 18:22:28,472 [INFO] IPUIPlugin:80 - create IPUIPlugin
2024-02-04 18:22:28,472 [INFO] PluginManager:220 - loadIPPluginJar : add dma3
2024-02-04 18:22:28,489 [INFO] IPUIPlugin:80 - create IPUIPlugin
2024-02-04 18:22:28,489 [INFO] PluginManager:220 - loadIPPluginJar : add fatfs
2024-02-04 18:22:28,531 [INFO] IPUIPlugin:80 - create IPUIPlugin
2024-02-04 18:22:28,531 [INFO] PluginManager:220 - loadIPPluginJar : add fmc
2024-02-04 18:22:28,544 [INFO] IPUIPlugin:80 - create IPUIPlugin
2024-02-04 18:22:28,544 [INFO] PluginManager:220 - loadIPPluginJar : add freertos
2024-02-04 18:22:28,562 [INFO] IPUIPlugin:80 - create IPUIPlugin
2024-02-04 18:22:28,562 [INFO] PluginManager:220 - loadIPPluginJar : add genericplugin
2024-02-04 18:22:28,648 [INFO] IPUIPlugin:80 - create IPUIPlugin
2024-02-04 18:22:28,648 [INFO] PluginManager:220 - loadIPPluginJar : add gfxmmu
2024-02-04 18:22:28,774 [INFO] IPUIPlugin:80 - create IPUIPlugin
2024-02-04 18:22:28,775 [INFO] PluginManager:220 - loadIPPluginJar : add gic
2024-02-04 18:22:28,785 [INFO] IPUIPlugin:80 - create IPUIPlugin
2024-02-04 18:22:28,785 [INFO] PluginManager:220 - loadIPPluginJar : add gpio
2024-02-04 18:22:28,870 [INFO] IPUIPlugin:80 - create IPUIPlugin
2024-02-04 18:22:28,870 [INFO] PluginManager:220 - loadIPPluginJar : add gtzc
2024-02-04 18:22:28,902 [INFO] IPUIPlugin:80 - create IPUIPlugin
2024-02-04 18:22:28,903 [INFO] PluginManager:220 - loadIPPluginJar : add hash
2024-02-04 18:22:28,952 [INFO] IPUIPlugin:80 - create IPUIPlugin
2024-02-04 18:22:28,952 [INFO] PluginManager:220 - loadIPPluginJar : add i2c
2024-02-04 18:22:28,991 [INFO] IPUIPlugin:80 - create IPUIPlugin
2024-02-04 18:22:28,992 [INFO] PluginManager:220 - loadIPPluginJar : add i2s
2024-02-04 18:22:29,036 [INFO] IPUIPlugin:80 - create IPUIPlugin
2024-02-04 18:22:29,036 [INFO] PluginManager:220 - loadIPPluginJar : add i3c
2024-02-04 18:22:29,134 [INFO] IPUIPlugin:80 - create IPUIPlugin
2024-02-04 18:22:29,134 [INFO] PluginManager:220 - loadIPPluginJar : add ipddr
2024-02-04 18:22:29,215 [INFO] IPUIPlugin:80 - create IPUIPlugin
2024-02-04 18:22:29,216 [INFO] PluginManager:220 - loadIPPluginJar : add linkedlist
2024-02-04 18:22:29,249 [INFO] IPUIPlugin:80 - create IPUIPlugin
2024-02-04 18:22:29,249 [INFO] PluginManager:220 - loadIPPluginJar : add lorawan
2024-02-04 18:22:29,282 [INFO] IPUIPlugin:80 - create IPUIPlugin
2024-02-04 18:22:29,282 [INFO] PluginManager:220 - loadIPPluginJar : add ltdc
2024-02-04 18:22:29,293 [INFO] IPUIPlugin:80 - create IPUIPlugin
2024-02-04 18:22:29,293 [INFO] PluginManager:220 - loadIPPluginJar : add mdma
2024-02-04 18:22:29,304 [INFO] IPUIPlugin:80 - create IPUIPlugin
2024-02-04 18:22:29,304 [INFO] PluginManager:220 - loadIPPluginJar : add nvic
2024-02-04 18:22:29,338 [INFO] IPUIPlugin:80 - create IPUIPlugin
2024-02-04 18:22:29,338 [INFO] PluginManager:220 - loadIPPluginJar : add opamp
2024-02-04 18:22:29,397 [INFO] IPUIPlugin:80 - create IPUIPlugin
2024-02-04 18:22:29,397 [INFO] PluginManager:220 - loadIPPluginJar : add openamp
2024-02-04 18:22:29,435 [INFO] IPUIPlugin:80 - create IPUIPlugin
2024-02-04 18:22:29,435 [INFO] PluginManager:220 - loadIPPluginJar : add pdm2pcm
2024-02-04 18:22:29,447 [INFO] IPUIPlugin:80 - create IPUIPlugin
2024-02-04 18:22:29,449 [INFO] PluginManager:220 - loadIPPluginJar : add plateformsettings
2024-02-04 18:22:29,470 [INFO] IPUIPlugin:80 - create IPUIPlugin
2024-02-04 18:22:29,470 [INFO] PluginManager:220 - loadIPPluginJar : add quadspi
2024-02-04 18:22:29,480 [INFO] IPUIPlugin:80 - create IPUIPlugin
2024-02-04 18:22:29,480 [INFO] PluginManager:220 - loadIPPluginJar : add resmgrutility
2024-02-04 18:22:29,524 [INFO] IPUIPlugin:80 - create IPUIPlugin
2024-02-04 18:22:29,524 [INFO] PluginManager:220 - loadIPPluginJar : add sai
2024-02-04 18:22:29,558 [INFO] IPUIPlugin:80 - create IPUIPlugin
2024-02-04 18:22:29,559 [INFO] PluginManager:220 - loadIPPluginJar : add spi
2024-02-04 18:22:29,631 [INFO] IPUIPlugin:80 - create IPUIPlugin
2024-02-04 18:22:29,631 [INFO] PluginManager:220 - loadIPPluginJar : add stm32_wpan
2024-02-04 18:22:29,652 [INFO] IPUIPlugin:80 - create IPUIPlugin
2024-02-04 18:22:29,653 [INFO] PluginManager:220 - loadIPPluginJar : add tim
2024-02-04 18:22:29,705 [INFO] IPUIPlugin:80 - create IPUIPlugin
2024-02-04 18:22:29,705 [INFO] PluginManager:220 - loadIPPluginJar : add touchsensing
2024-02-04 18:22:29,725 [INFO] IPUIPlugin:80 - create IPUIPlugin
2024-02-04 18:22:29,725 [INFO] PluginManager:220 - loadIPPluginJar : add tracer_emb
2024-02-04 18:22:29,746 [INFO] IPUIPlugin:80 - create IPUIPlugin
2024-02-04 18:22:29,746 [INFO] PluginManager:220 - loadIPPluginJar : add ts
2024-02-04 18:22:29,766 [INFO] IPUIPlugin:80 - create IPUIPlugin
2024-02-04 18:22:29,766 [INFO] PluginManager:220 - loadIPPluginJar : add tsc
2024-02-04 18:22:29,785 [INFO] IPUIPlugin:80 - create IPUIPlugin
2024-02-04 18:22:29,785 [INFO] PluginManager:220 - loadIPPluginJar : add ucpd
2024-02-04 18:22:29,823 [INFO] IPUIPlugin:80 - create IPUIPlugin
2024-02-04 18:22:29,823 [INFO] PluginManager:220 - loadIPPluginJar : add usart
2024-02-04 18:22:29,862 [INFO] IPUIPlugin:80 - create IPUIPlugin
2024-02-04 18:22:29,862 [INFO] PluginManager:220 - loadIPPluginJar : add usbx
2024-02-04 18:22:30,033 [INFO] CADModel:165 - CPN selected for project level
2024-02-04 18:22:30,033 [INFO] CADModel:114 - Register for checkConnection events
2024-02-04 18:22:30,034 [FATAL] Updater:308 - Updater called before beeing initialized
2024-02-04 18:22:30,034 [ERROR] CADModel:125 - Updater not yet initialized, retry later 
2024-02-04 18:22:30,193 [INFO] CADModel:165 - CPN selected for project level
2024-02-04 18:22:30,193 [INFO] CADModel:114 - Register for checkConnection events
2024-02-04 18:22:30,193 [FATAL] Updater:308 - Updater called before beeing initialized
2024-02-04 18:22:30,193 [ERROR] CADModel:125 - Updater not yet initialized, retry later 
2024-02-04 18:22:30,196 [FATAL] Updater:308 - Updater called before beeing initialized
2024-02-04 18:22:30,339 [FATAL] Updater:308 - Updater called before beeing initialized
2024-02-04 18:22:30,347 [INFO] DbMcusAds:53 - JSON generation date=Wed Nov 29 04:52:27 CST 2023 (1701255147200)
2024-02-04 18:22:30,347 [FATAL] Updater:308 - Updater called before beeing initialized
2024-02-04 18:22:30,417 [WARN] DetailPanel:346 - Failed to get advertising image, set to default
2024-02-04 18:22:30,540 [FATAL] Updater:308 - Updater called before beeing initialized
2024-02-04 18:22:30,542 [FATAL] Updater:308 - Updater called before beeing initialized
2024-02-04 18:22:30,542 [FATAL] Updater:308 - Updater called before beeing initialized
2024-02-04 18:22:30,542 [WARN] DetailPanel:346 - Failed to get advertising image, set to default
2024-02-04 18:22:30,543 [FATAL] Updater:308 - Updater called before beeing initialized
2024-02-04 18:22:30,593 [INFO] ThirdPartyUpdaterWithRetryManager:70 - Updater plugin not ready yet. [2/15]
2024-02-04 18:22:30,607 [ERROR] Updater:1120 - MainUpdater not yet initialized. External WinMGr cannot be set.
2024-02-04 18:22:30,617 [INFO] Updater:1056 - Updater Version found : 6.10.0
2024-02-04 18:22:30,632 [INFO] ApplicationProperties:184 - Using Application install path: C:\ST\STM32CubeIDE_1.14.0\STM32CubeIDE\plugins\com.st.stm32cube.common.mx_6.10.0.202311202037
2024-02-04 18:22:31,177 [INFO] MainUpdater:2873 - connection check result : 10
2024-02-04 18:22:31,178 [INFO] MainUpdater:290 - Updater Check For Update Now.
2024-02-04 18:22:31,178 [INFO] MicroXplorer:498 - Change Database Version : DB.6.0.100
2024-02-04 18:22:31,189 [INFO] McuFinderGlobals:63 - Set McuFinder mode to 2 (CubeIDE integrated)
2024-02-04 18:22:31,189 [INFO] UserAuth:180 - activating auth plugin
2024-02-04 18:22:31,191 [INFO] UserAuth:404 - Internet connection configuration mode: 1
2024-02-04 18:22:31,212 [INFO] JxBrowserEngine:152 - Initiate JxBrowser Engine with user profile folder
2024-02-04 18:22:31,376 [INFO] CheckServerUpdateThread:120 - End of CheckServer Thread
2024-02-04 18:22:33,460 [INFO] WebApp:161 - Instantiating new browser for Auth
2024-02-04 18:22:33,848 [WARN] PackLoader:240 - Cannot read IP mode file for STMicroelectronics.X-CUBE-SMBUS.2.1.0
2024-02-04 18:22:33,866 [WARN] PackLoader:240 - Cannot read IP mode file for STMicroelectronics.X-CUBE-TOUCHGFX.4.23.0
2024-02-04 18:22:33,912 [WARN] PackLoader:240 - Cannot read IP mode file for STMicroelectronics.X-CUBE-AZRTOS-F7.1.1.0
2024-02-04 18:22:33,932 [WARN] PackLoader:240 - Cannot read IP mode file for STMicroelectronics.FP-SNS-MOTENV1.4.3.2
2024-02-04 18:22:33,947 [WARN] PackLoader:240 - Cannot read IP mode file for STMicroelectronics.FP-SNS-FLIGHT1.5.0.2
2024-02-04 18:22:33,967 [WARN] PackLoader:240 - Cannot read IP mode file for STMicroelectronics.X-CUBE-DISPLAY.3.0.0
2024-02-04 18:22:33,985 [INFO] WebApp:780 - Register for checkConnection events
2024-02-04 18:22:33,985 [INFO] WebApp:414 - Apply proxy settings
2024-02-04 18:22:33,986 [INFO] WebApp:499 - Chromium requires no authentication
2024-02-04 18:22:33,990 [WARN] PackLoader:240 - Cannot read IP mode file for STMicroelectronics.X-CUBE-BLE1.7.0.0
2024-02-04 18:22:33,994 [INFO] WebApp:442 - Direct internet connection detected
2024-02-04 18:22:34,008 [WARN] PackLoader:240 - Cannot read IP mode file for emotas.I-CUBE-CANOPEN.1.3.0
2024-02-04 18:22:34,021 [WARN] PackLoader:240 - Cannot read IP mode file for STMicroelectronics.FP-SNS-SMARTAG2.1.2.0
2024-02-04 18:22:34,042 [INFO] LogOutputStream:77 - [STDOUT_REDIRECT] 1 : Invalid condition id : UX_CORESTACK_Condition cause : null
2024-02-04 18:22:34,042 [INFO] LogOutputStream:77 - [STDOUT_REDIRECT] 1 : Invalid condition id : UX_CORESTACK_Condition cause : null
2024-02-04 18:22:34,043 [INFO] LogOutputStream:77 - [STDOUT_REDIRECT] 1 : Invalid condition id : UX_CORESTACK_Condition cause : null
2024-02-04 18:22:34,045 [INFO] LogOutputStream:77 - [STDOUT_REDIRECT] 1 : Invalid condition id : UX_CORESTACK_Condition cause : null
2024-02-04 18:22:34,046 [INFO] LogOutputStream:77 - [STDOUT_REDIRECT] 1 : Invalid condition id : UX_CORESTACK_Condition cause : null
2024-02-04 18:22:34,060 [WARN] PackLoader:240 - Cannot read IP mode file for STMicroelectronics.X-CUBE-AZRTOS-WL.2.0.0
2024-02-04 18:22:34,075 [WARN] PackLoader:240 - Cannot read IP mode file for WES.I-CUBE-Cesium.1.3.0
2024-02-04 18:22:34,089 [WARN] PackLoader:240 - Cannot read IP mode file for STMicroelectronics.X-CUBE-BLE2.3.3.0
2024-02-04 18:22:34,108 [WARN] PackLoader:240 - Cannot read IP mode file for STMicroelectronics.X-CUBE-ALGOBUILD.1.3.0
2024-02-04 18:22:34,138 [WARN] PackLoader:240 - Cannot read IP mode file for STMicroelectronics.X-CUBE-AZRTOS-G0.1.1.0
2024-02-04 18:22:34,154 [INFO] WebApp:192 - Starting web application
2024-02-04 18:22:34,155 [INFO] WebApp:544 - Web application path used C:\ST\STM32CubeIDE_1.14.0\STM32CubeIDE\plugins\com.st.stm32cube.common.mx_6.10.0.202311202037\db\plugins\mcufinder\reactClient1\index.html
2024-02-04 18:22:34,158 [WARN] PackLoader:240 - Cannot read IP mode file for STMicroelectronics.X-CUBE-NFC4.3.0.0
2024-02-04 18:22:34,173 [WARN] PackLoader:240 - Cannot read IP mode file for STMicroelectronics.X-CUBE-BLEMGR.3.0.0
2024-02-04 18:22:34,188 [WARN] PackLoader:240 - Cannot read IP mode file for STMicroelectronics.FP-ATR-SIGFOX1.3.2.0
2024-02-04 18:22:34,202 [WARN] PackLoader:240 - Cannot read IP mode file for STMicroelectronics.X-CUBE-EEPRMA1.5.1.0
2024-02-04 18:22:34,242 [WARN] PackLoader:240 - Cannot read IP mode file for SEGGER.I-CUBE-embOS.1.3.1
2024-02-04 18:22:34,303 [WARN] PackLoader:240 - Cannot read IP mode file for STMicroelectronics.X-CUBE-GNSS1.6.0.0
2024-02-04 18:22:34,343 [WARN] PackLoader:240 - Cannot read IP mode file for STMicroelectronics.X-CUBE-AZRTOS-F4.1.1.0
2024-02-04 18:22:34,363 [WARN] PackLoader:240 - Cannot read IP mode file for wolfSSL.I-CUBE-wolfSSL.5.6.6
2024-02-04 18:22:34,395 [WARN] PackLoader:240 - Cannot read IP mode file for STMicroelectronics.X-CUBE-AZRTOS-L5.2.0.0
2024-02-04 18:22:34,411 [WARN] PackLoader:240 - Cannot read IP mode file for STMicroelectronics.X-CUBE-EEPRMA1.4.2.0
2024-02-04 18:22:34,428 [WARN] PackLoader:240 - Cannot read IP mode file for ITTIA_DB.I-CUBE-ITTIADB.8.8.0
2024-02-04 18:22:34,443 [WARN] PackLoader:240 - Cannot read IP mode file for STMicroelectronics.X-CUBE-NFC7.1.0.1
2024-02-04 18:22:34,461 [WARN] PackLoader:240 - Cannot read IP mode file for STMicroelectronics.X-CUBE-NFC6.3.0.0
2024-02-04 18:22:34,478 [WARN] PackLoader:240 - Cannot read IP mode file for STMicroelectronics.X-CUBE-AI.8.1.0
2024-02-04 18:22:34,510 [WARN] ConditionMgr:438 - getConditionDescription Invalid condition id : LAN8742 Phy interface Condition cause : null
2024-02-04 18:22:34,511 [WARN] PackLoader:240 - Cannot read IP mode file for STMicroelectronics.X-CUBE-AZRTOS-L4.2.0.0
2024-02-04 18:22:34,513 [WARN] ConditionMgr:1039 - genDependencies : Invalid condition id : LAN8742 Phy interface Condition cause : null
2024-02-04 18:22:34,513 [WARN] ConditionMgr:1039 - genDependencies : Invalid condition id : LAN8742 Phy interface Condition cause : null
2024-02-04 18:22:34,514 [WARN] ConditionMgr:1039 - genDependencies : Invalid condition id : LAN8742 Phy interface Condition cause : null
2024-02-04 18:22:34,531 [WARN] PackLoader:240 - Cannot read IP mode file for STMicroelectronics.X-CUBE-SFXS2LP1.4.0.0
2024-02-04 18:22:34,553 [WARN] ConditionMgr:438 - getConditionDescription Invalid condition id : UX DEVICE CLASS RTOS Condition cause : null
2024-02-04 18:22:34,554 [WARN] ConditionMgr:438 - getConditionDescription Invalid condition id : UX DEVICE CLASS RTOS Condition cause : null
2024-02-04 18:22:34,556 [WARN] PackLoader:240 - Cannot read IP mode file for STMicroelectronics.X-CUBE-AZRTOS-WB.2.0.0
2024-02-04 18:22:34,557 [WARN] ConditionMgr:1039 - genDependencies : Invalid condition id : UX DEVICE CLASS RTOS Condition cause : null
2024-02-04 18:22:34,557 [WARN] ConditionMgr:1039 - genDependencies : Invalid condition id : UX DEVICE CLASS RTOS Condition cause : null
2024-02-04 18:22:34,557 [WARN] ConditionMgr:1039 - genDependencies : Invalid condition id : UX DEVICE CLASS RTOS Condition cause : null
2024-02-04 18:22:34,557 [WARN] ConditionMgr:1039 - genDependencies : Invalid condition id : UX DEVICE CLASS RTOS Condition cause : null
2024-02-04 18:22:34,557 [WARN] ConditionMgr:1039 - genDependencies : Invalid condition id : UX DEVICE CLASS RTOS Condition cause : null
2024-02-04 18:22:34,578 [WARN] PackLoader:240 - Cannot read IP mode file for STMicroelectronics.X-CUBE-SUBG2.5.0.0
2024-02-04 18:22:34,612 [WARN] PackLoader:240 - Cannot read IP mode file for STMicroelectronics.X-CUBE-AZRTOS-G4.2.0.0
2024-02-04 18:22:34,639 [WARN] PackLoader:240 - Cannot read IP mode file for Infineon.AIROC-Wi-Fi-Bluetooth-STM32.1.5.1
2024-02-04 18:22:34,655 [WARN] PackLoader:240 - Cannot read IP mode file for STMicroelectronics.FP-SNS-MOTENVWB1.1.3.1
2024-02-04 18:22:34,669 [WARN] PackLoader:240 - Cannot read IP mode file for STMicroelectronics.X-CUBE-ISPU.2.0.0
2024-02-04 18:22:34,721 [WARN] PackLoader:240 - Cannot read IP mode file for STMicroelectronics.X-CUBE-MEMS1.10.0.0
2024-02-04 18:22:34,845 [WARN] PackLoader:240 - Cannot read IP mode file for STMicroelectronics.X-CUBE-FREERTOS.1.1.0
2024-02-04 18:22:34,860 [WARN] PackLoader:240 - Cannot read IP mode file for portGmbH.I-Cube-SoM-uGOAL.1.1.0
2024-02-04 18:22:34,882 [WARN] PackLoader:240 - Cannot read IP mode file for STMicroelectronics.X-CUBE-ALS.1.0.1
2024-02-04 18:22:34,894 [WARN] PackLoader:240 - Cannot read IP mode file for STMicroelectronics.FP-ATR-ASTRA1.2.0.0
2024-02-04 18:22:34,913 [WARN] PackLoader:240 - Cannot read IP mode file for STMicroelectronics.X-CUBE-TOF1.3.4.0
2024-02-04 18:22:34,950 [WARN] PackLoader:240 - Cannot read IP mode file for STMicroelectronics.X-CUBE-AZRTOS-H7.3.2.0
2024-02-04 18:22:34,954 [INFO] ThirdParty:978 - Integrity check success = true
2024-02-04 18:22:34,954 [INFO] IntegrityCheckThread:100 - exiting critical section [integrity check]
2024-02-04 18:22:34,954 [INFO] IntegrityCheckThread:103 - End integrity checks thread
2024-02-04 18:22:55,039 [ERROR] LogOutputStream:75 - [STDERR_REDIRECT] SLF4J: Failed to load class "org.slf4j.impl.StaticLoggerBinder".
2024-02-04 18:22:55,040 [ERROR] LogOutputStream:75 - [STDERR_REDIRECT] SLF4J: Defaulting to no-operation (NOP) logger implementation
2024-02-04 18:22:55,041 [ERROR] LogOutputStream:75 - [STDERR_REDIRECT] SLF4J: See http://www.slf4j.org/codes.html#StaticLoggerBinder for further details.
2024-02-04 18:22:57,255 [ERROR] LogOutputStream:75 - [STDERR_REDIRECT] 
