2024-06-25 15:31:57,372 [INFO] Activator:176 - 


2024-06-25 15:31:57,385 [INFO] Activator:177 - !SESSION log4j initialized
2024-06-25 15:32:04,179 [INFO] LogOutputStream:77 - [STDOUT_REDIRECT] 
2024-06-25 15:32:08,529 [INFO] ApplicationProperties:184 - Using Application install path: C:\ST\STM32CubeIDE_1.14.0\STM32CubeIDE\plugins\com.st.stm32cube.common.mx_6.10.0.202311202037
2024-06-25 15:32:08,547 [INFO] DbMcusXml:78 - Set database path to: C:\ST\STM32CubeIDE_1.14.0\STM32CubeIDE\plugins\com.st.stm32cube.common.mx_6.10.0.202311202037\\db\/mcu/
2024-06-25 15:32:08,547 [INFO] ApiDb:274 - Set plugin database path to: C:\ST\STM32CubeIDE_1.14.0\STM32CubeIDE\plugins\com.st.stm32cube.common.mx_6.10.0.202311202037\\db\/plugins/boardmanager/
2024-06-25 15:32:08,548 [WARN] ApiDb:259 - Overriding images path with different value:  => C:\ST\STM32CubeIDE_1.14.0\STM32CubeIDE\plugins\com.st.stm32cube.common.mx_6.10.0.202311202037\\db\/plugins/mcufinder/images/
2024-06-25 15:32:08,558 [INFO] ApiDb:250 - Set database path to: C:\Users\RShah23\.stmcufinder\plugins\mcufinder//mcu/
2024-06-25 15:32:08,560 [INFO] DbMcusAds:125 - Set database path to: C:\Users\RShah23\.stmcufinder\plugins\mcufinder//mcu/
2024-06-25 15:32:08,561 [INFO] CrossReferenceDbSqlite:203 - Set database path to: C:\Users\RShah23\.stmcufinder\plugins\mcufinder//mcu/cs/
2024-06-25 15:32:08,686 [INFO] RulesReader:64 - Compatibility file has been processed (297 Rules)
2024-06-25 15:32:08,791 [INFO] DbMcusXml:78 - Set database path to: C:\ST\STM32CubeIDE_1.14.0\STM32CubeIDE\plugins\com.st.stm32cube.common.mx_6.10.0.202311202037\\db\/mcu/
2024-06-25 15:32:08,791 [INFO] ApiDb:274 - Set plugin database path to: C:\ST\STM32CubeIDE_1.14.0\STM32CubeIDE\plugins\com.st.stm32cube.common.mx_6.10.0.202311202037\\db\/plugins/boardmanager/
2024-06-25 15:32:08,791 [INFO] ApiDb:261 - Set plugin images path to: C:\ST\STM32CubeIDE_1.14.0\STM32CubeIDE\plugins\com.st.stm32cube.common.mx_6.10.0.202311202037\\db\/plugins/mcufinder/images/
2024-06-25 15:32:08,792 [WARN] DbFile:41 - Overriding database path with different value: C:\Users\RShah23\.stmcufinder\plugins\mcufinder/ => C:\Users\RShah23\.stmcufinder\plugins\mcufinder
2024-06-25 15:32:08,792 [INFO] ApiDb:250 - Set database path to: C:\Users\RShah23\.stmcufinder\plugins\mcufinder//mcu/
2024-06-25 15:32:08,792 [WARN] DbFile:41 - Overriding database path with different value: C:\Users\RShah23\.stmcufinder\plugins\mcufinder/ => C:\Users\RShah23\.stmcufinder\plugins\mcufinder
2024-06-25 15:32:08,792 [INFO] DbMcusAds:125 - Set database path to: C:\Users\RShah23\.stmcufinder\plugins\mcufinder//mcu/
2024-06-25 15:32:08,792 [WARN] DbFile:41 - Overriding database path with different value: C:\Users\RShah23\.stmcufinder\plugins\mcufinder/ => C:\Users\RShah23\.stmcufinder\plugins\mcufinder
2024-06-25 15:32:08,792 [WARN] DbFile:41 - Overriding database path with different value: C:\Users\RShah23\.stmcufinder\plugins\mcufinder/ => C:\Users\RShah23\.stmcufinder\plugins\mcufinder
2024-06-25 15:32:08,792 [INFO] CrossReferenceDbSqlite:203 - Set database path to: C:\Users\RShah23\.stmcufinder\plugins\mcufinder//mcu/cs/
2024-06-25 15:32:08,885 [INFO] MainPanel:264 - HeapMemory: 268435456
2024-06-25 15:32:08,981 [INFO] DbMcusXml:78 - Set database path to: C:\ST\STM32CubeIDE_1.14.0\STM32CubeIDE\plugins\com.st.stm32cube.common.mx_6.10.0.202311202037\\db\/mcu/
2024-06-25 15:32:08,981 [INFO] ApiDb:274 - Set plugin database path to: C:\ST\STM32CubeIDE_1.14.0\STM32CubeIDE\plugins\com.st.stm32cube.common.mx_6.10.0.202311202037\\db\/plugins/boardmanager/
2024-06-25 15:32:08,981 [INFO] ApiDb:261 - Set plugin images path to: C:\ST\STM32CubeIDE_1.14.0\STM32CubeIDE\plugins\com.st.stm32cube.common.mx_6.10.0.202311202037\\db\/plugins/mcufinder/images/
2024-06-25 15:32:08,982 [WARN] DbFile:41 - Overriding database path with different value: C:\Users\RShah23\.stmcufinder\plugins\mcufinder/ => C:\Users\RShah23\.stmcufinder\plugins\mcufinder
2024-06-25 15:32:08,982 [INFO] ApiDb:250 - Set database path to: C:\Users\RShah23\.stmcufinder\plugins\mcufinder//mcu/
2024-06-25 15:32:08,982 [WARN] DbFile:41 - Overriding database path with different value: C:\Users\RShah23\.stmcufinder\plugins\mcufinder/ => C:\Users\RShah23\.stmcufinder\plugins\mcufinder
2024-06-25 15:32:08,982 [INFO] DbMcusAds:125 - Set database path to: C:\Users\RShah23\.stmcufinder\plugins\mcufinder//mcu/
2024-06-25 15:32:08,982 [WARN] DbFile:41 - Overriding database path with different value: C:\Users\RShah23\.stmcufinder\plugins\mcufinder/ => C:\Users\RShah23\.stmcufinder\plugins\mcufinder
2024-06-25 15:32:08,982 [WARN] DbFile:41 - Overriding database path with different value: C:\Users\RShah23\.stmcufinder\plugins\mcufinder/ => C:\Users\RShah23\.stmcufinder\plugins\mcufinder
2024-06-25 15:32:08,982 [INFO] CrossReferenceDbSqlite:203 - Set database path to: C:\Users\RShah23\.stmcufinder\plugins\mcufinder//mcu/cs/
2024-06-25 15:32:09,005 [INFO] ApplicationProperties:184 - Using Application install path: C:\ST\STM32CubeIDE_1.14.0\STM32CubeIDE\plugins\com.st.stm32cube.common.mx_6.10.0.202311202037
2024-06-25 15:32:09,008 [INFO] PluginManage:196 - Search for loadable plugins [exclusion list=, ]
2024-06-25 15:32:09,009 [INFO] PluginManage:310 - Check plugin analytics
2024-06-25 15:32:09,203 [INFO] AnalyticsPlugin:253 - Accepted Software Licenses: 
2024-06-25 15:32:09,203 [INFO] AnalyticsPlugin:255 - Accepted CMSIS Pack Licenses: 
2024-06-25 15:32:09,204 [INFO] AnalyticsPlugin:257 - Accepted Firmware Licenses: 
2024-06-25 15:32:09,207 [INFO] PluginManage:359 - Loaded plugin analytics (category:tool,tabindex:-1)
2024-06-25 15:32:09,208 [INFO] PluginManage:310 - Check plugin cadmodel
2024-06-25 15:32:09,225 [INFO] CADModel:105 - Init CAD model plugin
2024-06-25 15:32:09,225 [INFO] PluginManage:359 - Loaded plugin cadmodel (category:power,tabindex:5)
2024-06-25 15:32:09,225 [INFO] PluginManage:310 - Check plugin clock
2024-06-25 15:32:09,250 [INFO] PluginManage:359 - Loaded plugin clock (category:base,tabindex:2)
2024-06-25 15:32:09,250 [INFO] PluginManage:310 - Check plugin ddr
2024-06-25 15:32:09,252 [INFO] PluginManage:359 - Loaded plugin ddr (category:tool,tabindex:6)
2024-06-25 15:32:09,252 [INFO] PluginManage:310 - Check plugin filemanager
2024-06-25 15:32:09,392 [INFO] PluginManage:359 - Loaded plugin filemanager (category:base,tabindex:10)
2024-06-25 15:32:09,393 [INFO] PluginManage:310 - Check plugin ipmanager
2024-06-25 15:32:09,405 [INFO] PluginManage:359 - Loaded plugin ipmanager (category:base,tabindex:5)
2024-06-25 15:32:09,405 [INFO] PluginManage:310 - Check plugin lpbam
2024-06-25 15:32:09,435 [INFO] PluginManage:359 - Loaded plugin lpbam (category:base,tabindex:0)
2024-06-25 15:32:09,435 [INFO] PluginManage:310 - Check plugin memorymap
2024-06-25 15:32:09,465 [INFO] PluginManage:359 - Loaded plugin memorymap (category:base,tabindex:4)
2024-06-25 15:32:09,465 [INFO] PluginManage:310 - Check plugin pinoutandconfiguration
2024-06-25 15:32:09,485 [INFO] PluginManage:359 - Loaded plugin pinoutandconfiguration (category:base,tabindex:1)
2024-06-25 15:32:09,486 [INFO] PluginManage:310 - Check plugin pinoutconfig
2024-06-25 15:32:09,592 [WARN] SupportedApi:132 - Cannot load RTOS API schema: s4s-elt-must-match.1: The content of 'definitions' must match (annotation?, (simpleType | complexType)?, (unique | key | keyref)*)). A problem was found starting at: attribute.
2024-06-25 15:32:09,776 [INFO] PluginManage:359 - Loaded plugin pinoutconfig (category:base,tabindex:0)
2024-06-25 15:32:09,776 [INFO] PluginManage:310 - Check plugin power
2024-06-25 15:32:09,804 [INFO] PluginManage:359 - Loaded plugin power (category:power,tabindex:4)
2024-06-25 15:32:09,804 [INFO] PluginManage:310 - Check plugin projectmanager
2024-06-25 15:32:09,821 [INFO] PluginManage:359 - Loaded plugin projectmanager (category:projectmanager,tabindex:3)
2024-06-25 15:32:09,821 [INFO] PluginManage:310 - Check plugin thirdparty
2024-06-25 15:32:10,129 [INFO] PluginManage:359 - Loaded plugin thirdparty (category:base,tabindex:-1)
2024-06-25 15:32:10,129 [INFO] PluginManage:310 - Check plugin tools
2024-06-25 15:32:10,129 [WARN] IntegrityCheckThread:84 - waiting for thirdparty lock release [integrity check]
2024-06-25 15:32:10,130 [INFO] IntegrityCheckThread:86 - entering critical section [integrity check]
2024-06-25 15:32:10,130 [INFO] ThirdPartyUpdaterWithRetryManager:70 - Updater plugin not ready yet. [1/15]
2024-06-25 15:32:10,165 [INFO] PluginManage:359 - Loaded plugin tools (category:base,tabindex:7)
2024-06-25 15:32:10,165 [INFO] PluginManage:310 - Check plugin tutovideos
2024-06-25 15:32:10,392 [INFO] PluginManage:359 - Loaded plugin tutovideos (category:base,tabindex:-1)
2024-06-25 15:32:10,392 [INFO] PluginManage:310 - Check plugin updater
2024-06-25 15:32:10,407 [INFO] PluginManage:359 - Loaded plugin updater (category:base,tabindex:12)
2024-06-25 15:32:10,407 [INFO] PluginManage:310 - Check plugin userauth
2024-06-25 15:32:10,412 [INFO] UserAuth:114 - Init User Auth plugin
2024-06-25 15:32:10,412 [INFO] PluginManage:359 - Loaded plugin userauth (category:base,tabindex:14)
2024-06-25 15:32:10,413 [INFO] PluginManage:283 - PluginManage : Loaded plugins [17]
2024-06-25 15:32:10,704 [INFO] PinOutPanel:1499 - setPackage(No Configuration,No Configuration)
2024-06-25 15:32:10,805 [INFO] CADModel:165 - CPN selected for project level
2024-06-25 15:32:10,805 [INFO] CADModel:114 - Register for checkConnection events
2024-06-25 15:32:10,834 [INFO] IPUIPlugin:80 - create IPUIPlugin
2024-06-25 15:32:10,834 [INFO] PluginManager:220 - loadIPPluginJar : add adc
2024-06-25 15:32:10,872 [INFO] IPUIPlugin:80 - create IPUIPlugin
2024-06-25 15:32:10,873 [INFO] PluginManager:220 - loadIPPluginJar : add aes
2024-06-25 15:32:10,919 [INFO] IPUIPlugin:80 - create IPUIPlugin
2024-06-25 15:32:10,920 [INFO] PluginManager:220 - loadIPPluginJar : add can
2024-06-25 15:32:10,942 [INFO] IPUIPlugin:80 - create IPUIPlugin
2024-06-25 15:32:10,943 [INFO] PluginManager:220 - loadIPPluginJar : add comp
2024-06-25 15:32:10,976 [INFO] IPUIPlugin:80 - create IPUIPlugin
2024-06-25 15:32:10,976 [INFO] PluginManager:220 - loadIPPluginJar : add cryp
2024-06-25 15:32:11,006 [INFO] IPUIPlugin:80 - create IPUIPlugin
2024-06-25 15:32:11,006 [INFO] PluginManager:220 - loadIPPluginJar : add dfsdm
2024-06-25 15:32:11,020 [INFO] IPUIPlugin:80 - create IPUIPlugin
2024-06-25 15:32:11,020 [INFO] PluginManager:220 - loadIPPluginJar : add dma
2024-06-25 15:32:11,065 [INFO] IPUIPlugin:80 - create IPUIPlugin
2024-06-25 15:32:11,065 [INFO] PluginManager:220 - loadIPPluginJar : add dma3
2024-06-25 15:32:11,085 [INFO] IPUIPlugin:80 - create IPUIPlugin
2024-06-25 15:32:11,085 [INFO] PluginManager:220 - loadIPPluginJar : add fatfs
2024-06-25 15:32:11,130 [INFO] IPUIPlugin:80 - create IPUIPlugin
2024-06-25 15:32:11,130 [INFO] PluginManager:220 - loadIPPluginJar : add fmc
2024-06-25 15:32:11,145 [INFO] IPUIPlugin:80 - create IPUIPlugin
2024-06-25 15:32:11,145 [INFO] PluginManager:220 - loadIPPluginJar : add freertos
2024-06-25 15:32:11,165 [INFO] IPUIPlugin:80 - create IPUIPlugin
2024-06-25 15:32:11,166 [INFO] PluginManager:220 - loadIPPluginJar : add genericplugin
2024-06-25 15:32:11,268 [INFO] IPUIPlugin:80 - create IPUIPlugin
2024-06-25 15:32:11,268 [INFO] PluginManager:220 - loadIPPluginJar : add gfxmmu
2024-06-25 15:32:11,414 [INFO] IPUIPlugin:80 - create IPUIPlugin
2024-06-25 15:32:11,414 [INFO] PluginManager:220 - loadIPPluginJar : add gic
2024-06-25 15:32:11,438 [INFO] IPUIPlugin:80 - create IPUIPlugin
2024-06-25 15:32:11,439 [INFO] PluginManager:220 - loadIPPluginJar : add gpio
2024-06-25 15:32:11,547 [INFO] IPUIPlugin:80 - create IPUIPlugin
2024-06-25 15:32:11,547 [INFO] PluginManager:220 - loadIPPluginJar : add gtzc
2024-06-25 15:32:11,584 [INFO] IPUIPlugin:80 - create IPUIPlugin
2024-06-25 15:32:11,584 [INFO] PluginManager:220 - loadIPPluginJar : add hash
2024-06-25 15:32:11,642 [INFO] IPUIPlugin:80 - create IPUIPlugin
2024-06-25 15:32:11,642 [INFO] PluginManager:220 - loadIPPluginJar : add i2c
2024-06-25 15:32:11,690 [INFO] IPUIPlugin:80 - create IPUIPlugin
2024-06-25 15:32:11,690 [INFO] PluginManager:220 - loadIPPluginJar : add i2s
2024-06-25 15:32:11,737 [INFO] IPUIPlugin:80 - create IPUIPlugin
2024-06-25 15:32:11,737 [INFO] PluginManager:220 - loadIPPluginJar : add i3c
2024-06-25 15:32:11,861 [INFO] IPUIPlugin:80 - create IPUIPlugin
2024-06-25 15:32:11,861 [INFO] PluginManager:220 - loadIPPluginJar : add ipddr
2024-06-25 15:32:11,955 [INFO] IPUIPlugin:80 - create IPUIPlugin
2024-06-25 15:32:11,956 [INFO] PluginManager:220 - loadIPPluginJar : add linkedlist
2024-06-25 15:32:12,003 [INFO] IPUIPlugin:80 - create IPUIPlugin
2024-06-25 15:32:12,003 [INFO] PluginManager:220 - loadIPPluginJar : add lorawan
2024-06-25 15:32:12,043 [INFO] IPUIPlugin:80 - create IPUIPlugin
2024-06-25 15:32:12,043 [INFO] PluginManager:220 - loadIPPluginJar : add ltdc
2024-06-25 15:32:12,059 [INFO] IPUIPlugin:80 - create IPUIPlugin
2024-06-25 15:32:12,059 [INFO] PluginManager:220 - loadIPPluginJar : add mdma
2024-06-25 15:32:12,073 [INFO] IPUIPlugin:80 - create IPUIPlugin
2024-06-25 15:32:12,074 [INFO] PluginManager:220 - loadIPPluginJar : add nvic
2024-06-25 15:32:12,113 [INFO] IPUIPlugin:80 - create IPUIPlugin
2024-06-25 15:32:12,113 [INFO] PluginManager:220 - loadIPPluginJar : add opamp
2024-06-25 15:32:12,181 [INFO] IPUIPlugin:80 - create IPUIPlugin
2024-06-25 15:32:12,181 [INFO] PluginManager:220 - loadIPPluginJar : add openamp
2024-06-25 15:32:12,240 [INFO] IPUIPlugin:80 - create IPUIPlugin
2024-06-25 15:32:12,240 [INFO] PluginManager:220 - loadIPPluginJar : add pdm2pcm
2024-06-25 15:32:12,257 [INFO] IPUIPlugin:80 - create IPUIPlugin
2024-06-25 15:32:12,259 [INFO] PluginManager:220 - loadIPPluginJar : add plateformsettings
2024-06-25 15:32:12,285 [INFO] IPUIPlugin:80 - create IPUIPlugin
2024-06-25 15:32:12,285 [INFO] PluginManager:220 - loadIPPluginJar : add quadspi
2024-06-25 15:32:12,297 [INFO] IPUIPlugin:80 - create IPUIPlugin
2024-06-25 15:32:12,297 [INFO] PluginManager:220 - loadIPPluginJar : add resmgrutility
2024-06-25 15:32:12,351 [INFO] IPUIPlugin:80 - create IPUIPlugin
2024-06-25 15:32:12,351 [INFO] PluginManager:220 - loadIPPluginJar : add sai
2024-06-25 15:32:12,392 [INFO] IPUIPlugin:80 - create IPUIPlugin
2024-06-25 15:32:12,392 [INFO] PluginManager:220 - loadIPPluginJar : add spi
2024-06-25 15:32:12,473 [INFO] IPUIPlugin:80 - create IPUIPlugin
2024-06-25 15:32:12,473 [INFO] PluginManager:220 - loadIPPluginJar : add stm32_wpan
2024-06-25 15:32:12,510 [INFO] IPUIPlugin:80 - create IPUIPlugin
2024-06-25 15:32:12,510 [INFO] PluginManager:220 - loadIPPluginJar : add tim
2024-06-25 15:32:12,572 [INFO] IPUIPlugin:80 - create IPUIPlugin
2024-06-25 15:32:12,572 [INFO] PluginManager:220 - loadIPPluginJar : add touchsensing
2024-06-25 15:32:12,607 [INFO] IPUIPlugin:80 - create IPUIPlugin
2024-06-25 15:32:12,607 [INFO] PluginManager:220 - loadIPPluginJar : add tracer_emb
2024-06-25 15:32:12,643 [INFO] IPUIPlugin:80 - create IPUIPlugin
2024-06-25 15:32:12,643 [INFO] PluginManager:220 - loadIPPluginJar : add ts
2024-06-25 15:32:12,670 [INFO] IPUIPlugin:80 - create IPUIPlugin
2024-06-25 15:32:12,670 [INFO] PluginManager:220 - loadIPPluginJar : add tsc
2024-06-25 15:32:12,695 [INFO] IPUIPlugin:80 - create IPUIPlugin
2024-06-25 15:32:12,695 [INFO] PluginManager:220 - loadIPPluginJar : add ucpd
2024-06-25 15:32:12,748 [INFO] IPUIPlugin:80 - create IPUIPlugin
2024-06-25 15:32:12,748 [INFO] PluginManager:220 - loadIPPluginJar : add usart
2024-06-25 15:32:12,800 [INFO] IPUIPlugin:80 - create IPUIPlugin
2024-06-25 15:32:12,800 [INFO] PluginManager:220 - loadIPPluginJar : add usbx
2024-06-25 15:32:12,946 [INFO] CADModel:165 - CPN selected for project level
2024-06-25 15:32:12,946 [INFO] CADModel:114 - Register for checkConnection events
2024-06-25 15:32:12,947 [FATAL] Updater:308 - Updater called before beeing initialized
2024-06-25 15:32:12,947 [ERROR] CADModel:125 - Updater not yet initialized, retry later 
2024-06-25 15:32:13,109 [INFO] CADModel:165 - CPN selected for project level
2024-06-25 15:32:13,110 [INFO] CADModel:114 - Register for checkConnection events
2024-06-25 15:32:13,110 [FATAL] Updater:308 - Updater called before beeing initialized
2024-06-25 15:32:13,110 [ERROR] CADModel:125 - Updater not yet initialized, retry later 
2024-06-25 15:32:13,115 [FATAL] Updater:308 - Updater called before beeing initialized
2024-06-25 15:32:13,130 [INFO] ThirdPartyUpdaterWithRetryManager:70 - Updater plugin not ready yet. [2/15]
2024-06-25 15:32:13,256 [FATAL] Updater:308 - Updater called before beeing initialized
2024-06-25 15:32:13,266 [INFO] DbMcusAds:53 - JSON generation date=Wed Nov 29 04:52:27 CST 2023 (1701255147200)
2024-06-25 15:32:13,266 [FATAL] Updater:308 - Updater called before beeing initialized
2024-06-25 15:32:13,310 [WARN] DetailPanel:346 - Failed to get advertising image, set to default
2024-06-25 15:32:13,410 [FATAL] Updater:308 - Updater called before beeing initialized
2024-06-25 15:32:13,412 [FATAL] Updater:308 - Updater called before beeing initialized
2024-06-25 15:32:13,412 [FATAL] Updater:308 - Updater called before beeing initialized
2024-06-25 15:32:13,412 [WARN] DetailPanel:346 - Failed to get advertising image, set to default
2024-06-25 15:32:13,413 [FATAL] Updater:308 - Updater called before beeing initialized
2024-06-25 15:32:13,478 [ERROR] Updater:1120 - MainUpdater not yet initialized. External WinMGr cannot be set.
2024-06-25 15:32:13,490 [INFO] Updater:1056 - Updater Version found : 6.10.0
2024-06-25 15:32:13,508 [INFO] ApplicationProperties:184 - Using Application install path: C:\ST\STM32CubeIDE_1.14.0\STM32CubeIDE\plugins\com.st.stm32cube.common.mx_6.10.0.202311202037
2024-06-25 15:32:13,853 [INFO] MainUpdater:2873 - connection check result : 10
2024-06-25 15:32:13,854 [INFO] MainUpdater:3567 - Updater definition file requires update
2024-06-25 15:32:13,855 [INFO] MainUpdater:290 - Updater Check For Update Now.
2024-06-25 15:32:13,855 [INFO] MicroXplorer:498 - Change Database Version : DB.6.0.100
2024-06-25 15:32:13,881 [INFO] McuFinderGlobals:63 - Set McuFinder mode to 2 (CubeIDE integrated)
2024-06-25 15:32:13,881 [INFO] UserAuth:180 - activating auth plugin
2024-06-25 15:32:13,883 [INFO] UserAuth:404 - Internet connection configuration mode: 1
2024-06-25 15:32:13,906 [INFO] JxBrowserEngine:152 - Initiate JxBrowser Engine with user profile folder
2024-06-25 15:32:13,953 [INFO] ServerAccessManage:473 - Download File updaters.zip
2024-06-25 15:32:14,072 [INFO] FileExtend:240 - Unzip File : updaters.zip
2024-06-25 15:32:14,072 [INFO] FileExtend:255 - Standard Zip Deflate
2024-06-25 15:32:16,132 [WARN] MainUpdater:1194 - Updater busy. Cannot search thirdparties
2024-06-25 15:32:16,133 [INFO] ThirdPartyUpdaterWithRetryManager:96 - Updater plugin is busy. [1/15]
2024-06-25 15:32:17,111 [INFO] WebApp:161 - Instantiating new browser for Auth
2024-06-25 15:32:17,354 [INFO] ServerAccessManage:473 - Download File PacksControlFlags.xml
2024-06-25 15:32:17,466 [INFO] ServerAccessManage:473 - Download File cubemx.pidx
2024-06-25 15:32:17,787 [INFO] WebApp:780 - Register for checkConnection events
2024-06-25 15:32:17,787 [INFO] WebApp:414 - Apply proxy settings
2024-06-25 15:32:17,788 [INFO] WebApp:499 - Chromium requires no authentication
2024-06-25 15:32:17,806 [INFO] WebApp:442 - Direct internet connection detected
2024-06-25 15:32:18,071 [INFO] WebApp:192 - Starting web application
2024-06-25 15:32:18,071 [INFO] WebApp:544 - Web application path used C:\ST\STM32CubeIDE_1.14.0\STM32CubeIDE\plugins\com.st.stm32cube.common.mx_6.10.0.202311202037\db\plugins\mcufinder\reactClient1\index.html
2024-06-25 15:32:18,361 [INFO] ServerAccessManage:473 - Download File STMicroelectronics.X-CUBE-TOUCHGFX.pdsc
2024-06-25 15:32:19,144 [WARN] MainUpdater:1194 - Updater busy. Cannot search thirdparties
2024-06-25 15:32:19,144 [INFO] ThirdPartyUpdaterWithRetryManager:96 - Updater plugin is busy. [2/15]
2024-06-25 15:32:20,421 [WARN] PackLoader:240 - Cannot read IP mode file for STMicroelectronics.X-CUBE-TOUCHGFX.4.24.0
2024-06-25 15:32:20,422 [INFO] PopulateThirdPartyThread:66 - Ending populate Thread
2024-06-25 15:32:20,423 [INFO] ThirdParty:1030 - CMSIS Pack Vendor :STMicroelectronics X-CUBE-TOUCHGFX 4.24.0
2024-06-25 15:32:20,423 [INFO] LoadServerUpdatesThread:375 - End of LoadServerUpdate Thread
2024-06-25 15:32:20,563 [INFO] CheckServerUpdateThread:120 - End of CheckServer Thread
2024-06-25 15:32:22,366 [WARN] PackLoader:240 - Cannot read IP mode file for STMicroelectronics.FP-SNS-MOTENVWB1.1.4.0
2024-06-25 15:32:22,380 [WARN] PackLoader:240 - Cannot read IP mode file for STMicroelectronics.X-CUBE-SMBUS.2.1.0
2024-06-25 15:32:22,394 [WARN] PackLoader:240 - Cannot read IP mode file for STMicroelectronics.X-CUBE-TOUCHGFX.4.23.0
2024-06-25 15:32:22,406 [WARN] PackLoader:240 - Cannot read IP mode file for STMicroelectronics.X-CUBE-TOUCHGFX.4.23.2
2024-06-25 15:32:22,442 [WARN] PackLoader:240 - Cannot read IP mode file for STMicroelectronics.X-CUBE-AZRTOS-F7.1.1.0
2024-06-25 15:32:22,466 [WARN] PackLoader:240 - Cannot read IP mode file for STMicroelectronics.FP-SNS-MOTENV1.4.3.2
2024-06-25 15:32:22,473 [WARN] PackLoader:240 - Cannot read IP mode file for STMicroelectronics.FP-SNS-FLIGHT1.5.0.2
2024-06-25 15:32:22,491 [WARN] PackLoader:240 - Cannot read IP mode file for STMicroelectronics.X-CUBE-DISPLAY.3.0.0
2024-06-25 15:32:22,516 [WARN] PackLoader:240 - Cannot read IP mode file for STMicroelectronics.X-CUBE-BLE1.7.0.0
2024-06-25 15:32:22,532 [WARN] PackLoader:240 - Cannot read IP mode file for emotas.I-CUBE-CANOPEN.1.3.0
2024-06-25 15:32:22,550 [WARN] PackLoader:240 - Cannot read IP mode file for STMicroelectronics.X-CUBE-BLEMGR.3.1.0
2024-06-25 15:32:22,565 [WARN] PackLoader:240 - Cannot read IP mode file for STMicroelectronics.FP-SNS-SMARTAG2.1.2.0
2024-06-25 15:32:22,583 [INFO] LogOutputStream:77 - [STDOUT_REDIRECT] 1 : Invalid condition id : UX_CORESTACK_Condition cause : null
2024-06-25 15:32:22,583 [INFO] LogOutputStream:77 - [STDOUT_REDIRECT] 1 : Invalid condition id : UX_CORESTACK_Condition cause : null
2024-06-25 15:32:22,584 [INFO] LogOutputStream:77 - [STDOUT_REDIRECT] 1 : Invalid condition id : UX_CORESTACK_Condition cause : null
2024-06-25 15:32:22,585 [INFO] LogOutputStream:77 - [STDOUT_REDIRECT] 1 : Invalid condition id : UX_CORESTACK_Condition cause : null
2024-06-25 15:32:22,587 [INFO] LogOutputStream:77 - [STDOUT_REDIRECT] 1 : Invalid condition id : UX_CORESTACK_Condition cause : null
2024-06-25 15:32:22,590 [WARN] PackLoader:240 - Cannot read IP mode file for STMicroelectronics.X-CUBE-AZRTOS-WL.2.0.0
2024-06-25 15:32:22,603 [WARN] PackLoader:240 - Cannot read IP mode file for STMicroelectronics.FP-SNS-MOTENV1.5.0.0
2024-06-25 15:32:22,608 [WARN] PackLoader:240 - Cannot read IP mode file for wolfSSL.I-CUBE-wolfMQTT.1.19.0
2024-06-25 15:32:22,623 [WARN] PackLoader:240 - Cannot read IP mode file for WES.I-CUBE-Cesium.1.3.0
2024-06-25 15:32:22,633 [WARN] PackLoader:240 - Cannot read IP mode file for STMicroelectronics.X-CUBE-BLE2.3.3.0
2024-06-25 15:32:22,645 [WARN] PackLoader:240 - Cannot read IP mode file for STMicroelectronics.X-CUBE-TCPP.4.1.0
2024-06-25 15:32:22,664 [WARN] PackLoader:240 - Cannot read IP mode file for STMicroelectronics.X-CUBE-ALGOBUILD.1.3.0
2024-06-25 15:32:22,699 [WARN] PackLoader:240 - Cannot read IP mode file for STMicroelectronics.X-CUBE-AZRTOS-G0.1.1.0
2024-06-25 15:32:22,720 [WARN] PackLoader:240 - Cannot read IP mode file for STMicroelectronics.X-CUBE-SAFEA1.1.2.2
2024-06-25 15:32:22,738 [WARN] PackLoader:240 - Cannot read IP mode file for STMicroelectronics.X-CUBE-NFC4.3.0.0
2024-06-25 15:32:22,760 [WARN] PackLoader:240 - Cannot read IP mode file for STMicroelectronics.X-CUBE-BLEMGR.3.0.0
2024-06-25 15:32:22,768 [WARN] PackLoader:240 - Cannot read IP mode file for STMicroelectronics.FP-ATR-SIGFOX1.3.2.0
2024-06-25 15:32:22,782 [WARN] PackLoader:240 - Cannot read IP mode file for STMicroelectronics.X-CUBE-EEPRMA1.5.1.0
2024-06-25 15:32:22,825 [WARN] PackLoader:240 - Cannot read IP mode file for SEGGER.I-CUBE-embOS.1.3.1
2024-06-25 15:32:22,870 [WARN] PackLoader:240 - Cannot read IP mode file for STMicroelectronics.X-CUBE-ALGOBUILD.1.4.0
2024-06-25 15:32:22,883 [WARN] PackLoader:240 - Cannot read IP mode file for STMicroelectronics.X-CUBE-GNSS1.6.0.0
2024-06-25 15:32:22,909 [WARN] PackLoader:240 - Cannot read IP mode file for STMicroelectronics.X-CUBE-AZRTOS-F4.1.1.0
2024-06-25 15:32:22,924 [WARN] PackLoader:240 - Cannot read IP mode file for STMicroelectronics.X-CUBE-FREERTOS.1.2.0
2024-06-25 15:32:22,936 [WARN] PackLoader:240 - Cannot read IP mode file for wolfSSL.I-CUBE-wolfSSL.5.6.6
2024-06-25 15:32:22,963 [WARN] PackLoader:240 - Cannot read IP mode file for STMicroelectronics.X-CUBE-AZRTOS-L5.2.0.0
2024-06-25 15:32:22,979 [WARN] PackLoader:240 - Cannot read IP mode file for STMicroelectronics.X-CUBE-EEPRMA1.4.2.0
2024-06-25 15:32:22,994 [WARN] PackLoader:240 - Cannot read IP mode file for STMicroelectronics.X-CUBE-NFC6.3.1.0
2024-06-25 15:32:23,010 [WARN] PackLoader:240 - Cannot read IP mode file for ITTIA_DB.I-CUBE-ITTIADB.8.8.0
2024-06-25 15:32:23,022 [WARN] PackLoader:240 - Cannot read IP mode file for STMicroelectronics.X-CUBE-AI.9.0.0
2024-06-25 15:32:23,034 [WARN] PackLoader:240 - Cannot read IP mode file for STMicroelectronics.X-CUBE-NFC7.1.0.1
2024-06-25 15:32:23,049 [WARN] PackLoader:240 - Cannot read IP mode file for STMicroelectronics.X-CUBE-NFC6.3.0.0
2024-06-25 15:32:23,062 [WARN] PackLoader:240 - Cannot read IP mode file for STMicroelectronics.X-CUBE-AI.8.1.0
2024-06-25 15:32:23,090 [WARN] ConditionMgr:438 - getConditionDescription Invalid condition id : LAN8742 Phy interface Condition cause : null
2024-06-25 15:32:23,091 [WARN] PackLoader:240 - Cannot read IP mode file for STMicroelectronics.X-CUBE-AZRTOS-L4.2.0.0
2024-06-25 15:32:23,092 [WARN] ConditionMgr:1039 - genDependencies : Invalid condition id : LAN8742 Phy interface Condition cause : null
2024-06-25 15:32:23,092 [WARN] ConditionMgr:1039 - genDependencies : Invalid condition id : LAN8742 Phy interface Condition cause : null
2024-06-25 15:32:23,093 [WARN] ConditionMgr:1039 - genDependencies : Invalid condition id : LAN8742 Phy interface Condition cause : null
2024-06-25 15:32:23,107 [WARN] PackLoader:240 - Cannot read IP mode file for STMicroelectronics.X-CUBE-SFXS2LP1.4.0.0
2024-06-25 15:32:23,129 [WARN] ConditionMgr:438 - getConditionDescription Invalid condition id : UX DEVICE CLASS RTOS Condition cause : null
2024-06-25 15:32:23,129 [WARN] ConditionMgr:438 - getConditionDescription Invalid condition id : UX DEVICE CLASS RTOS Condition cause : null
2024-06-25 15:32:23,130 [WARN] PackLoader:240 - Cannot read IP mode file for STMicroelectronics.X-CUBE-AZRTOS-WB.2.0.0
2024-06-25 15:32:23,131 [WARN] ConditionMgr:1039 - genDependencies : Invalid condition id : UX DEVICE CLASS RTOS Condition cause : null
2024-06-25 15:32:23,131 [WARN] ConditionMgr:1039 - genDependencies : Invalid condition id : UX DEVICE CLASS RTOS Condition cause : null
2024-06-25 15:32:23,131 [WARN] ConditionMgr:1039 - genDependencies : Invalid condition id : UX DEVICE CLASS RTOS Condition cause : null
2024-06-25 15:32:23,131 [WARN] ConditionMgr:1039 - genDependencies : Invalid condition id : UX DEVICE CLASS RTOS Condition cause : null
2024-06-25 15:32:23,132 [WARN] ConditionMgr:1039 - genDependencies : Invalid condition id : UX DEVICE CLASS RTOS Condition cause : null
2024-06-25 15:32:23,150 [WARN] PackLoader:240 - Cannot read IP mode file for STMicroelectronics.X-CUBE-SUBG2.5.0.0
2024-06-25 15:32:23,181 [WARN] PackLoader:240 - Cannot read IP mode file for STMicroelectronics.X-CUBE-AZRTOS-G4.2.0.0
2024-06-25 15:32:23,205 [WARN] PackLoader:240 - Cannot read IP mode file for Infineon.AIROC-Wi-Fi-Bluetooth-STM32.1.5.1
2024-06-25 15:32:23,222 [WARN] PackLoader:240 - Cannot read IP mode file for STMicroelectronics.FP-SNS-MOTENVWB1.1.3.1
2024-06-25 15:32:23,235 [WARN] PackLoader:240 - Cannot read IP mode file for STMicroelectronics.X-CUBE-ISPU.2.0.0
2024-06-25 15:32:23,247 [WARN] PackLoader:240 - Cannot read IP mode file for STMicroelectronics.X-CUBE-ALS.1.0.2
2024-06-25 15:32:23,297 [WARN] PackLoader:240 - Cannot read IP mode file for STMicroelectronics.X-CUBE-MEMS1.10.0.0
2024-06-25 15:32:23,445 [WARN] PackLoader:240 - Cannot read IP mode file for STMicroelectronics.X-CUBE-FREERTOS.1.1.0
2024-06-25 15:32:23,447 [WARN] PackLoader:240 - Cannot read IP mode file for STMicroelectronics.X-CUBE-TOUCHGFX.4.24.0
2024-06-25 15:32:23,460 [WARN] PackLoader:240 - Cannot read IP mode file for portGmbH.I-Cube-SoM-uGOAL.1.1.0
2024-06-25 15:32:23,470 [WARN] PackLoader:240 - Cannot read IP mode file for STMicroelectronics.X-CUBE-ALS.1.0.1
2024-06-25 15:32:23,497 [WARN] PackLoader:240 - Cannot read IP mode file for STMicroelectronics.X-CUBE-AZRTOS-H7RS.1.0.0
2024-06-25 15:32:23,503 [WARN] PackLoader:240 - Cannot read IP mode file for STMicroelectronics.FP-ATR-ASTRA1.2.0.0
2024-06-25 15:32:23,522 [WARN] PackLoader:240 - Cannot read IP mode file for STMicroelectronics.X-CUBE-TOF1.3.4.0
2024-06-25 15:32:23,547 [WARN] PackLoader:240 - Cannot read IP mode file for STMicroelectronics.X-CUBE-TOF1.3.4.1
2024-06-25 15:32:23,595 [WARN] PackLoader:240 - Cannot read IP mode file for STMicroelectronics.X-CUBE-AZRTOS-H7.3.2.0
2024-06-25 15:32:23,597 [INFO] ThirdParty:978 - Integrity check success = true
2024-06-25 15:32:23,597 [INFO] IntegrityCheckThread:100 - exiting critical section [integrity check]
2024-06-25 15:32:23,597 [INFO] IntegrityCheckThread:103 - End integrity checks thread
2024-06-25 15:32:38,813 [ERROR] LogOutputStream:75 - [STDERR_REDIRECT] SLF4J: Failed to load class "org.slf4j.impl.StaticLoggerBinder".
2024-06-25 15:32:38,813 [ERROR] LogOutputStream:75 - [STDERR_REDIRECT] SLF4J: Defaulting to no-operation (NOP) logger implementation
2024-06-25 15:32:38,815 [ERROR] LogOutputStream:75 - [STDERR_REDIRECT] SLF4J: See http://www.slf4j.org/codes.html#StaticLoggerBinder for further details.
