2024-06-04 18:42:21,699 [INFO] Activator:176 - 


2024-06-04 18:42:21,706 [INFO] Activator:177 - !SESSION log4j initialized
2024-06-04 18:42:32,425 [INFO] LogOutputStream:77 - [STDOUT_REDIRECT] 
2024-06-04 18:42:34,646 [INFO] ApplicationProperties:184 - Using Application install path: C:\ST\STM32CubeIDE_1.14.0\STM32CubeIDE\plugins\com.st.stm32cube.common.mx_6.10.0.202311202037
2024-06-04 18:42:34,673 [INFO] DbMcusXml:78 - Set database path to: C:\ST\STM32CubeIDE_1.14.0\STM32CubeIDE\plugins\com.st.stm32cube.common.mx_6.10.0.202311202037\\db\/mcu/
2024-06-04 18:42:34,674 [INFO] ApiDb:274 - Set plugin database path to: C:\ST\STM32CubeIDE_1.14.0\STM32CubeIDE\plugins\com.st.stm32cube.common.mx_6.10.0.202311202037\\db\/plugins/boardmanager/
2024-06-04 18:42:34,675 [WARN] ApiDb:259 - Overriding images path with different value:  => C:\ST\STM32CubeIDE_1.14.0\STM32CubeIDE\plugins\com.st.stm32cube.common.mx_6.10.0.202311202037\\db\/plugins/mcufinder/images/
2024-06-04 18:42:34,689 [INFO] ApiDb:250 - Set database path to: C:\Users\RShah23\.stmcufinder\plugins\mcufinder//mcu/
2024-06-04 18:42:34,693 [INFO] DbMcusAds:125 - Set database path to: C:\Users\RShah23\.stmcufinder\plugins\mcufinder//mcu/
2024-06-04 18:42:34,697 [INFO] CrossReferenceDbSqlite:203 - Set database path to: C:\Users\RShah23\.stmcufinder\plugins\mcufinder//mcu/cs/
2024-06-04 18:42:34,869 [INFO] RulesReader:64 - Compatibility file has been processed (297 Rules)
2024-06-04 18:42:35,018 [INFO] DbMcusXml:78 - Set database path to: C:\ST\STM32CubeIDE_1.14.0\STM32CubeIDE\plugins\com.st.stm32cube.common.mx_6.10.0.202311202037\\db\/mcu/
2024-06-04 18:42:35,019 [INFO] ApiDb:274 - Set plugin database path to: C:\ST\STM32CubeIDE_1.14.0\STM32CubeIDE\plugins\com.st.stm32cube.common.mx_6.10.0.202311202037\\db\/plugins/boardmanager/
2024-06-04 18:42:35,019 [INFO] ApiDb:261 - Set plugin images path to: C:\ST\STM32CubeIDE_1.14.0\STM32CubeIDE\plugins\com.st.stm32cube.common.mx_6.10.0.202311202037\\db\/plugins/mcufinder/images/
2024-06-04 18:42:35,019 [WARN] DbFile:41 - Overriding database path with different value: C:\Users\RShah23\.stmcufinder\plugins\mcufinder/ => C:\Users\RShah23\.stmcufinder\plugins\mcufinder
2024-06-04 18:42:35,019 [INFO] ApiDb:250 - Set database path to: C:\Users\RShah23\.stmcufinder\plugins\mcufinder//mcu/
2024-06-04 18:42:35,020 [WARN] DbFile:41 - Overriding database path with different value: C:\Users\RShah23\.stmcufinder\plugins\mcufinder/ => C:\Users\RShah23\.stmcufinder\plugins\mcufinder
2024-06-04 18:42:35,020 [INFO] DbMcusAds:125 - Set database path to: C:\Users\RShah23\.stmcufinder\plugins\mcufinder//mcu/
2024-06-04 18:42:35,020 [WARN] DbFile:41 - Overriding database path with different value: C:\Users\RShah23\.stmcufinder\plugins\mcufinder/ => C:\Users\RShah23\.stmcufinder\plugins\mcufinder
2024-06-04 18:42:35,020 [WARN] DbFile:41 - Overriding database path with different value: C:\Users\RShah23\.stmcufinder\plugins\mcufinder/ => C:\Users\RShah23\.stmcufinder\plugins\mcufinder
2024-06-04 18:42:35,020 [INFO] CrossReferenceDbSqlite:203 - Set database path to: C:\Users\RShah23\.stmcufinder\plugins\mcufinder//mcu/cs/
2024-06-04 18:42:35,158 [INFO] MainPanel:264 - HeapMemory: 268435456
2024-06-04 18:42:35,319 [INFO] DbMcusXml:78 - Set database path to: C:\ST\STM32CubeIDE_1.14.0\STM32CubeIDE\plugins\com.st.stm32cube.common.mx_6.10.0.202311202037\\db\/mcu/
2024-06-04 18:42:35,319 [INFO] ApiDb:274 - Set plugin database path to: C:\ST\STM32CubeIDE_1.14.0\STM32CubeIDE\plugins\com.st.stm32cube.common.mx_6.10.0.202311202037\\db\/plugins/boardmanager/
2024-06-04 18:42:35,319 [INFO] ApiDb:261 - Set plugin images path to: C:\ST\STM32CubeIDE_1.14.0\STM32CubeIDE\plugins\com.st.stm32cube.common.mx_6.10.0.202311202037\\db\/plugins/mcufinder/images/
2024-06-04 18:42:35,320 [WARN] DbFile:41 - Overriding database path with different value: C:\Users\RShah23\.stmcufinder\plugins\mcufinder/ => C:\Users\RShah23\.stmcufinder\plugins\mcufinder
2024-06-04 18:42:35,320 [INFO] ApiDb:250 - Set database path to: C:\Users\RShah23\.stmcufinder\plugins\mcufinder//mcu/
2024-06-04 18:42:35,320 [WARN] DbFile:41 - Overriding database path with different value: C:\Users\RShah23\.stmcufinder\plugins\mcufinder/ => C:\Users\RShah23\.stmcufinder\plugins\mcufinder
2024-06-04 18:42:35,320 [INFO] DbMcusAds:125 - Set database path to: C:\Users\RShah23\.stmcufinder\plugins\mcufinder//mcu/
2024-06-04 18:42:35,320 [WARN] DbFile:41 - Overriding database path with different value: C:\Users\RShah23\.stmcufinder\plugins\mcufinder/ => C:\Users\RShah23\.stmcufinder\plugins\mcufinder
2024-06-04 18:42:35,321 [WARN] DbFile:41 - Overriding database path with different value: C:\Users\RShah23\.stmcufinder\plugins\mcufinder/ => C:\Users\RShah23\.stmcufinder\plugins\mcufinder
2024-06-04 18:42:35,321 [INFO] CrossReferenceDbSqlite:203 - Set database path to: C:\Users\RShah23\.stmcufinder\plugins\mcufinder//mcu/cs/
2024-06-04 18:42:35,356 [INFO] ApplicationProperties:184 - Using Application install path: C:\ST\STM32CubeIDE_1.14.0\STM32CubeIDE\plugins\com.st.stm32cube.common.mx_6.10.0.202311202037
2024-06-04 18:42:35,359 [INFO] PluginManage:196 - Search for loadable plugins [exclusion list=, ]
2024-06-04 18:42:35,360 [INFO] PluginManage:310 - Check plugin analytics
2024-06-04 18:42:35,596 [INFO] AnalyticsPlugin:253 - Accepted Software Licenses: 
2024-06-04 18:42:35,596 [INFO] AnalyticsPlugin:255 - Accepted CMSIS Pack Licenses: 
2024-06-04 18:42:35,596 [INFO] AnalyticsPlugin:257 - Accepted Firmware Licenses: 
2024-06-04 18:42:35,600 [INFO] PluginManage:359 - Loaded plugin analytics (category:tool,tabindex:-1)
2024-06-04 18:42:35,600 [INFO] PluginManage:310 - Check plugin cadmodel
2024-06-04 18:42:35,619 [INFO] CADModel:105 - Init CAD model plugin
2024-06-04 18:42:35,620 [INFO] PluginManage:359 - Loaded plugin cadmodel (category:power,tabindex:5)
2024-06-04 18:42:35,620 [INFO] PluginManage:310 - Check plugin clock
2024-06-04 18:42:35,646 [INFO] PluginManage:359 - Loaded plugin clock (category:base,tabindex:2)
2024-06-04 18:42:35,648 [INFO] PluginManage:310 - Check plugin ddr
2024-06-04 18:42:35,650 [INFO] PluginManage:359 - Loaded plugin ddr (category:tool,tabindex:6)
2024-06-04 18:42:35,652 [INFO] PluginManage:310 - Check plugin filemanager
2024-06-04 18:42:35,825 [INFO] PluginManage:359 - Loaded plugin filemanager (category:base,tabindex:10)
2024-06-04 18:42:35,825 [INFO] PluginManage:310 - Check plugin ipmanager
2024-06-04 18:42:35,839 [INFO] PluginManage:359 - Loaded plugin ipmanager (category:base,tabindex:5)
2024-06-04 18:42:35,839 [INFO] PluginManage:310 - Check plugin lpbam
2024-06-04 18:42:35,859 [INFO] PluginManage:359 - Loaded plugin lpbam (category:base,tabindex:0)
2024-06-04 18:42:35,860 [INFO] PluginManage:310 - Check plugin memorymap
2024-06-04 18:42:35,895 [INFO] PluginManage:359 - Loaded plugin memorymap (category:base,tabindex:4)
2024-06-04 18:42:35,895 [INFO] PluginManage:310 - Check plugin pinoutandconfiguration
2024-06-04 18:42:35,918 [INFO] PluginManage:359 - Loaded plugin pinoutandconfiguration (category:base,tabindex:1)
2024-06-04 18:42:35,919 [INFO] PluginManage:310 - Check plugin pinoutconfig
2024-06-04 18:42:36,062 [WARN] SupportedApi:132 - Cannot load RTOS API schema: s4s-elt-must-match.1: The content of 'definitions' must match (annotation?, (simpleType | complexType)?, (unique | key | keyref)*)). A problem was found starting at: attribute.
2024-06-04 18:42:36,222 [INFO] PluginManage:359 - Loaded plugin pinoutconfig (category:base,tabindex:0)
2024-06-04 18:42:36,223 [INFO] PluginManage:310 - Check plugin power
2024-06-04 18:42:36,251 [INFO] PluginManage:359 - Loaded plugin power (category:power,tabindex:4)
2024-06-04 18:42:36,251 [INFO] PluginManage:310 - Check plugin projectmanager
2024-06-04 18:42:36,273 [INFO] PluginManage:359 - Loaded plugin projectmanager (category:projectmanager,tabindex:3)
2024-06-04 18:42:36,273 [INFO] PluginManage:310 - Check plugin thirdparty
2024-06-04 18:42:36,627 [INFO] PluginManage:359 - Loaded plugin thirdparty (category:base,tabindex:-1)
2024-06-04 18:42:36,627 [WARN] IntegrityCheckThread:84 - waiting for thirdparty lock release [integrity check]
2024-06-04 18:42:36,627 [INFO] PluginManage:310 - Check plugin tools
2024-06-04 18:42:36,627 [INFO] IntegrityCheckThread:86 - entering critical section [integrity check]
2024-06-04 18:42:36,628 [INFO] ThirdPartyUpdaterWithRetryManager:70 - Updater plugin not ready yet. [1/15]
2024-06-04 18:42:36,688 [INFO] PluginManage:359 - Loaded plugin tools (category:base,tabindex:7)
2024-06-04 18:42:36,689 [INFO] PluginManage:310 - Check plugin tutovideos
2024-06-04 18:42:36,957 [INFO] PluginManage:359 - Loaded plugin tutovideos (category:base,tabindex:-1)
2024-06-04 18:42:36,957 [INFO] PluginManage:310 - Check plugin updater
2024-06-04 18:42:36,971 [INFO] PluginManage:359 - Loaded plugin updater (category:base,tabindex:12)
2024-06-04 18:42:36,972 [INFO] PluginManage:310 - Check plugin userauth
2024-06-04 18:42:36,979 [INFO] UserAuth:114 - Init User Auth plugin
2024-06-04 18:42:36,979 [INFO] PluginManage:359 - Loaded plugin userauth (category:base,tabindex:14)
2024-06-04 18:42:36,980 [INFO] PluginManage:283 - PluginManage : Loaded plugins [17]
2024-06-04 18:42:37,308 [INFO] PinOutPanel:1499 - setPackage(No Configuration,No Configuration)
2024-06-04 18:42:37,430 [INFO] CADModel:165 - CPN selected for project level
2024-06-04 18:42:37,430 [INFO] CADModel:114 - Register for checkConnection events
2024-06-04 18:42:37,477 [INFO] IPUIPlugin:80 - create IPUIPlugin
2024-06-04 18:42:37,477 [INFO] PluginManager:220 - loadIPPluginJar : add adc
2024-06-04 18:42:37,527 [INFO] IPUIPlugin:80 - create IPUIPlugin
2024-06-04 18:42:37,527 [INFO] PluginManager:220 - loadIPPluginJar : add aes
2024-06-04 18:42:37,586 [INFO] IPUIPlugin:80 - create IPUIPlugin
2024-06-04 18:42:37,586 [INFO] PluginManager:220 - loadIPPluginJar : add can
2024-06-04 18:42:37,614 [INFO] IPUIPlugin:80 - create IPUIPlugin
2024-06-04 18:42:37,614 [INFO] PluginManager:220 - loadIPPluginJar : add comp
2024-06-04 18:42:37,662 [INFO] IPUIPlugin:80 - create IPUIPlugin
2024-06-04 18:42:37,663 [INFO] PluginManager:220 - loadIPPluginJar : add cryp
2024-06-04 18:42:37,702 [INFO] IPUIPlugin:80 - create IPUIPlugin
2024-06-04 18:42:37,702 [INFO] PluginManager:220 - loadIPPluginJar : add dfsdm
2024-06-04 18:42:37,724 [INFO] IPUIPlugin:80 - create IPUIPlugin
2024-06-04 18:42:37,724 [INFO] PluginManager:220 - loadIPPluginJar : add dma
2024-06-04 18:42:37,778 [INFO] IPUIPlugin:80 - create IPUIPlugin
2024-06-04 18:42:37,778 [INFO] PluginManager:220 - loadIPPluginJar : add dma3
2024-06-04 18:42:37,805 [INFO] IPUIPlugin:80 - create IPUIPlugin
2024-06-04 18:42:37,806 [INFO] PluginManager:220 - loadIPPluginJar : add fatfs
2024-06-04 18:42:37,901 [INFO] IPUIPlugin:80 - create IPUIPlugin
2024-06-04 18:42:37,901 [INFO] PluginManager:220 - loadIPPluginJar : add fmc
2024-06-04 18:42:37,926 [INFO] IPUIPlugin:80 - create IPUIPlugin
2024-06-04 18:42:37,926 [INFO] PluginManager:220 - loadIPPluginJar : add freertos
2024-06-04 18:42:37,951 [INFO] IPUIPlugin:80 - create IPUIPlugin
2024-06-04 18:42:37,951 [INFO] PluginManager:220 - loadIPPluginJar : add genericplugin
2024-06-04 18:42:38,080 [INFO] IPUIPlugin:80 - create IPUIPlugin
2024-06-04 18:42:38,080 [INFO] PluginManager:220 - loadIPPluginJar : add gfxmmu
2024-06-04 18:42:38,296 [INFO] IPUIPlugin:80 - create IPUIPlugin
2024-06-04 18:42:38,297 [INFO] PluginManager:220 - loadIPPluginJar : add gic
2024-06-04 18:42:38,325 [INFO] IPUIPlugin:80 - create IPUIPlugin
2024-06-04 18:42:38,325 [INFO] PluginManager:220 - loadIPPluginJar : add gpio
2024-06-04 18:42:38,478 [INFO] IPUIPlugin:80 - create IPUIPlugin
2024-06-04 18:42:38,478 [INFO] PluginManager:220 - loadIPPluginJar : add gtzc
2024-06-04 18:42:38,543 [INFO] IPUIPlugin:80 - create IPUIPlugin
2024-06-04 18:42:38,544 [INFO] PluginManager:220 - loadIPPluginJar : add hash
2024-06-04 18:42:38,628 [INFO] IPUIPlugin:80 - create IPUIPlugin
2024-06-04 18:42:38,629 [INFO] PluginManager:220 - loadIPPluginJar : add i2c
2024-06-04 18:42:38,688 [INFO] IPUIPlugin:80 - create IPUIPlugin
2024-06-04 18:42:38,688 [INFO] PluginManager:220 - loadIPPluginJar : add i2s
2024-06-04 18:42:38,749 [INFO] IPUIPlugin:80 - create IPUIPlugin
2024-06-04 18:42:38,749 [INFO] PluginManager:220 - loadIPPluginJar : add i3c
2024-06-04 18:42:38,899 [INFO] IPUIPlugin:80 - create IPUIPlugin
2024-06-04 18:42:38,900 [INFO] PluginManager:220 - loadIPPluginJar : add ipddr
2024-06-04 18:42:39,026 [INFO] IPUIPlugin:80 - create IPUIPlugin
2024-06-04 18:42:39,026 [INFO] PluginManager:220 - loadIPPluginJar : add linkedlist
2024-06-04 18:42:39,070 [INFO] IPUIPlugin:80 - create IPUIPlugin
2024-06-04 18:42:39,071 [INFO] PluginManager:220 - loadIPPluginJar : add lorawan
2024-06-04 18:42:39,119 [INFO] IPUIPlugin:80 - create IPUIPlugin
2024-06-04 18:42:39,119 [INFO] PluginManager:220 - loadIPPluginJar : add ltdc
2024-06-04 18:42:39,137 [INFO] IPUIPlugin:80 - create IPUIPlugin
2024-06-04 18:42:39,137 [INFO] PluginManager:220 - loadIPPluginJar : add mdma
2024-06-04 18:42:39,153 [INFO] IPUIPlugin:80 - create IPUIPlugin
2024-06-04 18:42:39,153 [INFO] PluginManager:220 - loadIPPluginJar : add nvic
2024-06-04 18:42:39,199 [INFO] IPUIPlugin:80 - create IPUIPlugin
2024-06-04 18:42:39,199 [INFO] PluginManager:220 - loadIPPluginJar : add opamp
2024-06-04 18:42:39,276 [INFO] IPUIPlugin:80 - create IPUIPlugin
2024-06-04 18:42:39,276 [INFO] PluginManager:220 - loadIPPluginJar : add openamp
2024-06-04 18:42:39,340 [INFO] IPUIPlugin:80 - create IPUIPlugin
2024-06-04 18:42:39,340 [INFO] PluginManager:220 - loadIPPluginJar : add pdm2pcm
2024-06-04 18:42:39,356 [INFO] IPUIPlugin:80 - create IPUIPlugin
2024-06-04 18:42:39,359 [INFO] PluginManager:220 - loadIPPluginJar : add plateformsettings
2024-06-04 18:42:39,404 [INFO] IPUIPlugin:80 - create IPUIPlugin
2024-06-04 18:42:39,404 [INFO] PluginManager:220 - loadIPPluginJar : add quadspi
2024-06-04 18:42:39,428 [INFO] IPUIPlugin:80 - create IPUIPlugin
2024-06-04 18:42:39,428 [INFO] PluginManager:220 - loadIPPluginJar : add resmgrutility
2024-06-04 18:42:39,490 [INFO] IPUIPlugin:80 - create IPUIPlugin
2024-06-04 18:42:39,490 [INFO] PluginManager:220 - loadIPPluginJar : add sai
2024-06-04 18:42:39,544 [INFO] IPUIPlugin:80 - create IPUIPlugin
2024-06-04 18:42:39,544 [INFO] PluginManager:220 - loadIPPluginJar : add spi
2024-06-04 18:42:39,630 [INFO] ThirdPartyUpdaterWithRetryManager:70 - Updater plugin not ready yet. [2/15]
2024-06-04 18:42:39,644 [INFO] IPUIPlugin:80 - create IPUIPlugin
2024-06-04 18:42:39,644 [INFO] PluginManager:220 - loadIPPluginJar : add stm32_wpan
2024-06-04 18:42:39,684 [INFO] IPUIPlugin:80 - create IPUIPlugin
2024-06-04 18:42:39,685 [INFO] PluginManager:220 - loadIPPluginJar : add tim
2024-06-04 18:42:39,754 [INFO] IPUIPlugin:80 - create IPUIPlugin
2024-06-04 18:42:39,754 [INFO] PluginManager:220 - loadIPPluginJar : add touchsensing
2024-06-04 18:42:39,789 [INFO] IPUIPlugin:80 - create IPUIPlugin
2024-06-04 18:42:39,789 [INFO] PluginManager:220 - loadIPPluginJar : add tracer_emb
2024-06-04 18:42:39,817 [INFO] IPUIPlugin:80 - create IPUIPlugin
2024-06-04 18:42:39,817 [INFO] PluginManager:220 - loadIPPluginJar : add ts
2024-06-04 18:42:39,851 [INFO] IPUIPlugin:80 - create IPUIPlugin
2024-06-04 18:42:39,852 [INFO] PluginManager:220 - loadIPPluginJar : add tsc
2024-06-04 18:42:39,889 [INFO] IPUIPlugin:80 - create IPUIPlugin
2024-06-04 18:42:39,889 [INFO] PluginManager:220 - loadIPPluginJar : add ucpd
2024-06-04 18:42:39,959 [INFO] IPUIPlugin:80 - create IPUIPlugin
2024-06-04 18:42:39,959 [INFO] PluginManager:220 - loadIPPluginJar : add usart
2024-06-04 18:42:40,030 [INFO] IPUIPlugin:80 - create IPUIPlugin
2024-06-04 18:42:40,030 [INFO] PluginManager:220 - loadIPPluginJar : add usbx
2024-06-04 18:42:40,230 [INFO] CADModel:165 - CPN selected for project level
2024-06-04 18:42:40,230 [INFO] CADModel:114 - Register for checkConnection events
2024-06-04 18:42:40,231 [FATAL] Updater:308 - Updater called before beeing initialized
2024-06-04 18:42:40,231 [ERROR] CADModel:125 - Updater not yet initialized, retry later 
2024-06-04 18:42:40,586 [INFO] CADModel:165 - CPN selected for project level
2024-06-04 18:42:40,586 [INFO] CADModel:114 - Register for checkConnection events
2024-06-04 18:42:40,586 [FATAL] Updater:308 - Updater called before beeing initialized
2024-06-04 18:42:40,587 [ERROR] CADModel:125 - Updater not yet initialized, retry later 
2024-06-04 18:42:40,592 [FATAL] Updater:308 - Updater called before beeing initialized
2024-06-04 18:42:40,796 [FATAL] Updater:308 - Updater called before beeing initialized
2024-06-04 18:42:40,811 [INFO] DbMcusAds:53 - JSON generation date=Wed Nov 29 04:52:27 CST 2023 (1701255147200)
2024-06-04 18:42:40,812 [FATAL] Updater:308 - Updater called before beeing initialized
2024-06-04 18:42:40,878 [WARN] DetailPanel:346 - Failed to get advertising image, set to default
2024-06-04 18:42:41,030 [FATAL] Updater:308 - Updater called before beeing initialized
2024-06-04 18:42:41,033 [FATAL] Updater:308 - Updater called before beeing initialized
2024-06-04 18:42:41,033 [FATAL] Updater:308 - Updater called before beeing initialized
2024-06-04 18:42:41,033 [WARN] DetailPanel:346 - Failed to get advertising image, set to default
2024-06-04 18:42:41,035 [FATAL] Updater:308 - Updater called before beeing initialized
2024-06-04 18:42:41,149 [ERROR] Updater:1120 - MainUpdater not yet initialized. External WinMGr cannot be set.
2024-06-04 18:42:41,165 [INFO] Updater:1056 - Updater Version found : 6.10.0
2024-06-04 18:42:41,191 [INFO] ApplicationProperties:184 - Using Application install path: C:\ST\STM32CubeIDE_1.14.0\STM32CubeIDE\plugins\com.st.stm32cube.common.mx_6.10.0.202311202037
2024-06-04 18:42:41,819 [INFO] MainUpdater:2873 - connection check result : 10
2024-06-04 18:42:41,819 [INFO] MainUpdater:3567 - Updater definition file requires update
2024-06-04 18:42:41,821 [INFO] MainUpdater:290 - Updater Check For Update Now.
2024-06-04 18:42:41,821 [INFO] MicroXplorer:498 - Change Database Version : DB.6.0.100
2024-06-04 18:42:41,847 [INFO] McuFinderGlobals:63 - Set McuFinder mode to 2 (CubeIDE integrated)
2024-06-04 18:42:41,847 [INFO] UserAuth:180 - activating auth plugin
2024-06-04 18:42:41,850 [INFO] UserAuth:404 - Internet connection configuration mode: 1
2024-06-04 18:42:41,881 [INFO] JxBrowserEngine:152 - Initiate JxBrowser Engine with user profile folder
2024-06-04 18:42:42,075 [INFO] ServerAccessManage:473 - Download File updaters.zip
2024-06-04 18:42:42,288 [INFO] FileExtend:240 - Unzip File : updaters.zip
2024-06-04 18:42:42,288 [INFO] FileExtend:255 - Standard Zip Deflate
2024-06-04 18:42:42,632 [WARN] MainUpdater:1194 - Updater busy. Cannot search thirdparties
2024-06-04 18:42:42,633 [INFO] ThirdPartyUpdaterWithRetryManager:96 - Updater plugin is busy. [1/15]
2024-06-04 18:42:45,634 [WARN] MainUpdater:1194 - Updater busy. Cannot search thirdparties
2024-06-04 18:42:45,634 [INFO] ThirdPartyUpdaterWithRetryManager:96 - Updater plugin is busy. [2/15]
2024-06-04 18:42:46,249 [INFO] WebApp:161 - Instantiating new browser for Auth
2024-06-04 18:42:46,550 [INFO] ServerAccessManage:473 - Download File PacksControlFlags.xml
2024-06-04 18:42:46,734 [INFO] ServerAccessManage:473 - Download File cubemx.pidx
2024-06-04 18:42:47,072 [INFO] WebApp:780 - Register for checkConnection events
2024-06-04 18:42:47,072 [INFO] WebApp:414 - Apply proxy settings
2024-06-04 18:42:47,072 [INFO] WebApp:499 - Chromium requires no authentication
2024-06-04 18:42:47,083 [INFO] WebApp:442 - Direct internet connection detected
2024-06-04 18:42:47,329 [INFO] WebApp:192 - Starting web application
2024-06-04 18:42:47,329 [INFO] WebApp:544 - Web application path used C:\ST\STM32CubeIDE_1.14.0\STM32CubeIDE\plugins\com.st.stm32cube.common.mx_6.10.0.202311202037\db\plugins\mcufinder\reactClient1\index.html
2024-06-04 18:42:47,495 [INFO] ServerAccessManage:473 - Download File STMicroelectronics.X-CUBE-ALS.pdsc
2024-06-04 18:42:48,636 [WARN] MainUpdater:1194 - Updater busy. Cannot search thirdparties
2024-06-04 18:42:48,636 [INFO] ThirdPartyUpdaterWithRetryManager:96 - Updater plugin is busy. [3/15]
2024-06-04 18:42:48,782 [INFO] ServerAccessManage:473 - Download File STMicroelectronics.X-CUBE-ALGOBUILD.pdsc
2024-06-04 18:42:51,260 [INFO] ServerAccessManage:473 - Download File wolfSSL.I-CUBE-wolfMQTT.pdsc
2024-06-04 18:42:51,637 [WARN] MainUpdater:1194 - Updater busy. Cannot search thirdparties
2024-06-04 18:42:51,637 [INFO] ThirdPartyUpdaterWithRetryManager:96 - Updater plugin is busy. [4/15]
2024-06-04 18:42:52,525 [ERROR] ServerAccessManage:1089 - Problem, file not found on Server
2024-06-04 18:42:52,779 [WARN] PackLoader:240 - Cannot read IP mode file for STMicroelectronics.X-CUBE-ALS.1.0.2
2024-06-04 18:42:52,791 [WARN] PackLoader:240 - Cannot read IP mode file for STMicroelectronics.X-CUBE-ALGOBUILD.1.4.0
2024-06-04 18:42:52,796 [WARN] PackLoader:240 - Cannot read IP mode file for wolfSSL.I-CUBE-wolfMQTT.1.19.0
2024-06-04 18:42:52,797 [INFO] PopulateThirdPartyThread:66 - Ending populate Thread
2024-06-04 18:42:52,799 [INFO] ThirdParty:1030 - CMSIS Pack Vendor :wolfSSL I-CUBE-wolfMQTT 1.19.0
2024-06-04 18:42:52,799 [INFO] ThirdParty:1030 - CMSIS Pack Vendor :STMicroelectronics X-CUBE-ALS 1.0.2
2024-06-04 18:42:52,799 [INFO] ThirdParty:1030 - CMSIS Pack Vendor :STMicroelectronics X-CUBE-ALGOBUILD 1.4.0
2024-06-04 18:42:52,799 [INFO] LoadServerUpdatesThread:375 - End of LoadServerUpdate Thread
2024-06-04 18:42:52,914 [INFO] CheckServerUpdateThread:120 - End of CheckServer Thread
2024-06-04 18:42:54,988 [WARN] PackLoader:240 - Cannot read IP mode file for STMicroelectronics.FP-SNS-MOTENVWB1.1.4.0
2024-06-04 18:42:55,009 [WARN] PackLoader:240 - Cannot read IP mode file for STMicroelectronics.X-CUBE-SMBUS.2.1.0
2024-06-04 18:42:55,026 [WARN] PackLoader:240 - Cannot read IP mode file for STMicroelectronics.X-CUBE-TOUCHGFX.4.23.0
2024-06-04 18:42:55,043 [WARN] PackLoader:240 - Cannot read IP mode file for STMicroelectronics.X-CUBE-TOUCHGFX.4.23.2
2024-06-04 18:42:55,095 [WARN] PackLoader:240 - Cannot read IP mode file for STMicroelectronics.X-CUBE-AZRTOS-F7.1.1.0
2024-06-04 18:42:55,116 [WARN] PackLoader:240 - Cannot read IP mode file for STMicroelectronics.FP-SNS-MOTENV1.4.3.2
2024-06-04 18:42:55,127 [WARN] PackLoader:240 - Cannot read IP mode file for STMicroelectronics.FP-SNS-FLIGHT1.5.0.2
2024-06-04 18:42:55,150 [WARN] PackLoader:240 - Cannot read IP mode file for STMicroelectronics.X-CUBE-DISPLAY.3.0.0
2024-06-04 18:42:55,181 [WARN] PackLoader:240 - Cannot read IP mode file for STMicroelectronics.X-CUBE-BLE1.7.0.0
2024-06-04 18:42:55,205 [WARN] PackLoader:240 - Cannot read IP mode file for emotas.I-CUBE-CANOPEN.1.3.0
2024-06-04 18:42:55,230 [WARN] PackLoader:240 - Cannot read IP mode file for STMicroelectronics.X-CUBE-BLEMGR.3.1.0
2024-06-04 18:42:55,248 [WARN] PackLoader:240 - Cannot read IP mode file for STMicroelectronics.FP-SNS-SMARTAG2.1.2.0
2024-06-04 18:42:55,280 [INFO] LogOutputStream:77 - [STDOUT_REDIRECT] 1 : Invalid condition id : UX_CORESTACK_Condition cause : null
2024-06-04 18:42:55,280 [INFO] LogOutputStream:77 - [STDOUT_REDIRECT] 1 : Invalid condition id : UX_CORESTACK_Condition cause : null
2024-06-04 18:42:55,282 [INFO] LogOutputStream:77 - [STDOUT_REDIRECT] 1 : Invalid condition id : UX_CORESTACK_Condition cause : null
2024-06-04 18:42:55,283 [INFO] LogOutputStream:77 - [STDOUT_REDIRECT] 1 : Invalid condition id : UX_CORESTACK_Condition cause : null
2024-06-04 18:42:55,285 [INFO] LogOutputStream:77 - [STDOUT_REDIRECT] 1 : Invalid condition id : UX_CORESTACK_Condition cause : null
2024-06-04 18:42:55,290 [WARN] PackLoader:240 - Cannot read IP mode file for STMicroelectronics.X-CUBE-AZRTOS-WL.2.0.0
2024-06-04 18:42:55,307 [WARN] PackLoader:240 - Cannot read IP mode file for STMicroelectronics.FP-SNS-MOTENV1.5.0.0
2024-06-04 18:42:55,316 [WARN] PackLoader:240 - Cannot read IP mode file for wolfSSL.I-CUBE-wolfMQTT.1.19.0
2024-06-04 18:42:55,333 [WARN] PackLoader:240 - Cannot read IP mode file for WES.I-CUBE-Cesium.1.3.0
2024-06-04 18:42:55,350 [WARN] PackLoader:240 - Cannot read IP mode file for STMicroelectronics.X-CUBE-BLE2.3.3.0
2024-06-04 18:42:55,369 [WARN] PackLoader:240 - Cannot read IP mode file for STMicroelectronics.X-CUBE-TCPP.4.1.0
2024-06-04 18:42:55,388 [WARN] PackLoader:240 - Cannot read IP mode file for STMicroelectronics.X-CUBE-ALGOBUILD.1.3.0
2024-06-04 18:42:55,423 [WARN] PackLoader:240 - Cannot read IP mode file for STMicroelectronics.X-CUBE-AZRTOS-G0.1.1.0
2024-06-04 18:42:55,445 [WARN] PackLoader:240 - Cannot read IP mode file for STMicroelectronics.X-CUBE-SAFEA1.1.2.2
2024-06-04 18:42:55,462 [WARN] PackLoader:240 - Cannot read IP mode file for STMicroelectronics.X-CUBE-NFC4.3.0.0
2024-06-04 18:42:55,486 [WARN] PackLoader:240 - Cannot read IP mode file for STMicroelectronics.X-CUBE-BLEMGR.3.0.0
2024-06-04 18:42:55,496 [WARN] PackLoader:240 - Cannot read IP mode file for STMicroelectronics.FP-ATR-SIGFOX1.3.2.0
2024-06-04 18:42:55,514 [WARN] PackLoader:240 - Cannot read IP mode file for STMicroelectronics.X-CUBE-EEPRMA1.5.1.0
2024-06-04 18:42:55,567 [WARN] PackLoader:240 - Cannot read IP mode file for SEGGER.I-CUBE-embOS.1.3.1
2024-06-04 18:42:55,618 [WARN] PackLoader:240 - Cannot read IP mode file for STMicroelectronics.X-CUBE-ALGOBUILD.1.4.0
2024-06-04 18:42:55,644 [WARN] PackLoader:240 - Cannot read IP mode file for STMicroelectronics.X-CUBE-GNSS1.6.0.0
2024-06-04 18:42:55,684 [WARN] PackLoader:240 - Cannot read IP mode file for STMicroelectronics.X-CUBE-AZRTOS-F4.1.1.0
2024-06-04 18:42:55,703 [WARN] PackLoader:240 - Cannot read IP mode file for STMicroelectronics.X-CUBE-FREERTOS.1.2.0
2024-06-04 18:42:55,718 [WARN] PackLoader:240 - Cannot read IP mode file for wolfSSL.I-CUBE-wolfSSL.5.6.6
2024-06-04 18:42:55,753 [WARN] PackLoader:240 - Cannot read IP mode file for STMicroelectronics.X-CUBE-AZRTOS-L5.2.0.0
2024-06-04 18:42:55,768 [WARN] PackLoader:240 - Cannot read IP mode file for STMicroelectronics.X-CUBE-EEPRMA1.4.2.0
2024-06-04 18:42:55,788 [WARN] PackLoader:240 - Cannot read IP mode file for STMicroelectronics.X-CUBE-NFC6.3.1.0
2024-06-04 18:42:55,806 [WARN] PackLoader:240 - Cannot read IP mode file for ITTIA_DB.I-CUBE-ITTIADB.8.8.0
2024-06-04 18:42:55,821 [WARN] PackLoader:240 - Cannot read IP mode file for STMicroelectronics.X-CUBE-AI.9.0.0
2024-06-04 18:42:55,837 [WARN] PackLoader:240 - Cannot read IP mode file for STMicroelectronics.X-CUBE-NFC7.1.0.1
2024-06-04 18:42:55,856 [WARN] PackLoader:240 - Cannot read IP mode file for STMicroelectronics.X-CUBE-NFC6.3.0.0
2024-06-04 18:42:55,873 [WARN] PackLoader:240 - Cannot read IP mode file for STMicroelectronics.X-CUBE-AI.8.1.0
2024-06-04 18:42:55,908 [WARN] ConditionMgr:438 - getConditionDescription Invalid condition id : LAN8742 Phy interface Condition cause : null
2024-06-04 18:42:55,909 [WARN] PackLoader:240 - Cannot read IP mode file for STMicroelectronics.X-CUBE-AZRTOS-L4.2.0.0
2024-06-04 18:42:55,910 [WARN] ConditionMgr:1039 - genDependencies : Invalid condition id : LAN8742 Phy interface Condition cause : null
2024-06-04 18:42:55,910 [WARN] ConditionMgr:1039 - genDependencies : Invalid condition id : LAN8742 Phy interface Condition cause : null
2024-06-04 18:42:55,911 [WARN] ConditionMgr:1039 - genDependencies : Invalid condition id : LAN8742 Phy interface Condition cause : null
2024-06-04 18:42:55,927 [WARN] PackLoader:240 - Cannot read IP mode file for STMicroelectronics.X-CUBE-SFXS2LP1.4.0.0
2024-06-04 18:42:55,955 [WARN] ConditionMgr:438 - getConditionDescription Invalid condition id : UX DEVICE CLASS RTOS Condition cause : null
2024-06-04 18:42:55,955 [WARN] ConditionMgr:438 - getConditionDescription Invalid condition id : UX DEVICE CLASS RTOS Condition cause : null
2024-06-04 18:42:55,958 [WARN] PackLoader:240 - Cannot read IP mode file for STMicroelectronics.X-CUBE-AZRTOS-WB.2.0.0
2024-06-04 18:42:55,959 [WARN] ConditionMgr:1039 - genDependencies : Invalid condition id : UX DEVICE CLASS RTOS Condition cause : null
2024-06-04 18:42:55,959 [WARN] ConditionMgr:1039 - genDependencies : Invalid condition id : UX DEVICE CLASS RTOS Condition cause : null
2024-06-04 18:42:55,960 [WARN] ConditionMgr:1039 - genDependencies : Invalid condition id : UX DEVICE CLASS RTOS Condition cause : null
2024-06-04 18:42:55,960 [WARN] ConditionMgr:1039 - genDependencies : Invalid condition id : UX DEVICE CLASS RTOS Condition cause : null
2024-06-04 18:42:55,961 [WARN] ConditionMgr:1039 - genDependencies : Invalid condition id : UX DEVICE CLASS RTOS Condition cause : null
2024-06-04 18:42:55,983 [WARN] PackLoader:240 - Cannot read IP mode file for STMicroelectronics.X-CUBE-SUBG2.5.0.0
2024-06-04 18:42:56,021 [WARN] PackLoader:240 - Cannot read IP mode file for STMicroelectronics.X-CUBE-AZRTOS-G4.2.0.0
2024-06-04 18:42:56,050 [WARN] PackLoader:240 - Cannot read IP mode file for Infineon.AIROC-Wi-Fi-Bluetooth-STM32.1.5.1
2024-06-04 18:42:56,067 [WARN] PackLoader:240 - Cannot read IP mode file for STMicroelectronics.FP-SNS-MOTENVWB1.1.3.1
2024-06-04 18:42:56,082 [WARN] PackLoader:240 - Cannot read IP mode file for STMicroelectronics.X-CUBE-ISPU.2.0.0
2024-06-04 18:42:56,086 [WARN] PackLoader:240 - Cannot read IP mode file for STMicroelectronics.X-CUBE-ALS.1.0.2
2024-06-04 18:42:56,148 [WARN] PackLoader:240 - Cannot read IP mode file for STMicroelectronics.X-CUBE-MEMS1.10.0.0
2024-06-04 18:42:56,278 [WARN] PackLoader:240 - Cannot read IP mode file for STMicroelectronics.X-CUBE-FREERTOS.1.1.0
2024-06-04 18:42:56,296 [WARN] PackLoader:240 - Cannot read IP mode file for portGmbH.I-Cube-SoM-uGOAL.1.1.0
2024-06-04 18:42:56,309 [WARN] PackLoader:240 - Cannot read IP mode file for STMicroelectronics.X-CUBE-ALS.1.0.1
2024-06-04 18:42:56,344 [WARN] PackLoader:240 - Cannot read IP mode file for STMicroelectronics.X-CUBE-AZRTOS-H7RS.1.0.0
2024-06-04 18:42:56,353 [WARN] PackLoader:240 - Cannot read IP mode file for STMicroelectronics.FP-ATR-ASTRA1.2.0.0
2024-06-04 18:42:56,379 [WARN] PackLoader:240 - Cannot read IP mode file for STMicroelectronics.X-CUBE-TOF1.3.4.0
2024-06-04 18:42:56,413 [WARN] PackLoader:240 - Cannot read IP mode file for STMicroelectronics.X-CUBE-TOF1.3.4.1
2024-06-04 18:42:56,466 [WARN] PackLoader:240 - Cannot read IP mode file for STMicroelectronics.X-CUBE-AZRTOS-H7.3.2.0
2024-06-04 18:42:56,469 [INFO] ThirdParty:978 - Integrity check success = true
2024-06-04 18:42:56,470 [INFO] IntegrityCheckThread:100 - exiting critical section [integrity check]
2024-06-04 18:42:56,470 [INFO] IntegrityCheckThread:103 - End integrity checks thread
2024-06-04 18:43:08,609 [ERROR] LogOutputStream:75 - [STDERR_REDIRECT] SLF4J: Failed to load class "org.slf4j.impl.StaticLoggerBinder".
2024-06-04 18:43:08,610 [ERROR] LogOutputStream:75 - [STDERR_REDIRECT] SLF4J: Defaulting to no-operation (NOP) logger implementation
2024-06-04 18:43:08,612 [ERROR] LogOutputStream:75 - [STDERR_REDIRECT] SLF4J: See http://www.slf4j.org/codes.html#StaticLoggerBinder for further details.
