2024-07-13 13:38:49,167 [INFO] Activator:176 - 


2024-07-13 13:38:49,178 [INFO] Activator:177 - !SESSION log4j initialized
2024-07-13 13:38:56,624 [INFO] LogOutputStream:77 - [STDOUT_REDIRECT] 
2024-07-13 13:38:57,965 [INFO] ApplicationProperties:184 - Using Application install path: C:\ST\STM32CubeIDE_1.14.0\STM32CubeIDE\plugins\com.st.stm32cube.common.mx_6.10.0.202311202037
2024-07-13 13:38:57,983 [INFO] DbMcusXml:78 - Set database path to: C:\ST\STM32CubeIDE_1.14.0\STM32CubeIDE\plugins\com.st.stm32cube.common.mx_6.10.0.202311202037\\db\/mcu/
2024-07-13 13:38:57,983 [INFO] ApiDb:274 - Set plugin database path to: C:\ST\STM32CubeIDE_1.14.0\STM32CubeIDE\plugins\com.st.stm32cube.common.mx_6.10.0.202311202037\\db\/plugins/boardmanager/
2024-07-13 13:38:57,984 [WARN] ApiDb:259 - Overriding images path with different value:  => C:\ST\STM32CubeIDE_1.14.0\STM32CubeIDE\plugins\com.st.stm32cube.common.mx_6.10.0.202311202037\\db\/plugins/mcufinder/images/
2024-07-13 13:38:57,993 [INFO] ApiDb:250 - Set database path to: C:\Users\RShah23\.stmcufinder\plugins\mcufinder//mcu/
2024-07-13 13:38:57,994 [INFO] DbMcusAds:125 - Set database path to: C:\Users\RShah23\.stmcufinder\plugins\mcufinder//mcu/
2024-07-13 13:38:57,996 [INFO] CrossReferenceDbSqlite:203 - Set database path to: C:\Users\RShah23\.stmcufinder\plugins\mcufinder//mcu/cs/
2024-07-13 13:38:58,124 [INFO] RulesReader:64 - Compatibility file has been processed (297 Rules)
2024-07-13 13:38:58,221 [INFO] DbMcusXml:78 - Set database path to: C:\ST\STM32CubeIDE_1.14.0\STM32CubeIDE\plugins\com.st.stm32cube.common.mx_6.10.0.202311202037\\db\/mcu/
2024-07-13 13:38:58,221 [INFO] ApiDb:274 - Set plugin database path to: C:\ST\STM32CubeIDE_1.14.0\STM32CubeIDE\plugins\com.st.stm32cube.common.mx_6.10.0.202311202037\\db\/plugins/boardmanager/
2024-07-13 13:38:58,222 [INFO] ApiDb:261 - Set plugin images path to: C:\ST\STM32CubeIDE_1.14.0\STM32CubeIDE\plugins\com.st.stm32cube.common.mx_6.10.0.202311202037\\db\/plugins/mcufinder/images/
2024-07-13 13:38:58,222 [WARN] DbFile:41 - Overriding database path with different value: C:\Users\RShah23\.stmcufinder\plugins\mcufinder/ => C:\Users\RShah23\.stmcufinder\plugins\mcufinder
2024-07-13 13:38:58,222 [INFO] ApiDb:250 - Set database path to: C:\Users\RShah23\.stmcufinder\plugins\mcufinder//mcu/
2024-07-13 13:38:58,222 [WARN] DbFile:41 - Overriding database path with different value: C:\Users\RShah23\.stmcufinder\plugins\mcufinder/ => C:\Users\RShah23\.stmcufinder\plugins\mcufinder
2024-07-13 13:38:58,222 [INFO] DbMcusAds:125 - Set database path to: C:\Users\RShah23\.stmcufinder\plugins\mcufinder//mcu/
2024-07-13 13:38:58,222 [WARN] DbFile:41 - Overriding database path with different value: C:\Users\RShah23\.stmcufinder\plugins\mcufinder/ => C:\Users\RShah23\.stmcufinder\plugins\mcufinder
2024-07-13 13:38:58,222 [WARN] DbFile:41 - Overriding database path with different value: C:\Users\RShah23\.stmcufinder\plugins\mcufinder/ => C:\Users\RShah23\.stmcufinder\plugins\mcufinder
2024-07-13 13:38:58,222 [INFO] CrossReferenceDbSqlite:203 - Set database path to: C:\Users\RShah23\.stmcufinder\plugins\mcufinder//mcu/cs/
2024-07-13 13:38:58,311 [INFO] MainPanel:264 - HeapMemory: 268435456
2024-07-13 13:38:58,411 [INFO] DbMcusXml:78 - Set database path to: C:\ST\STM32CubeIDE_1.14.0\STM32CubeIDE\plugins\com.st.stm32cube.common.mx_6.10.0.202311202037\\db\/mcu/
2024-07-13 13:38:58,412 [INFO] ApiDb:274 - Set plugin database path to: C:\ST\STM32CubeIDE_1.14.0\STM32CubeIDE\plugins\com.st.stm32cube.common.mx_6.10.0.202311202037\\db\/plugins/boardmanager/
2024-07-13 13:38:58,412 [INFO] ApiDb:261 - Set plugin images path to: C:\ST\STM32CubeIDE_1.14.0\STM32CubeIDE\plugins\com.st.stm32cube.common.mx_6.10.0.202311202037\\db\/plugins/mcufinder/images/
2024-07-13 13:38:58,413 [WARN] DbFile:41 - Overriding database path with different value: C:\Users\RShah23\.stmcufinder\plugins\mcufinder/ => C:\Users\RShah23\.stmcufinder\plugins\mcufinder
2024-07-13 13:38:58,413 [INFO] ApiDb:250 - Set database path to: C:\Users\RShah23\.stmcufinder\plugins\mcufinder//mcu/
2024-07-13 13:38:58,413 [WARN] DbFile:41 - Overriding database path with different value: C:\Users\RShah23\.stmcufinder\plugins\mcufinder/ => C:\Users\RShah23\.stmcufinder\plugins\mcufinder
2024-07-13 13:38:58,413 [INFO] DbMcusAds:125 - Set database path to: C:\Users\RShah23\.stmcufinder\plugins\mcufinder//mcu/
2024-07-13 13:38:58,413 [WARN] DbFile:41 - Overriding database path with different value: C:\Users\RShah23\.stmcufinder\plugins\mcufinder/ => C:\Users\RShah23\.stmcufinder\plugins\mcufinder
2024-07-13 13:38:58,413 [WARN] DbFile:41 - Overriding database path with different value: C:\Users\RShah23\.stmcufinder\plugins\mcufinder/ => C:\Users\RShah23\.stmcufinder\plugins\mcufinder
2024-07-13 13:38:58,413 [INFO] CrossReferenceDbSqlite:203 - Set database path to: C:\Users\RShah23\.stmcufinder\plugins\mcufinder//mcu/cs/
2024-07-13 13:38:58,438 [INFO] ApplicationProperties:184 - Using Application install path: C:\ST\STM32CubeIDE_1.14.0\STM32CubeIDE\plugins\com.st.stm32cube.common.mx_6.10.0.202311202037
2024-07-13 13:38:58,440 [INFO] PluginManage:196 - Search for loadable plugins [exclusion list=, ]
2024-07-13 13:38:58,442 [INFO] PluginManage:310 - Check plugin analytics
2024-07-13 13:38:58,634 [INFO] AnalyticsPlugin:253 - Accepted Software Licenses: 
2024-07-13 13:38:58,635 [INFO] AnalyticsPlugin:255 - Accepted CMSIS Pack Licenses: 
2024-07-13 13:38:58,635 [INFO] AnalyticsPlugin:257 - Accepted Firmware Licenses: 
2024-07-13 13:38:58,637 [INFO] PluginManage:359 - Loaded plugin analytics (category:tool,tabindex:-1)
2024-07-13 13:38:58,637 [INFO] PluginManage:310 - Check plugin cadmodel
2024-07-13 13:38:58,652 [INFO] CADModel:105 - Init CAD model plugin
2024-07-13 13:38:58,652 [INFO] PluginManage:359 - Loaded plugin cadmodel (category:power,tabindex:5)
2024-07-13 13:38:58,652 [INFO] PluginManage:310 - Check plugin clock
2024-07-13 13:38:58,671 [INFO] PluginManage:359 - Loaded plugin clock (category:base,tabindex:2)
2024-07-13 13:38:58,671 [INFO] PluginManage:310 - Check plugin ddr
2024-07-13 13:38:58,673 [INFO] PluginManage:359 - Loaded plugin ddr (category:tool,tabindex:6)
2024-07-13 13:38:58,673 [INFO] PluginManage:310 - Check plugin filemanager
2024-07-13 13:38:58,811 [INFO] PluginManage:359 - Loaded plugin filemanager (category:base,tabindex:10)
2024-07-13 13:38:58,811 [INFO] PluginManage:310 - Check plugin ipmanager
2024-07-13 13:38:58,819 [INFO] PluginManage:359 - Loaded plugin ipmanager (category:base,tabindex:5)
2024-07-13 13:38:58,819 [INFO] PluginManage:310 - Check plugin lpbam
2024-07-13 13:38:58,837 [INFO] PluginManage:359 - Loaded plugin lpbam (category:base,tabindex:0)
2024-07-13 13:38:58,837 [INFO] PluginManage:310 - Check plugin memorymap
2024-07-13 13:38:58,858 [INFO] PluginManage:359 - Loaded plugin memorymap (category:base,tabindex:4)
2024-07-13 13:38:58,859 [INFO] PluginManage:310 - Check plugin pinoutandconfiguration
2024-07-13 13:38:58,873 [INFO] PluginManage:359 - Loaded plugin pinoutandconfiguration (category:base,tabindex:1)
2024-07-13 13:38:58,873 [INFO] PluginManage:310 - Check plugin pinoutconfig
2024-07-13 13:38:58,965 [WARN] SupportedApi:132 - Cannot load RTOS API schema: s4s-elt-must-match.1: The content of 'definitions' must match (annotation?, (simpleType | complexType)?, (unique | key | keyref)*)). A problem was found starting at: attribute.
2024-07-13 13:38:59,099 [INFO] PluginManage:359 - Loaded plugin pinoutconfig (category:base,tabindex:0)
2024-07-13 13:38:59,099 [INFO] PluginManage:310 - Check plugin power
2024-07-13 13:38:59,120 [INFO] PluginManage:359 - Loaded plugin power (category:power,tabindex:4)
2024-07-13 13:38:59,120 [INFO] PluginManage:310 - Check plugin projectmanager
2024-07-13 13:38:59,137 [INFO] PluginManage:359 - Loaded plugin projectmanager (category:projectmanager,tabindex:3)
2024-07-13 13:38:59,137 [INFO] PluginManage:310 - Check plugin thirdparty
2024-07-13 13:38:59,406 [INFO] PluginManage:359 - Loaded plugin thirdparty (category:base,tabindex:-1)
2024-07-13 13:38:59,406 [WARN] IntegrityCheckThread:84 - waiting for thirdparty lock release [integrity check]
2024-07-13 13:38:59,407 [INFO] PluginManage:310 - Check plugin tools
2024-07-13 13:38:59,407 [INFO] IntegrityCheckThread:86 - entering critical section [integrity check]
2024-07-13 13:38:59,407 [INFO] ThirdPartyUpdaterWithRetryManager:70 - Updater plugin not ready yet. [1/15]
2024-07-13 13:38:59,444 [INFO] PluginManage:359 - Loaded plugin tools (category:base,tabindex:7)
2024-07-13 13:38:59,444 [INFO] PluginManage:310 - Check plugin tutovideos
2024-07-13 13:38:59,645 [INFO] PluginManage:359 - Loaded plugin tutovideos (category:base,tabindex:-1)
2024-07-13 13:38:59,645 [INFO] PluginManage:310 - Check plugin updater
2024-07-13 13:38:59,657 [INFO] PluginManage:359 - Loaded plugin updater (category:base,tabindex:12)
2024-07-13 13:38:59,657 [INFO] PluginManage:310 - Check plugin userauth
2024-07-13 13:38:59,662 [INFO] UserAuth:114 - Init User Auth plugin
2024-07-13 13:38:59,662 [INFO] PluginManage:359 - Loaded plugin userauth (category:base,tabindex:14)
2024-07-13 13:38:59,663 [INFO] PluginManage:283 - PluginManage : Loaded plugins [17]
2024-07-13 13:38:59,890 [INFO] PinOutPanel:1499 - setPackage(No Configuration,No Configuration)
2024-07-13 13:38:59,977 [INFO] CADModel:165 - CPN selected for project level
2024-07-13 13:38:59,977 [INFO] CADModel:114 - Register for checkConnection events
2024-07-13 13:39:00,003 [INFO] IPUIPlugin:80 - create IPUIPlugin
2024-07-13 13:39:00,004 [INFO] PluginManager:220 - loadIPPluginJar : add adc
2024-07-13 13:39:00,035 [INFO] IPUIPlugin:80 - create IPUIPlugin
2024-07-13 13:39:00,036 [INFO] PluginManager:220 - loadIPPluginJar : add aes
2024-07-13 13:39:00,074 [INFO] IPUIPlugin:80 - create IPUIPlugin
2024-07-13 13:39:00,074 [INFO] PluginManager:220 - loadIPPluginJar : add can
2024-07-13 13:39:00,094 [INFO] IPUIPlugin:80 - create IPUIPlugin
2024-07-13 13:39:00,094 [INFO] PluginManager:220 - loadIPPluginJar : add comp
2024-07-13 13:39:00,123 [INFO] IPUIPlugin:80 - create IPUIPlugin
2024-07-13 13:39:00,123 [INFO] PluginManager:220 - loadIPPluginJar : add cryp
2024-07-13 13:39:00,149 [INFO] IPUIPlugin:80 - create IPUIPlugin
2024-07-13 13:39:00,149 [INFO] PluginManager:220 - loadIPPluginJar : add dfsdm
2024-07-13 13:39:00,161 [INFO] IPUIPlugin:80 - create IPUIPlugin
2024-07-13 13:39:00,162 [INFO] PluginManager:220 - loadIPPluginJar : add dma
2024-07-13 13:39:00,198 [INFO] IPUIPlugin:80 - create IPUIPlugin
2024-07-13 13:39:00,199 [INFO] PluginManager:220 - loadIPPluginJar : add dma3
2024-07-13 13:39:00,216 [INFO] IPUIPlugin:80 - create IPUIPlugin
2024-07-13 13:39:00,216 [INFO] PluginManager:220 - loadIPPluginJar : add fatfs
2024-07-13 13:39:00,257 [INFO] IPUIPlugin:80 - create IPUIPlugin
2024-07-13 13:39:00,257 [INFO] PluginManager:220 - loadIPPluginJar : add fmc
2024-07-13 13:39:00,270 [INFO] IPUIPlugin:80 - create IPUIPlugin
2024-07-13 13:39:00,271 [INFO] PluginManager:220 - loadIPPluginJar : add freertos
2024-07-13 13:39:00,289 [INFO] IPUIPlugin:80 - create IPUIPlugin
2024-07-13 13:39:00,289 [INFO] PluginManager:220 - loadIPPluginJar : add genericplugin
2024-07-13 13:39:00,388 [INFO] IPUIPlugin:80 - create IPUIPlugin
2024-07-13 13:39:00,388 [INFO] PluginManager:220 - loadIPPluginJar : add gfxmmu
2024-07-13 13:39:00,529 [INFO] IPUIPlugin:80 - create IPUIPlugin
2024-07-13 13:39:00,529 [INFO] PluginManager:220 - loadIPPluginJar : add gic
2024-07-13 13:39:00,540 [INFO] IPUIPlugin:80 - create IPUIPlugin
2024-07-13 13:39:00,541 [INFO] PluginManager:220 - loadIPPluginJar : add gpio
2024-07-13 13:39:00,636 [INFO] IPUIPlugin:80 - create IPUIPlugin
2024-07-13 13:39:00,637 [INFO] PluginManager:220 - loadIPPluginJar : add gtzc
2024-07-13 13:39:00,667 [INFO] IPUIPlugin:80 - create IPUIPlugin
2024-07-13 13:39:00,667 [INFO] PluginManager:220 - loadIPPluginJar : add hash
2024-07-13 13:39:00,721 [INFO] IPUIPlugin:80 - create IPUIPlugin
2024-07-13 13:39:00,721 [INFO] PluginManager:220 - loadIPPluginJar : add i2c
2024-07-13 13:39:00,764 [INFO] IPUIPlugin:80 - create IPUIPlugin
2024-07-13 13:39:00,765 [INFO] PluginManager:220 - loadIPPluginJar : add i2s
2024-07-13 13:39:00,804 [INFO] IPUIPlugin:80 - create IPUIPlugin
2024-07-13 13:39:00,804 [INFO] PluginManager:220 - loadIPPluginJar : add i3c
2024-07-13 13:39:00,901 [INFO] IPUIPlugin:80 - create IPUIPlugin
2024-07-13 13:39:00,901 [INFO] PluginManager:220 - loadIPPluginJar : add ipddr
2024-07-13 13:39:00,992 [INFO] IPUIPlugin:80 - create IPUIPlugin
2024-07-13 13:39:00,992 [INFO] PluginManager:220 - loadIPPluginJar : add linkedlist
2024-07-13 13:39:01,026 [INFO] IPUIPlugin:80 - create IPUIPlugin
2024-07-13 13:39:01,027 [INFO] PluginManager:220 - loadIPPluginJar : add lorawan
2024-07-13 13:39:01,060 [INFO] IPUIPlugin:80 - create IPUIPlugin
2024-07-13 13:39:01,060 [INFO] PluginManager:220 - loadIPPluginJar : add ltdc
2024-07-13 13:39:01,073 [INFO] IPUIPlugin:80 - create IPUIPlugin
2024-07-13 13:39:01,073 [INFO] PluginManager:220 - loadIPPluginJar : add mdma
2024-07-13 13:39:01,084 [INFO] IPUIPlugin:80 - create IPUIPlugin
2024-07-13 13:39:01,084 [INFO] PluginManager:220 - loadIPPluginJar : add nvic
2024-07-13 13:39:01,119 [INFO] IPUIPlugin:80 - create IPUIPlugin
2024-07-13 13:39:01,119 [INFO] PluginManager:220 - loadIPPluginJar : add opamp
2024-07-13 13:39:01,179 [INFO] IPUIPlugin:80 - create IPUIPlugin
2024-07-13 13:39:01,179 [INFO] PluginManager:220 - loadIPPluginJar : add openamp
2024-07-13 13:39:01,223 [INFO] IPUIPlugin:80 - create IPUIPlugin
2024-07-13 13:39:01,224 [INFO] PluginManager:220 - loadIPPluginJar : add pdm2pcm
2024-07-13 13:39:01,237 [INFO] IPUIPlugin:80 - create IPUIPlugin
2024-07-13 13:39:01,240 [INFO] PluginManager:220 - loadIPPluginJar : add plateformsettings
2024-07-13 13:39:01,260 [INFO] IPUIPlugin:80 - create IPUIPlugin
2024-07-13 13:39:01,260 [INFO] PluginManager:220 - loadIPPluginJar : add quadspi
2024-07-13 13:39:01,272 [INFO] IPUIPlugin:80 - create IPUIPlugin
2024-07-13 13:39:01,272 [INFO] PluginManager:220 - loadIPPluginJar : add resmgrutility
2024-07-13 13:39:01,316 [INFO] IPUIPlugin:80 - create IPUIPlugin
2024-07-13 13:39:01,316 [INFO] PluginManager:220 - loadIPPluginJar : add sai
2024-07-13 13:39:01,349 [INFO] IPUIPlugin:80 - create IPUIPlugin
2024-07-13 13:39:01,350 [INFO] PluginManager:220 - loadIPPluginJar : add spi
2024-07-13 13:39:01,414 [INFO] IPUIPlugin:80 - create IPUIPlugin
2024-07-13 13:39:01,414 [INFO] PluginManager:220 - loadIPPluginJar : add stm32_wpan
2024-07-13 13:39:01,435 [INFO] IPUIPlugin:80 - create IPUIPlugin
2024-07-13 13:39:01,435 [INFO] PluginManager:220 - loadIPPluginJar : add tim
2024-07-13 13:39:01,490 [INFO] IPUIPlugin:80 - create IPUIPlugin
2024-07-13 13:39:01,490 [INFO] PluginManager:220 - loadIPPluginJar : add touchsensing
2024-07-13 13:39:01,513 [INFO] IPUIPlugin:80 - create IPUIPlugin
2024-07-13 13:39:01,513 [INFO] PluginManager:220 - loadIPPluginJar : add tracer_emb
2024-07-13 13:39:01,539 [INFO] IPUIPlugin:80 - create IPUIPlugin
2024-07-13 13:39:01,539 [INFO] PluginManager:220 - loadIPPluginJar : add ts
2024-07-13 13:39:01,563 [INFO] IPUIPlugin:80 - create IPUIPlugin
2024-07-13 13:39:01,563 [INFO] PluginManager:220 - loadIPPluginJar : add tsc
2024-07-13 13:39:01,584 [INFO] IPUIPlugin:80 - create IPUIPlugin
2024-07-13 13:39:01,584 [INFO] PluginManager:220 - loadIPPluginJar : add ucpd
2024-07-13 13:39:01,623 [INFO] IPUIPlugin:80 - create IPUIPlugin
2024-07-13 13:39:01,623 [INFO] PluginManager:220 - loadIPPluginJar : add usart
2024-07-13 13:39:01,679 [INFO] IPUIPlugin:80 - create IPUIPlugin
2024-07-13 13:39:01,679 [INFO] PluginManager:220 - loadIPPluginJar : add usbx
2024-07-13 13:39:01,812 [INFO] CADModel:165 - CPN selected for project level
2024-07-13 13:39:01,812 [INFO] CADModel:114 - Register for checkConnection events
2024-07-13 13:39:01,813 [FATAL] Updater:308 - Updater called before beeing initialized
2024-07-13 13:39:01,813 [ERROR] CADModel:125 - Updater not yet initialized, retry later 
2024-07-13 13:39:01,934 [INFO] CADModel:165 - CPN selected for project level
2024-07-13 13:39:01,934 [INFO] CADModel:114 - Register for checkConnection events
2024-07-13 13:39:01,934 [FATAL] Updater:308 - Updater called before beeing initialized
2024-07-13 13:39:01,934 [ERROR] CADModel:125 - Updater not yet initialized, retry later 
2024-07-13 13:39:01,937 [FATAL] Updater:308 - Updater called before beeing initialized
2024-07-13 13:39:02,037 [FATAL] Updater:308 - Updater called before beeing initialized
2024-07-13 13:39:02,046 [INFO] DbMcusAds:53 - JSON generation date=Wed Nov 29 04:52:27 CST 2023 (1701255147200)
2024-07-13 13:39:02,046 [FATAL] Updater:308 - Updater called before beeing initialized
2024-07-13 13:39:02,092 [WARN] DetailPanel:346 - Failed to get advertising image, set to default
2024-07-13 13:39:02,196 [FATAL] Updater:308 - Updater called before beeing initialized
2024-07-13 13:39:02,197 [FATAL] Updater:308 - Updater called before beeing initialized
2024-07-13 13:39:02,197 [FATAL] Updater:308 - Updater called before beeing initialized
2024-07-13 13:39:02,198 [WARN] DetailPanel:346 - Failed to get advertising image, set to default
2024-07-13 13:39:02,198 [FATAL] Updater:308 - Updater called before beeing initialized
2024-07-13 13:39:02,253 [ERROR] Updater:1120 - MainUpdater not yet initialized. External WinMGr cannot be set.
2024-07-13 13:39:02,263 [INFO] Updater:1056 - Updater Version found : 6.10.0
2024-07-13 13:39:02,278 [INFO] ApplicationProperties:184 - Using Application install path: C:\ST\STM32CubeIDE_1.14.0\STM32CubeIDE\plugins\com.st.stm32cube.common.mx_6.10.0.202311202037
2024-07-13 13:39:02,402 [INFO] ThirdPartyUpdaterWithRetryManager:70 - Updater plugin not ready yet. [2/15]
2024-07-13 13:39:02,582 [INFO] MainUpdater:2873 - connection check result : 10
2024-07-13 13:39:02,583 [INFO] MainUpdater:290 - Updater Check For Update Now.
2024-07-13 13:39:02,583 [INFO] MicroXplorer:498 - Change Database Version : DB.6.0.100
2024-07-13 13:39:02,599 [INFO] McuFinderGlobals:63 - Set McuFinder mode to 2 (CubeIDE integrated)
2024-07-13 13:39:02,599 [INFO] UserAuth:180 - activating auth plugin
2024-07-13 13:39:02,602 [INFO] UserAuth:404 - Internet connection configuration mode: 1
2024-07-13 13:39:02,633 [INFO] JxBrowserEngine:152 - Initiate JxBrowser Engine with user profile folder
2024-07-13 13:39:02,807 [INFO] CheckServerUpdateThread:120 - End of CheckServer Thread
2024-07-13 13:39:05,671 [INFO] WebApp:161 - Instantiating new browser for Auth
2024-07-13 13:39:05,856 [WARN] PackLoader:240 - Cannot read IP mode file for STMicroelectronics.FP-SNS-MOTENVWB1.1.4.0
2024-07-13 13:39:05,881 [WARN] PackLoader:240 - Cannot read IP mode file for STMicroelectronics.X-CUBE-SMBUS.2.1.0
2024-07-13 13:39:05,899 [WARN] PackLoader:240 - Cannot read IP mode file for STMicroelectronics.X-CUBE-TOUCHGFX.4.23.0
2024-07-13 13:39:05,913 [WARN] PackLoader:240 - Cannot read IP mode file for STMicroelectronics.X-CUBE-TOUCHGFX.4.23.2
2024-07-13 13:39:05,970 [WARN] PackLoader:240 - Cannot read IP mode file for STMicroelectronics.X-CUBE-AZRTOS-F7.1.1.0
2024-07-13 13:39:05,994 [WARN] PackLoader:240 - Cannot read IP mode file for STMicroelectronics.FP-SNS-MOTENV1.4.3.2
2024-07-13 13:39:06,016 [WARN] PackLoader:240 - Cannot read IP mode file for STMicroelectronics.FP-SNS-FLIGHT1.5.0.2
2024-07-13 13:39:06,074 [WARN] PackLoader:240 - Cannot read IP mode file for STMicroelectronics.X-CUBE-DISPLAY.3.0.0
2024-07-13 13:39:06,102 [WARN] PackLoader:240 - Cannot read IP mode file for STMicroelectronics.X-CUBE-BLE1.7.0.0
2024-07-13 13:39:06,122 [WARN] PackLoader:240 - Cannot read IP mode file for emotas.I-CUBE-CANOPEN.1.3.0
2024-07-13 13:39:06,158 [WARN] PackLoader:240 - Cannot read IP mode file for STMicroelectronics.X-CUBE-BLEMGR.3.1.0
2024-07-13 13:39:06,179 [WARN] PackLoader:240 - Cannot read IP mode file for STMicroelectronics.FP-SNS-SMARTAG2.1.2.0
2024-07-13 13:39:06,206 [INFO] LogOutputStream:77 - [STDOUT_REDIRECT] 1 : Invalid condition id : UX_CORESTACK_Condition cause : null
2024-07-13 13:39:06,207 [INFO] LogOutputStream:77 - [STDOUT_REDIRECT] 1 : Invalid condition id : UX_CORESTACK_Condition cause : null
2024-07-13 13:39:06,208 [INFO] LogOutputStream:77 - [STDOUT_REDIRECT] 1 : Invalid condition id : UX_CORESTACK_Condition cause : null
2024-07-13 13:39:06,210 [INFO] LogOutputStream:77 - [STDOUT_REDIRECT] 1 : Invalid condition id : UX_CORESTACK_Condition cause : null
2024-07-13 13:39:06,212 [INFO] LogOutputStream:77 - [STDOUT_REDIRECT] 1 : Invalid condition id : UX_CORESTACK_Condition cause : null
2024-07-13 13:39:06,218 [WARN] PackLoader:240 - Cannot read IP mode file for STMicroelectronics.X-CUBE-AZRTOS-WL.2.0.0
2024-07-13 13:39:06,237 [WARN] PackLoader:240 - Cannot read IP mode file for STMicroelectronics.FP-SNS-MOTENV1.5.0.0
2024-07-13 13:39:06,255 [WARN] PackLoader:240 - Cannot read IP mode file for wolfSSL.I-CUBE-wolfMQTT.1.19.0
2024-07-13 13:39:06,275 [WARN] PackLoader:240 - Cannot read IP mode file for WES.I-CUBE-Cesium.1.3.0
2024-07-13 13:39:06,292 [WARN] PackLoader:240 - Cannot read IP mode file for STMicroelectronics.X-CUBE-BLE2.3.3.0
2024-07-13 13:39:06,315 [WARN] PackLoader:240 - Cannot read IP mode file for STMicroelectronics.X-CUBE-TCPP.4.1.0
2024-07-13 13:39:06,339 [WARN] PackLoader:240 - Cannot read IP mode file for STMicroelectronics.X-CUBE-ALGOBUILD.1.3.0
2024-07-13 13:39:06,398 [WARN] PackLoader:240 - Cannot read IP mode file for STMicroelectronics.X-CUBE-AZRTOS-G0.1.1.0
2024-07-13 13:39:06,461 [WARN] PackLoader:240 - Cannot read IP mode file for STMicroelectronics.X-CUBE-SAFEA1.1.2.2
2024-07-13 13:39:06,494 [WARN] PackLoader:240 - Cannot read IP mode file for STMicroelectronics.X-CUBE-NFC4.3.0.0
2024-07-13 13:39:06,520 [WARN] PackLoader:240 - Cannot read IP mode file for EmbeddedOffice.I-CUBE-FS-RTOS.1.0.1
2024-07-13 13:39:06,520 [ERROR] ConditionMgr:805 - Attr not supported : Dmpu
2024-07-13 13:39:06,520 [ERROR] ConditionMgr:805 - Attr not supported : Dmpu
2024-07-13 13:39:06,520 [ERROR] ConditionMgr:805 - Attr not supported : Dmpu
2024-07-13 13:39:06,520 [ERROR] ConditionMgr:805 - Attr not supported : Dmpu
2024-07-13 13:39:06,521 [ERROR] ConditionMgr:805 - Attr not supported : Dmpu
2024-07-13 13:39:06,521 [ERROR] ConditionMgr:805 - Attr not supported : Dmpu
2024-07-13 13:39:06,521 [ERROR] ConditionMgr:805 - Attr not supported : Dmpu
2024-07-13 13:39:06,521 [ERROR] ConditionMgr:805 - Attr not supported : Dmpu
2024-07-13 13:39:06,521 [ERROR] ConditionMgr:805 - Attr not supported : Dmpu
2024-07-13 13:39:06,521 [ERROR] ConditionMgr:805 - Attr not supported : Dmpu
2024-07-13 13:39:06,521 [ERROR] ConditionMgr:805 - Attr not supported : Dmpu
2024-07-13 13:39:06,521 [ERROR] ConditionMgr:805 - Attr not supported : Dmpu
2024-07-13 13:39:06,521 [ERROR] ConditionMgr:805 - Attr not supported : Dmpu
2024-07-13 13:39:06,521 [ERROR] ConditionMgr:805 - Attr not supported : Dmpu
2024-07-13 13:39:06,521 [ERROR] ConditionMgr:805 - Attr not supported : Dmpu
2024-07-13 13:39:06,521 [ERROR] ConditionMgr:805 - Attr not supported : Dmpu
2024-07-13 13:39:06,522 [ERROR] ConditionMgr:805 - Attr not supported : Dmpu
2024-07-13 13:39:06,522 [ERROR] ConditionMgr:805 - Attr not supported : Dmpu
2024-07-13 13:39:06,522 [ERROR] ConditionMgr:805 - Attr not supported : Dmpu
2024-07-13 13:39:06,522 [ERROR] ConditionMgr:805 - Attr not supported : Dmpu
2024-07-13 13:39:06,522 [ERROR] ConditionMgr:805 - Attr not supported : Dmpu
2024-07-13 13:39:06,522 [ERROR] ConditionMgr:805 - Attr not supported : Dmpu
2024-07-13 13:39:06,522 [ERROR] ConditionMgr:805 - Attr not supported : Dmpu
2024-07-13 13:39:06,522 [ERROR] ConditionMgr:805 - Attr not supported : Dmpu
2024-07-13 13:39:06,522 [ERROR] ConditionMgr:805 - Attr not supported : Dmpu
2024-07-13 13:39:06,522 [ERROR] ConditionMgr:805 - Attr not supported : Dmpu
2024-07-13 13:39:06,522 [ERROR] ConditionMgr:805 - Attr not supported : Dmpu
2024-07-13 13:39:06,523 [ERROR] ConditionMgr:805 - Attr not supported : Dmpu
2024-07-13 13:39:06,523 [ERROR] ConditionMgr:805 - Attr not supported : Dmpu
2024-07-13 13:39:06,523 [ERROR] ConditionMgr:805 - Attr not supported : Dmpu
2024-07-13 13:39:06,523 [ERROR] ConditionMgr:805 - Attr not supported : Dmpu
2024-07-13 13:39:06,523 [ERROR] ConditionMgr:805 - Attr not supported : Dmpu
2024-07-13 13:39:06,523 [ERROR] ConditionMgr:805 - Attr not supported : Dmpu
2024-07-13 13:39:06,523 [ERROR] ConditionMgr:805 - Attr not supported : Dmpu
2024-07-13 13:39:06,523 [ERROR] ConditionMgr:805 - Attr not supported : Dmpu
2024-07-13 13:39:06,524 [ERROR] ConditionMgr:805 - Attr not supported : Dmpu
2024-07-13 13:39:06,524 [ERROR] ConditionMgr:805 - Attr not supported : Dmpu
2024-07-13 13:39:06,524 [ERROR] ConditionMgr:805 - Attr not supported : Dmpu
2024-07-13 13:39:06,524 [ERROR] ConditionMgr:805 - Attr not supported : Dmpu
2024-07-13 13:39:06,524 [ERROR] ConditionMgr:805 - Attr not supported : Dmpu
2024-07-13 13:39:06,524 [ERROR] ConditionMgr:805 - Attr not supported : Dmpu
2024-07-13 13:39:06,524 [ERROR] ConditionMgr:805 - Attr not supported : Dmpu
2024-07-13 13:39:06,524 [ERROR] ConditionMgr:805 - Attr not supported : Dmpu
2024-07-13 13:39:06,525 [ERROR] ConditionMgr:805 - Attr not supported : Dmpu
2024-07-13 13:39:06,525 [ERROR] ConditionMgr:805 - Attr not supported : Dmpu
2024-07-13 13:39:06,525 [ERROR] ConditionMgr:805 - Attr not supported : Dmpu
2024-07-13 13:39:06,525 [ERROR] ConditionMgr:805 - Attr not supported : Dmpu
2024-07-13 13:39:06,525 [ERROR] ConditionMgr:805 - Attr not supported : Dmpu
2024-07-13 13:39:06,525 [ERROR] ConditionMgr:805 - Attr not supported : Dmpu
2024-07-13 13:39:06,525 [ERROR] ConditionMgr:805 - Attr not supported : Dmpu
2024-07-13 13:39:06,525 [ERROR] ConditionMgr:805 - Attr not supported : Dmpu
2024-07-13 13:39:06,525 [ERROR] ConditionMgr:805 - Attr not supported : Dmpu
2024-07-13 13:39:06,526 [ERROR] ConditionMgr:805 - Attr not supported : Dmpu
2024-07-13 13:39:06,526 [ERROR] ConditionMgr:805 - Attr not supported : Dmpu
2024-07-13 13:39:06,526 [ERROR] ConditionMgr:805 - Attr not supported : Dmpu
2024-07-13 13:39:06,526 [ERROR] ConditionMgr:805 - Attr not supported : Dmpu
2024-07-13 13:39:06,526 [ERROR] ConditionMgr:805 - Attr not supported : Dmpu
2024-07-13 13:39:06,526 [ERROR] ConditionMgr:805 - Attr not supported : Dmpu
2024-07-13 13:39:06,526 [ERROR] ConditionMgr:805 - Attr not supported : Dmpu
2024-07-13 13:39:06,526 [ERROR] ConditionMgr:805 - Attr not supported : Dmpu
2024-07-13 13:39:06,526 [ERROR] ConditionMgr:805 - Attr not supported : Dmpu
2024-07-13 13:39:06,526 [ERROR] ConditionMgr:805 - Attr not supported : Dmpu
2024-07-13 13:39:06,527 [ERROR] ConditionMgr:805 - Attr not supported : Dmpu
2024-07-13 13:39:06,527 [ERROR] ConditionMgr:805 - Attr not supported : Dmpu
2024-07-13 13:39:06,548 [WARN] PackLoader:240 - Cannot read IP mode file for STMicroelectronics.X-CUBE-BLEMGR.3.0.0
2024-07-13 13:39:06,569 [WARN] PackLoader:240 - Cannot read IP mode file for RealThread.X-CUBE-RT-Thread_Nano.4.1.1
2024-07-13 13:39:06,583 [WARN] PackLoader:240 - Cannot read IP mode file for STMicroelectronics.FP-ATR-SIGFOX1.3.2.0
2024-07-13 13:39:06,600 [WARN] PackLoader:240 - Cannot read IP mode file for STMicroelectronics.X-CUBE-EEPRMA1.5.1.0
2024-07-13 13:39:06,653 [WARN] PackLoader:240 - Cannot read IP mode file for SEGGER.I-CUBE-embOS.1.3.1
2024-07-13 13:39:06,671 [INFO] WebApp:780 - Register for checkConnection events
2024-07-13 13:39:06,671 [INFO] WebApp:414 - Apply proxy settings
2024-07-13 13:39:06,671 [INFO] WebApp:499 - Chromium requires no authentication
2024-07-13 13:39:06,679 [INFO] WebApp:442 - Direct internet connection detected
2024-07-13 13:39:06,707 [WARN] PackLoader:240 - Cannot read IP mode file for STMicroelectronics.X-CUBE-ALGOBUILD.1.4.0
2024-07-13 13:39:06,722 [WARN] PackLoader:240 - Cannot read IP mode file for STMicroelectronics.X-CUBE-GNSS1.6.0.0
2024-07-13 13:39:06,756 [WARN] PackLoader:240 - Cannot read IP mode file for STMicroelectronics.X-CUBE-AZRTOS-F4.1.1.0
2024-07-13 13:39:06,772 [WARN] PackLoader:240 - Cannot read IP mode file for STMicroelectronics.X-CUBE-FREERTOS.1.2.0
2024-07-13 13:39:06,786 [WARN] PackLoader:240 - Cannot read IP mode file for wolfSSL.I-CUBE-wolfSSL.5.6.6
2024-07-13 13:39:06,817 [WARN] PackLoader:240 - Cannot read IP mode file for STMicroelectronics.X-CUBE-AZRTOS-L5.2.0.0
2024-07-13 13:39:06,831 [WARN] PackLoader:240 - Cannot read IP mode file for STMicroelectronics.X-CUBE-EEPRMA1.4.2.0
2024-07-13 13:39:06,852 [WARN] PackLoader:240 - Cannot read IP mode file for STMicroelectronics.X-CUBE-NFC6.3.1.0
2024-07-13 13:39:06,877 [WARN] PackLoader:240 - Cannot read IP mode file for ITTIA_DB.I-CUBE-ITTIADB.8.8.0
2024-07-13 13:39:06,893 [WARN] PackLoader:240 - Cannot read IP mode file for STMicroelectronics.X-CUBE-DPower.1.2.0
2024-07-13 13:39:06,910 [WARN] PackLoader:240 - Cannot read IP mode file for STMicroelectronics.X-CUBE-AI.9.0.0
2024-07-13 13:39:06,955 [WARN] PackLoader:240 - Cannot read IP mode file for STMicroelectronics.X-CUBE-NFC7.1.0.1
2024-07-13 13:39:06,978 [INFO] WebApp:192 - Starting web application
2024-07-13 13:39:06,978 [INFO] WebApp:544 - Web application path used C:\ST\STM32CubeIDE_1.14.0\STM32CubeIDE\plugins\com.st.stm32cube.common.mx_6.10.0.202311202037\db\plugins\mcufinder\reactClient1\index.html
2024-07-13 13:39:06,986 [WARN] PackLoader:240 - Cannot read IP mode file for wolfSSL.I-CUBE-wolfTPM.3.2.0
2024-07-13 13:39:07,013 [WARN] PackLoader:240 - Cannot read IP mode file for STMicroelectronics.X-CUBE-NFC6.3.0.0
2024-07-13 13:39:07,048 [WARN] PackLoader:240 - Cannot read IP mode file for STMicroelectronics.X-CUBE-AI.8.1.0
2024-07-13 13:39:07,109 [WARN] ConditionMgr:438 - getConditionDescription Invalid condition id : LAN8742 Phy interface Condition cause : null
2024-07-13 13:39:07,110 [WARN] PackLoader:240 - Cannot read IP mode file for STMicroelectronics.X-CUBE-AZRTOS-L4.2.0.0
2024-07-13 13:39:07,113 [WARN] ConditionMgr:1039 - genDependencies : Invalid condition id : LAN8742 Phy interface Condition cause : null
2024-07-13 13:39:07,114 [WARN] ConditionMgr:1039 - genDependencies : Invalid condition id : LAN8742 Phy interface Condition cause : null
2024-07-13 13:39:07,115 [WARN] ConditionMgr:1039 - genDependencies : Invalid condition id : LAN8742 Phy interface Condition cause : null
2024-07-13 13:39:07,144 [WARN] PackLoader:240 - Cannot read IP mode file for STMicroelectronics.X-CUBE-SFXS2LP1.4.0.0
2024-07-13 13:39:07,174 [WARN] ConditionMgr:438 - getConditionDescription Invalid condition id : UX DEVICE CLASS RTOS Condition cause : null
2024-07-13 13:39:07,174 [WARN] ConditionMgr:438 - getConditionDescription Invalid condition id : UX DEVICE CLASS RTOS Condition cause : null
2024-07-13 13:39:07,177 [WARN] PackLoader:240 - Cannot read IP mode file for STMicroelectronics.X-CUBE-AZRTOS-WB.2.0.0
2024-07-13 13:39:07,178 [WARN] ConditionMgr:1039 - genDependencies : Invalid condition id : UX DEVICE CLASS RTOS Condition cause : null
2024-07-13 13:39:07,178 [WARN] ConditionMgr:1039 - genDependencies : Invalid condition id : UX DEVICE CLASS RTOS Condition cause : null
2024-07-13 13:39:07,178 [WARN] ConditionMgr:1039 - genDependencies : Invalid condition id : UX DEVICE CLASS RTOS Condition cause : null
2024-07-13 13:39:07,179 [WARN] ConditionMgr:1039 - genDependencies : Invalid condition id : UX DEVICE CLASS RTOS Condition cause : null
2024-07-13 13:39:07,179 [WARN] ConditionMgr:1039 - genDependencies : Invalid condition id : UX DEVICE CLASS RTOS Condition cause : null
2024-07-13 13:39:07,202 [WARN] PackLoader:240 - Cannot read IP mode file for STMicroelectronics.X-CUBE-SUBG2.5.0.0
2024-07-13 13:39:07,243 [WARN] PackLoader:240 - Cannot read IP mode file for STMicroelectronics.X-CUBE-AZRTOS-G4.2.0.0
2024-07-13 13:39:07,275 [WARN] PackLoader:240 - Cannot read IP mode file for Infineon.AIROC-Wi-Fi-Bluetooth-STM32.1.5.1
2024-07-13 13:39:07,293 [WARN] PackLoader:240 - Cannot read IP mode file for STMicroelectronics.FP-SNS-MOTENVWB1.1.3.1
2024-07-13 13:39:07,312 [WARN] PackLoader:240 - Cannot read IP mode file for STMicroelectronics.X-CUBE-ISPU.2.0.0
2024-07-13 13:39:07,339 [WARN] PackLoader:240 - Cannot read IP mode file for STMicroelectronics.X-CUBE-ALS.1.0.2
2024-07-13 13:39:07,402 [WARN] PackLoader:240 - Cannot read IP mode file for STMicroelectronics.X-CUBE-MEMS1.10.0.0
2024-07-13 13:39:07,571 [WARN] PackLoader:240 - Cannot read IP mode file for STMicroelectronics.X-CUBE-FREERTOS.1.1.0
2024-07-13 13:39:07,588 [WARN] PackLoader:240 - Cannot read IP mode file for STMicroelectronics.X-CUBE-TOUCHGFX.4.24.0
2024-07-13 13:39:07,605 [WARN] PackLoader:240 - Cannot read IP mode file for portGmbH.I-Cube-SoM-uGOAL.1.1.0
2024-07-13 13:39:07,620 [WARN] PackLoader:240 - Cannot read IP mode file for STMicroelectronics.X-CUBE-ALS.1.0.1
2024-07-13 13:39:07,655 [WARN] PackLoader:240 - Cannot read IP mode file for STMicroelectronics.X-CUBE-AZRTOS-H7RS.1.0.0
2024-07-13 13:39:07,672 [WARN] PackLoader:240 - Cannot read IP mode file for STMicroelectronics.FP-ATR-ASTRA1.2.0.0
2024-07-13 13:39:07,693 [WARN] PackLoader:240 - Cannot read IP mode file for STMicroelectronics.X-CUBE-TOF1.3.4.0
2024-07-13 13:39:07,721 [WARN] PackLoader:240 - Cannot read IP mode file for STMicroelectronics.X-CUBE-TOF1.3.4.1
2024-07-13 13:39:07,762 [WARN] PackLoader:240 - Cannot read IP mode file for STMicroelectronics.X-CUBE-AZRTOS-H7.3.2.0
2024-07-13 13:39:07,779 [WARN] PackLoader:240 - Cannot read IP mode file for wolfSSL.I-CUBE-wolfSSH.1.4.17
2024-07-13 13:39:07,779 [INFO] ThirdParty:978 - Integrity check success = true
2024-07-13 13:39:07,779 [INFO] IntegrityCheckThread:100 - exiting critical section [integrity check]
2024-07-13 13:39:07,779 [INFO] IntegrityCheckThread:103 - End integrity checks thread
2024-07-13 13:39:27,903 [ERROR] LogOutputStream:75 - [STDERR_REDIRECT] SLF4J: Failed to load class "org.slf4j.impl.StaticLoggerBinder".
2024-07-13 13:39:27,903 [ERROR] LogOutputStream:75 - [STDERR_REDIRECT] SLF4J: Defaulting to no-operation (NOP) logger implementation
2024-07-13 13:39:27,904 [ERROR] LogOutputStream:75 - [STDERR_REDIRECT] SLF4J: See http://www.slf4j.org/codes.html#StaticLoggerBinder for further details.
